2023-09-26 13:36:46,820 - INFO - 

learning_rate:0.001
gamma:0.8
tau:0.01
hsRNN:64
hsMixing:64
hsHyper:64
replace_cycle:500
agent_num:2
obs_size:5
msg_size:27
com_size:32
com_mode:3
state_size:7
action_size:6
q_mode:0
epoch:1
buffer_size:32
batch_size:32
seq_len:100
episode:3000
timestep:200
view_range:1
report_cycle:1
comm_cycle:1
row:8
col:8
height:3
risklevel:0.1
AoI_limit:3

2023-09-26 13:36:48,087 - INFO - 
Map size: 8 * 8 * 3 
At height 1 
[5, 0] [4, 3] [4, 5] is dangerous
At height 2 
[3, 4] [2, 7] [4, 2] is dangerous
UAVs are at:
[3, 5, 1] [3, 3, 1] 
Dest are at:
[0, 7] [7, 0] 
2023-09-26 13:36:48,100 - INFO - Episode 0 seed: 818
2023-09-26 13:37:14,350 - INFO - Arrived: 1 Broken: 0 Communication: 0.0
2023-09-26 13:37:14,351 - INFO - Episode 1 seed: 818
2023-09-26 13:37:14,935 - INFO - Episode 1 finished after 267 timesteps
2023-09-26 13:37:39,119 - INFO - Arrived: 2 Broken: 0 Communication: 0.0
2023-09-26 13:37:39,119 - INFO - Episode 2 seed: 818
2023-09-26 13:37:39,798 - INFO - Episode 2 finished after 247 timesteps
2023-09-26 13:38:04,202 - INFO - Arrived: 2 Broken: 0 Communication: 0.0
2023-09-26 13:38:04,203 - INFO - Episode 3 seed: 818
2023-09-26 13:38:04,302 - INFO - Episode 3 finished after 30 timesteps
2023-09-26 13:38:29,119 - INFO - Arrived: 2 Broken: 0 Communication: 0.0
2023-09-26 13:38:29,119 - INFO - Episode 4 seed: 818
2023-09-26 13:38:29,731 - INFO - Episode 4 finished after 281 timesteps
2023-09-26 13:38:54,103 - INFO - Arrived: 2 Broken: 0 Communication: 0.0
2023-09-26 13:38:54,103 - INFO - Episode 5 seed: 818
2023-09-26 13:39:19,451 - INFO - Arrived: 1 Broken: 0 Communication: 0.0
2023-09-26 13:39:19,452 - INFO - Episode 6 seed: 818
2023-09-26 13:39:19,774 - INFO - Episode 6 finished after 142 timesteps
2023-09-26 13:39:44,488 - INFO - Arrived: 2 Broken: 0 Communication: 0.0
2023-09-26 13:39:44,489 - INFO - Episode 7 seed: 818
2023-09-26 13:39:45,154 - INFO - Episode 7 finished after 293 timesteps
2023-09-26 13:40:09,969 - INFO - Arrived: 2 Broken: 0 Communication: 0.0
2023-09-26 13:40:09,969 - INFO - Episode 8 seed: 818
2023-09-26 13:40:10,467 - INFO - Episode 8 finished after 244 timesteps
2023-09-26 13:40:35,641 - INFO - Arrived: 2 Broken: 0 Communication: 0.0
2023-09-26 13:40:35,641 - INFO - Episode 9 seed: 818
2023-09-26 13:40:35,854 - INFO - Episode 9 finished after 106 timesteps
2023-09-26 13:41:00,766 - INFO - Arrived: 2 Broken: 0 Communication: 0.0
2023-09-26 13:41:00,766 - INFO - Episode 10 seed: 818
2023-09-26 13:41:01,096 - INFO - Episode 10 finished after 141 timesteps
2023-09-26 13:41:26,644 - INFO - Arrived: 2 Broken: 0 Communication: 0.0
2023-09-26 13:41:26,644 - INFO - Episode 11 seed: 818
2023-09-26 13:41:27,244 - INFO - Episode 11 finished after 280 timesteps
2023-09-26 13:41:53,096 - INFO - Arrived: 2 Broken: 0 Communication: 0.0
2023-09-26 13:41:53,096 - INFO - Episode 12 seed: 818
2023-09-26 13:41:53,450 - INFO - Episode 12 finished after 156 timesteps
2023-09-26 13:42:19,720 - INFO - Arrived: 2 Broken: 0 Communication: 0.0
2023-09-26 13:42:19,720 - INFO - Episode 13 seed: 818
2023-09-26 13:42:19,967 - INFO - Episode 13 finished after 108 timesteps
2023-09-26 13:42:47,463 - INFO - Arrived: 2 Broken: 0 Communication: 0.0
2023-09-26 13:42:47,463 - INFO - Episode 14 seed: 818
2023-09-26 13:43:15,221 - INFO - Arrived: 0 Broken: 0 Communication: 0.0
2023-09-26 13:43:15,222 - INFO - Episode 15 seed: 818
2023-09-26 13:43:42,208 - INFO - Arrived: 1 Broken: 0 Communication: 0.0
2023-09-26 13:43:42,208 - INFO - Episode 16 seed: 818
2023-09-26 13:44:09,317 - INFO - Arrived: 1 Broken: 0 Communication: 0.0
2023-09-26 13:44:09,317 - INFO - Episode 17 seed: 818
2023-09-26 13:44:09,643 - INFO - Episode 17 finished after 156 timesteps
2023-09-26 13:44:36,177 - INFO - Arrived: 2 Broken: 0 Communication: 0.0
2023-09-26 13:44:36,178 - INFO - Episode 18 seed: 818
2023-09-26 13:44:36,328 - INFO - Episode 18 finished after 107 timesteps
2023-09-26 13:45:03,468 - INFO - Arrived: 2 Broken: 0 Communication: 0.0
2023-09-26 13:45:03,468 - INFO - Episode 19 seed: 818
2023-09-26 13:45:31,985 - INFO - Arrived: 0 Broken: 0 Communication: 0.0
2023-09-26 13:45:31,986 - INFO - Episode 20 seed: 818
2023-09-26 13:45:32,493 - INFO - Episode 20 finished after 231 timesteps
2023-09-26 13:45:59,727 - INFO - Arrived: 2 Broken: 0 Communication: 0.0
2023-09-26 13:45:59,727 - INFO - Episode 21 seed: 818
2023-09-26 13:46:00,045 - INFO - Episode 21 finished after 145 timesteps
2023-09-26 13:46:27,418 - INFO - Arrived: 2 Broken: 0 Communication: 0.0
2023-09-26 13:46:27,418 - INFO - Episode 22 seed: 818
2023-09-26 13:46:27,467 - INFO - Episode 22 finished after 22 timesteps
2023-09-26 13:46:55,430 - INFO - Arrived: 2 Broken: 0 Communication: 0.0
2023-09-26 13:46:55,431 - INFO - Episode 23 seed: 818
2023-09-26 13:47:24,319 - INFO - Arrived: 1 Broken: 0 Communication: 0.0
2023-09-26 13:47:24,319 - INFO - Episode 24 seed: 818
2023-09-26 13:47:52,660 - INFO - Arrived: 1 Broken: 0 Communication: 0.0
2023-09-26 13:47:52,661 - INFO - Episode 25 seed: 818
2023-09-26 13:47:52,884 - INFO - Episode 25 finished after 105 timesteps
2023-09-26 13:48:21,476 - INFO - Arrived: 2 Broken: 0 Communication: 0.0
2023-09-26 13:48:21,477 - INFO - Episode 26 seed: 818
2023-09-26 13:48:21,532 - INFO - Episode 26 finished after 29 timesteps
2023-09-26 13:48:50,567 - INFO - Arrived: 2 Broken: 0 Communication: 0.0
2023-09-26 13:48:50,567 - INFO - Episode 27 seed: 818
2023-09-26 13:49:19,548 - INFO - Arrived: 1 Broken: 0 Communication: 0.0
2023-09-26 13:49:19,548 - INFO - Episode 28 seed: 818
2023-09-26 13:49:20,131 - INFO - Episode 28 finished after 280 timesteps
2023-09-26 13:49:49,209 - INFO - Arrived: 2 Broken: 0 Communication: 0.0
2023-09-26 13:49:49,210 - INFO - Episode 29 seed: 818
2023-09-26 13:49:49,259 - INFO - Episode 29 finished after 19 timesteps
2023-09-26 13:50:18,623 - INFO - Arrived: 2 Broken: 0 Communication: 0.0
2023-09-26 13:50:18,624 - INFO - Episode 30 seed: 818
2023-09-26 13:50:18,908 - INFO - Episode 30 finished after 111 timesteps
2023-09-26 13:50:48,880 - INFO - Arrived: 2 Broken: 0 Communication: 0.0
2023-09-26 13:50:48,880 - INFO - Episode 31 seed: 818
2023-09-26 13:51:19,537 - INFO - Arrived: 0 Broken: 0 Communication: 0.0
2023-09-26 13:51:19,537 - INFO - Episode 32 seed: 818
2023-09-26 13:51:50,379 - INFO - Arrived: 1 Broken: 0 Communication: 0.0
2023-09-26 13:51:50,380 - INFO - Episode 33 seed: 818
2023-09-26 13:52:21,072 - INFO - Arrived: 1 Broken: 0 Communication: 0.0
2023-09-26 13:52:21,072 - INFO - Episode 34 seed: 818
2023-09-26 13:52:51,164 - INFO - Arrived: 0 Broken: 0 Communication: 0.0
2023-09-26 13:52:51,164 - INFO - Episode 35 seed: 818
2023-09-26 13:53:19,721 - INFO - Arrived: 1 Broken: 0 Communication: 0.0
2023-09-26 13:53:19,721 - INFO - Episode 36 seed: 818
2023-09-26 13:53:48,513 - INFO - Arrived: 1 Broken: 0 Communication: 0.0
2023-09-26 13:53:48,513 - INFO - Episode 37 seed: 818
2023-09-26 13:54:17,122 - INFO - Arrived: 1 Broken: 0 Communication: 0.0
2023-09-26 13:54:17,122 - INFO - Episode 38 seed: 818
2023-09-26 13:54:17,683 - INFO - Episode 38 finished after 259 timesteps
2023-09-26 13:54:46,882 - INFO - Arrived: 2 Broken: 0 Communication: 0.0
2023-09-26 13:54:46,882 - INFO - Episode 39 seed: 818
2023-09-26 13:55:15,645 - INFO - Arrived: 1 Broken: 0 Communication: 0.0
2023-09-26 13:55:15,646 - INFO - Episode 40 seed: 818
2023-09-26 13:55:44,775 - INFO - Arrived: 1 Broken: 0 Communication: 0.0
2023-09-26 13:55:44,776 - INFO - Episode 41 seed: 818
2023-09-26 13:56:12,654 - INFO - Arrived: 1 Broken: 0 Communication: 0.0
2023-09-26 13:56:12,654 - INFO - Episode 42 seed: 818
2023-09-26 13:56:12,764 - INFO - Episode 42 finished after 52 timesteps
2023-09-26 13:56:40,961 - INFO - Arrived: 2 Broken: 0 Communication: 0.0
2023-09-26 13:56:40,961 - INFO - Episode 43 seed: 818
2023-09-26 13:56:41,164 - INFO - Episode 43 finished after 82 timesteps
2023-09-26 13:57:08,341 - INFO - Arrived: 2 Broken: 0 Communication: 0.0
2023-09-26 13:57:08,341 - INFO - Episode 44 seed: 818
2023-09-26 13:57:36,657 - INFO - Arrived: 1 Broken: 0 Communication: 0.0
2023-09-26 13:57:36,657 - INFO - Episode 45 seed: 818
2023-09-26 13:58:06,833 - INFO - Arrived: 1 Broken: 0 Communication: 0.0
2023-09-26 13:58:06,833 - INFO - Episode 46 seed: 818
2023-09-26 13:58:34,599 - INFO - Arrived: 1 Broken: 0 Communication: 0.0
2023-09-26 13:58:34,599 - INFO - Episode 47 seed: 818
2023-09-26 13:58:34,657 - INFO - Episode 47 finished after 22 timesteps
2023-09-26 13:59:03,583 - INFO - Arrived: 2 Broken: 0 Communication: 0.0
2023-09-26 13:59:03,584 - INFO - Episode 48 seed: 818
2023-09-26 13:59:32,500 - INFO - Arrived: 1 Broken: 0 Communication: 0.0
2023-09-26 13:59:32,500 - INFO - Episode 49 seed: 818
2023-09-26 13:59:32,781 - INFO - Episode 49 finished after 121 timesteps
2023-09-26 14:00:02,197 - INFO - Arrived: 2 Broken: 0 Communication: 0.0
2023-09-26 14:00:02,198 - INFO - Episode 50 seed: 818
2023-09-26 14:00:02,278 - INFO - Episode 50 finished after 33 timesteps
2023-09-26 14:00:30,272 - INFO - Arrived: 2 Broken: 0 Communication: 0.0
2023-09-26 14:00:30,272 - INFO - Episode 51 seed: 818
2023-09-26 14:00:30,432 - INFO - Episode 51 finished after 70 timesteps
2023-09-26 14:01:00,221 - INFO - Arrived: 2 Broken: 0 Communication: 0.0
2023-09-26 14:01:00,222 - INFO - Episode 52 seed: 818
2023-09-26 14:01:29,701 - INFO - Arrived: 0 Broken: 0 Communication: 0.0
2023-09-26 14:01:29,701 - INFO - Episode 53 seed: 818
2023-09-26 14:01:57,907 - INFO - Arrived: 1 Broken: 0 Communication: 0.0
2023-09-26 14:01:57,907 - INFO - Episode 54 seed: 818
2023-09-26 14:01:57,964 - INFO - Episode 54 finished after 15 timesteps
2023-09-26 14:02:26,919 - INFO - Arrived: 2 Broken: 0 Communication: 0.0
2023-09-26 14:02:26,919 - INFO - Episode 55 seed: 818
2023-09-26 14:02:27,068 - INFO - Episode 55 finished after 62 timesteps
2023-09-26 14:02:56,273 - INFO - Arrived: 2 Broken: 0 Communication: 0.0
2023-09-26 14:02:56,274 - INFO - Episode 56 seed: 818
2023-09-26 14:02:56,918 - INFO - Episode 56 finished after 238 timesteps
2023-09-26 14:03:26,874 - INFO - Arrived: 2 Broken: 0 Communication: 0.0
2023-09-26 14:03:26,874 - INFO - Episode 57 seed: 818
2023-09-26 14:03:56,442 - INFO - Arrived: 1 Broken: 0 Communication: 0.0
2023-09-26 14:03:56,443 - INFO - Episode 58 seed: 818
2023-09-26 14:04:25,162 - INFO - Arrived: 0 Broken: 0 Communication: 0.0
2023-09-26 14:04:25,162 - INFO - Episode 59 seed: 818
2023-09-26 14:04:25,356 - INFO - Episode 59 finished after 92 timesteps
2023-09-26 14:04:54,082 - INFO - Arrived: 2 Broken: 0 Communication: 0.0
2023-09-26 14:04:54,082 - INFO - Episode 60 seed: 818
2023-09-26 14:04:54,461 - INFO - Episode 60 finished after 166 timesteps
2023-09-26 14:05:24,862 - INFO - Arrived: 2 Broken: 0 Communication: 0.0
2023-09-26 14:05:24,862 - INFO - Episode 61 seed: 818
2023-09-26 14:05:25,056 - INFO - Episode 61 finished after 144 timesteps
2023-09-26 14:05:52,905 - INFO - Arrived: 2 Broken: 0 Communication: 0.0
2023-09-26 14:05:52,906 - INFO - Episode 62 seed: 818
2023-09-26 14:06:22,699 - INFO - Arrived: 1 Broken: 0 Communication: 0.0
2023-09-26 14:06:22,700 - INFO - Episode 63 seed: 818
2023-09-26 14:06:51,472 - INFO - Arrived: 0 Broken: 0 Communication: 0.0
2023-09-26 14:06:51,472 - INFO - Episode 64 seed: 818
2023-09-26 14:07:20,984 - INFO - Arrived: 1 Broken: 0 Communication: 0.0
2023-09-26 14:07:20,984 - INFO - Episode 65 seed: 818
2023-09-26 14:07:21,062 - INFO - Episode 65 finished after 27 timesteps
2023-09-26 14:07:51,129 - INFO - Arrived: 2 Broken: 0 Communication: 0.0
2023-09-26 14:07:51,129 - INFO - Episode 66 seed: 818
2023-09-26 14:08:22,354 - INFO - Arrived: 1 Broken: 0 Communication: 0.0
2023-09-26 14:08:22,354 - INFO - Episode 67 seed: 818
2023-09-26 14:08:49,947 - INFO - Arrived: 0 Broken: 0 Communication: 0.0
2023-09-26 14:08:49,948 - INFO - Episode 68 seed: 818
2023-09-26 14:09:19,811 - INFO - Arrived: 1 Broken: 0 Communication: 0.0
2023-09-26 14:09:19,811 - INFO - Episode 69 seed: 818
2023-09-26 14:09:20,391 - INFO - Episode 69 finished after 258 timesteps
2023-09-26 14:09:49,003 - INFO - Arrived: 2 Broken: 0 Communication: 0.0
2023-09-26 14:09:49,003 - INFO - Episode 70 seed: 818
2023-09-26 14:09:49,281 - INFO - Episode 70 finished after 119 timesteps
2023-09-26 14:10:19,399 - INFO - Arrived: 2 Broken: 0 Communication: 0.0
2023-09-26 14:10:19,399 - INFO - Episode 71 seed: 818
2023-09-26 14:10:19,834 - INFO - Episode 71 finished after 188 timesteps
2023-09-26 14:10:51,439 - INFO - Arrived: 2 Broken: 0 Communication: 0.0
2023-09-26 14:10:51,439 - INFO - Episode 72 seed: 818
2023-09-26 14:11:20,954 - INFO - Arrived: 0 Broken: 0 Communication: 0.0
2023-09-26 14:11:20,954 - INFO - Episode 73 seed: 818
2023-09-26 14:11:52,290 - INFO - Arrived: 0 Broken: 0 Communication: 0.0
2023-09-26 14:11:52,290 - INFO - Episode 74 seed: 818
2023-09-26 14:12:21,151 - INFO - Arrived: 1 Broken: 0 Communication: 0.0
2023-09-26 14:12:21,151 - INFO - Episode 75 seed: 818
2023-09-26 14:12:49,315 - INFO - Arrived: 0 Broken: 0 Communication: 0.0
2023-09-26 14:12:49,316 - INFO - Episode 76 seed: 818
2023-09-26 14:12:49,724 - INFO - Episode 76 finished after 195 timesteps
2023-09-26 14:13:19,367 - INFO - Arrived: 2 Broken: 0 Communication: 0.0
2023-09-26 14:13:19,367 - INFO - Episode 77 seed: 818
2023-09-26 14:13:50,564 - INFO - Arrived: 1 Broken: 0 Communication: 0.0
2023-09-26 14:13:50,564 - INFO - Episode 78 seed: 818
2023-09-26 14:14:19,621 - INFO - Arrived: 1 Broken: 0 Communication: 0.0
2023-09-26 14:14:19,622 - INFO - Episode 79 seed: 818
2023-09-26 14:14:49,499 - INFO - Arrived: 1 Broken: 0 Communication: 0.0
2023-09-26 14:14:49,499 - INFO - Episode 80 seed: 818
2023-09-26 14:14:49,552 - INFO - Episode 80 finished after 23 timesteps
2023-09-26 14:15:20,255 - INFO - Arrived: 2 Broken: 0 Communication: 0.0
2023-09-26 14:15:20,255 - INFO - Episode 81 seed: 818
2023-09-26 14:15:20,421 - INFO - Episode 81 finished after 79 timesteps
2023-09-26 14:15:49,579 - INFO - Arrived: 2 Broken: 0 Communication: 0.0
2023-09-26 14:15:49,580 - INFO - Episode 82 seed: 818
2023-09-26 14:16:18,255 - INFO - Arrived: 1 Broken: 0 Communication: 0.0
2023-09-26 14:16:18,255 - INFO - Episode 83 seed: 818
2023-09-26 14:16:48,369 - INFO - Arrived: 0 Broken: 0 Communication: 0.0
2023-09-26 14:16:48,369 - INFO - Episode 84 seed: 818
2023-09-26 14:16:48,874 - INFO - Episode 84 finished after 229 timesteps
2023-09-26 14:17:18,832 - INFO - Arrived: 2 Broken: 0 Communication: 0.0
2023-09-26 14:17:18,832 - INFO - Episode 85 seed: 818
2023-09-26 14:17:48,654 - INFO - Arrived: 1 Broken: 0 Communication: 0.0
2023-09-26 14:17:48,654 - INFO - Episode 86 seed: 818
2023-09-26 14:17:49,198 - INFO - Episode 86 finished after 244 timesteps
2023-09-26 14:18:16,855 - INFO - Arrived: 2 Broken: 0 Communication: 0.0
2023-09-26 14:18:16,856 - INFO - Episode 87 seed: 818
2023-09-26 14:18:17,238 - INFO - Episode 87 finished after 201 timesteps
2023-09-26 14:18:44,480 - INFO - Arrived: 2 Broken: 0 Communication: 0.0
2023-09-26 14:18:44,480 - INFO - Episode 88 seed: 818
2023-09-26 14:18:44,968 - INFO - Episode 88 finished after 238 timesteps
2023-09-26 14:19:13,098 - INFO - Arrived: 2 Broken: 0 Communication: 0.0
2023-09-26 14:19:13,099 - INFO - Episode 89 seed: 818
2023-09-26 14:19:40,374 - INFO - Arrived: 0 Broken: 0 Communication: 0.0
2023-09-26 14:19:40,374 - INFO - Episode 90 seed: 818
2023-09-26 14:20:09,152 - INFO - Arrived: 1 Broken: 0 Communication: 0.0
2023-09-26 14:20:09,153 - INFO - Episode 91 seed: 818
2023-09-26 14:20:09,391 - INFO - Episode 91 finished after 99 timesteps
2023-09-26 14:20:36,545 - INFO - Arrived: 2 Broken: 0 Communication: 0.0
2023-09-26 14:20:36,545 - INFO - Episode 92 seed: 818
2023-09-26 14:20:37,012 - INFO - Episode 92 finished after 217 timesteps
2023-09-26 14:21:03,780 - INFO - Arrived: 2 Broken: 0 Communication: 0.0
2023-09-26 14:21:03,781 - INFO - Episode 93 seed: 818
2023-09-26 14:21:04,346 - INFO - Episode 93 finished after 258 timesteps
2023-09-26 14:21:31,600 - INFO - Arrived: 2 Broken: 0 Communication: 0.0
2023-09-26 14:21:31,601 - INFO - Episode 94 seed: 818
2023-09-26 14:22:00,103 - INFO - Arrived: 1 Broken: 0 Communication: 0.0
2023-09-26 14:22:00,103 - INFO - Episode 95 seed: 818
2023-09-26 14:22:00,411 - INFO - Episode 95 finished after 133 timesteps
2023-09-26 14:22:26,943 - INFO - Arrived: 2 Broken: 0 Communication: 0.0
2023-09-26 14:22:26,943 - INFO - Episode 96 seed: 818
2023-09-26 14:22:54,907 - INFO - Arrived: 0 Broken: 0 Communication: 0.0
2023-09-26 14:22:54,908 - INFO - Episode 97 seed: 818
2023-09-26 14:22:55,256 - INFO - Episode 97 finished after 149 timesteps
2023-09-26 14:23:23,710 - INFO - Arrived: 2 Broken: 0 Communication: 0.0
2023-09-26 14:23:23,710 - INFO - Episode 98 seed: 818
2023-09-26 14:23:51,700 - INFO - Arrived: 1 Broken: 0 Communication: 0.0
2023-09-26 14:23:51,700 - INFO - Episode 99 seed: 818
2023-09-26 14:23:52,104 - INFO - Episode 99 finished after 199 timesteps
2023-09-26 14:24:19,770 - INFO - Arrived: 2 Broken: 0 Communication: 0.0
2023-09-26 14:24:19,771 - INFO - Episode 100 seed: 818
2023-09-26 14:24:19,857 - INFO - Episode 100 finished after 39 timesteps
2023-09-26 14:24:47,941 - INFO - Arrived: 2 Broken: 0 Communication: 0.0
2023-09-26 14:24:47,942 - INFO - Episode 101 seed: 818
2023-09-26 14:24:47,992 - INFO - Episode 101 finished after 15 timesteps
2023-09-26 14:25:16,616 - INFO - Arrived: 2 Broken: 0 Communication: 0.0
2023-09-26 14:25:16,616 - INFO - Episode 102 seed: 818
2023-09-26 14:25:45,616 - INFO - Arrived: 1 Broken: 0 Communication: 0.0
2023-09-26 14:25:45,616 - INFO - Episode 103 seed: 818
2023-09-26 14:25:45,687 - INFO - Episode 103 finished after 36 timesteps
2023-09-26 14:26:16,170 - INFO - Arrived: 2 Broken: 0 Communication: 0.0
2023-09-26 14:26:16,170 - INFO - Episode 104 seed: 818
2023-09-26 14:26:45,466 - INFO - Arrived: 1 Broken: 0 Communication: 0.0
2023-09-26 14:26:45,466 - INFO - Episode 105 seed: 818
2023-09-26 14:26:45,685 - INFO - Episode 105 finished after 92 timesteps
2023-09-26 14:27:16,262 - INFO - Arrived: 2 Broken: 0 Communication: 0.0
2023-09-26 14:27:16,262 - INFO - Episode 106 seed: 818
2023-09-26 14:27:16,287 - INFO - Episode 106 finished after 14 timesteps
2023-09-26 14:27:46,747 - INFO - Arrived: 2 Broken: 0 Communication: 0.0
2023-09-26 14:27:46,748 - INFO - Episode 107 seed: 818
2023-09-26 14:27:46,915 - INFO - Episode 107 finished after 85 timesteps
2023-09-26 14:28:17,015 - INFO - Arrived: 2 Broken: 0 Communication: 0.0
2023-09-26 14:28:17,015 - INFO - Episode 108 seed: 818
2023-09-26 14:28:17,567 - INFO - Episode 108 finished after 258 timesteps
2023-09-26 14:28:46,553 - INFO - Arrived: 2 Broken: 0 Communication: 0.0
2023-09-26 14:28:46,553 - INFO - Episode 109 seed: 818
2023-09-26 14:29:18,205 - INFO - Arrived: 1 Broken: 0 Communication: 0.0
2023-09-26 14:29:18,206 - INFO - Episode 110 seed: 818
2023-09-26 14:29:50,170 - INFO - Arrived: 1 Broken: 0 Communication: 0.0
2023-09-26 14:29:50,170 - INFO - Episode 111 seed: 818
2023-09-26 14:30:22,041 - INFO - Arrived: 1 Broken: 0 Communication: 0.0
2023-09-26 14:30:22,042 - INFO - Episode 112 seed: 818
2023-09-26 14:30:22,486 - INFO - Episode 112 finished after 168 timesteps
2023-09-26 14:30:50,423 - INFO - Arrived: 2 Broken: 0 Communication: 0.0
2023-09-26 14:30:50,423 - INFO - Episode 113 seed: 818
2023-09-26 14:30:50,932 - INFO - Episode 113 finished after 232 timesteps
2023-09-26 14:31:20,333 - INFO - Arrived: 2 Broken: 0 Communication: 0.0
2023-09-26 14:31:20,334 - INFO - Episode 114 seed: 818
2023-09-26 14:31:20,491 - INFO - Episode 114 finished after 71 timesteps
2023-09-26 14:31:50,993 - INFO - Arrived: 2 Broken: 0 Communication: 0.0
2023-09-26 14:31:50,993 - INFO - Episode 115 seed: 818
2023-09-26 14:32:20,741 - INFO - Arrived: 1 Broken: 0 Communication: 0.0
2023-09-26 14:32:20,741 - INFO - Episode 116 seed: 818
2023-09-26 14:32:20,862 - INFO - Episode 116 finished after 48 timesteps
2023-09-26 14:32:52,515 - INFO - Arrived: 2 Broken: 0 Communication: 0.0
2023-09-26 14:32:52,516 - INFO - Episode 117 seed: 818
2023-09-26 14:32:52,666 - INFO - Episode 117 finished after 68 timesteps
2023-09-26 14:33:23,686 - INFO - Arrived: 2 Broken: 0 Communication: 0.0
2023-09-26 14:33:23,686 - INFO - Episode 118 seed: 818
2023-09-26 14:33:23,957 - INFO - Episode 118 finished after 115 timesteps
2023-09-26 14:33:55,084 - INFO - Arrived: 2 Broken: 0 Communication: 0.0
2023-09-26 14:33:55,084 - INFO - Episode 119 seed: 818
2023-09-26 14:34:26,478 - INFO - Arrived: 0 Broken: 0 Communication: 0.0
2023-09-26 14:34:26,478 - INFO - Episode 120 seed: 818
2023-09-26 14:34:26,958 - INFO - Episode 120 finished after 226 timesteps
2023-09-26 14:34:57,184 - INFO - Arrived: 2 Broken: 0 Communication: 0.0
2023-09-26 14:34:57,184 - INFO - Episode 121 seed: 818
2023-09-26 14:34:57,247 - INFO - Episode 121 finished after 24 timesteps
2023-09-26 14:35:27,123 - INFO - Arrived: 2 Broken: 0 Communication: 0.0
2023-09-26 14:35:27,124 - INFO - Episode 122 seed: 818
2023-09-26 14:35:27,227 - INFO - Episode 122 finished after 49 timesteps
2023-09-26 14:35:59,926 - INFO - Arrived: 2 Broken: 0 Communication: 0.0
2023-09-26 14:35:59,926 - INFO - Episode 123 seed: 818
2023-09-26 14:36:00,060 - INFO - Episode 123 finished after 64 timesteps
2023-09-26 14:36:30,817 - INFO - Arrived: 2 Broken: 0 Communication: 0.0
2023-09-26 14:36:30,817 - INFO - Episode 124 seed: 818
2023-09-26 14:37:04,566 - INFO - Arrived: 1 Broken: 0 Communication: 0.0
2023-09-26 14:37:04,566 - INFO - Episode 125 seed: 818
2023-09-26 14:37:38,008 - INFO - Arrived: 1 Broken: 0 Communication: 0.0
2023-09-26 14:37:38,008 - INFO - Episode 126 seed: 818
2023-09-26 14:37:38,114 - INFO - Episode 126 finished after 48 timesteps
2023-09-26 14:38:10,256 - INFO - Arrived: 2 Broken: 0 Communication: 0.0
2023-09-26 14:38:10,257 - INFO - Episode 127 seed: 818
2023-09-26 14:38:10,697 - INFO - Episode 127 finished after 192 timesteps
2023-09-26 14:38:43,990 - INFO - Arrived: 2 Broken: 0 Communication: 0.0
2023-09-26 14:38:43,991 - INFO - Episode 128 seed: 818
2023-09-26 14:38:44,078 - INFO - Episode 128 finished after 50 timesteps
2023-09-26 14:39:14,498 - INFO - Arrived: 2 Broken: 0 Communication: 0.0
2023-09-26 14:39:14,498 - INFO - Episode 129 seed: 818
2023-09-26 14:39:47,038 - INFO - Arrived: 1 Broken: 0 Communication: 0.0
2023-09-26 14:39:47,039 - INFO - Episode 130 seed: 818
2023-09-26 14:39:47,219 - INFO - Episode 130 finished after 79 timesteps
2023-09-26 14:40:20,225 - INFO - Arrived: 2 Broken: 0 Communication: 0.0
2023-09-26 14:40:20,225 - INFO - Episode 131 seed: 818
2023-09-26 14:40:20,293 - INFO - Episode 131 finished after 33 timesteps
2023-09-26 14:40:51,675 - INFO - Arrived: 2 Broken: 0 Communication: 0.0
2023-09-26 14:40:51,675 - INFO - Episode 132 seed: 818
2023-09-26 14:40:51,991 - INFO - Episode 132 finished after 143 timesteps
2023-09-26 14:41:22,806 - INFO - Arrived: 2 Broken: 0 Communication: 0.0
2023-09-26 14:41:22,806 - INFO - Episode 133 seed: 818
2023-09-26 14:41:55,116 - INFO - Arrived: 1 Broken: 0 Communication: 0.0
2023-09-26 14:41:55,116 - INFO - Episode 134 seed: 818
2023-09-26 14:42:29,401 - INFO - Arrived: 1 Broken: 0 Communication: 0.0
2023-09-26 14:42:29,401 - INFO - Episode 135 seed: 818
2023-09-26 14:42:29,741 - INFO - Episode 135 finished after 146 timesteps
2023-09-26 14:43:02,975 - INFO - Arrived: 2 Broken: 0 Communication: 0.0
2023-09-26 14:43:02,975 - INFO - Episode 136 seed: 818
2023-09-26 14:43:03,304 - INFO - Episode 136 finished after 156 timesteps
2023-09-26 14:43:33,802 - INFO - Arrived: 2 Broken: 0 Communication: 0.0
2023-09-26 14:43:33,802 - INFO - Episode 137 seed: 818
2023-09-26 14:44:05,140 - INFO - Arrived: 1 Broken: 0 Communication: 0.0
2023-09-26 14:44:05,140 - INFO - Episode 138 seed: 818
2023-09-26 14:44:05,351 - INFO - Episode 138 finished after 104 timesteps
2023-09-26 14:44:37,255 - INFO - Arrived: 2 Broken: 0 Communication: 0.0
2023-09-26 14:44:37,256 - INFO - Episode 139 seed: 818
2023-09-26 14:44:37,544 - INFO - Episode 139 finished after 132 timesteps
2023-09-26 14:45:07,053 - INFO - Arrived: 2 Broken: 0 Communication: 0.0
2023-09-26 14:45:07,053 - INFO - Episode 140 seed: 818
2023-09-26 14:45:37,928 - INFO - Arrived: 1 Broken: 0 Communication: 0.0
2023-09-26 14:45:37,929 - INFO - Episode 141 seed: 818
2023-09-26 14:46:10,343 - INFO - Arrived: 1 Broken: 0 Communication: 0.0
2023-09-26 14:46:10,344 - INFO - Episode 142 seed: 818
2023-09-26 14:46:10,685 - INFO - Episode 142 finished after 149 timesteps
2023-09-26 14:46:40,891 - INFO - Arrived: 2 Broken: 0 Communication: 0.0
2023-09-26 14:46:40,891 - INFO - Episode 143 seed: 818
2023-09-26 14:46:41,524 - INFO - Episode 143 finished after 279 timesteps
2023-09-26 14:47:11,625 - INFO - Arrived: 2 Broken: 0 Communication: 0.0
2023-09-26 14:47:11,625 - INFO - Episode 144 seed: 818
2023-09-26 14:47:12,004 - INFO - Episode 144 finished after 171 timesteps
2023-09-26 14:47:44,308 - INFO - Arrived: 2 Broken: 0 Communication: 0.0
2023-09-26 14:47:44,309 - INFO - Episode 145 seed: 818
2023-09-26 14:47:44,395 - INFO - Episode 145 finished after 43 timesteps
2023-09-26 14:48:15,389 - INFO - Arrived: 2 Broken: 0 Communication: 0.0
2023-09-26 14:48:15,389 - INFO - Episode 146 seed: 818
2023-09-26 14:48:15,959 - INFO - Episode 146 finished after 281 timesteps
2023-09-26 14:48:47,770 - INFO - Arrived: 2 Broken: 0 Communication: 0.0
2023-09-26 14:48:47,771 - INFO - Episode 147 seed: 818
2023-09-26 14:49:18,885 - INFO - Arrived: 1 Broken: 0 Communication: 0.0
2023-09-26 14:49:18,885 - INFO - Episode 148 seed: 818
2023-09-26 14:49:19,000 - INFO - Episode 148 finished after 49 timesteps
2023-09-26 14:49:49,056 - INFO - Arrived: 2 Broken: 0 Communication: 0.0
2023-09-26 14:49:49,057 - INFO - Episode 149 seed: 818
2023-09-26 14:49:49,325 - INFO - Episode 149 finished after 117 timesteps
2023-09-26 14:50:19,623 - INFO - Arrived: 2 Broken: 0 Communication: 0.0
2023-09-26 14:50:19,623 - INFO - Episode 150 seed: 818
2023-09-26 14:50:50,511 - INFO - Arrived: 1 Broken: 0 Communication: 0.0
2023-09-26 14:50:50,511 - INFO - Episode 151 seed: 818
2023-09-26 14:51:20,111 - INFO - Arrived: 1 Broken: 0 Communication: 0.0
2023-09-26 14:51:20,111 - INFO - Episode 152 seed: 818
2023-09-26 14:51:50,917 - INFO - Arrived: 1 Broken: 0 Communication: 0.0
2023-09-26 14:51:50,917 - INFO - Episode 153 seed: 818
2023-09-26 14:51:51,008 - INFO - Episode 153 finished after 45 timesteps
2023-09-26 14:52:22,637 - INFO - Arrived: 2 Broken: 0 Communication: 0.0
2023-09-26 14:52:22,637 - INFO - Episode 154 seed: 818
2023-09-26 14:52:23,102 - INFO - Episode 154 finished after 227 timesteps
2023-09-26 14:52:53,915 - INFO - Arrived: 2 Broken: 0 Communication: 0.0
2023-09-26 14:52:53,915 - INFO - Episode 155 seed: 818
2023-09-26 14:53:23,467 - INFO - Arrived: 1 Broken: 0 Communication: 0.0
2023-09-26 14:53:23,467 - INFO - Episode 156 seed: 818
2023-09-26 14:53:23,988 - INFO - Episode 156 finished after 239 timesteps
2023-09-26 14:53:53,750 - INFO - Arrived: 2 Broken: 0 Communication: 0.0
2023-09-26 14:53:53,750 - INFO - Episode 157 seed: 818
2023-09-26 14:53:53,885 - INFO - Episode 157 finished after 66 timesteps
2023-09-26 14:54:25,071 - INFO - Arrived: 2 Broken: 0 Communication: 0.0
2023-09-26 14:54:25,072 - INFO - Episode 158 seed: 818
2023-09-26 14:54:25,581 - INFO - Episode 158 finished after 206 timesteps
2023-09-26 14:54:55,068 - INFO - Arrived: 2 Broken: 0 Communication: 0.0
2023-09-26 14:54:55,068 - INFO - Episode 159 seed: 818
2023-09-26 14:54:55,541 - INFO - Episode 159 finished after 218 timesteps
2023-09-26 14:55:25,407 - INFO - Arrived: 2 Broken: 0 Communication: 0.0
2023-09-26 14:55:25,407 - INFO - Episode 160 seed: 818
2023-09-26 14:55:25,686 - INFO - Episode 160 finished after 140 timesteps
2023-09-26 14:55:54,049 - INFO - Arrived: 2 Broken: 0 Communication: 0.0
2023-09-26 14:55:54,050 - INFO - Episode 161 seed: 818
2023-09-26 14:55:54,098 - INFO - Episode 161 finished after 42 timesteps
2023-09-26 14:56:23,243 - INFO - Arrived: 2 Broken: 0 Communication: 0.0
2023-09-26 14:56:23,243 - INFO - Episode 162 seed: 818
2023-09-26 14:56:23,566 - INFO - Episode 162 finished after 151 timesteps
2023-09-26 14:56:54,119 - INFO - Arrived: 2 Broken: 0 Communication: 0.0
2023-09-26 14:56:54,119 - INFO - Episode 163 seed: 818
2023-09-26 14:56:54,155 - INFO - Episode 163 finished after 24 timesteps
2023-09-26 14:57:24,443 - INFO - Arrived: 2 Broken: 0 Communication: 0.0
2023-09-26 14:57:24,443 - INFO - Episode 164 seed: 818
2023-09-26 14:57:55,865 - INFO - Arrived: 1 Broken: 0 Communication: 0.0
2023-09-26 14:57:55,865 - INFO - Episode 165 seed: 818
2023-09-26 14:57:56,521 - INFO - Episode 165 finished after 291 timesteps
2023-09-26 14:58:27,698 - INFO - Arrived: 2 Broken: 0 Communication: 0.0
2023-09-26 14:58:27,698 - INFO - Episode 166 seed: 818
2023-09-26 14:58:27,882 - INFO - Episode 166 finished after 83 timesteps
2023-09-26 14:58:59,608 - INFO - Arrived: 2 Broken: 0 Communication: 0.0
2023-09-26 14:58:59,608 - INFO - Episode 167 seed: 818
2023-09-26 14:59:00,098 - INFO - Episode 167 finished after 204 timesteps
2023-09-26 14:59:30,460 - INFO - Arrived: 2 Broken: 0 Communication: 0.0
2023-09-26 14:59:30,460 - INFO - Episode 168 seed: 818
2023-09-26 14:59:30,580 - INFO - Episode 168 finished after 59 timesteps
2023-09-26 15:00:00,560 - INFO - Arrived: 2 Broken: 0 Communication: 0.0
2023-09-26 15:00:00,561 - INFO - Episode 169 seed: 818
2023-09-26 15:00:00,676 - INFO - Episode 169 finished after 49 timesteps
2023-09-26 15:00:30,712 - INFO - Arrived: 2 Broken: 0 Communication: 0.0
2023-09-26 15:00:30,712 - INFO - Episode 170 seed: 818
2023-09-26 15:01:03,077 - INFO - Arrived: 1 Broken: 0 Communication: 0.0
2023-09-26 15:01:03,077 - INFO - Episode 171 seed: 818
2023-09-26 15:01:03,610 - INFO - Episode 171 finished after 201 timesteps
2023-09-26 15:01:33,875 - INFO - Arrived: 2 Broken: 0 Communication: 0.0
2023-09-26 15:01:33,876 - INFO - Episode 172 seed: 818
2023-09-26 15:02:05,060 - INFO - Arrived: 1 Broken: 0 Communication: 0.0
2023-09-26 15:02:05,060 - INFO - Episode 173 seed: 818
2023-09-26 15:02:05,388 - INFO - Episode 173 finished after 142 timesteps
2023-09-26 15:02:37,311 - INFO - Arrived: 2 Broken: 0 Communication: 0.0
2023-09-26 15:02:37,311 - INFO - Episode 174 seed: 818
2023-09-26 15:02:37,653 - INFO - Episode 174 finished after 168 timesteps
2023-09-26 15:03:09,214 - INFO - Arrived: 2 Broken: 0 Communication: 0.0
2023-09-26 15:03:09,214 - INFO - Episode 175 seed: 818
2023-09-26 15:03:41,291 - INFO - Arrived: 1 Broken: 0 Communication: 0.0
2023-09-26 15:03:41,291 - INFO - Episode 176 seed: 818
2023-09-26 15:03:41,822 - INFO - Episode 176 finished after 252 timesteps
2023-09-26 15:04:14,130 - INFO - Arrived: 2 Broken: 0 Communication: 0.0
2023-09-26 15:04:14,131 - INFO - Episode 177 seed: 818
2023-09-26 15:04:14,346 - INFO - Episode 177 finished after 107 timesteps
2023-09-26 15:04:44,894 - INFO - Arrived: 2 Broken: 0 Communication: 0.0
2023-09-26 15:04:44,894 - INFO - Episode 178 seed: 818
2023-09-26 15:04:45,484 - INFO - Episode 178 finished after 265 timesteps
2023-09-26 15:05:15,196 - INFO - Arrived: 2 Broken: 0 Communication: 0.0
2023-09-26 15:05:15,196 - INFO - Episode 179 seed: 818
2023-09-26 15:05:15,718 - INFO - Episode 179 finished after 234 timesteps
2023-09-26 15:05:46,174 - INFO - Arrived: 2 Broken: 0 Communication: 0.0
2023-09-26 15:05:46,175 - INFO - Episode 180 seed: 818
2023-09-26 15:05:46,386 - INFO - Episode 180 finished after 92 timesteps
2023-09-26 15:06:17,837 - INFO - Arrived: 2 Broken: 0 Communication: 0.0
2023-09-26 15:06:17,837 - INFO - Episode 181 seed: 818
2023-09-26 15:06:48,560 - INFO - Arrived: 1 Broken: 0 Communication: 0.0
2023-09-26 15:06:48,560 - INFO - Episode 182 seed: 818
2023-09-26 15:06:49,153 - INFO - Episode 182 finished after 273 timesteps
2023-09-26 15:07:18,050 - INFO - Arrived: 2 Broken: 0 Communication: 0.0
2023-09-26 15:07:18,050 - INFO - Episode 183 seed: 818
2023-09-26 15:07:48,408 - INFO - Arrived: 1 Broken: 0 Communication: 0.0
2023-09-26 15:07:48,408 - INFO - Episode 184 seed: 818
2023-09-26 15:07:48,619 - INFO - Episode 184 finished after 99 timesteps
2023-09-26 15:08:18,937 - INFO - Arrived: 2 Broken: 0 Communication: 0.0
2023-09-26 15:08:18,937 - INFO - Episode 185 seed: 818
2023-09-26 15:08:50,188 - INFO - Arrived: 1 Broken: 0 Communication: 0.0
2023-09-26 15:08:50,188 - INFO - Episode 186 seed: 818
2023-09-26 15:08:50,316 - INFO - Episode 186 finished after 61 timesteps
2023-09-26 15:09:19,916 - INFO - Arrived: 2 Broken: 0 Communication: 0.0
2023-09-26 15:09:19,916 - INFO - Episode 187 seed: 818
2023-09-26 15:09:51,304 - INFO - Arrived: 1 Broken: 0 Communication: 0.0
2023-09-26 15:09:51,304 - INFO - Episode 188 seed: 818
2023-09-26 15:09:51,702 - INFO - Episode 188 finished after 192 timesteps
2023-09-26 15:10:23,223 - INFO - Arrived: 2 Broken: 0 Communication: 0.0
2023-09-26 15:10:23,224 - INFO - Episode 189 seed: 818
2023-09-26 15:10:23,656 - INFO - Episode 189 finished after 171 timesteps
2023-09-26 15:10:55,206 - INFO - Arrived: 2 Broken: 0 Communication: 0.0
2023-09-26 15:10:55,206 - INFO - Episode 190 seed: 818
2023-09-26 15:11:27,341 - INFO - Arrived: 1 Broken: 0 Communication: 0.0
2023-09-26 15:11:27,341 - INFO - Episode 191 seed: 818
2023-09-26 15:11:27,467 - INFO - Episode 191 finished after 55 timesteps
2023-09-26 15:11:56,607 - INFO - Arrived: 2 Broken: 0 Communication: 0.0
2023-09-26 15:11:56,608 - INFO - Episode 192 seed: 818
2023-09-26 15:11:57,008 - INFO - Episode 192 finished after 172 timesteps
2023-09-26 15:12:28,290 - INFO - Arrived: 2 Broken: 0 Communication: 0.0
2023-09-26 15:12:28,290 - INFO - Episode 193 seed: 818
2023-09-26 15:12:28,545 - INFO - Episode 193 finished after 123 timesteps
2023-09-26 15:12:58,823 - INFO - Arrived: 2 Broken: 0 Communication: 0.0
2023-09-26 15:12:58,824 - INFO - Episode 194 seed: 818
2023-09-26 15:12:58,914 - INFO - Episode 194 finished after 42 timesteps
2023-09-26 15:13:30,010 - INFO - Arrived: 2 Broken: 0 Communication: 0.0
2023-09-26 15:13:30,010 - INFO - Episode 195 seed: 818
2023-09-26 15:13:30,139 - INFO - Episode 195 finished after 69 timesteps
2023-09-26 15:14:02,022 - INFO - Arrived: 2 Broken: 0 Communication: 0.0
2023-09-26 15:14:02,022 - INFO - Episode 196 seed: 818
2023-09-26 15:14:02,185 - INFO - Episode 196 finished after 67 timesteps
2023-09-26 15:14:33,816 - INFO - Arrived: 2 Broken: 0 Communication: 0.0
2023-09-26 15:14:33,816 - INFO - Episode 197 seed: 818
2023-09-26 15:15:06,532 - INFO - Arrived: 1 Broken: 0 Communication: 0.0
2023-09-26 15:15:06,532 - INFO - Episode 198 seed: 818
2023-09-26 15:15:06,579 - INFO - Episode 198 finished after 20 timesteps
2023-09-26 15:15:38,141 - INFO - Arrived: 2 Broken: 0 Communication: 0.0
2023-09-26 15:15:38,141 - INFO - Episode 199 seed: 818
2023-09-26 15:16:10,816 - INFO - Arrived: 1 Broken: 0 Communication: 0.0
2023-09-26 15:16:10,816 - INFO - Episode 200 seed: 818
2023-09-26 15:16:10,891 - INFO - Episode 200 finished after 32 timesteps
2023-09-26 15:16:41,932 - INFO - Arrived: 2 Broken: 0 Communication: 0.0
2023-09-26 15:16:41,933 - INFO - Episode 201 seed: 818
2023-09-26 15:16:42,203 - INFO - Episode 201 finished after 126 timesteps
2023-09-26 15:17:14,019 - INFO - Arrived: 2 Broken: 0 Communication: 0.0
2023-09-26 15:17:14,019 - INFO - Episode 202 seed: 818
2023-09-26 15:17:14,672 - INFO - Episode 202 finished after 297 timesteps
2023-09-26 15:17:43,626 - INFO - Arrived: 2 Broken: 0 Communication: 0.0
2023-09-26 15:17:43,626 - INFO - Episode 203 seed: 818
2023-09-26 15:18:13,708 - INFO - Arrived: 1 Broken: 0 Communication: 0.0
2023-09-26 15:18:13,708 - INFO - Episode 204 seed: 818
2023-09-26 15:18:14,030 - INFO - Episode 204 finished after 95 timesteps
2023-09-26 15:18:46,583 - INFO - Arrived: 2 Broken: 0 Communication: 0.0
2023-09-26 15:18:46,583 - INFO - Episode 205 seed: 818
2023-09-26 15:18:46,603 - INFO - Episode 205 finished after 13 timesteps
2023-09-26 15:19:17,835 - INFO - Arrived: 2 Broken: 0 Communication: 0.0
2023-09-26 15:19:17,835 - INFO - Episode 206 seed: 818
2023-09-26 15:19:18,011 - INFO - Episode 206 finished after 90 timesteps
2023-09-26 15:19:51,499 - INFO - Arrived: 2 Broken: 0 Communication: 0.0
2023-09-26 15:19:51,499 - INFO - Episode 207 seed: 818
2023-09-26 15:19:51,593 - INFO - Episode 207 finished after 47 timesteps
2023-09-26 15:20:22,632 - INFO - Arrived: 2 Broken: 0 Communication: 0.0
2023-09-26 15:20:22,632 - INFO - Episode 208 seed: 818
2023-09-26 15:20:22,914 - INFO - Episode 208 finished after 138 timesteps
2023-09-26 15:20:57,982 - INFO - Arrived: 2 Broken: 0 Communication: 0.0
2023-09-26 15:20:57,982 - INFO - Episode 209 seed: 818
2023-09-26 15:20:58,089 - INFO - Episode 209 finished after 55 timesteps
2023-09-26 15:21:29,863 - INFO - Arrived: 2 Broken: 0 Communication: 0.0
2023-09-26 15:21:29,863 - INFO - Episode 210 seed: 818
2023-09-26 15:21:30,060 - INFO - Episode 210 finished after 78 timesteps
2023-09-26 15:22:03,475 - INFO - Arrived: 2 Broken: 0 Communication: 0.0
2023-09-26 15:22:03,475 - INFO - Episode 211 seed: 818
2023-09-26 15:22:03,565 - INFO - Episode 211 finished after 44 timesteps
2023-09-26 15:22:37,165 - INFO - Arrived: 2 Broken: 0 Communication: 0.0
2023-09-26 15:22:37,165 - INFO - Episode 212 seed: 818
2023-09-26 15:22:37,511 - INFO - Episode 212 finished after 157 timesteps
2023-09-26 15:23:10,817 - INFO - Arrived: 2 Broken: 0 Communication: 0.0
2023-09-26 15:23:10,817 - INFO - Episode 213 seed: 818
2023-09-26 15:23:11,257 - INFO - Episode 213 finished after 204 timesteps
2023-09-26 15:23:43,799 - INFO - Arrived: 2 Broken: 0 Communication: 0.0
2023-09-26 15:23:43,799 - INFO - Episode 214 seed: 818
2023-09-26 15:23:44,173 - INFO - Episode 214 finished after 164 timesteps
2023-09-26 15:24:19,252 - INFO - Arrived: 2 Broken: 0 Communication: 0.0
2023-09-26 15:24:19,252 - INFO - Episode 215 seed: 818
2023-09-26 15:24:53,064 - INFO - Arrived: 1 Broken: 0 Communication: 0.0
2023-09-26 15:24:53,064 - INFO - Episode 216 seed: 818
2023-09-26 15:25:27,168 - INFO - Arrived: 1 Broken: 0 Communication: 0.0
2023-09-26 15:25:27,168 - INFO - Episode 217 seed: 818
2023-09-26 15:25:27,727 - INFO - Episode 217 finished after 250 timesteps
2023-09-26 15:26:00,691 - INFO - Arrived: 2 Broken: 0 Communication: 0.0
2023-09-26 15:26:00,691 - INFO - Episode 218 seed: 818
2023-09-26 15:26:00,958 - INFO - Episode 218 finished after 130 timesteps
2023-09-26 15:26:35,242 - INFO - Arrived: 2 Broken: 0 Communication: 0.0
2023-09-26 15:26:35,243 - INFO - Episode 219 seed: 818
2023-09-26 15:26:35,601 - INFO - Episode 219 finished after 181 timesteps
2023-09-26 15:27:08,176 - INFO - Arrived: 2 Broken: 0 Communication: 0.0
2023-09-26 15:27:08,176 - INFO - Episode 220 seed: 818
2023-09-26 15:27:42,317 - INFO - Arrived: 1 Broken: 0 Communication: 0.0
2023-09-26 15:27:42,317 - INFO - Episode 221 seed: 818
2023-09-26 15:28:15,152 - INFO - Arrived: 1 Broken: 0 Communication: 0.0
2023-09-26 15:28:15,153 - INFO - Episode 222 seed: 818
2023-09-26 15:28:15,387 - INFO - Episode 222 finished after 132 timesteps
2023-09-26 15:28:50,015 - INFO - Arrived: 2 Broken: 0 Communication: 0.0
2023-09-26 15:28:50,015 - INFO - Episode 223 seed: 818
2023-09-26 15:28:50,490 - INFO - Episode 223 finished after 229 timesteps
2023-09-26 15:29:23,601 - INFO - Arrived: 2 Broken: 0 Communication: 0.0
2023-09-26 15:29:23,602 - INFO - Episode 224 seed: 818
2023-09-26 15:29:56,216 - INFO - Arrived: 1 Broken: 0 Communication: 0.0
2023-09-26 15:29:56,216 - INFO - Episode 225 seed: 818
2023-09-26 15:29:56,886 - INFO - Episode 225 finished after 295 timesteps
2023-09-26 15:30:29,426 - INFO - Arrived: 2 Broken: 0 Communication: 0.0
2023-09-26 15:30:29,426 - INFO - Episode 226 seed: 818
2023-09-26 15:30:29,713 - INFO - Episode 226 finished after 138 timesteps
2023-09-26 15:31:01,096 - INFO - Arrived: 2 Broken: 0 Communication: 0.0
2023-09-26 15:31:01,096 - INFO - Episode 227 seed: 818
2023-09-26 15:31:01,286 - INFO - Episode 227 finished after 96 timesteps
2023-09-26 15:31:31,784 - INFO - Arrived: 2 Broken: 0 Communication: 0.0
2023-09-26 15:31:31,784 - INFO - Episode 228 seed: 818
2023-09-26 15:32:02,551 - INFO - Arrived: 1 Broken: 0 Communication: 0.0
2023-09-26 15:32:02,551 - INFO - Episode 229 seed: 818
2023-09-26 15:32:33,447 - INFO - Arrived: 1 Broken: 0 Communication: 0.0
2023-09-26 15:32:33,447 - INFO - Episode 230 seed: 818
2023-09-26 15:32:33,526 - INFO - Episode 230 finished after 37 timesteps
2023-09-26 15:33:04,338 - INFO - Arrived: 2 Broken: 0 Communication: 0.0
2023-09-26 15:33:04,338 - INFO - Episode 231 seed: 818
2023-09-26 15:33:04,530 - INFO - Episode 231 finished after 91 timesteps
2023-09-26 15:33:36,738 - INFO - Arrived: 2 Broken: 0 Communication: 0.0
2023-09-26 15:33:36,738 - INFO - Episode 232 seed: 818
2023-09-26 15:33:37,309 - INFO - Episode 232 finished after 260 timesteps
2023-09-26 15:34:07,599 - INFO - Arrived: 2 Broken: 0 Communication: 0.0
2023-09-26 15:34:07,600 - INFO - Episode 233 seed: 818
2023-09-26 15:34:07,923 - INFO - Episode 233 finished after 148 timesteps
2023-09-26 15:34:37,994 - INFO - Arrived: 2 Broken: 0 Communication: 0.0
2023-09-26 15:34:37,995 - INFO - Episode 234 seed: 818
2023-09-26 15:34:38,092 - INFO - Episode 234 finished after 50 timesteps
2023-09-26 15:35:10,037 - INFO - Arrived: 2 Broken: 0 Communication: 0.0
2023-09-26 15:35:10,038 - INFO - Episode 235 seed: 818
2023-09-26 15:35:10,624 - INFO - Episode 235 finished after 280 timesteps
2023-09-26 15:35:42,035 - INFO - Arrived: 2 Broken: 0 Communication: 0.0
2023-09-26 15:35:42,035 - INFO - Episode 236 seed: 818
2023-09-26 15:35:42,322 - INFO - Episode 236 finished after 141 timesteps
2023-09-26 15:36:15,950 - INFO - Arrived: 2 Broken: 0 Communication: 0.0
2023-09-26 15:36:15,950 - INFO - Episode 237 seed: 818
2023-09-26 15:36:16,121 - INFO - Episode 237 finished after 80 timesteps
2023-09-26 15:36:47,313 - INFO - Arrived: 2 Broken: 0 Communication: 0.0
2023-09-26 15:36:47,313 - INFO - Episode 238 seed: 818
2023-09-26 15:36:47,394 - INFO - Episode 238 finished after 52 timesteps
2023-09-26 15:37:18,924 - INFO - Arrived: 2 Broken: 0 Communication: 0.0
2023-09-26 15:37:18,925 - INFO - Episode 239 seed: 818
2023-09-26 15:37:19,108 - INFO - Episode 239 finished after 94 timesteps
2023-09-26 15:37:50,659 - INFO - Arrived: 2 Broken: 0 Communication: 0.0
2023-09-26 15:37:50,659 - INFO - Episode 240 seed: 818
2023-09-26 15:37:51,000 - INFO - Episode 240 finished after 175 timesteps
2023-09-26 15:38:22,742 - INFO - Arrived: 2 Broken: 0 Communication: 0.0
2023-09-26 15:38:22,742 - INFO - Episode 241 seed: 818
2023-09-26 15:38:54,905 - INFO - Arrived: 1 Broken: 0 Communication: 0.0
2023-09-26 15:38:54,905 - INFO - Episode 242 seed: 818
2023-09-26 15:39:25,827 - INFO - Arrived: 1 Broken: 0 Communication: 0.0
2023-09-26 15:39:25,828 - INFO - Episode 243 seed: 818
2023-09-26 15:39:26,219 - INFO - Episode 243 finished after 178 timesteps
2023-09-26 15:39:57,555 - INFO - Arrived: 2 Broken: 0 Communication: 0.0
2023-09-26 15:39:57,555 - INFO - Episode 244 seed: 818
2023-09-26 15:39:57,899 - INFO - Episode 244 finished after 167 timesteps
2023-09-26 15:40:28,299 - INFO - Arrived: 2 Broken: 0 Communication: 0.0
2023-09-26 15:40:28,299 - INFO - Episode 245 seed: 818
2023-09-26 15:40:28,372 - INFO - Episode 245 finished after 39 timesteps
2023-09-26 15:40:57,735 - INFO - Arrived: 2 Broken: 0 Communication: 0.0
2023-09-26 15:40:57,736 - INFO - Episode 246 seed: 818
2023-09-26 15:40:57,941 - INFO - Episode 246 finished after 108 timesteps
2023-09-26 15:41:28,497 - INFO - Arrived: 2 Broken: 0 Communication: 0.0
2023-09-26 15:41:28,497 - INFO - Episode 247 seed: 818
2023-09-26 15:41:29,002 - INFO - Episode 247 finished after 240 timesteps
2023-09-26 15:42:00,665 - INFO - Arrived: 2 Broken: 0 Communication: 0.0
2023-09-26 15:42:00,665 - INFO - Episode 248 seed: 818
2023-09-26 15:42:01,001 - INFO - Episode 248 finished after 159 timesteps
2023-09-26 15:42:32,381 - INFO - Arrived: 2 Broken: 0 Communication: 0.0
2023-09-26 15:42:32,381 - INFO - Episode 249 seed: 818
2023-09-26 15:42:32,644 - INFO - Episode 249 finished after 125 timesteps
2023-09-26 15:43:03,791 - INFO - Arrived: 2 Broken: 0 Communication: 0.0
2023-09-26 15:43:03,791 - INFO - Episode 250 seed: 818
2023-09-26 15:43:04,037 - INFO - Episode 250 finished after 118 timesteps
2023-09-26 15:43:35,084 - INFO - Arrived: 2 Broken: 0 Communication: 0.0
2023-09-26 15:43:35,084 - INFO - Episode 251 seed: 818
2023-09-26 15:43:35,712 - INFO - Episode 251 finished after 299 timesteps
2023-09-26 15:44:07,165 - INFO - Arrived: 2 Broken: 0 Communication: 0.0
2023-09-26 15:44:07,166 - INFO - Episode 252 seed: 818
2023-09-26 15:44:07,639 - INFO - Episode 252 finished after 200 timesteps
2023-09-26 15:44:40,061 - INFO - Arrived: 2 Broken: 0 Communication: 0.0
2023-09-26 15:44:40,061 - INFO - Episode 253 seed: 818
2023-09-26 15:44:40,313 - INFO - Episode 253 finished after 113 timesteps
2023-09-26 15:45:11,172 - INFO - Arrived: 2 Broken: 0 Communication: 0.0
2023-09-26 15:45:11,173 - INFO - Episode 254 seed: 818
2023-09-26 15:45:42,605 - INFO - Arrived: 1 Broken: 0 Communication: 0.0
2023-09-26 15:45:42,605 - INFO - Episode 255 seed: 818
2023-09-26 15:45:42,874 - INFO - Episode 255 finished after 121 timesteps
2023-09-26 15:46:13,459 - INFO - Arrived: 2 Broken: 0 Communication: 0.0
2023-09-26 15:46:13,459 - INFO - Episode 256 seed: 818
2023-09-26 15:46:13,985 - INFO - Episode 256 finished after 242 timesteps
2023-09-26 15:46:45,318 - INFO - Arrived: 2 Broken: 0 Communication: 0.0
2023-09-26 15:46:45,318 - INFO - Episode 257 seed: 818
2023-09-26 15:46:45,587 - INFO - Episode 257 finished after 138 timesteps
2023-09-26 15:47:18,618 - INFO - Arrived: 2 Broken: 0 Communication: 0.0
2023-09-26 15:47:18,618 - INFO - Episode 258 seed: 818
2023-09-26 15:47:48,415 - INFO - Arrived: 1 Broken: 0 Communication: 0.0
2023-09-26 15:47:48,415 - INFO - Episode 259 seed: 818
2023-09-26 15:47:48,582 - INFO - Episode 259 finished after 69 timesteps
2023-09-26 15:48:20,253 - INFO - Arrived: 2 Broken: 0 Communication: 0.0
2023-09-26 15:48:20,254 - INFO - Episode 260 seed: 818
2023-09-26 15:48:20,517 - INFO - Episode 260 finished after 120 timesteps
2023-09-26 15:48:52,227 - INFO - Arrived: 2 Broken: 0 Communication: 0.0
2023-09-26 15:48:52,228 - INFO - Episode 261 seed: 818
2023-09-26 15:49:25,038 - INFO - Arrived: 1 Broken: 0 Communication: 0.0
2023-09-26 15:49:25,038 - INFO - Episode 262 seed: 818
2023-09-26 15:49:57,731 - INFO - Arrived: 1 Broken: 0 Communication: 0.0
2023-09-26 15:49:57,731 - INFO - Episode 263 seed: 818
2023-09-26 15:49:58,044 - INFO - Episode 263 finished after 152 timesteps
2023-09-26 15:50:29,468 - INFO - Arrived: 2 Broken: 0 Communication: 0.0
2023-09-26 15:50:29,469 - INFO - Episode 264 seed: 818
2023-09-26 15:50:29,705 - INFO - Episode 264 finished after 111 timesteps
2023-09-26 15:51:01,947 - INFO - Arrived: 2 Broken: 0 Communication: 0.0
2023-09-26 15:51:01,947 - INFO - Episode 265 seed: 818
2023-09-26 15:51:02,069 - INFO - Episode 265 finished after 65 timesteps
2023-09-26 15:51:34,528 - INFO - Arrived: 2 Broken: 0 Communication: 0.0
2023-09-26 15:51:34,529 - INFO - Episode 266 seed: 818
2023-09-26 15:51:34,797 - INFO - Episode 266 finished after 123 timesteps
2023-09-26 15:52:07,003 - INFO - Arrived: 2 Broken: 0 Communication: 0.0
2023-09-26 15:52:07,003 - INFO - Episode 267 seed: 818
2023-09-26 15:52:07,411 - INFO - Episode 267 finished after 192 timesteps
2023-09-26 15:52:38,620 - INFO - Arrived: 2 Broken: 0 Communication: 0.0
2023-09-26 15:52:38,620 - INFO - Episode 268 seed: 818
2023-09-26 15:52:38,726 - INFO - Episode 268 finished after 40 timesteps
2023-09-26 15:53:10,848 - INFO - Arrived: 2 Broken: 0 Communication: 0.0
2023-09-26 15:53:10,848 - INFO - Episode 269 seed: 818
2023-09-26 15:53:11,126 - INFO - Episode 269 finished after 139 timesteps
2023-09-26 15:53:42,702 - INFO - Arrived: 2 Broken: 0 Communication: 0.0
2023-09-26 15:53:42,702 - INFO - Episode 270 seed: 818
2023-09-26 15:53:42,823 - INFO - Episode 270 finished after 74 timesteps
2023-09-26 15:54:14,717 - INFO - Arrived: 2 Broken: 0 Communication: 0.0
2023-09-26 15:54:14,717 - INFO - Episode 271 seed: 818
2023-09-26 15:54:15,025 - INFO - Episode 271 finished after 146 timesteps
2023-09-26 15:54:45,965 - INFO - Arrived: 2 Broken: 0 Communication: 0.0
2023-09-26 15:54:45,965 - INFO - Episode 272 seed: 818
2023-09-26 15:54:46,489 - INFO - Episode 272 finished after 264 timesteps
2023-09-26 15:55:18,051 - INFO - Arrived: 2 Broken: 0 Communication: 0.0
2023-09-26 15:55:18,052 - INFO - Episode 273 seed: 818
2023-09-26 15:55:18,253 - INFO - Episode 273 finished after 91 timesteps
2023-09-26 15:55:51,394 - INFO - Arrived: 2 Broken: 0 Communication: 0.0
2023-09-26 15:55:51,394 - INFO - Episode 274 seed: 818
2023-09-26 15:55:51,716 - INFO - Episode 274 finished after 149 timesteps
2023-09-26 15:56:25,257 - INFO - Arrived: 2 Broken: 0 Communication: 0.0
2023-09-26 15:56:25,257 - INFO - Episode 275 seed: 818
2023-09-26 15:56:25,334 - INFO - Episode 275 finished after 37 timesteps
2023-09-26 15:56:59,506 - INFO - Arrived: 2 Broken: 0 Communication: 0.0
2023-09-26 15:56:59,506 - INFO - Episode 276 seed: 818
2023-09-26 15:56:59,644 - INFO - Episode 276 finished after 62 timesteps
2023-09-26 15:57:32,924 - INFO - Arrived: 2 Broken: 0 Communication: 0.0
2023-09-26 15:57:32,924 - INFO - Episode 277 seed: 818
2023-09-26 15:57:33,502 - INFO - Episode 277 finished after 253 timesteps
2023-09-26 15:58:08,318 - INFO - Arrived: 2 Broken: 0 Communication: 0.0
2023-09-26 15:58:08,318 - INFO - Episode 278 seed: 818
2023-09-26 15:58:08,492 - INFO - Episode 278 finished after 72 timesteps
2023-09-26 15:58:42,415 - INFO - Arrived: 2 Broken: 0 Communication: 0.0
2023-09-26 15:58:42,416 - INFO - Episode 279 seed: 818
2023-09-26 15:58:42,517 - INFO - Episode 279 finished after 50 timesteps
2023-09-26 15:59:15,919 - INFO - Arrived: 2 Broken: 0 Communication: 0.0
2023-09-26 15:59:15,919 - INFO - Episode 280 seed: 818
2023-09-26 15:59:16,181 - INFO - Episode 280 finished after 114 timesteps
2023-09-26 15:59:50,031 - INFO - Arrived: 2 Broken: 0 Communication: 0.0
2023-09-26 15:59:50,032 - INFO - Episode 281 seed: 818
2023-09-26 15:59:50,513 - INFO - Episode 281 finished after 224 timesteps
2023-09-26 16:00:23,805 - INFO - Arrived: 2 Broken: 0 Communication: 0.0
2023-09-26 16:00:23,805 - INFO - Episode 282 seed: 818
2023-09-26 16:00:57,109 - INFO - Arrived: 1 Broken: 0 Communication: 0.0
2023-09-26 16:00:57,109 - INFO - Episode 283 seed: 818
2023-09-26 16:00:57,396 - INFO - Episode 283 finished after 128 timesteps
2023-09-26 16:01:30,688 - INFO - Arrived: 2 Broken: 0 Communication: 0.0
2023-09-26 16:01:30,688 - INFO - Episode 284 seed: 818
2023-09-26 16:01:30,802 - INFO - Episode 284 finished after 53 timesteps
2023-09-26 16:02:06,294 - INFO - Arrived: 2 Broken: 0 Communication: 0.0
2023-09-26 16:02:06,294 - INFO - Episode 285 seed: 818
2023-09-26 16:02:06,674 - INFO - Episode 285 finished after 176 timesteps
2023-09-26 16:02:40,252 - INFO - Arrived: 2 Broken: 0 Communication: 0.0
2023-09-26 16:02:40,252 - INFO - Episode 286 seed: 818
2023-09-26 16:03:14,272 - INFO - Arrived: 1 Broken: 0 Communication: 0.0
2023-09-26 16:03:14,273 - INFO - Episode 287 seed: 818
2023-09-26 16:03:47,353 - INFO - Arrived: 1 Broken: 0 Communication: 0.0
2023-09-26 16:03:47,353 - INFO - Episode 288 seed: 818
2023-09-26 16:03:47,729 - INFO - Episode 288 finished after 183 timesteps
2023-09-26 16:04:19,666 - INFO - Arrived: 2 Broken: 0 Communication: 0.0
2023-09-26 16:04:19,666 - INFO - Episode 289 seed: 818
2023-09-26 16:04:19,733 - INFO - Episode 289 finished after 53 timesteps
2023-09-26 16:04:54,117 - INFO - Arrived: 2 Broken: 0 Communication: 0.0
2023-09-26 16:04:54,118 - INFO - Episode 290 seed: 818
2023-09-26 16:04:54,408 - INFO - Episode 290 finished after 128 timesteps
2023-09-26 16:05:26,894 - INFO - Arrived: 2 Broken: 0 Communication: 0.0
2023-09-26 16:05:26,894 - INFO - Episode 291 seed: 818
2023-09-26 16:05:26,957 - INFO - Episode 291 finished after 32 timesteps
2023-09-26 16:06:00,116 - INFO - Arrived: 2 Broken: 0 Communication: 0.0
2023-09-26 16:06:00,116 - INFO - Episode 292 seed: 818
2023-09-26 16:06:35,138 - INFO - Arrived: 1 Broken: 0 Communication: 0.0
2023-09-26 16:06:35,138 - INFO - Episode 293 seed: 818
2023-09-26 16:06:35,529 - INFO - Episode 293 finished after 193 timesteps
2023-09-26 16:07:09,434 - INFO - Arrived: 2 Broken: 0 Communication: 0.0
2023-09-26 16:07:09,435 - INFO - Episode 294 seed: 818
2023-09-26 16:07:09,579 - INFO - Episode 294 finished after 64 timesteps
2023-09-26 16:07:44,638 - INFO - Arrived: 2 Broken: 0 Communication: 0.0
2023-09-26 16:07:44,638 - INFO - Episode 295 seed: 818
2023-09-26 16:07:45,215 - INFO - Episode 295 finished after 242 timesteps
2023-09-26 16:08:18,624 - INFO - Arrived: 2 Broken: 0 Communication: 0.0
2023-09-26 16:08:18,624 - INFO - Episode 296 seed: 818
2023-09-26 16:08:18,920 - INFO - Episode 296 finished after 120 timesteps
2023-09-26 16:08:51,414 - INFO - Arrived: 2 Broken: 0 Communication: 0.0
2023-09-26 16:08:51,415 - INFO - Episode 297 seed: 818
2023-09-26 16:08:51,584 - INFO - Episode 297 finished after 87 timesteps
2023-09-26 16:09:26,124 - INFO - Arrived: 2 Broken: 0 Communication: 0.0
2023-09-26 16:09:26,124 - INFO - Episode 298 seed: 818
2023-09-26 16:10:00,157 - INFO - Arrived: 1 Broken: 0 Communication: 0.0
2023-09-26 16:10:00,157 - INFO - Episode 299 seed: 818
2023-09-26 16:10:00,663 - INFO - Episode 299 finished after 232 timesteps
2023-09-26 16:10:33,489 - INFO - Arrived: 2 Broken: 0 Communication: 0.0
2023-09-26 16:10:33,489 - INFO - Episode 300 seed: 818
2023-09-26 16:10:33,952 - INFO - Episode 300 finished after 224 timesteps
2023-09-26 16:11:06,074 - INFO - Arrived: 2 Broken: 0 Communication: 0.0
2023-09-26 16:11:06,074 - INFO - Episode 301 seed: 818
2023-09-26 16:11:06,177 - INFO - Episode 301 finished after 40 timesteps
2023-09-26 16:11:40,278 - INFO - Arrived: 2 Broken: 0 Communication: 0.0
2023-09-26 16:11:40,278 - INFO - Episode 302 seed: 818
2023-09-26 16:12:13,018 - INFO - Arrived: 0 Broken: 0 Communication: 0.0
2023-09-26 16:12:13,018 - INFO - Episode 303 seed: 818
2023-09-26 16:12:13,295 - INFO - Episode 303 finished after 131 timesteps
2023-09-26 16:12:47,436 - INFO - Arrived: 2 Broken: 0 Communication: 0.0
2023-09-26 16:12:47,437 - INFO - Episode 304 seed: 818
2023-09-26 16:12:47,544 - INFO - Episode 304 finished after 55 timesteps
2023-09-26 16:13:21,568 - INFO - Arrived: 2 Broken: 0 Communication: 0.0
2023-09-26 16:13:21,568 - INFO - Episode 305 seed: 818
2023-09-26 16:13:21,779 - INFO - Episode 305 finished after 95 timesteps
2023-09-26 16:13:55,150 - INFO - Arrived: 2 Broken: 0 Communication: 0.0
2023-09-26 16:13:55,151 - INFO - Episode 306 seed: 818
2023-09-26 16:13:55,543 - INFO - Episode 306 finished after 189 timesteps
2023-09-26 16:14:29,929 - INFO - Arrived: 2 Broken: 0 Communication: 0.0
2023-09-26 16:14:29,929 - INFO - Episode 307 seed: 818
2023-09-26 16:14:29,964 - INFO - Episode 307 finished after 19 timesteps
2023-09-26 16:15:02,068 - INFO - Arrived: 2 Broken: 0 Communication: 0.0
2023-09-26 16:15:02,068 - INFO - Episode 308 seed: 818
2023-09-26 16:15:02,554 - INFO - Episode 308 finished after 220 timesteps
2023-09-26 16:15:34,928 - INFO - Arrived: 2 Broken: 0 Communication: 0.0
2023-09-26 16:15:34,928 - INFO - Episode 309 seed: 818
2023-09-26 16:15:35,144 - INFO - Episode 309 finished after 88 timesteps
2023-09-26 16:16:08,346 - INFO - Arrived: 2 Broken: 0 Communication: 0.0
2023-09-26 16:16:08,346 - INFO - Episode 310 seed: 818
2023-09-26 16:16:40,806 - INFO - Arrived: 1 Broken: 0 Communication: 0.0
2023-09-26 16:16:40,806 - INFO - Episode 311 seed: 818
2023-09-26 16:17:13,537 - INFO - Arrived: 1 Broken: 0 Communication: 0.0
2023-09-26 16:17:13,538 - INFO - Episode 312 seed: 818
2023-09-26 16:17:14,070 - INFO - Episode 312 finished after 257 timesteps
2023-09-26 16:17:47,808 - INFO - Arrived: 2 Broken: 0 Communication: 0.0
2023-09-26 16:17:47,808 - INFO - Episode 313 seed: 818
2023-09-26 16:17:48,056 - INFO - Episode 313 finished after 113 timesteps
2023-09-26 16:18:22,067 - INFO - Arrived: 2 Broken: 0 Communication: 0.0
2023-09-26 16:18:22,067 - INFO - Episode 314 seed: 818
2023-09-26 16:18:55,717 - INFO - Arrived: 1 Broken: 0 Communication: 0.0
2023-09-26 16:18:55,717 - INFO - Episode 315 seed: 818
2023-09-26 16:18:55,834 - INFO - Episode 315 finished after 48 timesteps
2023-09-26 16:19:26,553 - INFO - Arrived: 2 Broken: 0 Communication: 0.0
2023-09-26 16:19:26,553 - INFO - Episode 316 seed: 818
2023-09-26 16:19:26,680 - INFO - Episode 316 finished after 56 timesteps
2023-09-26 16:19:57,427 - INFO - Arrived: 2 Broken: 0 Communication: 0.0
2023-09-26 16:19:57,427 - INFO - Episode 317 seed: 818
2023-09-26 16:19:57,547 - INFO - Episode 317 finished after 55 timesteps
2023-09-26 16:20:28,646 - INFO - Arrived: 2 Broken: 0 Communication: 0.0
2023-09-26 16:20:28,646 - INFO - Episode 318 seed: 818
2023-09-26 16:20:28,815 - INFO - Episode 318 finished after 59 timesteps
2023-09-26 16:21:00,282 - INFO - Arrived: 2 Broken: 0 Communication: 0.0
2023-09-26 16:21:00,282 - INFO - Episode 319 seed: 818
2023-09-26 16:21:00,538 - INFO - Episode 319 finished after 102 timesteps
2023-09-26 16:21:35,826 - INFO - Arrived: 2 Broken: 0 Communication: 0.0
2023-09-26 16:21:35,826 - INFO - Episode 320 seed: 818
2023-09-26 16:21:35,915 - INFO - Episode 320 finished after 33 timesteps
2023-09-26 16:22:08,676 - INFO - Arrived: 2 Broken: 0 Communication: 0.0
2023-09-26 16:22:08,676 - INFO - Episode 321 seed: 818
2023-09-26 16:22:42,444 - INFO - Arrived: 1 Broken: 0 Communication: 0.0
2023-09-26 16:22:42,445 - INFO - Episode 322 seed: 818
2023-09-26 16:22:42,753 - INFO - Episode 322 finished after 136 timesteps
2023-09-26 16:23:14,082 - INFO - Arrived: 2 Broken: 0 Communication: 0.0
2023-09-26 16:23:14,082 - INFO - Episode 323 seed: 818
2023-09-26 16:23:14,408 - INFO - Episode 323 finished after 132 timesteps
2023-09-26 16:23:46,382 - INFO - Arrived: 2 Broken: 0 Communication: 0.0
2023-09-26 16:23:46,382 - INFO - Episode 324 seed: 818
2023-09-26 16:23:46,576 - INFO - Episode 324 finished after 81 timesteps
2023-09-26 16:24:22,698 - INFO - Arrived: 2 Broken: 0 Communication: 0.0
2023-09-26 16:24:22,699 - INFO - Episode 325 seed: 818
2023-09-26 16:24:22,888 - INFO - Episode 325 finished after 84 timesteps
2023-09-26 16:24:56,003 - INFO - Arrived: 2 Broken: 0 Communication: 0.0
2023-09-26 16:24:56,003 - INFO - Episode 326 seed: 818
2023-09-26 16:25:30,634 - INFO - Arrived: 1 Broken: 0 Communication: 0.0
2023-09-26 16:25:30,635 - INFO - Episode 327 seed: 818
2023-09-26 16:26:05,184 - INFO - Arrived: 1 Broken: 0 Communication: 0.0
2023-09-26 16:26:05,184 - INFO - Episode 328 seed: 818
2023-09-26 16:26:05,668 - INFO - Episode 328 finished after 218 timesteps
2023-09-26 16:26:37,196 - INFO - Arrived: 2 Broken: 0 Communication: 0.0
2023-09-26 16:26:37,196 - INFO - Episode 329 seed: 818
2023-09-26 16:26:37,820 - INFO - Episode 329 finished after 276 timesteps
2023-09-26 16:27:09,819 - INFO - Arrived: 2 Broken: 0 Communication: 0.0
2023-09-26 16:27:09,819 - INFO - Episode 330 seed: 818
2023-09-26 16:27:10,295 - INFO - Episode 330 finished after 225 timesteps
2023-09-26 16:27:43,452 - INFO - Arrived: 2 Broken: 0 Communication: 0.0
2023-09-26 16:27:43,452 - INFO - Episode 331 seed: 818
2023-09-26 16:27:44,085 - INFO - Episode 331 finished after 295 timesteps
2023-09-26 16:28:16,815 - INFO - Arrived: 2 Broken: 0 Communication: 0.0
2023-09-26 16:28:16,815 - INFO - Episode 332 seed: 818
2023-09-26 16:28:17,053 - INFO - Episode 332 finished after 110 timesteps
2023-09-26 16:28:47,761 - INFO - Arrived: 2 Broken: 0 Communication: 0.0
2023-09-26 16:28:47,761 - INFO - Episode 333 seed: 818
2023-09-26 16:28:48,335 - INFO - Episode 333 finished after 257 timesteps
2023-09-26 16:29:21,287 - INFO - Arrived: 2 Broken: 0 Communication: 0.0
2023-09-26 16:29:21,287 - INFO - Episode 334 seed: 818
2023-09-26 16:29:21,802 - INFO - Episode 334 finished after 212 timesteps
2023-09-26 16:29:54,141 - INFO - Arrived: 2 Broken: 0 Communication: 0.0
2023-09-26 16:29:54,141 - INFO - Episode 335 seed: 818
2023-09-26 16:30:26,601 - INFO - Arrived: 1 Broken: 0 Communication: 0.0
2023-09-26 16:30:26,601 - INFO - Episode 336 seed: 818
2023-09-26 16:31:00,213 - INFO - Arrived: 1 Broken: 0 Communication: 0.0
2023-09-26 16:31:00,214 - INFO - Episode 337 seed: 818
