2023-09-15 10:04:10,053 - INFO - 

learning_rate:0.001
gamma:0.9
tau:0.01
hsRNN:64
hsMixing:64
hsHyper:64
replace_cycle:500
agent_num:2
obs_size:30
msg_size:27
com_size:32
com_mode:3
state_size:61
action_size:6
epoch:1
buffer_size:12
batch_size:6
seq_len:100
episode:1000
timestep:300
view_range:1
report_cycle:1
comm_cycle:1
row:10
col:10
height:3
risklevel:0.2
AoI_limit:3

2023-09-15 10:04:11,232 - INFO - 
Map size: 10 * 10 * 3 
At height 1 
[4, 6] [3, 2] [5, 0] [5, 5] [2, 6] [7, 1] [5, 3] [0, 3] [7, 2] [6, 4] is dangerous
At height 2 
[9, 5] [8, 1] [9, 3] [4, 5] [3, 6] [6, 6] [9, 6] [2, 2] [6, 7] [4, 4] is dangerous
UAVs are at:
[0, 0, 1] [0, 9, 1] 
Dest are at:
[9, 4] [7, 9] 
2023-09-15 10:04:11,255 - INFO - Episode 0 seed: 110
2023-09-15 10:04:42,094 - INFO - Arrived: 0 Broken: 1 Communication: 169.0
2023-09-15 10:04:42,169 - INFO - Episode 1 seed: 294
2023-09-15 10:05:11,468 - INFO - Arrived: 0 Broken: 1 Communication: 281.0
2023-09-15 10:05:11,537 - INFO - Episode 2 seed: 909
2023-09-15 10:05:41,465 - INFO - Arrived: 0 Broken: 0 Communication: 65.0
2023-09-15 10:05:41,591 - INFO - Episode 3 seed: 169
2023-09-15 10:06:11,144 - INFO - Arrived: 0 Broken: 0 Communication: 263.0
2023-09-15 10:06:11,210 - INFO - Episode 4 seed: 326
2023-09-15 10:06:40,504 - INFO - Arrived: 0 Broken: 1 Communication: 96.0
2023-09-15 10:06:40,580 - INFO - Episode 5 seed: 347
2023-09-15 10:07:10,326 - INFO - Arrived: 0 Broken: 1 Communication: 205.0
2023-09-15 10:07:10,396 - INFO - Episode 6 seed: 93
2023-09-15 10:07:39,947 - INFO - Arrived: 0 Broken: 1 Communication: 298.0
2023-09-15 10:07:40,019 - INFO - Episode 7 seed: 300
2023-09-15 10:08:09,569 - INFO - Arrived: 0 Broken: 0 Communication: 153.0
2023-09-15 10:08:09,642 - INFO - Episode 8 seed: 849
2023-09-15 10:08:39,178 - INFO - Arrived: 0 Broken: 0 Communication: 260.0
2023-09-15 10:08:39,249 - INFO - Episode 9 seed: 163
2023-09-15 10:09:08,640 - INFO - Arrived: 0 Broken: 0 Communication: 138.0
2023-09-15 10:09:08,699 - INFO - Episode 10 seed: 978
2023-09-15 10:09:37,649 - INFO - Arrived: 0 Broken: 1 Communication: 135.0
2023-09-15 10:09:37,727 - INFO - Episode 11 seed: 409
2023-09-15 10:10:06,909 - INFO - Arrived: 0 Broken: 0 Communication: 222.0
2023-09-15 10:10:06,981 - INFO - Episode 12 seed: 751
2023-09-15 10:11:02,794 - INFO - Arrived: 0 Broken: 0 Communication: 273.0
2023-09-15 10:11:02,863 - INFO - Episode 13 seed: 111
2023-09-15 10:11:05,105 - INFO - Episode 13 finished after 249 timesteps
2023-09-15 10:12:20,493 - INFO - Arrived: 0 Broken: 2 Communication: 189.0
2023-09-15 10:12:20,561 - INFO - Episode 14 seed: 143
2023-09-15 10:14:05,273 - INFO - Arrived: 0 Broken: 1 Communication: 31.0
2023-09-15 10:14:05,349 - INFO - Episode 15 seed: 605
2023-09-15 10:14:07,475 - INFO - Episode 15 finished after 247 timesteps
2023-09-15 10:16:10,753 - INFO - Arrived: 0 Broken: 2 Communication: 107.0
2023-09-15 10:16:10,826 - INFO - Episode 16 seed: 80
2023-09-15 10:16:12,994 - INFO - Episode 16 finished after 249 timesteps
2023-09-15 10:18:38,997 - INFO - Arrived: 0 Broken: 2 Communication: 48.0
2023-09-15 10:18:39,080 - INFO - Episode 17 seed: 585
2023-09-15 10:18:41,425 - INFO - Episode 17 finished after 236 timesteps
2023-09-15 10:21:05,753 - INFO - Arrived: 0 Broken: 2 Communication: 173.0
2023-09-15 10:21:05,831 - INFO - Episode 18 seed: 54
2023-09-15 10:23:57,813 - INFO - Arrived: 0 Broken: 1 Communication: 115.0
2023-09-15 10:23:57,889 - INFO - Episode 19 seed: 290
2023-09-15 10:26:48,667 - INFO - Arrived: 0 Broken: 1 Communication: 150.0
2023-09-15 10:26:48,743 - INFO - Episode 20 seed: 776
2023-09-15 10:26:51,015 - INFO - Episode 20 finished after 251 timesteps
2023-09-15 10:30:04,854 - INFO - Arrived: 0 Broken: 2 Communication: 240.0
2023-09-15 10:30:04,928 - INFO - Episode 21 seed: 377
2023-09-15 10:33:25,823 - INFO - Arrived: 0 Broken: 1 Communication: 51.0
2023-09-15 10:33:25,894 - INFO - Episode 22 seed: 4
2023-09-15 10:33:27,864 - INFO - Episode 22 finished after 244 timesteps
2023-09-15 10:36:46,052 - INFO - Arrived: 0 Broken: 2 Communication: 180.0
2023-09-15 10:36:46,120 - INFO - Episode 23 seed: 745
2023-09-15 10:36:48,514 - INFO - Episode 23 finished after 267 timesteps
2023-09-15 10:40:29,018 - INFO - Arrived: 0 Broken: 2 Communication: 265.0
2023-09-15 10:40:29,088 - INFO - Episode 24 seed: 638
2023-09-15 10:40:31,057 - INFO - Episode 24 finished after 232 timesteps
2023-09-15 10:44:09,275 - INFO - Arrived: 0 Broken: 2 Communication: 229.0
2023-09-15 10:44:09,344 - INFO - Episode 25 seed: 7
2023-09-15 10:44:11,372 - INFO - Episode 25 finished after 241 timesteps
2023-09-15 10:48:13,331 - INFO - Arrived: 0 Broken: 2 Communication: 240.0
2023-09-15 10:48:13,400 - INFO - Episode 26 seed: 751
2023-09-15 10:48:15,324 - INFO - Episode 26 finished after 231 timesteps
2023-09-15 10:52:15,174 - INFO - Arrived: 0 Broken: 2 Communication: 230.0
2023-09-15 10:52:15,253 - INFO - Episode 27 seed: 21
2023-09-15 10:52:17,273 - INFO - Episode 27 finished after 237 timesteps
2023-09-15 10:56:39,516 - INFO - Arrived: 0 Broken: 2 Communication: 236.0
2023-09-15 10:56:39,586 - INFO - Episode 28 seed: 729
2023-09-15 10:56:41,747 - INFO - Episode 28 finished after 245 timesteps
2023-09-15 11:01:04,398 - INFO - Arrived: 0 Broken: 2 Communication: 241.0
2023-09-15 11:01:04,470 - INFO - Episode 29 seed: 407
2023-09-15 11:05:29,648 - INFO - Arrived: 0 Broken: 1 Communication: 196.0
2023-09-15 11:05:29,718 - INFO - Episode 30 seed: 213
2023-09-15 11:05:31,811 - INFO - Episode 30 finished after 244 timesteps
2023-09-15 11:10:21,826 - INFO - Arrived: 0 Broken: 2 Communication: 243.0
2023-09-15 11:10:21,900 - INFO - Episode 31 seed: 283
2023-09-15 11:10:23,977 - INFO - Episode 31 finished after 236 timesteps
2023-09-15 11:15:14,072 - INFO - Arrived: 0 Broken: 2 Communication: 235.0
2023-09-15 11:15:14,149 - INFO - Episode 32 seed: 285
2023-09-15 11:15:16,154 - INFO - Episode 32 finished after 242 timesteps
2023-09-15 11:20:27,418 - INFO - Arrived: 0 Broken: 2 Communication: 240.0
2023-09-15 11:20:27,490 - INFO - Episode 33 seed: 500
2023-09-15 11:20:29,446 - INFO - Episode 33 finished after 242 timesteps
2023-09-15 11:26:00,270 - INFO - Arrived: 0 Broken: 2 Communication: 241.0
2023-09-15 11:26:00,343 - INFO - Episode 34 seed: 149
2023-09-15 11:26:02,392 - INFO - Episode 34 finished after 246 timesteps
2023-09-15 11:31:55,690 - INFO - Arrived: 0 Broken: 2 Communication: 245.0
2023-09-15 11:31:55,767 - INFO - Episode 35 seed: 936
2023-09-15 11:31:57,845 - INFO - Episode 35 finished after 243 timesteps
2023-09-15 11:38:14,823 - INFO - Arrived: 0 Broken: 2 Communication: 240.0
2023-09-15 11:38:14,894 - INFO - Episode 36 seed: 402
2023-09-15 11:38:17,265 - INFO - Episode 36 finished after 265 timesteps
2023-09-15 11:44:53,485 - INFO - Arrived: 0 Broken: 2 Communication: 264.0
2023-09-15 11:44:53,573 - INFO - Episode 37 seed: 946
2023-09-15 11:51:33,668 - INFO - Arrived: 0 Broken: 1 Communication: 299.0
2023-09-15 11:51:33,745 - INFO - Episode 38 seed: 537
2023-09-15 11:51:35,856 - INFO - Episode 38 finished after 247 timesteps
2023-09-15 11:58:34,616 - INFO - Arrived: 0 Broken: 2 Communication: 168.0
2023-09-15 11:58:34,691 - INFO - Episode 39 seed: 264
2023-09-15 12:06:00,258 - INFO - Arrived: 0 Broken: 0 Communication: 144.0
2023-09-15 12:06:00,339 - INFO - Episode 40 seed: 388
2023-09-15 12:13:55,070 - INFO - Arrived: 0 Broken: 0 Communication: 86.0
2023-09-15 12:13:55,146 - INFO - Episode 41 seed: 628
2023-09-15 12:13:57,188 - INFO - Episode 41 finished after 242 timesteps
2023-09-15 12:21:49,144 - INFO - Arrived: 0 Broken: 2 Communication: 192.0
2023-09-15 12:21:49,211 - INFO - Episode 42 seed: 676
2023-09-15 12:21:51,771 - INFO - Episode 42 finished after 274 timesteps
2023-09-15 12:29:42,837 - INFO - Arrived: 0 Broken: 2 Communication: 262.0
2023-09-15 12:29:42,998 - INFO - Episode 43 seed: 951
2023-09-15 12:29:45,265 - INFO - Episode 43 finished after 277 timesteps
2023-09-15 12:38:01,246 - INFO - Arrived: 0 Broken: 2 Communication: 273.0
2023-09-15 12:38:01,317 - INFO - Episode 44 seed: 180
2023-09-15 12:46:23,232 - INFO - Arrived: 0 Broken: 1 Communication: 206.0
2023-09-15 12:46:23,300 - INFO - Episode 45 seed: 194
2023-09-15 12:46:25,437 - INFO - Episode 45 finished after 256 timesteps
2023-09-15 12:55:05,041 - INFO - Arrived: 0 Broken: 2 Communication: 255.0
2023-09-15 12:55:05,114 - INFO - Episode 46 seed: 727
2023-09-15 12:55:07,507 - INFO - Episode 46 finished after 275 timesteps
2023-09-15 13:03:49,750 - INFO - Arrived: 0 Broken: 2 Communication: 175.0
2023-09-15 13:03:49,820 - INFO - Episode 47 seed: 479
