2023-09-25 22:52:10,518 - INFO - 

learning_rate:0.001
gamma:0.8
tau:0.01
hsRNN:64
hsMixing:64
hsHyper:64
replace_cycle:500
agent_num:2
obs_size:5
msg_size:27
com_size:32
com_mode:3
state_size:7
action_size:6
q_mode:0
epoch:1
buffer_size:32
batch_size:32
seq_len:100
episode:3000
timestep:200
view_range:1
report_cycle:1
comm_cycle:1
row:8
col:8
height:3
risklevel:0.1
AoI_limit:3

2023-09-25 22:52:11,757 - INFO - 
Map size: 8 * 8 * 3 
At height 1 
[4, 2] [4, 6] [4, 7] is dangerous
At height 2 
[5, 1] [4, 5] [2, 3] is dangerous
UAVs are at:
[3, 5, 1] [3, 3, 1] 
Dest are at:
[0, 7] [7, 0] 
2023-09-25 22:52:11,775 - INFO - Episode 0 seed: 459
2023-09-25 22:52:49,013 - INFO - 

learning_rate:0.001
gamma:0.8
tau:0.01
hsRNN:64
hsMixing:64
hsHyper:64
replace_cycle:500
agent_num:2
obs_size:5
msg_size:27
com_size:32
com_mode:3
state_size:7
action_size:6
q_mode:0
epoch:1
buffer_size:32
batch_size:32
seq_len:100
episode:3000
timestep:200
view_range:1
report_cycle:1
comm_cycle:1
row:8
col:8
height:3
risklevel:0.1
AoI_limit:3

2023-09-25 22:52:50,168 - INFO - 
Map size: 8 * 8 * 3 
At height 1 
[3, 1] [2, 1] [2, 0] is dangerous
At height 2 
[3, 0] [4, 7] [2, 6] is dangerous
UAVs are at:
[3, 5, 1] [3, 3, 1] 
Dest are at:
[0, 7] [7, 0] 
2023-09-25 22:52:50,180 - INFO - Episode 0 seed: 571
2023-09-25 22:53:22,535 - INFO - Episode 0 finished after 122 timesteps
2023-09-25 22:53:36,043 - INFO - Episode 1 seed: 636
2023-09-25 22:53:36,322 - INFO - Episode 1 finished after 89 timesteps
2023-09-25 22:53:49,710 - INFO - Episode 2 seed: 937
2023-09-25 22:53:49,913 - INFO - Episode 2 finished after 90 timesteps
2023-09-25 22:54:04,003 - INFO - Episode 3 seed: 179
2023-09-25 22:54:04,671 - INFO - Episode 3 finished after 260 timesteps
2023-09-25 22:54:34,530 - INFO - Episode 4 seed: 542
2023-09-25 22:54:35,133 - INFO - Episode 4 finished after 257 timesteps
2023-09-25 22:55:04,473 - INFO - Episode 5 seed: 817
2023-09-25 22:55:04,770 - INFO - Episode 5 finished after 92 timesteps
2023-09-25 22:55:35,232 - INFO - Episode 6 seed: 400
2023-09-25 22:55:35,879 - INFO - Episode 6 finished after 243 timesteps
2023-09-25 22:56:05,977 - INFO - Episode 7 seed: 781
2023-09-25 22:56:06,568 - INFO - Episode 7 finished after 227 timesteps
2023-09-25 22:56:37,307 - INFO - Episode 8 seed: 118
2023-09-25 22:56:37,979 - INFO - Episode 8 finished after 254 timesteps
2023-09-25 22:57:08,262 - INFO - Episode 9 seed: 374
2023-09-25 22:57:08,828 - INFO - Episode 9 finished after 226 timesteps
2023-09-25 22:57:38,901 - INFO - Episode 10 seed: 860
2023-09-25 22:57:39,226 - INFO - Episode 10 finished after 114 timesteps
2023-09-25 22:58:10,448 - INFO - Episode 11 seed: 935
2023-09-25 22:58:10,751 - INFO - Episode 11 finished after 91 timesteps
2023-09-25 22:58:42,960 - INFO - Episode 12 seed: 669
2023-09-25 22:58:43,574 - INFO - Episode 12 finished after 206 timesteps
2023-09-25 22:59:15,880 - INFO - Episode 13 seed: 963
2023-09-25 22:59:16,121 - INFO - Episode 13 finished after 93 timesteps
2023-09-25 22:59:48,083 - INFO - Episode 14 seed: 604
2023-09-25 22:59:48,398 - INFO - Episode 14 finished after 126 timesteps
