2023-09-28 10:30:26,887 - INFO - 

learning_rate:0.001
gamma:0.8
tau:0.01
hsRNN:64
hsMixing:64
hsHyper:64
replace_cycle:500
agent_num:2
obs_size:5
msg_size:27
com_size:32
com_mode:3
state_size:7
action_size:6
epoch:1
buffer_size:32
batch_size:32
seq_len:100
episode:3000
timestep:300
view_range:1
report_cycle:1
comm_cycle:1
row:8
col:8
height:3
risklevel:0.1
risk_num:3
AoI_limit:3

2023-09-28 10:30:28,051 - INFO - 
Map size: 8 * 8 * 3
At height 1 
[1, 4] [7, 1] [0, 1] 
At height 2 
[2, 2] [6, 2] [6, 6] is dangerous
UAVs are at:
[3, 3, 1] [3, 5, 1] 
Dest are at:
[[0, 7], [0, 0]] [[7, 0], [7, 7]] 
2023-09-28 10:30:28,058 - INFO - Episode 0 seed: 21
2023-09-28 10:30:30,626 - INFO - Arrived: 1 Broken: 0
2023-09-28 10:30:30,626 - INFO - Episode 1 seed: 21
2023-09-28 10:30:32,041 - INFO - Arrived: 1 Broken: 0
2023-09-28 10:30:32,042 - INFO - Episode 2 seed: 21
2023-09-28 10:30:33,426 - INFO - Arrived: 1 Broken: 0
2023-09-28 10:30:33,426 - INFO - Episode 3 seed: 21
2023-09-28 10:30:34,853 - INFO - Arrived: 0 Broken: 0
2023-09-28 10:30:34,853 - INFO - Episode 4 seed: 21
2023-09-28 10:30:36,182 - INFO - Arrived: 0 Broken: 0
2023-09-28 10:30:36,182 - INFO - Episode 5 seed: 21
2023-09-28 10:30:37,522 - INFO - Arrived: 1 Broken: 0
2023-09-28 10:30:37,522 - INFO - Episode 6 seed: 21
2023-09-28 10:30:38,944 - INFO - Arrived: 1 Broken: 0
2023-09-28 10:30:38,944 - INFO - Episode 7 seed: 21
2023-09-28 10:30:39,348 - INFO - Episode 7 finished after 129 timesteps
2023-09-28 10:30:39,757 - INFO - Arrived: 2 Broken: 0
2023-09-28 10:30:39,758 - INFO - Episode 8 seed: 21
2023-09-28 10:30:40,217 - INFO - Episode 8 finished after 168 timesteps
2023-09-28 10:30:40,618 - INFO - Arrived: 2 Broken: 0
2023-09-28 10:30:40,618 - INFO - Episode 9 seed: 21
2023-09-28 10:30:42,026 - INFO - Arrived: 1 Broken: 0
2023-09-28 10:30:42,026 - INFO - Episode 10 seed: 21
2023-09-28 10:30:43,270 - INFO - Arrived: 1 Broken: 0
2023-09-28 10:30:43,270 - INFO - Episode 11 seed: 21
2023-09-28 10:30:44,066 - INFO - Episode 11 finished after 268 timesteps
2023-09-28 10:30:44,480 - INFO - Arrived: 2 Broken: 0
2023-09-28 10:30:44,481 - INFO - Episode 12 seed: 21
2023-09-28 10:30:46,142 - INFO - Arrived: 0 Broken: 0
2023-09-28 10:30:46,143 - INFO - Episode 13 seed: 21
2023-09-28 10:30:47,080 - INFO - Episode 13 finished after 228 timesteps
2023-09-28 10:30:47,506 - INFO - Arrived: 2 Broken: 0
2023-09-28 10:30:47,506 - INFO - Episode 14 seed: 21
2023-09-28 10:30:48,079 - INFO - Episode 14 finished after 141 timesteps
2023-09-28 10:30:48,537 - INFO - Arrived: 2 Broken: 0
2023-09-28 10:30:48,537 - INFO - Episode 15 seed: 21
2023-09-28 10:30:50,364 - INFO - Arrived: 0 Broken: 0
2023-09-28 10:30:50,365 - INFO - Episode 16 seed: 21
2023-09-28 10:30:50,664 - INFO - Episode 16 finished after 82 timesteps
2023-09-28 10:30:51,151 - INFO - Arrived: 2 Broken: 0
2023-09-28 10:30:51,152 - INFO - Episode 17 seed: 21
2023-09-28 10:30:51,535 - INFO - Episode 17 finished after 96 timesteps
2023-09-28 10:30:52,001 - INFO - Arrived: 2 Broken: 0
2023-09-28 10:30:52,002 - INFO - Episode 18 seed: 21
2023-09-28 10:30:53,972 - INFO - Arrived: 1 Broken: 0
2023-09-28 10:30:53,972 - INFO - Episode 19 seed: 21
2023-09-28 10:30:55,563 - INFO - Arrived: 1 Broken: 0
2023-09-28 10:30:55,564 - INFO - Episode 20 seed: 21
2023-09-28 10:30:56,414 - INFO - Episode 20 finished after 230 timesteps
2023-09-28 10:30:56,866 - INFO - Arrived: 2 Broken: 0
2023-09-28 10:30:56,866 - INFO - Episode 21 seed: 21
2023-09-28 10:30:58,243 - INFO - Arrived: 1 Broken: 0
2023-09-28 10:30:58,244 - INFO - Episode 22 seed: 21
2023-09-28 10:30:59,711 - INFO - Arrived: 1 Broken: 0
2023-09-28 10:30:59,711 - INFO - Episode 23 seed: 21
2023-09-28 10:31:01,511 - INFO - Arrived: 1 Broken: 0
2023-09-28 10:31:01,511 - INFO - Episode 24 seed: 21
2023-09-28 10:31:02,798 - INFO - Arrived: 1 Broken: 0
2023-09-28 10:31:02,798 - INFO - Episode 25 seed: 21
2023-09-28 10:31:04,138 - INFO - Arrived: 1 Broken: 0
2023-09-28 10:31:04,138 - INFO - Episode 26 seed: 21
2023-09-28 10:31:05,473 - INFO - Arrived: 1 Broken: 0
2023-09-28 10:31:05,473 - INFO - Episode 27 seed: 21
2023-09-28 10:31:06,948 - INFO - Arrived: 0 Broken: 0
2023-09-28 10:31:06,948 - INFO - Episode 28 seed: 21
2023-09-28 10:31:07,719 - INFO - Episode 28 finished after 268 timesteps
2023-09-28 10:31:08,101 - INFO - Arrived: 2 Broken: 0
2023-09-28 10:31:08,101 - INFO - Episode 29 seed: 21
2023-09-28 10:31:08,890 - INFO - Episode 29 finished after 260 timesteps
2023-09-28 10:31:09,266 - INFO - Arrived: 2 Broken: 0
2023-09-28 10:31:09,266 - INFO - Episode 30 seed: 21
2023-09-28 10:31:10,481 - INFO - Arrived: 1 Broken: 0
2023-09-28 10:31:10,481 - INFO - Episode 31 seed: 21
2023-09-28 10:31:12,072 - INFO - Arrived: 1 Broken: 0
2023-09-28 10:31:12,073 - INFO - Episode 32 seed: 21
2023-09-28 10:31:12,162 - INFO - Episode 32 finished after 26 timesteps
