2023-09-28 10:36:15,380 - INFO - 

learning_rate:0.001
gamma:0.8
tau:0.01
hsRNN:64
hsMixing:64
hsHyper:64
replace_cycle:500
agent_num:2
obs_size:5
msg_size:27
com_size:32
com_mode:3
state_size:7
action_size:6
epoch:1
buffer_size:32
batch_size:32
seq_len:100
episode:3000
timestep:300
view_range:1
report_cycle:1
comm_cycle:1
row:8
col:8
height:3
risklevel:0.1
risk_num:3
AoI_limit:3

2023-09-28 10:36:16,618 - INFO - 
Map size: 8 * 8 * 3
At height 1 
[1, 4] [7, 1] [0, 1] 
At height 2 
[6, 6] [6, 2] [2, 6] is dangerous
UAVs are at:
[3, 3, 1] [3, 5, 1] 
Dest are at:
[[0, 7], [0, 0]] [[7, 0], [7, 7]] 
2023-09-28 10:36:16,629 - INFO - Episode 0 seed: 364
2023-09-28 10:36:17,812 - INFO - Episode 0 finished after 45 timesteps
2023-09-28 10:36:18,304 - INFO - Arrived: 2 Broken: 0
2023-09-28 10:36:18,304 - INFO - Episode 1 seed: 364
2023-09-28 10:36:18,842 - INFO - Episode 1 finished after 179 timesteps
2023-09-28 10:36:19,238 - INFO - Arrived: 2 Broken: 0
2023-09-28 10:36:19,238 - INFO - Episode 2 seed: 364
2023-09-28 10:36:20,572 - INFO - Arrived: 0 Broken: 0
2023-09-28 10:36:20,572 - INFO - Episode 3 seed: 364
2023-09-28 10:36:22,017 - INFO - Arrived: 1 Broken: 0
2023-09-28 10:36:22,017 - INFO - Episode 4 seed: 364
2023-09-28 10:36:23,377 - INFO - Arrived: 1 Broken: 0
2023-09-28 10:36:23,378 - INFO - Episode 5 seed: 364
2023-09-28 10:36:24,155 - INFO - Episode 5 finished after 227 timesteps
2023-09-28 10:36:24,546 - INFO - Arrived: 2 Broken: 0
2023-09-28 10:36:24,547 - INFO - Episode 6 seed: 364
2023-09-28 10:36:25,999 - INFO - Arrived: 1 Broken: 0
2023-09-28 10:36:25,999 - INFO - Episode 7 seed: 364
2023-09-28 10:36:27,373 - INFO - Arrived: 1 Broken: 0
2023-09-28 10:36:27,373 - INFO - Episode 8 seed: 364
2023-09-28 10:36:27,995 - INFO - Episode 8 finished after 208 timesteps
2023-09-28 10:36:28,403 - INFO - Arrived: 2 Broken: 0
2023-09-28 10:36:28,403 - INFO - Episode 9 seed: 364
2023-09-28 10:36:28,625 - INFO - Episode 9 finished after 73 timesteps
2023-09-28 10:36:29,042 - INFO - Arrived: 2 Broken: 0
2023-09-28 10:36:29,042 - INFO - Episode 10 seed: 364
2023-09-28 10:36:30,534 - INFO - Arrived: 1 Broken: 0
2023-09-28 10:36:30,534 - INFO - Episode 11 seed: 364
2023-09-28 10:36:32,040 - INFO - Arrived: 0 Broken: 0
2023-09-28 10:36:32,040 - INFO - Episode 12 seed: 364
2023-09-28 10:36:33,401 - INFO - Arrived: 1 Broken: 0
2023-09-28 10:36:33,401 - INFO - Episode 13 seed: 364
2023-09-28 10:36:33,800 - INFO - Episode 13 finished after 124 timesteps
2023-09-28 10:36:34,200 - INFO - Arrived: 2 Broken: 0
2023-09-28 10:36:34,201 - INFO - Episode 14 seed: 364
2023-09-28 10:36:35,737 - INFO - Arrived: 1 Broken: 0
2023-09-28 10:36:35,737 - INFO - Episode 15 seed: 364
2023-09-28 10:36:35,905 - INFO - Episode 15 finished after 54 timesteps
2023-09-28 10:36:36,325 - INFO - Arrived: 2 Broken: 0
2023-09-28 10:36:36,325 - INFO - Episode 16 seed: 364
2023-09-28 10:36:36,657 - INFO - Episode 16 finished after 126 timesteps
2023-09-28 10:36:37,051 - INFO - Arrived: 2 Broken: 0
2023-09-28 10:36:37,051 - INFO - Episode 17 seed: 364
2023-09-28 10:36:37,786 - INFO - Episode 17 finished after 222 timesteps
2023-09-28 10:36:38,194 - INFO - Arrived: 2 Broken: 0
2023-09-28 10:36:38,194 - INFO - Episode 18 seed: 364
2023-09-28 10:36:38,621 - INFO - Episode 18 finished after 153 timesteps
2023-09-28 10:36:39,144 - INFO - Arrived: 2 Broken: 0
2023-09-28 10:36:39,145 - INFO - Episode 19 seed: 364
2023-09-28 10:36:39,581 - INFO - Episode 19 finished after 132 timesteps
2023-09-28 10:36:39,993 - INFO - Arrived: 2 Broken: 0
2023-09-28 10:36:39,993 - INFO - Episode 20 seed: 364
2023-09-28 10:36:40,930 - INFO - Episode 20 finished after 271 timesteps
2023-09-28 10:36:41,353 - INFO - Arrived: 2 Broken: 0
2023-09-28 10:36:41,353 - INFO - Episode 21 seed: 364
2023-09-28 10:36:42,680 - INFO - Arrived: 1 Broken: 0
2023-09-28 10:36:42,680 - INFO - Episode 22 seed: 364
2023-09-28 10:36:44,217 - INFO - Arrived: 1 Broken: 0
2023-09-28 10:36:44,218 - INFO - Episode 23 seed: 364
2023-09-28 10:36:45,514 - INFO - Arrived: 1 Broken: 0
2023-09-28 10:36:45,514 - INFO - Episode 24 seed: 364
2023-09-28 10:36:45,727 - INFO - Episode 24 finished after 72 timesteps
2023-09-28 10:36:46,153 - INFO - Arrived: 2 Broken: 0
2023-09-28 10:36:46,153 - INFO - Episode 25 seed: 364
2023-09-28 10:36:47,471 - INFO - Arrived: 0 Broken: 0
2023-09-28 10:36:47,471 - INFO - Episode 26 seed: 364
2023-09-28 10:36:47,953 - INFO - Episode 26 finished after 128 timesteps
2023-09-28 10:36:48,338 - INFO - Arrived: 2 Broken: 0
2023-09-28 10:36:48,338 - INFO - Episode 27 seed: 364
2023-09-28 10:36:49,736 - INFO - Arrived: 1 Broken: 0
2023-09-28 10:36:49,736 - INFO - Episode 28 seed: 364
2023-09-28 10:36:50,391 - INFO - Episode 28 finished after 223 timesteps
2023-09-28 10:36:50,808 - INFO - Arrived: 2 Broken: 0
2023-09-28 10:36:50,809 - INFO - Episode 29 seed: 364
2023-09-28 10:36:52,269 - INFO - Arrived: 1 Broken: 0
2023-09-28 10:36:52,270 - INFO - Episode 30 seed: 364
2023-09-28 10:36:52,548 - INFO - Episode 30 finished after 97 timesteps
2023-09-28 10:36:52,936 - INFO - Arrived: 2 Broken: 0
2023-09-28 10:36:52,937 - INFO - Episode 31 seed: 364
2023-09-28 10:36:54,327 - INFO - Arrived: 1 Broken: 0
2023-09-28 10:36:54,327 - INFO - Episode 32 seed: 364
