2023-09-28 10:39:06,104 - INFO - 

learning_rate:0.001
gamma:0.8
tau:0.01
hsRNN:64
hsMixing:64
hsHyper:64
replace_cycle:500
agent_num:2
obs_size:5
msg_size:27
com_size:32
com_mode:3
state_size:7
action_size:6
epoch:1
buffer_size:32
batch_size:32
seq_len:100
episode:3000
timestep:300
view_range:1
report_cycle:1
comm_cycle:1
row:8
col:8
height:3
risklevel:0.1
risk_num:3
AoI_limit:3

2023-09-28 10:39:07,206 - INFO - 
Map size: 8 * 8 * 3
At height 1 
[1, 4] [7, 1] [0, 1] 
At height 2 
[6, 6] [2, 2] [6, 2] is dangerous
UAVs are at:
[3, 3, 1] [3, 5, 1] 
Dest are at:
[[0, 7], [0, 0]] [[7, 0], [7, 7]] 
2023-09-28 10:39:07,212 - INFO - Episode 0 seed: 755
2023-09-28 10:39:08,765 - INFO - Episode 0 finished after 195 timesteps
2023-09-28 10:39:09,280 - INFO - Arrived: 2 Broken: 0
2023-09-28 10:39:09,281 - INFO - Episode 1 seed: 755
2023-09-28 10:39:10,759 - INFO - Arrived: 1 Broken: 0
2023-09-28 10:39:10,759 - INFO - Episode 2 seed: 755
2023-09-28 10:39:11,048 - INFO - Episode 2 finished after 77 timesteps
2023-09-28 10:39:11,479 - INFO - Arrived: 2 Broken: 0
2023-09-28 10:39:11,480 - INFO - Episode 3 seed: 755
2023-09-28 10:39:11,926 - INFO - Episode 3 finished after 143 timesteps
2023-09-28 10:39:12,430 - INFO - Arrived: 2 Broken: 0
2023-09-28 10:39:12,430 - INFO - Episode 4 seed: 755
2023-09-28 10:39:13,898 - INFO - Arrived: 1 Broken: 0
2023-09-28 10:39:13,898 - INFO - Episode 5 seed: 755
2023-09-28 10:39:14,401 - INFO - Episode 5 finished after 151 timesteps
2023-09-28 10:39:14,801 - INFO - Arrived: 2 Broken: 0
2023-09-28 10:39:14,801 - INFO - Episode 6 seed: 755
2023-09-28 10:39:16,244 - INFO - Arrived: 1 Broken: 0
2023-09-28 10:39:16,244 - INFO - Episode 7 seed: 755
2023-09-28 10:39:17,133 - INFO - Episode 7 finished after 245 timesteps
2023-09-28 10:39:17,553 - INFO - Arrived: 2 Broken: 0
2023-09-28 10:39:17,553 - INFO - Episode 8 seed: 755
2023-09-28 10:39:18,952 - INFO - Arrived: 0 Broken: 0
2023-09-28 10:39:18,952 - INFO - Episode 9 seed: 755
2023-09-28 10:39:20,328 - INFO - Arrived: 1 Broken: 0
2023-09-28 10:39:20,328 - INFO - Episode 10 seed: 755
2023-09-28 10:39:21,795 - INFO - Arrived: 1 Broken: 0
2023-09-28 10:39:21,795 - INFO - Episode 11 seed: 755
2023-09-28 10:39:23,138 - INFO - Arrived: 1 Broken: 0
2023-09-28 10:39:23,139 - INFO - Episode 12 seed: 755
2023-09-28 10:39:23,487 - INFO - Episode 12 finished after 109 timesteps
2023-09-28 10:39:23,894 - INFO - Arrived: 2 Broken: 0
2023-09-28 10:39:23,894 - INFO - Episode 13 seed: 755
2023-09-28 10:39:24,883 - INFO - Episode 13 finished after 295 timesteps
2023-09-28 10:39:25,288 - INFO - Arrived: 2 Broken: 0
2023-09-28 10:39:25,289 - INFO - Episode 14 seed: 755
2023-09-28 10:39:26,022 - INFO - Episode 14 finished after 238 timesteps
2023-09-28 10:39:26,550 - INFO - Arrived: 2 Broken: 0
2023-09-28 10:39:26,551 - INFO - Episode 15 seed: 755
2023-09-28 10:39:26,780 - INFO - Episode 15 finished after 85 timesteps
2023-09-28 10:39:27,201 - INFO - Arrived: 2 Broken: 0
2023-09-28 10:39:27,201 - INFO - Episode 16 seed: 755
2023-09-28 10:39:27,603 - INFO - Episode 16 finished after 127 timesteps
2023-09-28 10:39:28,009 - INFO - Arrived: 2 Broken: 0
2023-09-28 10:39:28,009 - INFO - Episode 17 seed: 755
2023-09-28 10:39:29,033 - INFO - Episode 17 finished after 289 timesteps
2023-09-28 10:39:29,456 - INFO - Arrived: 2 Broken: 0
2023-09-28 10:39:29,456 - INFO - Episode 18 seed: 755
2023-09-28 10:39:30,011 - INFO - Episode 18 finished after 168 timesteps
2023-09-28 10:39:30,545 - INFO - Arrived: 2 Broken: 0
2023-09-28 10:39:30,545 - INFO - Episode 19 seed: 755
2023-09-28 10:39:31,899 - INFO - Arrived: 1 Broken: 0
2023-09-28 10:39:31,899 - INFO - Episode 20 seed: 755
2023-09-28 10:39:33,332 - INFO - Arrived: 1 Broken: 0
2023-09-28 10:39:33,332 - INFO - Episode 21 seed: 755
2023-09-28 10:39:34,086 - INFO - Episode 21 finished after 219 timesteps
2023-09-28 10:39:34,455 - INFO - Arrived: 2 Broken: 0
2023-09-28 10:39:34,455 - INFO - Episode 22 seed: 755
2023-09-28 10:39:35,127 - INFO - Episode 22 finished after 221 timesteps
2023-09-28 10:39:35,640 - INFO - Arrived: 2 Broken: 0
2023-09-28 10:39:35,640 - INFO - Episode 23 seed: 755
2023-09-28 10:39:37,151 - INFO - Arrived: 1 Broken: 0
2023-09-28 10:39:37,151 - INFO - Episode 24 seed: 755
2023-09-28 10:39:37,877 - INFO - Episode 24 finished after 243 timesteps
2023-09-28 10:39:38,302 - INFO - Arrived: 2 Broken: 0
2023-09-28 10:39:38,302 - INFO - Episode 25 seed: 755
2023-09-28 10:39:39,652 - INFO - Arrived: 1 Broken: 0
2023-09-28 10:39:39,652 - INFO - Episode 26 seed: 755
2023-09-28 10:39:40,156 - INFO - Episode 26 finished after 170 timesteps
2023-09-28 10:39:40,658 - INFO - Arrived: 2 Broken: 0
2023-09-28 10:39:40,658 - INFO - Episode 27 seed: 755
2023-09-28 10:39:41,176 - INFO - Episode 27 finished after 179 timesteps
2023-09-28 10:39:41,603 - INFO - Arrived: 2 Broken: 0
2023-09-28 10:39:41,603 - INFO - Episode 28 seed: 755
2023-09-28 10:39:42,254 - INFO - Episode 28 finished after 231 timesteps
2023-09-28 10:39:42,662 - INFO - Arrived: 2 Broken: 0
2023-09-28 10:39:42,662 - INFO - Episode 29 seed: 755
2023-09-28 10:39:43,978 - INFO - Arrived: 1 Broken: 0
2023-09-28 10:39:43,978 - INFO - Episode 30 seed: 755
2023-09-28 10:39:44,128 - INFO - Episode 30 finished after 41 timesteps
2023-09-28 10:39:44,628 - INFO - Arrived: 2 Broken: 0
2023-09-28 10:39:44,628 - INFO - Episode 31 seed: 755
2023-09-28 10:39:45,843 - INFO - Arrived: 1 Broken: 0
2023-09-28 10:39:45,843 - INFO - Episode 32 seed: 755
