2023-09-28 10:54:32,919 - INFO - 

learning_rate:0.001
gamma:0.8
tau:0.01
hsRNN:64
hsMixing:64
hsHyper:64
replace_cycle:500
agent_num:2
obs_size:5
msg_size:27
com_size:32
com_mode:3
state_size:7
action_size:6
epoch:1
buffer_size:32
batch_size:32
seq_len:100
episode:3000
timestep:300
view_range:1
report_cycle:1
comm_cycle:1
row:8
col:8
height:3
risklevel:0.1
risk_num:3
AoI_limit:3

2023-09-28 10:54:34,004 - INFO - 
Map size: 8 * 8 * 3
At height 1 
[7, 1] [0, 1] [1, 4] 
At height 2 
[2, 2] [2, 6] [6, 2] is dangerous
UAVs are at:
[3, 3, 1] [3, 5, 1] 
Dest are at:
[[0, 7], [0, 0]] [[7, 0], [7, 7]] 
2023-09-28 10:54:34,020 - INFO - Episode 0 seed: 644
2023-09-28 10:54:36,907 - INFO - Arrived: 1 Broken: 0
2023-09-28 10:54:36,907 - INFO - Episode 1 seed: 644
2023-09-28 10:54:37,173 - INFO - Episode 1 finished after 68 timesteps
2023-09-28 10:54:37,987 - INFO - Arrived: 2 Broken: 0
2023-09-28 10:54:37,987 - INFO - Episode 2 seed: 644
2023-09-28 10:54:39,836 - INFO - Arrived: 1 Broken: 0
2023-09-28 10:54:39,837 - INFO - Episode 3 seed: 644
2023-09-28 10:54:41,764 - INFO - Arrived: 0 Broken: 0
2023-09-28 10:54:41,764 - INFO - Episode 4 seed: 644
2023-09-28 10:54:42,630 - INFO - Episode 4 finished after 240 timesteps
2023-09-28 10:54:43,453 - INFO - Arrived: 2 Broken: 0
2023-09-28 10:54:43,454 - INFO - Episode 5 seed: 644
2023-09-28 10:54:43,715 - INFO - Episode 5 finished after 85 timesteps
2023-09-28 10:54:44,481 - INFO - Arrived: 2 Broken: 0
2023-09-28 10:54:44,481 - INFO - Episode 6 seed: 644
2023-09-28 10:54:44,970 - INFO - Episode 6 finished after 149 timesteps
2023-09-28 10:54:45,793 - INFO - Arrived: 2 Broken: 0
2023-09-28 10:54:45,794 - INFO - Episode 7 seed: 644
2023-09-28 10:54:45,921 - INFO - Episode 7 finished after 42 timesteps
2023-09-28 10:54:46,881 - INFO - Arrived: 2 Broken: 0
2023-09-28 10:54:46,881 - INFO - Episode 8 seed: 644
2023-09-28 10:54:47,619 - INFO - Episode 8 finished after 217 timesteps
2023-09-28 10:54:48,404 - INFO - Arrived: 2 Broken: 0
2023-09-28 10:54:48,405 - INFO - Episode 9 seed: 644
2023-09-28 10:54:50,229 - INFO - Arrived: 1 Broken: 0
2023-09-28 10:54:50,229 - INFO - Episode 10 seed: 644
2023-09-28 10:54:52,078 - INFO - Arrived: 1 Broken: 0
2023-09-28 10:54:52,078 - INFO - Episode 11 seed: 644
2023-09-28 10:54:53,915 - INFO - Arrived: 1 Broken: 0
2023-09-28 10:54:53,916 - INFO - Episode 12 seed: 644
2023-09-28 10:54:55,701 - INFO - Arrived: 1 Broken: 0
2023-09-28 10:54:55,701 - INFO - Episode 13 seed: 644
2023-09-28 10:54:57,461 - INFO - Arrived: 1 Broken: 0
2023-09-28 10:54:57,462 - INFO - Episode 14 seed: 644
2023-09-28 10:54:59,282 - INFO - Arrived: 1 Broken: 0
2023-09-28 10:54:59,282 - INFO - Episode 15 seed: 644
2023-09-28 10:55:00,167 - INFO - Episode 15 finished after 258 timesteps
2023-09-28 10:55:01,078 - INFO - Arrived: 2 Broken: 0
2023-09-28 10:55:01,079 - INFO - Episode 16 seed: 644
2023-09-28 10:55:01,353 - INFO - Episode 16 finished after 81 timesteps
2023-09-28 10:55:02,189 - INFO - Arrived: 2 Broken: 0
2023-09-28 10:55:02,190 - INFO - Episode 17 seed: 644
2023-09-28 10:55:02,586 - INFO - Episode 17 finished after 108 timesteps
2023-09-28 10:55:03,383 - INFO - Arrived: 2 Broken: 0
2023-09-28 10:55:03,383 - INFO - Episode 18 seed: 644
2023-09-28 10:55:05,195 - INFO - Arrived: 1 Broken: 0
2023-09-28 10:55:05,195 - INFO - Episode 19 seed: 644
2023-09-28 10:55:05,668 - INFO - Episode 19 finished after 138 timesteps
2023-09-28 10:55:06,520 - INFO - Arrived: 2 Broken: 0
2023-09-28 10:55:06,521 - INFO - Episode 20 seed: 644
2023-09-28 10:55:06,898 - INFO - Episode 20 finished after 110 timesteps
2023-09-28 10:55:07,793 - INFO - Arrived: 2 Broken: 0
2023-09-28 10:55:07,793 - INFO - Episode 21 seed: 644
2023-09-28 10:55:09,620 - INFO - Arrived: 1 Broken: 0
2023-09-28 10:55:09,620 - INFO - Episode 22 seed: 644
2023-09-28 10:55:11,435 - INFO - Arrived: 0 Broken: 0
2023-09-28 10:55:11,435 - INFO - Episode 23 seed: 644
2023-09-28 10:55:13,234 - INFO - Arrived: 1 Broken: 0
2023-09-28 10:55:13,235 - INFO - Episode 24 seed: 644
2023-09-28 10:55:14,329 - INFO - Episode 24 finished after 299 timesteps
2023-09-28 10:55:15,276 - INFO - Arrived: 2 Broken: 0
2023-09-28 10:55:15,276 - INFO - Episode 25 seed: 644
2023-09-28 10:55:16,125 - INFO - Episode 25 finished after 190 timesteps
2023-09-28 10:55:16,964 - INFO - Arrived: 2 Broken: 0
2023-09-28 10:55:16,965 - INFO - Episode 26 seed: 644
2023-09-28 10:55:17,583 - INFO - Episode 26 finished after 190 timesteps
2023-09-28 10:55:18,394 - INFO - Arrived: 2 Broken: 0
2023-09-28 10:55:18,394 - INFO - Episode 27 seed: 644
2023-09-28 10:55:20,248 - INFO - Arrived: 1 Broken: 0
2023-09-28 10:55:20,248 - INFO - Episode 28 seed: 644
2023-09-28 10:55:21,957 - INFO - Arrived: 1 Broken: 0
2023-09-28 10:55:21,957 - INFO - Episode 29 seed: 644
2023-09-28 10:55:23,887 - INFO - Arrived: 1 Broken: 0
2023-09-28 10:55:23,887 - INFO - Episode 30 seed: 644
2023-09-28 10:55:24,449 - INFO - Episode 30 finished after 158 timesteps
2023-09-28 10:55:25,311 - INFO - Arrived: 2 Broken: 0
2023-09-28 10:55:25,312 - INFO - Episode 31 seed: 644
2023-09-28 10:55:25,772 - INFO - Episode 31 finished after 136 timesteps
2023-09-28 10:55:26,572 - INFO - Arrived: 2 Broken: 0
2023-09-28 10:55:26,572 - INFO - Episode 32 seed: 644
2023-09-28 10:55:27,401 - INFO - Episode 32 finished after 245 timesteps
