2023-09-28 10:58:32,706 - INFO - 

learning_rate:0.001
gamma:0.8
tau:0.01
hsRNN:64
hsMixing:64
hsHyper:64
replace_cycle:500
agent_num:2
obs_size:5
msg_size:27
com_size:32
com_mode:3
state_size:7
action_size:6
epoch:1
buffer_size:32
batch_size:32
seq_len:100
episode:3000
timestep:300
view_range:1
report_cycle:1
comm_cycle:1
row:8
col:8
height:3
risklevel:0.1
risk_num:3
AoI_limit:3

2023-09-28 10:58:33,793 - INFO - 
Map size: 8 * 8 * 3
At height 1 
[7, 1] [6, 5] [0, 1] 
At height 2 
[2, 6] [2, 2] [6, 6] is dangerous
UAVs are at:
[3, 3, 1] [3, 5, 1] 
Dest are at:
[[0, 7], [0, 0]] [[7, 0], [7, 7]] 
2023-09-28 10:58:33,802 - INFO - Episode 0 seed: 64
2023-09-28 10:58:35,326 - INFO - Episode 0 finished after 154 timesteps
2023-09-28 10:58:36,249 - INFO - Arrived: 2 Broken: 0
2023-09-28 10:58:36,249 - INFO - Episode 1 seed: 64
2023-09-28 10:58:38,188 - INFO - Arrived: 1 Broken: 0
2023-09-28 10:58:38,188 - INFO - Episode 2 seed: 64
2023-09-28 10:58:38,503 - INFO - Episode 2 finished after 100 timesteps
2023-09-28 10:58:39,387 - INFO - Arrived: 2 Broken: 0
2023-09-28 10:58:39,388 - INFO - Episode 3 seed: 64
2023-09-28 10:58:41,350 - INFO - Arrived: 1 Broken: 0
2023-09-28 10:58:41,350 - INFO - Episode 4 seed: 64
2023-09-28 10:58:43,188 - INFO - Arrived: 0 Broken: 0
2023-09-28 10:58:43,188 - INFO - Episode 5 seed: 64
2023-09-28 10:58:43,825 - INFO - Episode 5 finished after 184 timesteps
2023-09-28 10:58:44,644 - INFO - Arrived: 2 Broken: 0
2023-09-28 10:58:44,644 - INFO - Episode 6 seed: 64
2023-09-28 10:58:46,462 - INFO - Arrived: 1 Broken: 0
2023-09-28 10:58:46,462 - INFO - Episode 7 seed: 64
2023-09-28 10:58:47,134 - INFO - Episode 7 finished after 197 timesteps
2023-09-28 10:58:48,076 - INFO - Arrived: 2 Broken: 0
2023-09-28 10:58:48,076 - INFO - Episode 8 seed: 64
2023-09-28 10:58:50,172 - INFO - Arrived: 1 Broken: 0
2023-09-28 10:58:50,172 - INFO - Episode 9 seed: 64
2023-09-28 10:58:52,283 - INFO - Arrived: 1 Broken: 0
2023-09-28 10:58:52,283 - INFO - Episode 10 seed: 64
2023-09-28 10:58:53,966 - INFO - Arrived: 1 Broken: 0
2023-09-28 10:58:53,967 - INFO - Episode 11 seed: 64
2023-09-28 10:58:55,715 - INFO - Arrived: 1 Broken: 0
2023-09-28 10:58:55,716 - INFO - Episode 12 seed: 64
2023-09-28 10:58:57,560 - INFO - Arrived: 1 Broken: 0
2023-09-28 10:58:57,560 - INFO - Episode 13 seed: 64
2023-09-28 10:58:59,297 - INFO - Arrived: 1 Broken: 0
2023-09-28 10:58:59,298 - INFO - Episode 14 seed: 64
2023-09-28 10:59:01,182 - INFO - Arrived: 1 Broken: 0
2023-09-28 10:59:01,182 - INFO - Episode 15 seed: 64
2023-09-28 10:59:02,863 - INFO - Arrived: 1 Broken: 0
2023-09-28 10:59:02,864 - INFO - Episode 16 seed: 64
2023-09-28 10:59:04,770 - INFO - Arrived: 0 Broken: 0
2023-09-28 10:59:04,771 - INFO - Episode 17 seed: 64
2023-09-28 10:59:06,738 - INFO - Arrived: 1 Broken: 0
2023-09-28 10:59:06,739 - INFO - Episode 18 seed: 64
2023-09-28 10:59:07,326 - INFO - Episode 18 finished after 170 timesteps
2023-09-28 10:59:08,207 - INFO - Arrived: 2 Broken: 0
2023-09-28 10:59:08,208 - INFO - Episode 19 seed: 64
2023-09-28 10:59:10,068 - INFO - Arrived: 1 Broken: 0
2023-09-28 10:59:10,069 - INFO - Episode 20 seed: 64
2023-09-28 10:59:12,051 - INFO - Arrived: 1 Broken: 0
2023-09-28 10:59:12,051 - INFO - Episode 21 seed: 64
2023-09-28 10:59:13,928 - INFO - Arrived: 1 Broken: 0
2023-09-28 10:59:13,929 - INFO - Episode 22 seed: 64
2023-09-28 10:59:14,322 - INFO - Episode 22 finished after 118 timesteps
2023-09-28 10:59:15,137 - INFO - Arrived: 2 Broken: 0
2023-09-28 10:59:15,138 - INFO - Episode 23 seed: 64
2023-09-28 10:59:17,112 - INFO - Arrived: 1 Broken: 0
2023-09-28 10:59:17,113 - INFO - Episode 24 seed: 64
2023-09-28 10:59:18,113 - INFO - Episode 24 finished after 287 timesteps
2023-09-28 10:59:19,116 - INFO - Arrived: 2 Broken: 0
2023-09-28 10:59:19,117 - INFO - Episode 25 seed: 64
2023-09-28 10:59:19,993 - INFO - Episode 25 finished after 260 timesteps
2023-09-28 10:59:21,082 - INFO - Arrived: 2 Broken: 0
2023-09-28 10:59:21,082 - INFO - Episode 26 seed: 64
2023-09-28 10:59:21,670 - INFO - Episode 26 finished after 165 timesteps
2023-09-28 10:59:22,743 - INFO - Arrived: 2 Broken: 0
2023-09-28 10:59:22,743 - INFO - Episode 27 seed: 64
2023-09-28 10:59:24,674 - INFO - Arrived: 1 Broken: 0
2023-09-28 10:59:24,674 - INFO - Episode 28 seed: 64
2023-09-28 10:59:25,055 - INFO - Episode 28 finished after 120 timesteps
2023-09-28 10:59:26,008 - INFO - Arrived: 2 Broken: 0
2023-09-28 10:59:26,008 - INFO - Episode 29 seed: 64
2023-09-28 10:59:27,982 - INFO - Arrived: 1 Broken: 0
2023-09-28 10:59:27,983 - INFO - Episode 30 seed: 64
2023-09-28 10:59:29,948 - INFO - Arrived: 1 Broken: 0
2023-09-28 10:59:29,948 - INFO - Episode 31 seed: 64
2023-09-28 10:59:31,961 - INFO - Arrived: 1 Broken: 0
2023-09-28 10:59:31,961 - INFO - Episode 32 seed: 64
