2023-09-28 10:56:27,497 - INFO - 

learning_rate:0.001
gamma:0.8
tau:0.01
hsRNN:64
hsMixing:64
hsHyper:64
replace_cycle:500
agent_num:2
obs_size:5
msg_size:27
com_size:32
com_mode:3
state_size:7
action_size:6
epoch:1
buffer_size:32
batch_size:32
seq_len:100
episode:3000
timestep:300
view_range:1
report_cycle:1
comm_cycle:1
row:8
col:8
height:3
risklevel:0.1
risk_num:3
AoI_limit:3

2023-09-28 10:56:28,554 - INFO - 
Map size: 8 * 8 * 3
At height 1 
[1, 4] [6, 5] [0, 1] 
At height 2 
[2, 6] [6, 6] [2, 2] is dangerous
UAVs are at:
[3, 3, 1] [3, 5, 1] 
Dest are at:
[[0, 7], [0, 0]] [[7, 0], [7, 7]] 
2023-09-28 10:56:28,564 - INFO - Episode 0 seed: 618
2023-09-28 10:56:30,528 - INFO - Episode 0 finished after 299 timesteps
2023-09-28 10:56:31,656 - INFO - Arrived: 2 Broken: 0
2023-09-28 10:56:31,657 - INFO - Episode 1 seed: 618
2023-09-28 10:56:33,592 - INFO - Arrived: 0 Broken: 0
2023-09-28 10:56:33,593 - INFO - Episode 2 seed: 618
2023-09-28 10:56:33,728 - INFO - Episode 2 finished after 40 timesteps
2023-09-28 10:56:34,642 - INFO - Arrived: 2 Broken: 0
2023-09-28 10:56:34,643 - INFO - Episode 3 seed: 618
2023-09-28 10:56:36,576 - INFO - Arrived: 1 Broken: 0
2023-09-28 10:56:36,576 - INFO - Episode 4 seed: 618
2023-09-28 10:56:38,582 - INFO - Arrived: 1 Broken: 0
2023-09-28 10:56:38,582 - INFO - Episode 5 seed: 618
2023-09-28 10:56:39,613 - INFO - Episode 5 finished after 286 timesteps
2023-09-28 10:56:40,678 - INFO - Arrived: 2 Broken: 0
2023-09-28 10:56:40,678 - INFO - Episode 6 seed: 618
2023-09-28 10:56:42,535 - INFO - Arrived: 1 Broken: 0
2023-09-28 10:56:42,535 - INFO - Episode 7 seed: 618
2023-09-28 10:56:44,470 - INFO - Arrived: 1 Broken: 0
2023-09-28 10:56:44,471 - INFO - Episode 8 seed: 618
2023-09-28 10:56:46,332 - INFO - Arrived: 0 Broken: 0
2023-09-28 10:56:46,332 - INFO - Episode 9 seed: 618
2023-09-28 10:56:48,180 - INFO - Arrived: 1 Broken: 0
2023-09-28 10:56:48,181 - INFO - Episode 10 seed: 618
2023-09-28 10:56:50,054 - INFO - Arrived: 0 Broken: 0
2023-09-28 10:56:50,054 - INFO - Episode 11 seed: 618
2023-09-28 10:56:50,321 - INFO - Episode 11 finished after 76 timesteps
2023-09-28 10:56:51,316 - INFO - Arrived: 2 Broken: 0
2023-09-28 10:56:51,317 - INFO - Episode 12 seed: 618
2023-09-28 10:56:53,323 - INFO - Arrived: 1 Broken: 0
2023-09-28 10:56:53,323 - INFO - Episode 13 seed: 618
2023-09-28 10:56:55,139 - INFO - Arrived: 1 Broken: 0
2023-09-28 10:56:55,139 - INFO - Episode 14 seed: 618
2023-09-28 10:56:56,962 - INFO - Arrived: 1 Broken: 0
2023-09-28 10:56:56,962 - INFO - Episode 15 seed: 618
2023-09-28 10:56:57,577 - INFO - Episode 15 finished after 187 timesteps
2023-09-28 10:56:58,562 - INFO - Arrived: 2 Broken: 0
2023-09-28 10:56:58,563 - INFO - Episode 16 seed: 618
2023-09-28 10:56:58,950 - INFO - Episode 16 finished after 108 timesteps
2023-09-28 10:56:59,767 - INFO - Arrived: 2 Broken: 0
2023-09-28 10:56:59,767 - INFO - Episode 17 seed: 618
2023-09-28 10:57:01,705 - INFO - Arrived: 0 Broken: 0
2023-09-28 10:57:01,705 - INFO - Episode 18 seed: 618
2023-09-28 10:57:03,634 - INFO - Arrived: 1 Broken: 0
2023-09-28 10:57:03,634 - INFO - Episode 19 seed: 618
2023-09-28 10:57:05,489 - INFO - Arrived: 1 Broken: 0
2023-09-28 10:57:05,490 - INFO - Episode 20 seed: 618
2023-09-28 10:57:06,043 - INFO - Episode 20 finished after 168 timesteps
2023-09-28 10:57:06,891 - INFO - Arrived: 2 Broken: 0
2023-09-28 10:57:06,891 - INFO - Episode 21 seed: 618
2023-09-28 10:57:07,851 - INFO - Episode 21 finished after 289 timesteps
2023-09-28 10:57:08,632 - INFO - Arrived: 2 Broken: 0
2023-09-28 10:57:08,632 - INFO - Episode 22 seed: 618
2023-09-28 10:57:09,297 - INFO - Episode 22 finished after 216 timesteps
2023-09-28 10:57:10,111 - INFO - Arrived: 2 Broken: 0
2023-09-28 10:57:10,112 - INFO - Episode 23 seed: 618
2023-09-28 10:57:11,881 - INFO - Arrived: 1 Broken: 0
2023-09-28 10:57:11,881 - INFO - Episode 24 seed: 618
2023-09-28 10:57:12,849 - INFO - Episode 24 finished after 272 timesteps
2023-09-28 10:57:13,752 - INFO - Arrived: 2 Broken: 0
2023-09-28 10:57:13,752 - INFO - Episode 25 seed: 618
2023-09-28 10:57:14,851 - INFO - Episode 25 finished after 281 timesteps
2023-09-28 10:57:15,643 - INFO - Arrived: 2 Broken: 0
2023-09-28 10:57:15,643 - INFO - Episode 26 seed: 618
2023-09-28 10:57:17,532 - INFO - Arrived: 1 Broken: 0
2023-09-28 10:57:17,533 - INFO - Episode 27 seed: 618
2023-09-28 10:57:18,435 - INFO - Episode 27 finished after 262 timesteps
2023-09-28 10:57:19,227 - INFO - Arrived: 2 Broken: 0
2023-09-28 10:57:19,227 - INFO - Episode 28 seed: 618
2023-09-28 10:57:19,589 - INFO - Episode 28 finished after 119 timesteps
2023-09-28 10:57:20,401 - INFO - Arrived: 2 Broken: 0
2023-09-28 10:57:20,401 - INFO - Episode 29 seed: 618
2023-09-28 10:57:22,304 - INFO - Arrived: 1 Broken: 0
2023-09-28 10:57:22,304 - INFO - Episode 30 seed: 618
2023-09-28 10:57:23,275 - INFO - Episode 30 finished after 287 timesteps
2023-09-28 10:57:24,124 - INFO - Arrived: 2 Broken: 0
2023-09-28 10:57:24,124 - INFO - Episode 31 seed: 618
2023-09-28 10:57:25,990 - INFO - Arrived: 1 Broken: 0
2023-09-28 10:57:25,990 - INFO - Episode 32 seed: 618
