2023-09-28 11:19:19,024 - INFO - 

learning_rate:0.001
gamma:0.8
tau:0.01
hsRNN:64
hsMixing:64
hsHyper:64
replace_cycle:500
agent_num:2
obs_size:5
msg_size:27
com_size:32
com_mode:3
state_size:7
action_size:6
epoch:1
buffer_size:32
batch_size:32
seq_len:100
episode:3000
timestep:300
view_range:1
report_cycle:1
comm_cycle:1
row:8
col:8
height:3
risklevel:0.1
risk_num:3
AoI_limit:3

2023-09-28 11:19:20,125 - INFO - 
Map size: 8 * 8 * 3
At height 1 
[1, 4] [6, 5] [0, 1] 
At height 2 
[2, 2] [2, 6] [6, 2] is dangerous
UAVs are at:
[3, 3, 1] [3, 5, 1] 
Dest are at:
[[0, 7], [0, 0]] [[7, 0], [7, 7]] 
2023-09-28 11:19:20,133 - INFO - Episode 0 seed: 496
2023-09-28 11:19:22,660 - INFO - Arrived: 1 Broken: 0
2023-09-28 11:19:22,661 - INFO - Episode 1 seed: 496
2023-09-28 11:19:24,047 - INFO - Arrived: 1 Broken: 0
2023-09-28 11:19:24,048 - INFO - Episode 2 seed: 496
2023-09-28 11:19:24,354 - INFO - Episode 2 finished after 84 timesteps
2023-09-28 11:19:24,754 - INFO - Arrived: 2 Broken: 0
2023-09-28 11:19:24,754 - INFO - Episode 3 seed: 496
2023-09-28 11:19:25,331 - INFO - Episode 3 finished after 183 timesteps
2023-09-28 11:19:25,800 - INFO - Arrived: 2 Broken: 0
2023-09-28 11:19:25,801 - INFO - Episode 4 seed: 496
2023-09-28 11:19:27,184 - INFO - Arrived: 1 Broken: 0
2023-09-28 11:19:27,184 - INFO - Episode 5 seed: 496
2023-09-28 11:19:27,269 - INFO - Episode 5 finished after 40 timesteps
2023-09-28 11:19:27,665 - INFO - Arrived: 2 Broken: 0
2023-09-28 11:19:27,666 - INFO - Episode 6 seed: 496
2023-09-28 11:19:27,915 - INFO - Episode 6 finished after 120 timesteps
2023-09-28 11:19:28,352 - INFO - Arrived: 2 Broken: 0
2023-09-28 11:19:28,353 - INFO - Episode 7 seed: 496
2023-09-28 11:19:29,833 - INFO - Arrived: 1 Broken: 0
2023-09-28 11:19:29,834 - INFO - Episode 8 seed: 496
2023-09-28 11:19:31,254 - INFO - Arrived: 1 Broken: 0
2023-09-28 11:19:31,254 - INFO - Episode 9 seed: 496
2023-09-28 11:19:32,625 - INFO - Arrived: 1 Broken: 0
2023-09-28 11:19:32,626 - INFO - Episode 10 seed: 496
2023-09-28 11:19:34,093 - INFO - Arrived: 1 Broken: 0
2023-09-28 11:19:34,093 - INFO - Episode 11 seed: 496
2023-09-28 11:19:35,432 - INFO - Arrived: 1 Broken: 0
2023-09-28 11:19:35,433 - INFO - Episode 12 seed: 496
2023-09-28 11:19:36,128 - INFO - Episode 12 finished after 199 timesteps
2023-09-28 11:19:36,548 - INFO - Arrived: 2 Broken: 0
2023-09-28 11:19:36,548 - INFO - Episode 13 seed: 496
2023-09-28 11:19:37,098 - INFO - Episode 13 finished after 176 timesteps
2023-09-28 11:19:37,506 - INFO - Arrived: 2 Broken: 0
2023-09-28 11:19:37,507 - INFO - Episode 14 seed: 496
2023-09-28 11:19:39,019 - INFO - Arrived: 0 Broken: 0
2023-09-28 11:19:39,020 - INFO - Episode 15 seed: 496
2023-09-28 11:19:40,482 - INFO - Arrived: 1 Broken: 0
2023-09-28 11:19:40,482 - INFO - Episode 16 seed: 496
2023-09-28 11:19:41,073 - INFO - Episode 16 finished after 163 timesteps
2023-09-28 11:19:41,502 - INFO - Arrived: 2 Broken: 0
2023-09-28 11:19:41,502 - INFO - Episode 17 seed: 496
2023-09-28 11:19:42,896 - INFO - Arrived: 1 Broken: 0
2023-09-28 11:19:42,897 - INFO - Episode 18 seed: 496
2023-09-28 11:19:43,718 - INFO - Episode 18 finished after 228 timesteps
2023-09-28 11:19:44,229 - INFO - Arrived: 2 Broken: 0
2023-09-28 11:19:44,229 - INFO - Episode 19 seed: 496
2023-09-28 11:19:45,011 - INFO - Episode 19 finished after 247 timesteps
2023-09-28 11:19:45,442 - INFO - Arrived: 2 Broken: 0
2023-09-28 11:19:45,442 - INFO - Episode 20 seed: 496
2023-09-28 11:19:45,909 - INFO - Episode 20 finished after 140 timesteps
2023-09-28 11:19:46,313 - INFO - Arrived: 2 Broken: 0
2023-09-28 11:19:46,314 - INFO - Episode 21 seed: 496
2023-09-28 11:19:47,764 - INFO - Arrived: 0 Broken: 0
2023-09-28 11:19:47,765 - INFO - Episode 22 seed: 496
2023-09-28 11:19:48,723 - INFO - Episode 22 finished after 271 timesteps
2023-09-28 11:19:49,206 - INFO - Arrived: 2 Broken: 0
2023-09-28 11:19:49,206 - INFO - Episode 23 seed: 496
2023-09-28 11:19:50,582 - INFO - Arrived: 1 Broken: 0
2023-09-28 11:19:50,582 - INFO - Episode 24 seed: 496
2023-09-28 11:19:51,957 - INFO - Arrived: 1 Broken: 0
2023-09-28 11:19:51,957 - INFO - Episode 25 seed: 496
2023-09-28 11:19:52,558 - INFO - Episode 25 finished after 174 timesteps
2023-09-28 11:19:52,937 - INFO - Arrived: 2 Broken: 0
2023-09-28 11:19:52,938 - INFO - Episode 26 seed: 496
2023-09-28 11:19:53,262 - INFO - Episode 26 finished after 102 timesteps
2023-09-28 11:19:53,659 - INFO - Arrived: 2 Broken: 0
2023-09-28 11:19:53,659 - INFO - Episode 27 seed: 496
2023-09-28 11:19:55,136 - INFO - Arrived: 1 Broken: 0
2023-09-28 11:19:55,136 - INFO - Episode 28 seed: 496
2023-09-28 11:19:56,646 - INFO - Arrived: 1 Broken: 0
2023-09-28 11:19:56,646 - INFO - Episode 29 seed: 496
2023-09-28 11:19:57,285 - INFO - Episode 29 finished after 202 timesteps
2023-09-28 11:19:57,708 - INFO - Arrived: 2 Broken: 0
2023-09-28 11:19:57,709 - INFO - Episode 30 seed: 496
2023-09-28 11:19:59,095 - INFO - Arrived: 1 Broken: 0
2023-09-28 11:19:59,095 - INFO - Episode 31 seed: 496
2023-09-28 11:20:00,447 - INFO - Arrived: 1 Broken: 0
2023-09-28 11:20:00,447 - INFO - Episode 32 seed: 496
