2023-09-28 11:22:20,722 - INFO - 

learning_rate:0.001
gamma:0.8
tau:0.01
hsRNN:64
hsMixing:64
hsHyper:64
replace_cycle:500
agent_num:2
obs_size:5
msg_size:27
com_size:32
com_mode:3
state_size:7
action_size:6
epoch:1
buffer_size:32
batch_size:32
seq_len:100
episode:3000
timestep:300
view_range:1
report_cycle:1
comm_cycle:1
row:8
col:8
height:3
risklevel:0.1
risk_num:3
AoI_limit:3

2023-09-28 11:22:21,818 - INFO - 
Map size: 8 * 8 * 3
At height 1 
[6, 5] [1, 4] [0, 1] 
At height 2 
[6, 6] [2, 2] [2, 6] is dangerous
UAVs are at:
[3, 3, 1] [3, 5, 1] 
Dest are at:
[[0, 7], [0, 0]] [[7, 0], [7, 7]] 
2023-09-28 11:22:21,831 - INFO - Episode 0 seed: 218
2023-09-28 11:22:23,535 - INFO - Episode 0 finished after 202 timesteps
2023-09-28 11:22:24,435 - INFO - Arrived: 2 Broken: 0
2023-09-28 11:22:24,435 - INFO - Episode 1 seed: 218
2023-09-28 11:22:26,126 - INFO - Arrived: 1 Broken: 0
2023-09-28 11:22:26,126 - INFO - Episode 2 seed: 218
2023-09-28 11:22:27,954 - INFO - Arrived: 1 Broken: 0
2023-09-28 11:22:27,955 - INFO - Episode 3 seed: 218
2023-09-28 11:22:29,856 - INFO - Arrived: 1 Broken: 0
2023-09-28 11:22:29,857 - INFO - Episode 4 seed: 218
2023-09-28 11:22:31,790 - INFO - Arrived: 1 Broken: 0
2023-09-28 11:22:31,791 - INFO - Episode 5 seed: 218
2023-09-28 11:22:31,957 - INFO - Episode 5 finished after 45 timesteps
2023-09-28 11:22:32,737 - INFO - Arrived: 2 Broken: 0
2023-09-28 11:22:32,737 - INFO - Episode 6 seed: 218
2023-09-28 11:22:34,636 - INFO - Arrived: 1 Broken: 0
2023-09-28 11:22:34,636 - INFO - Episode 7 seed: 218
2023-09-28 11:22:35,082 - INFO - Episode 7 finished after 137 timesteps
2023-09-28 11:22:36,018 - INFO - Arrived: 2 Broken: 0
2023-09-28 11:22:36,019 - INFO - Episode 8 seed: 218
2023-09-28 11:22:37,910 - INFO - Arrived: 1 Broken: 0
2023-09-28 11:22:37,911 - INFO - Episode 9 seed: 218
2023-09-28 11:22:38,557 - INFO - Episode 9 finished after 196 timesteps
2023-09-28 11:22:39,399 - INFO - Arrived: 2 Broken: 0
2023-09-28 11:22:39,399 - INFO - Episode 10 seed: 218
2023-09-28 11:22:41,292 - INFO - Arrived: 1 Broken: 0
2023-09-28 11:22:41,293 - INFO - Episode 11 seed: 218
2023-09-28 11:22:42,262 - INFO - Episode 11 finished after 271 timesteps
2023-09-28 11:22:43,037 - INFO - Arrived: 2 Broken: 0
2023-09-28 11:22:43,037 - INFO - Episode 12 seed: 218
2023-09-28 11:22:44,816 - INFO - Arrived: 1 Broken: 0
2023-09-28 11:22:44,817 - INFO - Episode 13 seed: 218
2023-09-28 11:22:46,651 - INFO - Arrived: 1 Broken: 0
2023-09-28 11:22:46,652 - INFO - Episode 14 seed: 218
2023-09-28 11:22:48,473 - INFO - Arrived: 1 Broken: 0
2023-09-28 11:22:48,474 - INFO - Episode 15 seed: 218
2023-09-28 11:22:48,892 - INFO - Episode 15 finished after 126 timesteps
2023-09-28 11:22:49,716 - INFO - Arrived: 2 Broken: 0
2023-09-28 11:22:49,716 - INFO - Episode 16 seed: 218
2023-09-28 11:22:50,420 - INFO - Episode 16 finished after 204 timesteps
2023-09-28 11:22:51,380 - INFO - Arrived: 2 Broken: 0
2023-09-28 11:22:51,380 - INFO - Episode 17 seed: 218
2023-09-28 11:22:53,336 - INFO - Arrived: 1 Broken: 0
2023-09-28 11:22:53,337 - INFO - Episode 18 seed: 218
2023-09-28 11:22:55,161 - INFO - Arrived: 1 Broken: 0
2023-09-28 11:22:55,161 - INFO - Episode 19 seed: 218
2023-09-28 11:22:56,910 - INFO - Arrived: 1 Broken: 0
2023-09-28 11:22:56,910 - INFO - Episode 20 seed: 218
2023-09-28 11:22:58,997 - INFO - Arrived: 1 Broken: 0
2023-09-28 11:22:58,997 - INFO - Episode 21 seed: 218
2023-09-28 11:23:00,793 - INFO - Arrived: 0 Broken: 0
2023-09-28 11:23:00,793 - INFO - Episode 22 seed: 218
2023-09-28 11:23:02,718 - INFO - Arrived: 1 Broken: 0
2023-09-28 11:23:02,718 - INFO - Episode 23 seed: 218
2023-09-28 11:23:04,511 - INFO - Arrived: 1 Broken: 0
2023-09-28 11:23:04,511 - INFO - Episode 24 seed: 218
2023-09-28 11:23:04,555 - INFO - Episode 24 finished after 25 timesteps
2023-09-28 11:23:05,394 - INFO - Arrived: 2 Broken: 0
2023-09-28 11:23:05,394 - INFO - Episode 25 seed: 218
2023-09-28 11:23:06,147 - INFO - Episode 25 finished after 227 timesteps
2023-09-28 11:23:07,046 - INFO - Arrived: 2 Broken: 0
2023-09-28 11:23:07,046 - INFO - Episode 26 seed: 218
2023-09-28 11:23:07,169 - INFO - Episode 26 finished after 45 timesteps
2023-09-28 11:23:07,990 - INFO - Arrived: 2 Broken: 0
2023-09-28 11:23:07,990 - INFO - Episode 27 seed: 218
2023-09-28 11:23:09,851 - INFO - Arrived: 1 Broken: 0
2023-09-28 11:23:09,851 - INFO - Episode 28 seed: 218
2023-09-28 11:23:11,759 - INFO - Arrived: 1 Broken: 0
2023-09-28 11:23:11,759 - INFO - Episode 29 seed: 218
2023-09-28 11:23:12,775 - INFO - Episode 29 finished after 275 timesteps
2023-09-28 11:23:13,723 - INFO - Arrived: 2 Broken: 0
2023-09-28 11:23:13,723 - INFO - Episode 30 seed: 218
2023-09-28 11:23:15,698 - INFO - Arrived: 1 Broken: 0
2023-09-28 11:23:15,698 - INFO - Episode 31 seed: 218
2023-09-28 11:23:16,095 - INFO - Episode 31 finished after 114 timesteps
2023-09-28 11:23:16,932 - INFO - Arrived: 2 Broken: 0
2023-09-28 11:23:16,932 - INFO - Episode 32 seed: 218
