2023-09-23 13:44:04,410 - INFO - 

learning_rate:0.001
gamma:0.8
tau:0.01
hsRNN:64
hsMixing:64
hsHyper:64
replace_cycle:500
agent_num:2
obs_size:21
msg_size:27
com_size:32
com_mode:3
state_size:42
action_size:6
q_mode:0
epoch:1
buffer_size:32
batch_size:32
seq_len:100
episode:3000
timestep:300
view_range:1
report_cycle:1
comm_cycle:1
row:8
col:8
height:3
risklevel:0.1
AoI_limit:3

2023-09-23 13:44:05,351 - INFO - 
Map size: 8 * 8 * 3 
At height 1 
[4, 5] [5, 4] [3, 4] is dangerous
At height 2 
[3, 2] [4, 0] [4, 6] is dangerous
UAVs are at:
[3, 5, 1] [3, 3, 1] 
Dest are at:
[0, 7] [7, 0] 
2023-09-23 13:44:05,359 - INFO - Episode 0 seed: 291
2023-09-23 13:44:06,898 - INFO - Episode 0 finished after 247 timesteps
2023-09-23 13:44:21,771 - INFO - Arrived: 0 Broken: 2 Communication: 0.0
2023-09-23 13:44:21,771 - INFO - Episode 1 seed: 272
2023-09-23 13:44:22,210 - INFO - Episode 1 finished after 244 timesteps
2023-09-23 13:44:38,055 - INFO - Arrived: 1 Broken: 1 Communication: 0.0
2023-09-23 13:44:38,055 - INFO - Episode 2 seed: 803
2023-09-23 13:44:38,112 - INFO - Episode 2 finished after 33 timesteps
2023-09-23 13:44:54,410 - INFO - Arrived: 2 Broken: 0 Communication: 0.0
2023-09-23 13:44:54,411 - INFO - Episode 3 seed: 685
2023-09-23 13:44:54,826 - INFO - Episode 3 finished after 229 timesteps
2023-09-23 13:45:11,339 - INFO - Arrived: 1 Broken: 1 Communication: 0.0
2023-09-23 13:45:11,339 - INFO - Episode 4 seed: 407
2023-09-23 13:45:11,565 - INFO - Episode 4 finished after 121 timesteps
2023-09-23 13:45:28,205 - INFO - Arrived: 2 Broken: 0 Communication: 0.0
2023-09-23 13:45:28,206 - INFO - Episode 5 seed: 670
2023-09-23 13:45:28,643 - INFO - Episode 5 finished after 243 timesteps
2023-09-23 13:45:46,348 - INFO - Arrived: 1 Broken: 1 Communication: 0.0
2023-09-23 13:45:46,348 - INFO - Episode 6 seed: 792
2023-09-23 13:45:46,701 - INFO - Episode 6 finished after 191 timesteps
2023-09-23 13:46:03,240 - INFO - Arrived: 2 Broken: 0 Communication: 0.0
2023-09-23 13:46:03,240 - INFO - Episode 7 seed: 919
2023-09-23 13:46:03,399 - INFO - Episode 7 finished after 90 timesteps
2023-09-23 13:46:20,047 - INFO - Arrived: 2 Broken: 0 Communication: 0.0
2023-09-23 13:46:20,047 - INFO - Episode 8 seed: 234
2023-09-23 13:46:20,495 - INFO - Episode 8 finished after 224 timesteps
2023-09-23 13:46:37,249 - INFO - Arrived: 1 Broken: 1 Communication: 0.0
2023-09-23 13:46:37,249 - INFO - Episode 9 seed: 603
2023-09-23 13:46:37,417 - INFO - Episode 9 finished after 94 timesteps
2023-09-23 13:46:54,478 - INFO - Arrived: 2 Broken: 0 Communication: 0.0
2023-09-23 13:46:54,479 - INFO - Episode 10 seed: 409
2023-09-23 13:46:54,915 - INFO - Episode 10 finished after 240 timesteps
2023-09-23 13:47:12,023 - INFO - Arrived: 1 Broken: 1 Communication: 0.0
2023-09-23 13:47:12,024 - INFO - Episode 11 seed: 575
2023-09-23 13:47:12,389 - INFO - Episode 11 finished after 206 timesteps
2023-09-23 13:47:29,529 - INFO - Arrived: 2 Broken: 0 Communication: 0.0
2023-09-23 13:47:29,530 - INFO - Episode 12 seed: 552
2023-09-23 13:47:29,898 - INFO - Episode 12 finished after 203 timesteps
2023-09-23 13:47:47,199 - INFO - Arrived: 1 Broken: 1 Communication: 0.0
2023-09-23 13:47:47,200 - INFO - Episode 13 seed: 154
2023-09-23 13:47:47,593 - INFO - Episode 13 finished after 225 timesteps
2023-09-23 13:48:04,864 - INFO - Arrived: 1 Broken: 1 Communication: 0.0
2023-09-23 13:48:04,864 - INFO - Episode 14 seed: 639
2023-09-23 13:48:05,031 - INFO - Episode 14 finished after 93 timesteps
2023-09-23 13:48:22,578 - INFO - Arrived: 2 Broken: 0 Communication: 0.0
2023-09-23 13:48:22,578 - INFO - Episode 15 seed: 711
2023-09-23 13:48:22,829 - INFO - Episode 15 finished after 139 timesteps
2023-09-23 13:48:40,597 - INFO - Arrived: 2 Broken: 0 Communication: 0.0
2023-09-23 13:48:40,597 - INFO - Episode 16 seed: 254
2023-09-23 13:48:41,058 - INFO - Episode 16 finished after 250 timesteps
2023-09-23 13:48:59,184 - INFO - Arrived: 1 Broken: 1 Communication: 0.0
2023-09-23 13:48:59,184 - INFO - Episode 17 seed: 561
2023-09-23 13:48:59,521 - INFO - Episode 17 finished after 190 timesteps
2023-09-23 13:49:17,810 - INFO - Arrived: 2 Broken: 0 Communication: 0.0
2023-09-23 13:49:17,811 - INFO - Episode 18 seed: 999
2023-09-23 13:49:18,148 - INFO - Episode 18 finished after 189 timesteps
2023-09-23 13:49:36,441 - INFO - Arrived: 1 Broken: 1 Communication: 0.0
2023-09-23 13:49:36,441 - INFO - Episode 19 seed: 455
2023-09-23 13:49:36,865 - INFO - Episode 19 finished after 237 timesteps
2023-09-23 13:49:55,222 - INFO - Arrived: 1 Broken: 1 Communication: 0.0
2023-09-23 13:49:55,222 - INFO - Episode 20 seed: 608
2023-09-23 13:49:55,667 - INFO - Episode 20 finished after 250 timesteps
2023-09-23 13:50:14,140 - INFO - Arrived: 1 Broken: 1 Communication: 0.0
2023-09-23 13:50:14,140 - INFO - Episode 21 seed: 716
2023-09-23 13:50:14,603 - INFO - Episode 21 finished after 260 timesteps
2023-09-23 13:50:33,996 - INFO - Arrived: 1 Broken: 1 Communication: 0.0
2023-09-23 13:50:33,997 - INFO - Episode 22 seed: 831
2023-09-23 13:50:34,119 - INFO - Episode 22 finished after 64 timesteps
2023-09-23 13:50:53,801 - INFO - Arrived: 2 Broken: 0 Communication: 0.0
2023-09-23 13:50:53,802 - INFO - Episode 23 seed: 42
2023-09-23 13:50:54,092 - INFO - Episode 23 finished after 168 timesteps
2023-09-23 13:51:13,915 - INFO - Arrived: 2 Broken: 0 Communication: 0.0
2023-09-23 13:51:13,915 - INFO - Episode 24 seed: 812
2023-09-23 13:51:14,208 - INFO - Episode 24 finished after 158 timesteps
2023-09-23 13:51:34,669 - INFO - Arrived: 2 Broken: 0 Communication: 0.0
2023-09-23 13:51:34,669 - INFO - Episode 25 seed: 726
2023-09-23 13:51:34,756 - INFO - Episode 25 finished after 48 timesteps
2023-09-23 13:51:55,147 - INFO - Arrived: 2 Broken: 0 Communication: 0.0
2023-09-23 13:51:55,148 - INFO - Episode 26 seed: 734
2023-09-23 13:51:55,407 - INFO - Episode 26 finished after 142 timesteps
2023-09-23 13:52:15,880 - INFO - Arrived: 2 Broken: 0 Communication: 0.0
2023-09-23 13:52:15,880 - INFO - Episode 27 seed: 687
2023-09-23 13:52:16,323 - INFO - Episode 27 finished after 252 timesteps
2023-09-23 13:52:36,990 - INFO - Arrived: 1 Broken: 1 Communication: 0.0
2023-09-23 13:52:36,990 - INFO - Episode 28 seed: 770
2023-09-23 13:52:37,408 - INFO - Episode 28 finished after 235 timesteps
2023-09-23 13:52:59,342 - INFO - Arrived: 1 Broken: 1 Communication: 0.0
2023-09-23 13:52:59,342 - INFO - Episode 29 seed: 162
2023-09-23 13:52:59,814 - INFO - Episode 29 finished after 234 timesteps
2023-09-23 13:53:24,142 - INFO - Arrived: 2 Broken: 0 Communication: 0.0
2023-09-23 13:53:24,142 - INFO - Episode 30 seed: 334
2023-09-23 13:53:24,608 - INFO - Episode 30 finished after 232 timesteps
2023-09-23 13:53:48,848 - INFO - Arrived: 1 Broken: 1 Communication: 0.0
2023-09-23 13:53:48,849 - INFO - Episode 31 seed: 418
2023-09-23 13:53:49,313 - INFO - Episode 31 finished after 237 timesteps
2023-09-23 13:54:13,343 - INFO - Arrived: 1 Broken: 1 Communication: 0.0
2023-09-23 13:54:13,344 - INFO - Episode 32 seed: 172
2023-09-23 13:54:13,548 - INFO - Episode 32 finished after 102 timesteps
2023-09-23 13:54:38,082 - INFO - Arrived: 2 Broken: 0 Communication: 0.0
2023-09-23 13:54:38,082 - INFO - Episode 33 seed: 80
2023-09-23 13:54:38,667 - INFO - Episode 33 finished after 255 timesteps
2023-09-23 13:55:02,694 - INFO - Arrived: 1 Broken: 1 Communication: 0.0
2023-09-23 13:55:02,694 - INFO - Episode 34 seed: 650
2023-09-23 13:55:02,742 - INFO - Episode 34 finished after 24 timesteps
2023-09-23 13:55:27,638 - INFO - Arrived: 2 Broken: 0 Communication: 0.0
2023-09-23 13:55:27,638 - INFO - Episode 35 seed: 655
2023-09-23 13:55:28,115 - INFO - Episode 35 finished after 232 timesteps
2023-09-23 13:55:52,423 - INFO - Arrived: 1 Broken: 1 Communication: 0.0
2023-09-23 13:55:52,423 - INFO - Episode 36 seed: 694
2023-09-23 13:55:52,879 - INFO - Episode 36 finished after 231 timesteps
2023-09-23 13:56:16,896 - INFO - Arrived: 1 Broken: 1 Communication: 0.0
2023-09-23 13:56:16,897 - INFO - Episode 37 seed: 82
2023-09-23 13:56:17,316 - INFO - Episode 37 finished after 207 timesteps
2023-09-23 13:56:41,867 - INFO - Arrived: 2 Broken: 0 Communication: 0.0
2023-09-23 13:56:41,867 - INFO - Episode 38 seed: 245
2023-09-23 13:56:42,156 - INFO - Episode 38 finished after 148 timesteps
2023-09-23 13:57:07,092 - INFO - Arrived: 2 Broken: 0 Communication: 0.0
2023-09-23 13:57:07,092 - INFO - Episode 39 seed: 559
2023-09-23 13:57:07,479 - INFO - Episode 39 finished after 157 timesteps
2023-09-23 13:57:30,910 - INFO - Arrived: 2 Broken: 0 Communication: 0.0
2023-09-23 13:57:30,910 - INFO - Episode 40 seed: 677
2023-09-23 13:57:30,969 - INFO - Episode 40 finished after 38 timesteps
2023-09-23 13:57:52,913 - INFO - Arrived: 2 Broken: 0 Communication: 0.0
2023-09-23 13:57:52,913 - INFO - Episode 41 seed: 898
2023-09-23 13:57:53,380 - INFO - Episode 41 finished after 269 timesteps
2023-09-23 13:58:15,276 - INFO - Arrived: 1 Broken: 1 Communication: 0.0
2023-09-23 13:58:15,276 - INFO - Episode 42 seed: 957
2023-09-23 13:58:15,484 - INFO - Episode 42 finished after 114 timesteps
2023-09-23 13:58:38,229 - INFO - Arrived: 2 Broken: 0 Communication: 0.0
2023-09-23 13:58:38,229 - INFO - Episode 43 seed: 814
2023-09-23 13:58:38,552 - INFO - Episode 43 finished after 183 timesteps
2023-09-23 13:59:00,998 - INFO - Arrived: 2 Broken: 0 Communication: 0.0
2023-09-23 13:59:00,999 - INFO - Episode 44 seed: 846
2023-09-23 13:59:01,052 - INFO - Episode 44 finished after 29 timesteps
2023-09-23 13:59:24,423 - INFO - Arrived: 2 Broken: 0 Communication: 0.0
2023-09-23 13:59:24,423 - INFO - Episode 45 seed: 863
2023-09-23 13:59:24,828 - INFO - Episode 45 finished after 231 timesteps
2023-09-23 13:59:46,421 - INFO - Arrived: 1 Broken: 1 Communication: 0.0
2023-09-23 13:59:46,422 - INFO - Episode 46 seed: 213
2023-09-23 13:59:46,585 - INFO - Episode 46 finished after 92 timesteps
2023-09-23 14:00:09,378 - INFO - Arrived: 2 Broken: 0 Communication: 0.0
2023-09-23 14:00:09,378 - INFO - Episode 47 seed: 554
2023-09-23 14:00:09,496 - INFO - Episode 47 finished after 65 timesteps
2023-09-23 14:00:33,580 - INFO - Arrived: 2 Broken: 0 Communication: 0.0
2023-09-23 14:00:33,580 - INFO - Episode 48 seed: 481
2023-09-23 14:00:33,954 - INFO - Episode 48 finished after 212 timesteps
2023-09-23 14:00:56,792 - INFO - Arrived: 1 Broken: 1 Communication: 0.0
2023-09-23 14:00:56,792 - INFO - Episode 49 seed: 850
2023-09-23 14:00:57,246 - INFO - Episode 49 finished after 254 timesteps
2023-09-23 14:01:20,372 - INFO - Arrived: 1 Broken: 1 Communication: 0.0
2023-09-23 14:01:20,372 - INFO - Episode 50 seed: 115
2023-09-23 14:01:20,778 - INFO - Episode 50 finished after 243 timesteps
2023-09-23 14:01:44,172 - INFO - Arrived: 0 Broken: 2 Communication: 0.0
2023-09-23 14:01:44,172 - INFO - Episode 51 seed: 141
2023-09-23 14:01:44,376 - INFO - Episode 51 finished after 109 timesteps
2023-09-23 14:02:07,905 - INFO - Arrived: 2 Broken: 0 Communication: 0.0
2023-09-23 14:02:07,905 - INFO - Episode 52 seed: 153
2023-09-23 14:02:08,059 - INFO - Episode 52 finished after 80 timesteps
2023-09-23 14:02:31,990 - INFO - Arrived: 2 Broken: 0 Communication: 0.0
2023-09-23 14:02:31,990 - INFO - Episode 53 seed: 982
2023-09-23 14:02:32,061 - INFO - Episode 53 finished after 36 timesteps
2023-09-23 14:02:55,754 - INFO - Arrived: 2 Broken: 0 Communication: 0.0
2023-09-23 14:02:55,754 - INFO - Episode 54 seed: 907
2023-09-23 14:02:56,113 - INFO - Episode 54 finished after 167 timesteps
2023-09-23 14:03:21,149 - INFO - Arrived: 1 Broken: 1 Communication: 0.0
2023-09-23 14:03:21,150 - INFO - Episode 55 seed: 178
2023-09-23 14:03:21,254 - INFO - Episode 55 finished after 48 timesteps
2023-09-23 14:03:46,137 - INFO - Arrived: 2 Broken: 0 Communication: 0.0
2023-09-23 14:03:46,137 - INFO - Episode 56 seed: 843
2023-09-23 14:03:46,358 - INFO - Episode 56 finished after 129 timesteps
2023-09-23 14:04:09,556 - INFO - Arrived: 2 Broken: 0 Communication: 0.0
2023-09-23 14:04:09,556 - INFO - Episode 57 seed: 298
2023-09-23 14:04:09,602 - INFO - Episode 57 finished after 26 timesteps
2023-09-23 14:04:32,130 - INFO - Arrived: 2 Broken: 0 Communication: 0.0
2023-09-23 14:04:32,130 - INFO - Episode 58 seed: 377
2023-09-23 14:04:32,318 - INFO - Episode 58 finished after 107 timesteps
2023-09-23 14:04:56,419 - INFO - Arrived: 2 Broken: 0 Communication: 0.0
2023-09-23 14:04:56,419 - INFO - Episode 59 seed: 574
2023-09-23 14:04:56,675 - INFO - Episode 59 finished after 144 timesteps
2023-09-23 14:05:21,221 - INFO - Arrived: 2 Broken: 0 Communication: 0.0
2023-09-23 14:05:21,221 - INFO - Episode 60 seed: 905
2023-09-23 14:05:21,255 - INFO - Episode 60 finished after 16 timesteps
2023-09-23 14:05:46,480 - INFO - Arrived: 2 Broken: 0 Communication: 0.0
2023-09-23 14:05:46,480 - INFO - Episode 61 seed: 554
2023-09-23 14:05:46,833 - INFO - Episode 61 finished after 181 timesteps
2023-09-23 14:06:12,023 - INFO - Arrived: 2 Broken: 0 Communication: 0.0
2023-09-23 14:06:12,023 - INFO - Episode 62 seed: 613
2023-09-23 14:06:12,151 - INFO - Episode 62 finished after 69 timesteps
2023-09-23 14:06:35,697 - INFO - Arrived: 2 Broken: 0 Communication: 0.0
2023-09-23 14:06:35,698 - INFO - Episode 63 seed: 236
2023-09-23 14:06:36,117 - INFO - Episode 63 finished after 237 timesteps
2023-09-23 14:06:59,727 - INFO - Arrived: 0 Broken: 2 Communication: 0.0
2023-09-23 14:06:59,727 - INFO - Episode 64 seed: 298
2023-09-23 14:07:00,180 - INFO - Episode 64 finished after 255 timesteps
2023-09-23 14:07:23,902 - INFO - Arrived: 1 Broken: 1 Communication: 0.0
2023-09-23 14:07:23,903 - INFO - Episode 65 seed: 428
2023-09-23 14:07:24,334 - INFO - Episode 65 finished after 248 timesteps
2023-09-23 14:07:48,030 - INFO - Arrived: 1 Broken: 1 Communication: 0.0
2023-09-23 14:07:48,031 - INFO - Episode 66 seed: 63
2023-09-23 14:07:48,163 - INFO - Episode 66 finished after 73 timesteps
2023-09-23 14:08:13,112 - INFO - Arrived: 2 Broken: 0 Communication: 0.0
2023-09-23 14:08:13,112 - INFO - Episode 67 seed: 959
2023-09-23 14:08:13,413 - INFO - Episode 67 finished after 167 timesteps
2023-09-23 14:08:39,242 - INFO - Arrived: 2 Broken: 0 Communication: 0.0
2023-09-23 14:08:39,243 - INFO - Episode 68 seed: 807
2023-09-23 14:08:39,665 - INFO - Episode 68 finished after 204 timesteps
2023-09-23 14:09:06,471 - INFO - Arrived: 2 Broken: 0 Communication: 0.0
2023-09-23 14:09:06,471 - INFO - Episode 69 seed: 638
2023-09-23 14:09:06,809 - INFO - Episode 69 finished after 157 timesteps
2023-09-23 14:09:32,704 - INFO - Arrived: 2 Broken: 0 Communication: 0.0
2023-09-23 14:09:32,704 - INFO - Episode 70 seed: 54
2023-09-23 14:09:33,227 - INFO - Episode 70 finished after 251 timesteps
2023-09-23 14:09:57,970 - INFO - Arrived: 1 Broken: 1 Communication: 0.0
2023-09-23 14:09:57,971 - INFO - Episode 71 seed: 976
2023-09-23 14:09:58,229 - INFO - Episode 71 finished after 147 timesteps
2023-09-23 14:10:22,081 - INFO - Arrived: 2 Broken: 0 Communication: 0.0
2023-09-23 14:10:22,081 - INFO - Episode 72 seed: 492
2023-09-23 14:10:22,364 - INFO - Episode 72 finished after 151 timesteps
2023-09-23 14:10:44,191 - INFO - Arrived: 2 Broken: 0 Communication: 0.0
2023-09-23 14:10:44,192 - INFO - Episode 73 seed: 572
2023-09-23 14:10:44,649 - INFO - Episode 73 finished after 254 timesteps
2023-09-23 14:11:06,552 - INFO - Arrived: 1 Broken: 1 Communication: 0.0
2023-09-23 14:11:06,552 - INFO - Episode 74 seed: 188
2023-09-23 14:11:07,003 - INFO - Episode 74 finished after 246 timesteps
2023-09-23 14:11:30,282 - INFO - Arrived: 1 Broken: 1 Communication: 0.0
2023-09-23 14:11:30,282 - INFO - Episode 75 seed: 814
2023-09-23 14:11:30,799 - INFO - Episode 75 finished after 261 timesteps
2023-09-23 14:11:54,904 - INFO - Arrived: 1 Broken: 1 Communication: 0.0
2023-09-23 14:11:54,905 - INFO - Episode 76 seed: 622
2023-09-23 14:11:55,198 - INFO - Episode 76 finished after 248 timesteps
2023-09-23 14:12:17,958 - INFO - Arrived: 1 Broken: 1 Communication: 0.0
2023-09-23 14:12:17,959 - INFO - Episode 77 seed: 113
2023-09-23 14:12:18,380 - INFO - Episode 77 finished after 229 timesteps
2023-09-23 14:12:43,001 - INFO - Arrived: 1 Broken: 1 Communication: 0.0
2023-09-23 14:12:43,001 - INFO - Episode 78 seed: 910
2023-09-23 14:12:43,592 - INFO - Episode 78 finished after 269 timesteps
2023-09-23 14:13:04,723 - INFO - Arrived: 1 Broken: 1 Communication: 0.0
2023-09-23 14:13:04,724 - INFO - Episode 79 seed: 606
2023-09-23 14:13:05,142 - INFO - Episode 79 finished after 235 timesteps
2023-09-23 14:13:27,630 - INFO - Arrived: 1 Broken: 1 Communication: 0.0
2023-09-23 14:13:27,630 - INFO - Episode 80 seed: 630
2023-09-23 14:13:27,987 - INFO - Episode 80 finished after 150 timesteps
2023-09-23 14:13:51,944 - INFO - Arrived: 2 Broken: 0 Communication: 0.0
2023-09-23 14:13:51,945 - INFO - Episode 81 seed: 271
2023-09-23 14:13:52,502 - INFO - Episode 81 finished after 248 timesteps
2023-09-23 14:14:15,701 - INFO - Arrived: 0 Broken: 2 Communication: 0.0
2023-09-23 14:14:15,701 - INFO - Episode 82 seed: 859
2023-09-23 14:14:16,187 - INFO - Episode 82 finished after 266 timesteps
2023-09-23 14:14:40,125 - INFO - Arrived: 0 Broken: 2 Communication: 0.0
2023-09-23 14:14:40,125 - INFO - Episode 83 seed: 619
2023-09-23 14:14:40,599 - INFO - Episode 83 finished after 251 timesteps
2023-09-23 14:15:03,390 - INFO - Arrived: 1 Broken: 1 Communication: 0.0
2023-09-23 14:15:03,390 - INFO - Episode 84 seed: 954
2023-09-23 14:15:03,867 - INFO - Episode 84 finished after 249 timesteps
2023-09-23 14:15:26,758 - INFO - Arrived: 1 Broken: 1 Communication: 0.0
2023-09-23 14:15:26,759 - INFO - Episode 85 seed: 126
2023-09-23 14:15:27,230 - INFO - Episode 85 finished after 249 timesteps
2023-09-23 14:15:49,164 - INFO - Arrived: 1 Broken: 1 Communication: 0.0
2023-09-23 14:15:49,164 - INFO - Episode 86 seed: 186
2023-09-23 14:15:49,651 - INFO - Episode 86 finished after 249 timesteps
2023-09-23 14:16:12,764 - INFO - Arrived: 0 Broken: 2 Communication: 0.0
2023-09-23 14:16:12,764 - INFO - Episode 87 seed: 778
2023-09-23 14:16:13,338 - INFO - Episode 87 finished after 245 timesteps
2023-09-23 14:16:35,059 - INFO - Arrived: 1 Broken: 1 Communication: 0.0
2023-09-23 14:16:35,060 - INFO - Episode 88 seed: 743
2023-09-23 14:16:35,509 - INFO - Episode 88 finished after 255 timesteps
2023-09-23 14:16:56,977 - INFO - Arrived: 0 Broken: 2 Communication: 0.0
2023-09-23 14:16:56,977 - INFO - Episode 89 seed: 545
2023-09-23 14:16:57,436 - INFO - Episode 89 finished after 259 timesteps
2023-09-23 14:17:19,431 - INFO - Arrived: 0 Broken: 2 Communication: 0.0
2023-09-23 14:17:19,432 - INFO - Episode 90 seed: 711
2023-09-23 14:17:19,884 - INFO - Episode 90 finished after 238 timesteps
2023-09-23 14:17:41,690 - INFO - Arrived: 1 Broken: 1 Communication: 0.0
2023-09-23 14:17:41,690 - INFO - Episode 91 seed: 472
2023-09-23 14:17:42,252 - INFO - Episode 91 finished after 244 timesteps
2023-09-23 14:18:05,460 - INFO - Arrived: 1 Broken: 1 Communication: 0.0
2023-09-23 14:18:05,461 - INFO - Episode 92 seed: 800
2023-09-23 14:18:05,945 - INFO - Episode 92 finished after 251 timesteps
2023-09-23 14:18:28,042 - INFO - Arrived: 1 Broken: 1 Communication: 0.0
2023-09-23 14:18:28,042 - INFO - Episode 93 seed: 178
2023-09-23 14:18:28,269 - INFO - Episode 93 finished after 106 timesteps
2023-09-23 14:18:49,489 - INFO - Arrived: 2 Broken: 0 Communication: 0.0
2023-09-23 14:18:49,489 - INFO - Episode 94 seed: 484
2023-09-23 14:18:49,877 - INFO - Episode 94 finished after 227 timesteps
2023-09-23 14:19:12,184 - INFO - Arrived: 1 Broken: 1 Communication: 0.0
2023-09-23 14:19:12,184 - INFO - Episode 95 seed: 312
2023-09-23 14:19:12,681 - INFO - Episode 95 finished after 239 timesteps
2023-09-23 14:19:35,089 - INFO - Arrived: 1 Broken: 1 Communication: 0.0
2023-09-23 14:19:35,089 - INFO - Episode 96 seed: 972
2023-09-23 14:19:35,569 - INFO - Episode 96 finished after 235 timesteps
2023-09-23 14:19:55,884 - INFO - Arrived: 1 Broken: 1 Communication: 0.0
2023-09-23 14:19:55,884 - INFO - Episode 97 seed: 166
2023-09-23 14:19:56,176 - INFO - Episode 97 finished after 240 timesteps
2023-09-23 14:20:16,298 - INFO - Arrived: 1 Broken: 1 Communication: 0.0
2023-09-23 14:20:16,298 - INFO - Episode 98 seed: 934
2023-09-23 14:20:16,668 - INFO - Episode 98 finished after 240 timesteps
2023-09-23 14:20:37,991 - INFO - Arrived: 1 Broken: 1 Communication: 0.0
2023-09-23 14:20:37,991 - INFO - Episode 99 seed: 455
2023-09-23 14:20:38,376 - INFO - Episode 99 finished after 243 timesteps
2023-09-23 14:20:59,346 - INFO - Arrived: 1 Broken: 1 Communication: 0.0
2023-09-23 14:20:59,347 - INFO - Episode 100 seed: 791
2023-09-23 14:20:59,384 - INFO - Episode 100 finished after 21 timesteps
2023-09-23 14:21:21,012 - INFO - Arrived: 2 Broken: 0 Communication: 0.0
2023-09-23 14:21:21,013 - INFO - Episode 101 seed: 750
2023-09-23 14:21:21,208 - INFO - Episode 101 finished after 90 timesteps
2023-09-23 14:21:42,367 - INFO - Arrived: 2 Broken: 0 Communication: 0.0
2023-09-23 14:21:42,367 - INFO - Episode 102 seed: 790
2023-09-23 14:21:42,572 - INFO - Episode 102 finished after 119 timesteps
2023-09-23 14:22:04,099 - INFO - Arrived: 2 Broken: 0 Communication: 0.0
2023-09-23 14:22:04,100 - INFO - Episode 103 seed: 807
2023-09-23 14:22:04,310 - INFO - Episode 103 finished after 116 timesteps
2023-09-23 14:22:25,041 - INFO - Arrived: 2 Broken: 0 Communication: 0.0
2023-09-23 14:22:25,041 - INFO - Episode 104 seed: 715
2023-09-23 14:22:25,448 - INFO - Episode 104 finished after 236 timesteps
2023-09-23 14:22:45,996 - INFO - Arrived: 2 Broken: 0 Communication: 0.0
2023-09-23 14:22:45,996 - INFO - Episode 105 seed: 802
2023-09-23 14:22:46,128 - INFO - Episode 105 finished after 74 timesteps
2023-09-23 14:23:08,372 - INFO - Arrived: 2 Broken: 0 Communication: 0.0
2023-09-23 14:23:08,372 - INFO - Episode 106 seed: 747
2023-09-23 14:23:08,862 - INFO - Episode 106 finished after 240 timesteps
2023-09-23 14:23:29,264 - INFO - Arrived: 0 Broken: 2 Communication: 0.0
2023-09-23 14:23:29,264 - INFO - Episode 107 seed: 722
2023-09-23 14:23:29,704 - INFO - Episode 107 finished after 249 timesteps
2023-09-23 14:23:50,481 - INFO - Arrived: 0 Broken: 2 Communication: 0.0
2023-09-23 14:23:50,481 - INFO - Episode 108 seed: 783
2023-09-23 14:23:50,903 - INFO - Episode 108 finished after 234 timesteps
2023-09-23 14:24:11,089 - INFO - Arrived: 1 Broken: 1 Communication: 0.0
2023-09-23 14:24:11,089 - INFO - Episode 109 seed: 492
2023-09-23 14:24:11,532 - INFO - Episode 109 finished after 253 timesteps
2023-09-23 14:24:32,367 - INFO - Arrived: 1 Broken: 1 Communication: 0.0
2023-09-23 14:24:32,367 - INFO - Episode 110 seed: 485
2023-09-23 14:24:32,795 - INFO - Episode 110 finished after 245 timesteps
2023-09-23 14:24:53,354 - INFO - Arrived: 1 Broken: 1 Communication: 0.0
2023-09-23 14:24:53,355 - INFO - Episode 111 seed: 920
2023-09-23 14:24:53,506 - INFO - Episode 111 finished after 83 timesteps
2023-09-23 14:25:14,735 - INFO - Arrived: 2 Broken: 0 Communication: 0.0
2023-09-23 14:25:14,735 - INFO - Episode 112 seed: 199
2023-09-23 14:25:15,197 - INFO - Episode 112 finished after 254 timesteps
2023-09-23 14:25:36,488 - INFO - Arrived: 1 Broken: 1 Communication: 0.0
2023-09-23 14:25:36,488 - INFO - Episode 113 seed: 460
2023-09-23 14:25:36,910 - INFO - Episode 113 finished after 240 timesteps
2023-09-23 14:25:58,125 - INFO - Arrived: 1 Broken: 1 Communication: 0.0
2023-09-23 14:25:58,126 - INFO - Episode 114 seed: 816
2023-09-23 14:25:58,500 - INFO - Episode 114 finished after 209 timesteps
2023-09-23 14:26:17,940 - INFO - Arrived: 2 Broken: 0 Communication: 0.0
2023-09-23 14:26:17,940 - INFO - Episode 115 seed: 747
2023-09-23 14:26:18,260 - INFO - Episode 115 finished after 186 timesteps
2023-09-23 14:26:37,461 - INFO - Arrived: 2 Broken: 0 Communication: 0.0
2023-09-23 14:26:37,461 - INFO - Episode 116 seed: 347
2023-09-23 14:26:37,588 - INFO - Episode 116 finished after 68 timesteps
2023-09-23 14:26:58,387 - INFO - Arrived: 2 Broken: 0 Communication: 0.0
2023-09-23 14:26:58,387 - INFO - Episode 117 seed: 388
2023-09-23 14:26:58,559 - INFO - Episode 117 finished after 102 timesteps
2023-09-23 14:27:18,727 - INFO - Arrived: 2 Broken: 0 Communication: 0.0
2023-09-23 14:27:18,727 - INFO - Episode 118 seed: 606
2023-09-23 14:27:19,193 - INFO - Episode 118 finished after 257 timesteps
2023-09-23 14:27:38,953 - INFO - Arrived: 1 Broken: 1 Communication: 0.0
2023-09-23 14:27:38,953 - INFO - Episode 119 seed: 923
2023-09-23 14:27:39,516 - INFO - Episode 119 finished after 258 timesteps
2023-09-23 14:27:59,309 - INFO - Arrived: 1 Broken: 1 Communication: 0.0
2023-09-23 14:27:59,309 - INFO - Episode 120 seed: 55
2023-09-23 14:27:59,416 - INFO - Episode 120 finished after 57 timesteps
2023-09-23 14:28:19,074 - INFO - Arrived: 2 Broken: 0 Communication: 0.0
2023-09-23 14:28:19,075 - INFO - Episode 121 seed: 480
2023-09-23 14:28:19,515 - INFO - Episode 121 finished after 249 timesteps
2023-09-23 14:28:39,219 - INFO - Arrived: 1 Broken: 1 Communication: 0.0
2023-09-23 14:28:39,220 - INFO - Episode 122 seed: 68
2023-09-23 14:28:39,584 - INFO - Episode 122 finished after 234 timesteps
2023-09-23 14:29:00,779 - INFO - Arrived: 1 Broken: 1 Communication: 0.0
2023-09-23 14:29:00,779 - INFO - Episode 123 seed: 731
2023-09-23 14:29:01,253 - INFO - Episode 123 finished after 246 timesteps
2023-09-23 14:29:23,118 - INFO - Arrived: 0 Broken: 2 Communication: 0.0
2023-09-23 14:29:23,118 - INFO - Episode 124 seed: 880
2023-09-23 14:29:23,563 - INFO - Episode 124 finished after 212 timesteps
2023-09-23 14:29:45,785 - INFO - Arrived: 2 Broken: 0 Communication: 0.0
2023-09-23 14:29:45,785 - INFO - Episode 125 seed: 581
2023-09-23 14:29:46,227 - INFO - Episode 125 finished after 247 timesteps
2023-09-23 14:30:07,276 - INFO - Arrived: 1 Broken: 1 Communication: 0.0
2023-09-23 14:30:07,276 - INFO - Episode 126 seed: 303
2023-09-23 14:30:07,715 - INFO - Episode 126 finished after 253 timesteps
2023-09-23 14:30:28,347 - INFO - Arrived: 1 Broken: 1 Communication: 0.0
2023-09-23 14:30:28,348 - INFO - Episode 127 seed: 14
2023-09-23 14:30:28,855 - INFO - Episode 127 finished after 237 timesteps
2023-09-23 14:30:49,482 - INFO - Arrived: 0 Broken: 2 Communication: 0.0
2023-09-23 14:30:49,483 - INFO - Episode 128 seed: 724
2023-09-23 14:30:49,900 - INFO - Episode 128 finished after 237 timesteps
2023-09-23 14:31:11,195 - INFO - Arrived: 1 Broken: 1 Communication: 0.0
2023-09-23 14:31:11,195 - INFO - Episode 129 seed: 58
2023-09-23 14:31:11,722 - INFO - Episode 129 finished after 296 timesteps
2023-09-23 14:31:37,023 - INFO - Arrived: 0 Broken: 2 Communication: 0.0
2023-09-23 14:31:37,023 - INFO - Episode 130 seed: 633
2023-09-23 14:31:37,476 - INFO - Episode 130 finished after 255 timesteps
2023-09-23 14:32:01,445 - INFO - Arrived: 1 Broken: 1 Communication: 0.0
2023-09-23 14:32:01,446 - INFO - Episode 131 seed: 129
2023-09-23 14:32:01,908 - INFO - Episode 131 finished after 257 timesteps
2023-09-23 14:32:26,157 - INFO - Arrived: 1 Broken: 1 Communication: 0.0
2023-09-23 14:32:26,157 - INFO - Episode 132 seed: 342
2023-09-23 14:32:26,291 - INFO - Episode 132 finished after 72 timesteps
2023-09-23 14:32:50,740 - INFO - Arrived: 2 Broken: 0 Communication: 0.0
2023-09-23 14:32:50,741 - INFO - Episode 133 seed: 124
2023-09-23 14:32:51,179 - INFO - Episode 133 finished after 239 timesteps
2023-09-23 14:33:15,770 - INFO - Arrived: 1 Broken: 1 Communication: 0.0
2023-09-23 14:33:15,771 - INFO - Episode 134 seed: 447
2023-09-23 14:33:15,919 - INFO - Episode 134 finished after 86 timesteps
2023-09-23 14:33:40,886 - INFO - Arrived: 2 Broken: 0 Communication: 0.0
2023-09-23 14:33:40,886 - INFO - Episode 135 seed: 130
2023-09-23 14:33:41,325 - INFO - Episode 135 finished after 248 timesteps
2023-09-23 14:34:01,855 - INFO - Arrived: 1 Broken: 1 Communication: 0.0
2023-09-23 14:34:01,856 - INFO - Episode 136 seed: 173
2023-09-23 14:34:01,992 - INFO - Episode 136 finished after 116 timesteps
2023-09-23 14:34:24,953 - INFO - Arrived: 2 Broken: 0 Communication: 0.0
2023-09-23 14:34:24,953 - INFO - Episode 137 seed: 659
2023-09-23 14:34:25,480 - INFO - Episode 137 finished after 241 timesteps
2023-09-23 14:34:46,130 - INFO - Arrived: 1 Broken: 1 Communication: 0.0
2023-09-23 14:34:46,130 - INFO - Episode 138 seed: 245
2023-09-23 14:34:46,649 - INFO - Episode 138 finished after 258 timesteps
2023-09-23 14:35:07,666 - INFO - Arrived: 1 Broken: 1 Communication: 0.0
2023-09-23 14:35:07,667 - INFO - Episode 139 seed: 190
2023-09-23 14:35:07,828 - INFO - Episode 139 finished after 91 timesteps
2023-09-23 14:35:32,492 - INFO - Arrived: 2 Broken: 0 Communication: 0.0
2023-09-23 14:35:32,492 - INFO - Episode 140 seed: 782
2023-09-23 14:35:32,839 - INFO - Episode 140 finished after 149 timesteps
2023-09-23 14:35:58,033 - INFO - Arrived: 2 Broken: 0 Communication: 0.0
2023-09-23 14:35:58,033 - INFO - Episode 141 seed: 273
2023-09-23 14:35:58,404 - INFO - Episode 141 finished after 220 timesteps
2023-09-23 14:36:23,458 - INFO - Arrived: 2 Broken: 0 Communication: 0.0
2023-09-23 14:36:23,458 - INFO - Episode 142 seed: 58
2023-09-23 14:36:23,932 - INFO - Episode 142 finished after 253 timesteps
2023-09-23 14:36:48,341 - INFO - Arrived: 2 Broken: 0 Communication: 0.0
2023-09-23 14:36:48,342 - INFO - Episode 143 seed: 956
2023-09-23 14:36:48,489 - INFO - Episode 143 finished after 81 timesteps
2023-09-23 14:37:14,944 - INFO - Arrived: 2 Broken: 0 Communication: 0.0
2023-09-23 14:37:14,945 - INFO - Episode 144 seed: 630
2023-09-23 14:37:15,455 - INFO - Episode 144 finished after 252 timesteps
2023-09-23 14:37:40,211 - INFO - Arrived: 1 Broken: 1 Communication: 0.0
2023-09-23 14:37:40,211 - INFO - Episode 145 seed: 579
2023-09-23 14:37:40,490 - INFO - Episode 145 finished after 137 timesteps
2023-09-23 14:38:07,337 - INFO - Arrived: 2 Broken: 0 Communication: 0.0
2023-09-23 14:38:07,337 - INFO - Episode 146 seed: 725
2023-09-23 14:38:07,468 - INFO - Episode 146 finished after 70 timesteps
2023-09-23 14:38:32,087 - INFO - Arrived: 2 Broken: 0 Communication: 0.0
2023-09-23 14:38:32,087 - INFO - Episode 147 seed: 70
2023-09-23 14:38:32,512 - INFO - Episode 147 finished after 215 timesteps
2023-09-23 14:38:57,271 - INFO - Arrived: 1 Broken: 1 Communication: 0.0
2023-09-23 14:38:57,271 - INFO - Episode 148 seed: 11
2023-09-23 14:38:57,506 - INFO - Episode 148 finished after 128 timesteps
2023-09-23 14:39:23,418 - INFO - Arrived: 2 Broken: 0 Communication: 0.0
2023-09-23 14:39:23,418 - INFO - Episode 149 seed: 782
2023-09-23 14:39:23,797 - INFO - Episode 149 finished after 270 timesteps
2023-09-23 14:39:49,273 - INFO - Arrived: 1 Broken: 1 Communication: 0.0
2023-09-23 14:39:49,273 - INFO - Episode 150 seed: 886
2023-09-23 14:39:49,729 - INFO - Episode 150 finished after 250 timesteps
2023-09-23 14:40:15,295 - INFO - Arrived: 1 Broken: 1 Communication: 0.0
2023-09-23 14:40:15,295 - INFO - Episode 151 seed: 727
2023-09-23 14:40:15,728 - INFO - Episode 151 finished after 212 timesteps
2023-09-23 14:40:43,544 - INFO - Arrived: 1 Broken: 1 Communication: 0.0
2023-09-23 14:40:43,544 - INFO - Episode 152 seed: 924
2023-09-23 14:40:43,724 - INFO - Episode 152 finished after 96 timesteps
2023-09-23 14:41:10,208 - INFO - Arrived: 2 Broken: 0 Communication: 0.0
2023-09-23 14:41:10,209 - INFO - Episode 153 seed: 506
2023-09-23 14:41:10,245 - INFO - Episode 153 finished after 20 timesteps
2023-09-23 14:41:32,594 - INFO - Arrived: 2 Broken: 0 Communication: 0.0
2023-09-23 14:41:32,594 - INFO - Episode 154 seed: 124
2023-09-23 14:41:32,912 - INFO - Episode 154 finished after 180 timesteps
2023-09-23 14:41:57,851 - INFO - Arrived: 2 Broken: 0 Communication: 0.0
2023-09-23 14:41:57,851 - INFO - Episode 155 seed: 531
2023-09-23 14:41:58,224 - INFO - Episode 155 finished after 209 timesteps
2023-09-23 14:42:22,595 - INFO - Arrived: 1 Broken: 1 Communication: 0.0
2023-09-23 14:42:22,596 - INFO - Episode 156 seed: 838
2023-09-23 14:42:22,680 - INFO - Episode 156 finished after 45 timesteps
2023-09-23 14:42:49,425 - INFO - Arrived: 2 Broken: 0 Communication: 0.0
2023-09-23 14:42:49,425 - INFO - Episode 157 seed: 462
2023-09-23 14:42:49,515 - INFO - Episode 157 finished after 50 timesteps
2023-09-23 14:43:12,690 - INFO - Arrived: 2 Broken: 0 Communication: 0.0
2023-09-23 14:43:12,690 - INFO - Episode 158 seed: 484
2023-09-23 14:43:12,771 - INFO - Episode 158 finished after 43 timesteps
2023-09-23 14:43:36,166 - INFO - Arrived: 2 Broken: 0 Communication: 0.0
2023-09-23 14:43:36,166 - INFO - Episode 159 seed: 73
2023-09-23 14:43:36,528 - INFO - Episode 159 finished after 199 timesteps
2023-09-23 14:44:02,674 - INFO - Arrived: 1 Broken: 1 Communication: 0.0
2023-09-23 14:44:02,675 - INFO - Episode 160 seed: 301
2023-09-23 14:44:02,957 - INFO - Episode 160 finished after 130 timesteps
2023-09-23 14:44:26,152 - INFO - Arrived: 2 Broken: 0 Communication: 0.0
2023-09-23 14:44:26,152 - INFO - Episode 161 seed: 421
2023-09-23 14:44:26,542 - INFO - Episode 161 finished after 216 timesteps
2023-09-23 14:44:48,077 - INFO - Arrived: 2 Broken: 0 Communication: 0.0
2023-09-23 14:44:48,077 - INFO - Episode 162 seed: 325
2023-09-23 14:44:48,454 - INFO - Episode 162 finished after 230 timesteps
2023-09-23 14:45:15,414 - INFO - Arrived: 0 Broken: 2 Communication: 0.0
2023-09-23 14:45:15,414 - INFO - Episode 163 seed: 981
2023-09-23 14:45:15,463 - INFO - Episode 163 finished after 21 timesteps
2023-09-23 14:45:41,698 - INFO - Arrived: 2 Broken: 0 Communication: 0.0
2023-09-23 14:45:41,698 - INFO - Episode 164 seed: 947
2023-09-23 14:45:42,105 - INFO - Episode 164 finished after 192 timesteps
2023-09-23 14:46:06,093 - INFO - Arrived: 1 Broken: 1 Communication: 0.0
2023-09-23 14:46:06,093 - INFO - Episode 165 seed: 210
2023-09-23 14:46:06,370 - INFO - Episode 165 finished after 136 timesteps
2023-09-23 14:46:31,967 - INFO - Arrived: 2 Broken: 0 Communication: 0.0
2023-09-23 14:46:31,967 - INFO - Episode 166 seed: 104
2023-09-23 14:46:32,134 - INFO - Episode 166 finished after 98 timesteps
2023-09-23 14:46:55,863 - INFO - Arrived: 2 Broken: 0 Communication: 0.0
2023-09-23 14:46:55,863 - INFO - Episode 167 seed: 77
2023-09-23 14:46:56,155 - INFO - Episode 167 finished after 161 timesteps
2023-09-23 14:47:20,769 - INFO - Arrived: 1 Broken: 1 Communication: 0.0
2023-09-23 14:47:20,769 - INFO - Episode 168 seed: 766
2023-09-23 14:47:21,184 - INFO - Episode 168 finished after 223 timesteps
2023-09-23 14:47:46,879 - INFO - Arrived: 1 Broken: 1 Communication: 0.0
2023-09-23 14:47:46,879 - INFO - Episode 169 seed: 561
2023-09-23 14:47:46,919 - INFO - Episode 169 finished after 17 timesteps
2023-09-23 14:48:11,548 - INFO - Arrived: 2 Broken: 0 Communication: 0.0
2023-09-23 14:48:11,548 - INFO - Episode 170 seed: 678
2023-09-23 14:48:11,596 - INFO - Episode 170 finished after 23 timesteps
2023-09-23 14:48:36,787 - INFO - Arrived: 2 Broken: 0 Communication: 0.0
2023-09-23 14:48:36,787 - INFO - Episode 171 seed: 31
2023-09-23 14:48:37,203 - INFO - Episode 171 finished after 219 timesteps
2023-09-23 14:49:01,765 - INFO - Arrived: 1 Broken: 1 Communication: 0.0
2023-09-23 14:49:01,765 - INFO - Episode 172 seed: 488
2023-09-23 14:49:02,168 - INFO - Episode 172 finished after 217 timesteps
2023-09-23 14:49:30,350 - INFO - Arrived: 1 Broken: 1 Communication: 0.0
2023-09-23 14:49:30,350 - INFO - Episode 173 seed: 668
2023-09-23 14:49:30,935 - INFO - Episode 173 finished after 195 timesteps
