2023-09-20 16:32:25,859 - INFO - 

learning_rate:0.001
gamma:0.8
tau:0.01
hsRNN:64
hsMixing:64
hsHyper:64
replace_cycle:500
agent_num:2
obs_size:20
msg_size:27
com_size:32
com_mode:3
state_size:40
action_size:6
q_mode:0
epoch:1
buffer_size:32
batch_size:16
seq_len:100
episode:3000
timestep:300
view_range:1
report_cycle:1
comm_cycle:1
row:8
col:8
height:3
risklevel:0.15
AoI_limit:3

2023-09-20 16:32:26,962 - INFO - 
Map size: 8 * 8 * 3 
At height 1 
[2, 3] [4, 4] [5, 4] [4, 0] is dangerous
At height 2 
[4, 5] [4, 1] [5, 7] [2, 6] is dangerous
UAVs are at:
[3, 5, 1] [3, 3, 1] 
Dest are at:
[0, 7] [7, 0] 
2023-09-20 16:32:26,976 - INFO - Episode 0 seed: 869
2023-09-20 16:32:36,495 - INFO - Arrived: 0 Broken: 0 Communication: 0.0
2023-09-20 16:32:36,499 - INFO - Episode 1 seed: 764
2023-09-20 16:32:45,607 - INFO - Arrived: 0 Broken: 0 Communication: 0.0
2023-09-20 16:32:45,608 - INFO - Episode 2 seed: 11
2023-09-20 16:32:54,989 - INFO - Arrived: 1 Broken: 0 Communication: 0.0
2023-09-20 16:32:54,989 - INFO - Episode 3 seed: 152
2023-09-20 16:33:04,291 - INFO - Arrived: 1 Broken: 0 Communication: 0.0
2023-09-20 16:33:04,292 - INFO - Episode 4 seed: 899
2023-09-20 16:33:13,518 - INFO - Arrived: 0 Broken: 0 Communication: 0.0
2023-09-20 16:33:13,518 - INFO - Episode 5 seed: 591
2023-09-20 16:33:22,336 - INFO - Arrived: 1 Broken: 0 Communication: 0.0
2023-09-20 16:33:22,336 - INFO - Episode 6 seed: 437
2023-09-20 16:33:31,228 - INFO - Arrived: 0 Broken: 0 Communication: 0.0
2023-09-20 16:33:31,228 - INFO - Episode 7 seed: 754
2023-09-20 16:33:39,446 - INFO - Arrived: 0 Broken: 0 Communication: 0.0
2023-09-20 16:33:39,447 - INFO - Episode 8 seed: 491
2023-09-20 16:33:47,640 - INFO - Arrived: 0 Broken: 1 Communication: 0.0
2023-09-20 16:33:47,640 - INFO - Episode 9 seed: 842
2023-09-20 16:33:56,031 - INFO - Arrived: 1 Broken: 0 Communication: 0.0
2023-09-20 16:33:56,031 - INFO - Episode 10 seed: 741
2023-09-20 16:34:04,604 - INFO - Arrived: 0 Broken: 0 Communication: 0.0
2023-09-20 16:34:04,604 - INFO - Episode 11 seed: 446
2023-09-20 16:34:13,164 - INFO - Arrived: 0 Broken: 0 Communication: 0.0
2023-09-20 16:34:13,165 - INFO - Episode 12 seed: 576
2023-09-20 16:34:21,539 - INFO - Arrived: 0 Broken: 0 Communication: 0.0
2023-09-20 16:34:21,540 - INFO - Episode 13 seed: 907
2023-09-20 16:34:29,997 - INFO - Arrived: 0 Broken: 0 Communication: 0.0
2023-09-20 16:34:29,997 - INFO - Episode 14 seed: 614
2023-09-20 16:34:38,463 - INFO - Arrived: 0 Broken: 0 Communication: 0.0
2023-09-20 16:34:38,463 - INFO - Episode 15 seed: 841
2023-09-20 16:34:47,149 - INFO - Arrived: 0 Broken: 0 Communication: 0.0
2023-09-20 16:34:47,149 - INFO - Episode 16 seed: 41
2023-09-20 16:34:55,807 - INFO - Arrived: 0 Broken: 0 Communication: 0.0
2023-09-20 16:34:55,807 - INFO - Episode 17 seed: 347
2023-09-20 16:35:04,367 - INFO - Arrived: 0 Broken: 0 Communication: 0.0
2023-09-20 16:35:04,367 - INFO - Episode 18 seed: 940
2023-09-20 16:35:12,841 - INFO - Arrived: 0 Broken: 1 Communication: 0.0
2023-09-20 16:35:12,841 - INFO - Episode 19 seed: 332
2023-09-20 16:35:21,410 - INFO - Arrived: 0 Broken: 0 Communication: 0.0
2023-09-20 16:35:21,410 - INFO - Episode 20 seed: 152
