2023-09-20 16:35:34,092 - INFO - 

learning_rate:0.001
gamma:0.8
tau:0.01
hsRNN:64
hsMixing:64
hsHyper:64
replace_cycle:500
agent_num:2
obs_size:20
msg_size:27
com_size:32
com_mode:3
state_size:40
action_size:6
q_mode:0
epoch:1
buffer_size:32
batch_size:16
seq_len:100
episode:3000
timestep:300
view_range:1
report_cycle:1
comm_cycle:1
row:8
col:8
height:3
risklevel:0.15
AoI_limit:3

2023-09-20 16:35:35,189 - INFO - 
Map size: 8 * 8 * 3 
At height 1 
[5, 1] [3, 2] [3, 0] [2, 5] is dangerous
At height 2 
[4, 6] [4, 5] [5, 5] [3, 6] is dangerous
UAVs are at:
[3, 5, 1] [3, 3, 1] 
Dest are at:
[0, 7] [7, 0] 
2023-09-20 16:35:35,202 - INFO - Episode 0 seed: 201
2023-09-20 16:35:43,862 - INFO - Arrived: 0 Broken: 0 Communication: 0.0
2023-09-20 16:35:43,863 - INFO - Episode 1 seed: 339
2023-09-20 16:35:52,431 - INFO - Arrived: 0 Broken: 0 Communication: 0.0
2023-09-20 16:35:52,432 - INFO - Episode 2 seed: 139
2023-09-20 16:35:53,486 - INFO - Episode 2 finished after 287 timesteps
2023-09-20 16:36:00,777 - INFO - Arrived: 1 Broken: 1 Communication: 0.0
2023-09-20 16:36:00,777 - INFO - Episode 3 seed: 595
2023-09-20 16:36:09,444 - INFO - Arrived: 0 Broken: 1 Communication: 0.0
2023-09-20 16:36:09,444 - INFO - Episode 4 seed: 431
2023-09-20 16:36:17,891 - INFO - Arrived: 1 Broken: 0 Communication: 0.0
2023-09-20 16:36:17,891 - INFO - Episode 5 seed: 484
2023-09-20 16:36:26,268 - INFO - Arrived: 0 Broken: 0 Communication: 0.0
2023-09-20 16:36:26,268 - INFO - Episode 6 seed: 393
2023-09-20 16:36:35,086 - INFO - Arrived: 1 Broken: 0 Communication: 0.0
2023-09-20 16:36:35,086 - INFO - Episode 7 seed: 467
2023-09-20 16:36:43,585 - INFO - Arrived: 0 Broken: 0 Communication: 0.0
2023-09-20 16:36:43,585 - INFO - Episode 8 seed: 56
2023-09-20 16:36:52,144 - INFO - Arrived: 1 Broken: 0 Communication: 0.0
2023-09-20 16:36:52,145 - INFO - Episode 9 seed: 210
2023-09-20 16:37:00,676 - INFO - Arrived: 0 Broken: 0 Communication: 0.0
2023-09-20 16:37:00,676 - INFO - Episode 10 seed: 429
2023-09-20 16:37:09,425 - INFO - Arrived: 0 Broken: 1 Communication: 0.0
2023-09-20 16:37:09,426 - INFO - Episode 11 seed: 652
2023-09-20 16:37:17,854 - INFO - Arrived: 1 Broken: 0 Communication: 0.0
2023-09-20 16:37:17,854 - INFO - Episode 12 seed: 598
2023-09-20 16:37:26,811 - INFO - Arrived: 1 Broken: 0 Communication: 0.0
2023-09-20 16:37:26,811 - INFO - Episode 13 seed: 402
2023-09-20 16:37:35,794 - INFO - Arrived: 1 Broken: 0 Communication: 0.0
2023-09-20 16:37:35,794 - INFO - Episode 14 seed: 975
2023-09-20 16:37:44,735 - INFO - Arrived: 1 Broken: 0 Communication: 0.0
2023-09-20 16:37:44,735 - INFO - Episode 15 seed: 825
2023-09-20 16:37:53,736 - INFO - Arrived: 0 Broken: 1 Communication: 0.0
2023-09-20 16:37:53,737 - INFO - Episode 16 seed: 123
2023-09-20 16:38:03,249 - INFO - Arrived: 0 Broken: 0 Communication: 0.0
2023-09-20 16:38:03,249 - INFO - Episode 17 seed: 252
2023-09-20 16:38:12,449 - INFO - Arrived: 1 Broken: 0 Communication: 0.0
2023-09-20 16:38:12,449 - INFO - Episode 18 seed: 295
2023-09-20 16:38:13,076 - INFO - Episode 18 finished after 271 timesteps
2023-09-20 16:38:21,311 - INFO - Arrived: 1 Broken: 1 Communication: 0.0
2023-09-20 16:38:21,312 - INFO - Episode 19 seed: 358
2023-09-20 16:38:30,533 - INFO - Arrived: 1 Broken: 0 Communication: 0.0
2023-09-20 16:38:30,534 - INFO - Episode 20 seed: 312
2023-09-20 16:38:39,602 - INFO - Arrived: 1 Broken: 0 Communication: 0.0
2023-09-20 16:38:39,603 - INFO - Episode 21 seed: 381
2023-09-20 16:38:48,579 - INFO - Arrived: 0 Broken: 0 Communication: 0.0
2023-09-20 16:38:48,579 - INFO - Episode 22 seed: 566
2023-09-20 16:38:57,663 - INFO - Arrived: 1 Broken: 0 Communication: 0.0
2023-09-20 16:38:57,663 - INFO - Episode 23 seed: 678
