2023-09-20 16:39:07,145 - INFO - 

learning_rate:0.001
gamma:0.8
tau:0.01
hsRNN:64
hsMixing:64
hsHyper:64
replace_cycle:500
agent_num:2
obs_size:20
msg_size:27
com_size:32
com_mode:3
state_size:40
action_size:6
q_mode:0
epoch:1
buffer_size:32
batch_size:16
seq_len:100
episode:3000
timestep:300
view_range:1
report_cycle:1
comm_cycle:1
row:8
col:8
height:3
risklevel:0.15
AoI_limit:3

2023-09-20 16:39:08,241 - INFO - 
Map size: 8 * 8 * 3 
At height 1 
[5, 2] [4, 5] [3, 6] [4, 0] is dangerous
At height 2 
[2, 5] [5, 3] [5, 0] [3, 2] is dangerous
UAVs are at:
[3, 5, 1] [3, 3, 1] 
Dest are at:
[0, 7] [7, 0] 
2023-09-20 16:39:08,253 - INFO - Episode 0 seed: 870
2023-09-20 16:39:19,307 - INFO - 

learning_rate:0.001
gamma:0.8
tau:0.01
hsRNN:64
hsMixing:64
hsHyper:64
replace_cycle:500
agent_num:2
obs_size:20
msg_size:27
com_size:32
com_mode:3
state_size:40
action_size:6
q_mode:0
epoch:1
buffer_size:32
batch_size:16
seq_len:100
episode:3000
timestep:300
view_range:1
report_cycle:1
comm_cycle:1
row:8
col:8
height:3
risklevel:0.15
AoI_limit:3

2023-09-20 16:39:20,450 - INFO - 
Map size: 8 * 8 * 3 
At height 1 
[2, 6] [4, 1] [3, 2] [3, 0] is dangerous
At height 2 
[2, 1] [4, 2] [4, 0] [2, 5] is dangerous
UAVs are at:
[3, 5, 1] [3, 3, 1] 
Dest are at:
[0, 7] [7, 0] 
2023-09-20 16:39:20,463 - INFO - Episode 0 seed: 113
2023-09-20 16:39:29,814 - INFO - Arrived: 0 Broken: 0 Communication: 0.0
2023-09-20 16:39:29,814 - INFO - Episode 1 seed: 121
2023-09-20 16:39:38,355 - INFO - Arrived: 0 Broken: 0 Communication: 0.0
2023-09-20 16:39:38,355 - INFO - Episode 2 seed: 294
2023-09-20 16:39:46,978 - INFO - Arrived: 1 Broken: 0 Communication: 0.0
2023-09-20 16:39:46,979 - INFO - Episode 3 seed: 415
2023-09-20 16:39:55,587 - INFO - Arrived: 0 Broken: 0 Communication: 0.0
2023-09-20 16:39:55,587 - INFO - Episode 4 seed: 3
2023-09-20 16:40:04,169 - INFO - Arrived: 0 Broken: 0 Communication: 0.0
2023-09-20 16:40:04,169 - INFO - Episode 5 seed: 800
2023-09-20 16:40:12,195 - INFO - Arrived: 1 Broken: 0 Communication: 0.0
2023-09-20 16:40:12,195 - INFO - Episode 6 seed: 864
2023-09-20 16:40:21,386 - INFO - Arrived: 1 Broken: 0 Communication: 0.0
2023-09-20 16:40:21,386 - INFO - Episode 7 seed: 70
2023-09-20 16:40:30,477 - INFO - Arrived: 0 Broken: 0 Communication: 0.0
2023-09-20 16:40:30,477 - INFO - Episode 8 seed: 1000
2023-09-20 16:40:38,992 - INFO - Arrived: 0 Broken: 0 Communication: 0.0
2023-09-20 16:40:38,992 - INFO - Episode 9 seed: 343
2023-09-20 16:40:47,751 - INFO - Arrived: 0 Broken: 0 Communication: 0.0
2023-09-20 16:40:47,751 - INFO - Episode 10 seed: 319
2023-09-20 16:40:56,988 - INFO - Arrived: 0 Broken: 0 Communication: 0.0
2023-09-20 16:40:56,989 - INFO - Episode 11 seed: 406
