2023-09-20 16:42:52,750 - INFO - 

learning_rate:0.001
gamma:0.8
tau:0.01
hsRNN:64
hsMixing:64
hsHyper:64
replace_cycle:500
agent_num:2
obs_size:20
msg_size:27
com_size:32
com_mode:3
state_size:40
action_size:6
q_mode:0
epoch:1
buffer_size:32
batch_size:16
seq_len:100
episode:3000
timestep:300
view_range:1
report_cycle:1
comm_cycle:1
row:8
col:8
height:3
risklevel:0.15
AoI_limit:3

2023-09-20 16:42:53,851 - INFO - 
Map size: 8 * 8 * 3 
At height 1 
[5, 6] [5, 1] [3, 0] [3, 6] is dangerous
At height 2 
[2, 6] [2, 3] [3, 7] [4, 0] is dangerous
UAVs are at:
[3, 5, 1] [3, 3, 1] 
Dest are at:
[0, 7] [7, 0] 
2023-09-20 16:42:53,865 - INFO - Episode 0 seed: 355
2023-09-20 16:43:04,051 - INFO - Arrived: 1 Broken: 0 Communication: 0.0
2023-09-20 16:43:04,052 - INFO - Episode 1 seed: 450
2023-09-20 16:43:12,967 - INFO - Arrived: 1 Broken: 0 Communication: 0.0
2023-09-20 16:43:12,968 - INFO - Episode 2 seed: 940
2023-09-20 16:43:21,796 - INFO - Arrived: 0 Broken: 0 Communication: 0.0
2023-09-20 16:43:21,796 - INFO - Episode 3 seed: 539
2023-09-20 16:43:30,382 - INFO - Arrived: 1 Broken: 0 Communication: 0.0
2023-09-20 16:43:30,382 - INFO - Episode 4 seed: 554
2023-09-20 16:43:38,976 - INFO - Arrived: 0 Broken: 0 Communication: 0.0
2023-09-20 16:43:38,977 - INFO - Episode 5 seed: 725
2023-09-20 16:43:47,512 - INFO - Arrived: 0 Broken: 0 Communication: 0.0
2023-09-20 16:43:47,513 - INFO - Episode 6 seed: 727
2023-09-20 16:43:56,140 - INFO - Arrived: 0 Broken: 0 Communication: 0.0
2023-09-20 16:43:56,141 - INFO - Episode 7 seed: 875
2023-09-20 16:44:04,850 - INFO - Arrived: 0 Broken: 0 Communication: 0.0
2023-09-20 16:44:04,850 - INFO - Episode 8 seed: 603
