2023-09-20 16:44:16,062 - INFO - 

learning_rate:0.001
gamma:0.8
tau:0.01
hsRNN:64
hsMixing:64
hsHyper:64
replace_cycle:500
agent_num:2
obs_size:20
msg_size:27
com_size:32
com_mode:3
state_size:40
action_size:6
q_mode:0
epoch:1
buffer_size:32
batch_size:16
seq_len:100
episode:3000
timestep:300
view_range:1
report_cycle:1
comm_cycle:1
row:8
col:8
height:3
risklevel:0.15
AoI_limit:3

2023-09-20 16:44:17,166 - INFO - 
Map size: 8 * 8 * 3 
At height 1 
[3, 0] [3, 7] [4, 4] [4, 6] is dangerous
At height 2 
[3, 4] [5, 2] [4, 0] [2, 7] is dangerous
UAVs are at:
[3, 5, 1] [3, 3, 1] 
Dest are at:
[0, 7] [7, 0] 
2023-09-20 16:44:17,179 - INFO - Episode 0 seed: 349
2023-09-20 16:44:26,392 - INFO - Arrived: 1 Broken: 0 Communication: 0.0
2023-09-20 16:44:26,393 - INFO - Episode 1 seed: 668
2023-09-20 16:44:34,822 - INFO - Arrived: 1 Broken: 0 Communication: 0.0
2023-09-20 16:44:34,822 - INFO - Episode 2 seed: 506
2023-09-20 16:44:43,268 - INFO - Arrived: 0 Broken: 0 Communication: 0.0
2023-09-20 16:44:43,268 - INFO - Episode 3 seed: 695
2023-09-20 16:44:51,828 - INFO - Arrived: 1 Broken: 0 Communication: 0.0
2023-09-20 16:44:51,828 - INFO - Episode 4 seed: 801
2023-09-20 16:45:00,626 - INFO - Arrived: 1 Broken: 0 Communication: 0.0
2023-09-20 16:45:00,626 - INFO - Episode 5 seed: 447
2023-09-20 16:45:09,096 - INFO - Arrived: 0 Broken: 0 Communication: 0.0
2023-09-20 16:45:09,096 - INFO - Episode 6 seed: 252
2023-09-20 16:45:17,480 - INFO - Arrived: 0 Broken: 0 Communication: 0.0
2023-09-20 16:45:17,481 - INFO - Episode 7 seed: 932
2023-09-20 16:45:26,067 - INFO - Arrived: 1 Broken: 0 Communication: 0.0
2023-09-20 16:45:26,067 - INFO - Episode 8 seed: 138
2023-09-20 16:45:33,892 - INFO - Arrived: 0 Broken: 0 Communication: 0.0
2023-09-20 16:45:33,893 - INFO - Episode 9 seed: 525
2023-09-20 16:45:42,577 - INFO - Arrived: 0 Broken: 1 Communication: 0.0
2023-09-20 16:45:42,577 - INFO - Episode 10 seed: 913
2023-09-20 16:45:51,490 - INFO - Arrived: 1 Broken: 0 Communication: 0.0
2023-09-20 16:45:51,490 - INFO - Episode 11 seed: 433
2023-09-20 16:46:00,331 - INFO - Arrived: 0 Broken: 0 Communication: 0.0
2023-09-20 16:46:00,331 - INFO - Episode 12 seed: 584
2023-09-20 16:46:09,188 - INFO - Arrived: 0 Broken: 0 Communication: 0.0
2023-09-20 16:46:09,188 - INFO - Episode 13 seed: 581
2023-09-20 16:46:17,816 - INFO - Arrived: 0 Broken: 0 Communication: 0.0
2023-09-20 16:46:17,816 - INFO - Episode 14 seed: 31
2023-09-20 16:46:26,886 - INFO - Arrived: 0 Broken: 0 Communication: 0.0
2023-09-20 16:46:26,887 - INFO - Episode 15 seed: 255
2023-09-20 16:46:36,187 - INFO - Arrived: 1 Broken: 0 Communication: 0.0
2023-09-20 16:46:36,187 - INFO - Episode 16 seed: 888
2023-09-20 16:46:45,720 - INFO - Arrived: 0 Broken: 0 Communication: 0.0
2023-09-20 16:46:45,720 - INFO - Episode 17 seed: 7
2023-09-20 16:46:54,917 - INFO - Arrived: 0 Broken: 0 Communication: 0.0
2023-09-20 16:46:54,918 - INFO - Episode 18 seed: 236
2023-09-20 16:47:04,116 - INFO - Arrived: 0 Broken: 0 Communication: 0.0
2023-09-20 16:47:04,117 - INFO - Episode 19 seed: 716
2023-09-20 16:47:13,061 - INFO - Arrived: 0 Broken: 0 Communication: 0.0
2023-09-20 16:47:13,061 - INFO - Episode 20 seed: 691
2023-09-20 16:47:21,811 - INFO - Arrived: 1 Broken: 0 Communication: 0.0
2023-09-20 16:47:21,811 - INFO - Episode 21 seed: 996
2023-09-20 16:47:30,558 - INFO - Arrived: 1 Broken: 0 Communication: 0.0
2023-09-20 16:47:30,558 - INFO - Episode 22 seed: 767
2023-09-20 16:47:39,531 - INFO - Arrived: 1 Broken: 0 Communication: 0.0
2023-09-20 16:47:39,532 - INFO - Episode 23 seed: 999
2023-09-20 16:47:48,699 - INFO - Arrived: 0 Broken: 0 Communication: 0.0
2023-09-20 16:47:48,699 - INFO - Episode 24 seed: 934
2023-09-20 16:47:57,640 - INFO - Arrived: 1 Broken: 0 Communication: 0.0
2023-09-20 16:47:57,640 - INFO - Episode 25 seed: 710
2023-09-20 16:48:05,931 - INFO - Arrived: 1 Broken: 0 Communication: 0.0
2023-09-20 16:48:05,931 - INFO - Episode 26 seed: 328
2023-09-20 16:48:14,597 - INFO - Arrived: 1 Broken: 0 Communication: 0.0
2023-09-20 16:48:14,597 - INFO - Episode 27 seed: 826
2023-09-20 16:48:23,321 - INFO - Arrived: 1 Broken: 0 Communication: 0.0
2023-09-20 16:48:23,322 - INFO - Episode 28 seed: 429
2023-09-20 16:48:32,047 - INFO - Arrived: 0 Broken: 0 Communication: 0.0
2023-09-20 16:48:32,047 - INFO - Episode 29 seed: 43
2023-09-20 16:48:40,692 - INFO - Arrived: 0 Broken: 0 Communication: 0.0
2023-09-20 16:48:40,692 - INFO - Episode 30 seed: 485
2023-09-20 16:48:49,450 - INFO - Arrived: 1 Broken: 0 Communication: 0.0
2023-09-20 16:48:49,450 - INFO - Episode 31 seed: 499
2023-09-20 16:48:58,047 - INFO - Arrived: 0 Broken: 0 Communication: 0.0
2023-09-20 16:48:58,047 - INFO - Episode 32 seed: 903
2023-09-20 16:49:06,944 - INFO - Arrived: 0 Broken: 0 Communication: 0.0
2023-09-20 16:49:06,944 - INFO - Episode 33 seed: 108
2023-09-20 16:49:15,648 - INFO - Arrived: 0 Broken: 0 Communication: 0.0
2023-09-20 16:49:15,648 - INFO - Episode 34 seed: 307
2023-09-20 16:49:24,553 - INFO - Arrived: 1 Broken: 0 Communication: 0.0
2023-09-20 16:49:24,553 - INFO - Episode 35 seed: 892
2023-09-20 16:49:33,236 - INFO - Arrived: 0 Broken: 0 Communication: 0.0
2023-09-20 16:49:33,236 - INFO - Episode 36 seed: 142
2023-09-20 16:49:42,159 - INFO - Arrived: 0 Broken: 0 Communication: 0.0
2023-09-20 16:49:42,159 - INFO - Episode 37 seed: 257
2023-09-20 16:49:50,865 - INFO - Arrived: 1 Broken: 0 Communication: 0.0
2023-09-20 16:49:50,866 - INFO - Episode 38 seed: 829
2023-09-20 16:49:59,688 - INFO - Arrived: 0 Broken: 0 Communication: 0.0
2023-09-20 16:49:59,689 - INFO - Episode 39 seed: 50
