2023-09-20 16:41:07,880 - INFO - 

learning_rate:0.001
gamma:0.8
tau:0.01
hsRNN:64
hsMixing:64
hsHyper:64
replace_cycle:500
agent_num:2
obs_size:20
msg_size:27
com_size:32
com_mode:3
state_size:40
action_size:6
q_mode:0
epoch:1
buffer_size:32
batch_size:16
seq_len:100
episode:3000
timestep:300
view_range:1
report_cycle:1
comm_cycle:1
row:8
col:8
height:3
risklevel:0.15
AoI_limit:3

2023-09-20 16:41:08,966 - INFO - 
Map size: 8 * 8 * 3 
At height 1 
[5, 1] [4, 1] [2, 4] [5, 2] is dangerous
At height 2 
[2, 3] [2, 5] [2, 2] [4, 0] is dangerous
UAVs are at:
[3, 5, 1] [3, 3, 1] 
Dest are at:
[0, 7] [7, 0] 
2023-09-20 16:41:08,980 - INFO - Episode 0 seed: 905
2023-09-20 16:41:18,884 - INFO - Arrived: 0 Broken: 0 Communication: 0.0
2023-09-20 16:41:18,884 - INFO - Episode 1 seed: 40
2023-09-20 16:41:28,006 - INFO - Arrived: 0 Broken: 0 Communication: 0.0
2023-09-20 16:41:28,007 - INFO - Episode 2 seed: 889
2023-09-20 16:41:37,464 - INFO - Arrived: 1 Broken: 0 Communication: 0.0
2023-09-20 16:41:37,464 - INFO - Episode 3 seed: 494
2023-09-20 16:41:46,235 - INFO - Arrived: 0 Broken: 0 Communication: 0.0
2023-09-20 16:41:46,236 - INFO - Episode 4 seed: 832
2023-09-20 16:41:54,924 - INFO - Arrived: 1 Broken: 0 Communication: 0.0
2023-09-20 16:41:54,924 - INFO - Episode 5 seed: 247
2023-09-20 16:42:03,636 - INFO - Arrived: 0 Broken: 0 Communication: 0.0
2023-09-20 16:42:03,636 - INFO - Episode 6 seed: 85
2023-09-20 16:42:12,195 - INFO - Arrived: 1 Broken: 0 Communication: 0.0
2023-09-20 16:42:12,195 - INFO - Episode 7 seed: 78
2023-09-20 16:42:20,734 - INFO - Arrived: 1 Broken: 0 Communication: 0.0
2023-09-20 16:42:20,735 - INFO - Episode 8 seed: 344
2023-09-20 16:42:29,263 - INFO - Arrived: 0 Broken: 0 Communication: 0.0
2023-09-20 16:42:29,263 - INFO - Episode 9 seed: 676
2023-09-20 16:42:37,836 - INFO - Arrived: 1 Broken: 0 Communication: 0.0
2023-09-20 16:42:37,836 - INFO - Episode 10 seed: 819
2023-09-20 16:42:46,433 - INFO - Arrived: 1 Broken: 0 Communication: 0.0
2023-09-20 16:42:46,433 - INFO - Episode 11 seed: 515
