2023-09-20 16:50:09,401 - INFO - 

learning_rate:0.001
gamma:0.8
tau:0.01
hsRNN:64
hsMixing:64
hsHyper:64
replace_cycle:500
agent_num:2
obs_size:20
msg_size:27
com_size:32
com_mode:3
state_size:40
action_size:6
q_mode:0
epoch:1
buffer_size:32
batch_size:16
seq_len:100
episode:3000
timestep:300
view_range:1
report_cycle:1
comm_cycle:1
row:8
col:8
height:3
risklevel:0.15
AoI_limit:3

2023-09-20 16:50:10,522 - INFO - 
Map size: 8 * 8 * 3 
At height 1 
[2, 2] [3, 0] [5, 6] [2, 0] is dangerous
At height 2 
[5, 0] [5, 4] [4, 4] [4, 0] is dangerous
UAVs are at:
[3, 5, 1] [3, 3, 1] 
Dest are at:
[0, 7] [7, 0] 
2023-09-20 16:50:10,536 - INFO - Episode 0 seed: 233
2023-09-20 16:50:19,796 - INFO - Arrived: 1 Broken: 0 Communication: 0.0
2023-09-20 16:50:19,796 - INFO - Episode 1 seed: 178
2023-09-20 16:50:28,415 - INFO - Arrived: 1 Broken: 0 Communication: 0.0
2023-09-20 16:50:28,415 - INFO - Episode 2 seed: 967
2023-09-20 16:50:36,564 - INFO - Arrived: 0 Broken: 0 Communication: 0.0
2023-09-20 16:50:36,564 - INFO - Episode 3 seed: 626
2023-09-20 16:50:45,449 - INFO - Arrived: 0 Broken: 0 Communication: 0.0
2023-09-20 16:50:45,449 - INFO - Episode 4 seed: 550
2023-09-20 16:50:54,268 - INFO - Arrived: 0 Broken: 0 Communication: 0.0
2023-09-20 16:50:54,268 - INFO - Episode 5 seed: 568
2023-09-20 16:51:03,437 - INFO - Arrived: 0 Broken: 0 Communication: 0.0
2023-09-20 16:51:03,438 - INFO - Episode 6 seed: 536
2023-09-20 16:51:12,960 - INFO - Arrived: 0 Broken: 0 Communication: 0.0
2023-09-20 16:51:12,961 - INFO - Episode 7 seed: 210
