2023-09-27 09:57:18,108 - INFO - 

learning_rate:0.001
gamma:0.8
tau:0.01
hsRNN:64
hsMixing:64
hsHyper:64
replace_cycle:500
agent_num:2
obs_size:5
msg_size:27
com_size:32
com_mode:3
state_size:7
action_size:6
q_mode:0
epoch:1
buffer_size:32
batch_size:32
seq_len:100
episode:3000
timestep:200
view_range:1
report_cycle:1
comm_cycle:1
row:8
col:8
height:3
risklevel:0.1
risk_num:2
AoI_limit:3

2023-09-27 09:57:19,231 - INFO - 
Map size: 8 * 8 * 3 
At height 1 
At height 2 
[2, 6] [2, 2] is dangerous
UAVs are at:
[3, 5, 1] [3, 3, 1] 
Dest are at:
[0, 7] [7, 0] 
2023-09-27 09:57:19,245 - INFO - Episode 0 seed: 428
2023-09-27 09:57:20,978 - INFO - Episode 0 finished after 273 timesteps
2023-09-27 09:57:21,498 - INFO - Arrived: 2 Broken: 0 Communication: 0.0
2023-09-27 09:57:21,499 - INFO - Episode 1 seed: 428
2023-09-27 09:57:22,839 - INFO - Arrived: 1 Broken: 0 Communication: 0.0
2023-09-27 09:57:22,839 - INFO - Episode 2 seed: 428
2023-09-27 09:57:24,183 - INFO - Arrived: 1 Broken: 0 Communication: 0.0
2023-09-27 09:57:24,183 - INFO - Episode 3 seed: 428
2023-09-27 09:57:24,965 - INFO - Episode 3 finished after 268 timesteps
2023-09-27 09:57:25,402 - INFO - Arrived: 2 Broken: 0 Communication: 0.0
2023-09-27 09:57:25,402 - INFO - Episode 4 seed: 428
2023-09-27 09:57:25,894 - INFO - Episode 4 finished after 156 timesteps
2023-09-27 09:57:26,318 - INFO - Arrived: 2 Broken: 0 Communication: 0.0
2023-09-27 09:57:26,318 - INFO - Episode 5 seed: 428
2023-09-27 09:57:27,698 - INFO - Arrived: 1 Broken: 0 Communication: 0.0
2023-09-27 09:57:27,698 - INFO - Episode 6 seed: 428
2023-09-27 09:57:28,984 - INFO - Arrived: 1 Broken: 0 Communication: 0.0
2023-09-27 09:57:28,985 - INFO - Episode 7 seed: 428
2023-09-27 09:57:29,877 - INFO - Episode 7 finished after 276 timesteps
2023-09-27 09:57:30,393 - INFO - Arrived: 2 Broken: 0 Communication: 0.0
2023-09-27 09:57:30,393 - INFO - Episode 8 seed: 428
2023-09-27 09:57:31,743 - INFO - Arrived: 1 Broken: 0 Communication: 0.0
2023-09-27 09:57:31,743 - INFO - Episode 9 seed: 428
2023-09-27 09:57:33,055 - INFO - Arrived: 1 Broken: 0 Communication: 0.0
2023-09-27 09:57:33,055 - INFO - Episode 10 seed: 428
2023-09-27 09:57:34,653 - INFO - Arrived: 0 Broken: 0 Communication: 0.0
2023-09-27 09:57:34,653 - INFO - Episode 11 seed: 428
2023-09-27 09:57:35,986 - INFO - Arrived: 1 Broken: 0 Communication: 0.0
2023-09-27 09:57:35,986 - INFO - Episode 12 seed: 428
2023-09-27 09:57:36,601 - INFO - Episode 12 finished after 193 timesteps
2023-09-27 09:57:37,011 - INFO - Arrived: 2 Broken: 0 Communication: 0.0
2023-09-27 09:57:37,011 - INFO - Episode 13 seed: 428
2023-09-27 09:57:38,385 - INFO - Arrived: 1 Broken: 0 Communication: 0.0
2023-09-27 09:57:38,386 - INFO - Episode 14 seed: 428
2023-09-27 09:57:39,642 - INFO - Arrived: 1 Broken: 0 Communication: 0.0
2023-09-27 09:57:39,642 - INFO - Episode 15 seed: 428
2023-09-27 09:57:40,023 - INFO - Episode 15 finished after 133 timesteps
2023-09-27 09:57:40,432 - INFO - Arrived: 2 Broken: 0 Communication: 0.0
2023-09-27 09:57:40,432 - INFO - Episode 16 seed: 428
2023-09-27 09:57:41,378 - INFO - Episode 16 finished after 299 timesteps
2023-09-27 09:57:41,900 - INFO - Arrived: 2 Broken: 0 Communication: 0.0
2023-09-27 09:57:41,901 - INFO - Episode 17 seed: 428
2023-09-27 09:57:42,577 - INFO - Episode 17 finished after 227 timesteps
2023-09-27 09:57:43,011 - INFO - Arrived: 2 Broken: 0 Communication: 0.0
2023-09-27 09:57:43,011 - INFO - Episode 18 seed: 428
2023-09-27 09:57:44,339 - INFO - Arrived: 1 Broken: 0 Communication: 0.0
2023-09-27 09:57:44,339 - INFO - Episode 19 seed: 428
2023-09-27 09:57:45,762 - INFO - Arrived: 0 Broken: 0 Communication: 0.0
2023-09-27 09:57:45,762 - INFO - Episode 20 seed: 428
2023-09-27 09:57:47,090 - INFO - Arrived: 1 Broken: 0 Communication: 0.0
2023-09-27 09:57:47,090 - INFO - Episode 21 seed: 428
2023-09-27 09:57:47,671 - INFO - Episode 21 finished after 177 timesteps
2023-09-27 09:57:48,134 - INFO - Arrived: 2 Broken: 0 Communication: 0.0
2023-09-27 09:57:48,134 - INFO - Episode 22 seed: 428
2023-09-27 09:57:49,456 - INFO - Arrived: 1 Broken: 0 Communication: 0.0
2023-09-27 09:57:49,457 - INFO - Episode 23 seed: 428
2023-09-27 09:57:50,745 - INFO - Arrived: 1 Broken: 0 Communication: 0.0
2023-09-27 09:57:50,746 - INFO - Episode 24 seed: 428
2023-09-27 09:57:52,190 - INFO - Arrived: 1 Broken: 0 Communication: 0.0
2023-09-27 09:57:52,191 - INFO - Episode 25 seed: 428
2023-09-27 09:57:53,430 - INFO - Arrived: 1 Broken: 0 Communication: 0.0
2023-09-27 09:57:53,430 - INFO - Episode 26 seed: 428
2023-09-27 09:57:54,908 - INFO - Arrived: 1 Broken: 0 Communication: 0.0
2023-09-27 09:57:54,908 - INFO - Episode 27 seed: 428
2023-09-27 09:57:56,279 - INFO - Arrived: 1 Broken: 0 Communication: 0.0
2023-09-27 09:57:56,279 - INFO - Episode 28 seed: 428
2023-09-27 09:57:57,639 - INFO - Arrived: 1 Broken: 0 Communication: 0.0
2023-09-27 09:57:57,639 - INFO - Episode 29 seed: 428
2023-09-27 09:57:57,968 - INFO - Episode 29 finished after 145 timesteps
2023-09-27 09:57:58,400 - INFO - Arrived: 2 Broken: 0 Communication: 0.0
2023-09-27 09:57:58,401 - INFO - Episode 30 seed: 428
2023-09-27 09:57:59,743 - INFO - Arrived: 1 Broken: 0 Communication: 0.0
2023-09-27 09:57:59,744 - INFO - Episode 31 seed: 428
2023-09-27 09:58:01,107 - INFO - Arrived: 1 Broken: 0 Communication: 0.0
2023-09-27 09:58:01,108 - INFO - Episode 32 seed: 428
2023-09-27 09:58:35,008 - INFO - Arrived: 1 Broken: 0 Communication: 0.0
2023-09-27 09:58:35,008 - INFO - Episode 33 seed: 428
2023-09-27 09:58:35,937 - INFO - Episode 33 finished after 242 timesteps
2023-09-27 09:59:08,659 - INFO - Arrived: 0 Broken: 2 Communication: 0.0
2023-09-27 09:59:08,659 - INFO - Episode 34 seed: 428
2023-09-27 09:59:09,471 - INFO - Episode 34 finished after 242 timesteps
2023-09-27 09:59:43,512 - INFO - Arrived: 0 Broken: 2 Communication: 0.0
2023-09-27 09:59:43,512 - INFO - Episode 35 seed: 428
2023-09-27 09:59:44,302 - INFO - Episode 35 finished after 247 timesteps
2023-09-27 10:00:18,407 - INFO - Arrived: 0 Broken: 2 Communication: 0.0
2023-09-27 10:00:18,407 - INFO - Episode 36 seed: 428
2023-09-27 10:00:18,984 - INFO - Episode 36 finished after 205 timesteps
2023-09-27 10:00:51,802 - INFO - Arrived: 1 Broken: 1 Communication: 0.0
2023-09-27 10:00:51,803 - INFO - Episode 37 seed: 428
2023-09-27 10:00:52,491 - INFO - Episode 37 finished after 226 timesteps
2023-09-27 10:01:26,031 - INFO - Arrived: 1 Broken: 1 Communication: 0.0
2023-09-27 10:01:26,032 - INFO - Episode 38 seed: 428
2023-09-27 10:01:26,683 - INFO - Episode 38 finished after 181 timesteps
2023-09-27 10:02:00,319 - INFO - Arrived: 1 Broken: 1 Communication: 0.0
2023-09-27 10:02:00,319 - INFO - Episode 39 seed: 428
2023-09-27 10:02:01,102 - INFO - Episode 39 finished after 247 timesteps
2023-09-27 10:02:34,635 - INFO - Arrived: 1 Broken: 1 Communication: 0.0
2023-09-27 10:02:34,635 - INFO - Episode 40 seed: 428
2023-09-27 10:02:35,382 - INFO - Episode 40 finished after 238 timesteps
2023-09-27 10:03:09,384 - INFO - Arrived: 1 Broken: 1 Communication: 0.0
2023-09-27 10:03:09,384 - INFO - Episode 41 seed: 428
2023-09-27 10:03:10,061 - INFO - Episode 41 finished after 220 timesteps
2023-09-27 10:03:44,193 - INFO - Arrived: 1 Broken: 1 Communication: 0.0
2023-09-27 10:03:44,193 - INFO - Episode 42 seed: 428
2023-09-27 10:03:44,969 - INFO - Episode 42 finished after 231 timesteps
2023-09-27 10:04:19,779 - INFO - Arrived: 1 Broken: 1 Communication: 0.0
2023-09-27 10:04:19,779 - INFO - Episode 43 seed: 428
2023-09-27 10:04:20,348 - INFO - Episode 43 finished after 238 timesteps
2023-09-27 10:04:55,394 - INFO - Arrived: 1 Broken: 1 Communication: 0.0
2023-09-27 10:04:55,394 - INFO - Episode 44 seed: 428
2023-09-27 10:04:56,027 - INFO - Episode 44 finished after 222 timesteps
2023-09-27 10:05:30,598 - INFO - Arrived: 2 Broken: 0 Communication: 0.0
2023-09-27 10:05:30,598 - INFO - Episode 45 seed: 428
2023-09-27 10:05:31,299 - INFO - Episode 45 finished after 207 timesteps
2023-09-27 10:06:06,354 - INFO - Arrived: 2 Broken: 0 Communication: 0.0
2023-09-27 10:06:06,354 - INFO - Episode 46 seed: 428
2023-09-27 10:06:07,123 - INFO - Episode 46 finished after 225 timesteps
2023-09-27 10:06:41,369 - INFO - Arrived: 1 Broken: 1 Communication: 0.0
2023-09-27 10:06:41,369 - INFO - Episode 47 seed: 428
2023-09-27 10:06:41,622 - INFO - Episode 47 finished after 83 timesteps
2023-09-27 10:07:17,442 - INFO - Arrived: 2 Broken: 0 Communication: 0.0
2023-09-27 10:07:17,442 - INFO - Episode 48 seed: 428
2023-09-27 10:07:17,882 - INFO - Episode 48 finished after 142 timesteps
2023-09-27 10:07:53,127 - INFO - Arrived: 2 Broken: 0 Communication: 0.0
2023-09-27 10:07:53,127 - INFO - Episode 49 seed: 428
2023-09-27 10:07:53,524 - INFO - Episode 49 finished after 110 timesteps
2023-09-27 10:08:28,140 - INFO - Arrived: 2 Broken: 0 Communication: 0.0
2023-09-27 10:08:28,141 - INFO - Episode 50 seed: 428
2023-09-27 10:08:28,488 - INFO - Episode 50 finished after 107 timesteps
2023-09-27 10:09:06,379 - INFO - Arrived: 2 Broken: 0 Communication: 0.0
2023-09-27 10:09:06,379 - INFO - Episode 51 seed: 428
2023-09-27 10:09:07,082 - INFO - Episode 51 finished after 217 timesteps
2023-09-27 10:09:44,603 - INFO - Arrived: 1 Broken: 1 Communication: 0.0
2023-09-27 10:09:44,604 - INFO - Episode 52 seed: 428
2023-09-27 10:09:45,354 - INFO - Episode 52 finished after 244 timesteps
2023-09-27 10:10:23,929 - INFO - Arrived: 1 Broken: 1 Communication: 0.0
2023-09-27 10:10:23,929 - INFO - Episode 53 seed: 428
2023-09-27 10:10:24,587 - INFO - Episode 53 finished after 209 timesteps
2023-09-27 10:11:01,596 - INFO - Arrived: 1 Broken: 1 Communication: 0.0
2023-09-27 10:11:01,596 - INFO - Episode 54 seed: 428
2023-09-27 10:11:02,443 - INFO - Episode 54 finished after 270 timesteps
2023-09-27 10:11:40,569 - INFO - Arrived: 1 Broken: 1 Communication: 0.0
2023-09-27 10:11:40,570 - INFO - Episode 55 seed: 428
2023-09-27 10:11:41,284 - INFO - Episode 55 finished after 225 timesteps
2023-09-27 10:12:17,874 - INFO - Arrived: 1 Broken: 1 Communication: 0.0
2023-09-27 10:12:17,875 - INFO - Episode 56 seed: 428
2023-09-27 10:12:18,551 - INFO - Episode 56 finished after 230 timesteps
2023-09-27 10:12:55,655 - INFO - Arrived: 1 Broken: 1 Communication: 0.0
2023-09-27 10:12:55,656 - INFO - Episode 57 seed: 428
2023-09-27 10:12:56,340 - INFO - Episode 57 finished after 221 timesteps
2023-09-27 10:13:34,098 - INFO - Arrived: 1 Broken: 1 Communication: 0.0
2023-09-27 10:13:34,099 - INFO - Episode 58 seed: 428
2023-09-27 10:13:34,790 - INFO - Episode 58 finished after 221 timesteps
2023-09-27 10:14:12,011 - INFO - Arrived: 1 Broken: 1 Communication: 0.0
2023-09-27 10:14:12,011 - INFO - Episode 59 seed: 428
2023-09-27 10:14:12,838 - INFO - Episode 59 finished after 269 timesteps
2023-09-27 10:14:50,598 - INFO - Arrived: 1 Broken: 1 Communication: 0.0
2023-09-27 10:14:50,598 - INFO - Episode 60 seed: 428
2023-09-27 10:14:51,446 - INFO - Episode 60 finished after 260 timesteps
2023-09-27 10:15:28,328 - INFO - Arrived: 1 Broken: 1 Communication: 0.0
2023-09-27 10:15:28,328 - INFO - Episode 61 seed: 428
2023-09-27 10:15:29,130 - INFO - Episode 61 finished after 237 timesteps
2023-09-27 10:16:05,550 - INFO - Arrived: 1 Broken: 1 Communication: 0.0
2023-09-27 10:16:05,550 - INFO - Episode 62 seed: 428
2023-09-27 10:16:42,374 - INFO - Arrived: 1 Broken: 0 Communication: 0.0
2023-09-27 10:16:42,374 - INFO - Episode 63 seed: 428
2023-09-27 10:16:43,120 - INFO - Episode 63 finished after 245 timesteps
2023-09-27 10:17:21,014 - INFO - Arrived: 1 Broken: 1 Communication: 0.0
2023-09-27 10:17:21,015 - INFO - Episode 64 seed: 428
2023-09-27 10:17:21,751 - INFO - Episode 64 finished after 236 timesteps
2023-09-27 10:17:59,245 - INFO - Arrived: 1 Broken: 1 Communication: 0.0
2023-09-27 10:17:59,246 - INFO - Episode 65 seed: 428
2023-09-27 10:17:59,888 - INFO - Episode 65 finished after 198 timesteps
2023-09-27 10:18:35,844 - INFO - Arrived: 1 Broken: 1 Communication: 0.0
2023-09-27 10:18:35,844 - INFO - Episode 66 seed: 428
2023-09-27 10:18:36,539 - INFO - Episode 66 finished after 251 timesteps
2023-09-27 10:19:15,026 - INFO - Arrived: 1 Broken: 1 Communication: 0.0
2023-09-27 10:19:15,026 - INFO - Episode 67 seed: 428
2023-09-27 10:19:15,716 - INFO - Episode 67 finished after 226 timesteps
2023-09-27 10:19:47,738 - INFO - Arrived: 1 Broken: 1 Communication: 0.0
2023-09-27 10:19:47,738 - INFO - Episode 68 seed: 428
2023-09-27 10:19:48,436 - INFO - Episode 68 finished after 222 timesteps
2023-09-27 10:20:20,583 - INFO - Arrived: 1 Broken: 1 Communication: 0.0
2023-09-27 10:20:20,583 - INFO - Episode 69 seed: 428
2023-09-27 10:20:21,477 - INFO - Episode 69 finished after 290 timesteps
2023-09-27 10:20:57,226 - INFO - Arrived: 1 Broken: 1 Communication: 0.0
2023-09-27 10:20:57,227 - INFO - Episode 70 seed: 428
2023-09-27 10:20:58,015 - INFO - Episode 70 finished after 246 timesteps
2023-09-27 10:21:33,200 - INFO - Arrived: 1 Broken: 1 Communication: 0.0
2023-09-27 10:21:33,200 - INFO - Episode 71 seed: 428
2023-09-27 10:21:33,862 - INFO - Episode 71 finished after 209 timesteps
2023-09-27 10:22:09,930 - INFO - Arrived: 1 Broken: 1 Communication: 0.0
2023-09-27 10:22:09,930 - INFO - Episode 72 seed: 428
2023-09-27 10:22:10,592 - INFO - Episode 72 finished after 176 timesteps
2023-09-27 10:22:46,359 - INFO - Arrived: 2 Broken: 0 Communication: 0.0
2023-09-27 10:22:46,359 - INFO - Episode 73 seed: 428
2023-09-27 10:22:46,885 - INFO - Episode 73 finished after 186 timesteps
2023-09-27 10:23:23,795 - INFO - Arrived: 1 Broken: 1 Communication: 0.0
2023-09-27 10:23:23,795 - INFO - Episode 74 seed: 428
2023-09-27 10:23:24,684 - INFO - Episode 74 finished after 247 timesteps
2023-09-27 10:24:01,575 - INFO - Arrived: 1 Broken: 1 Communication: 0.0
2023-09-27 10:24:01,575 - INFO - Episode 75 seed: 428
2023-09-27 10:24:02,089 - INFO - Episode 75 finished after 149 timesteps
2023-09-27 10:24:38,808 - INFO - Arrived: 2 Broken: 0 Communication: 0.0
2023-09-27 10:24:38,808 - INFO - Episode 76 seed: 428
2023-09-27 10:24:39,688 - INFO - Episode 76 finished after 279 timesteps
2023-09-27 10:25:16,721 - INFO - Arrived: 1 Broken: 1 Communication: 0.0
2023-09-27 10:25:16,721 - INFO - Episode 77 seed: 428
2023-09-27 10:25:17,401 - INFO - Episode 77 finished after 214 timesteps
2023-09-27 10:25:52,850 - INFO - Arrived: 1 Broken: 1 Communication: 0.0
2023-09-27 10:25:52,850 - INFO - Episode 78 seed: 428
2023-09-27 10:25:53,577 - INFO - Episode 78 finished after 240 timesteps
2023-09-27 10:26:29,000 - INFO - Arrived: 1 Broken: 1 Communication: 0.0
2023-09-27 10:26:29,000 - INFO - Episode 79 seed: 428
2023-09-27 10:26:29,683 - INFO - Episode 79 finished after 201 timesteps
2023-09-27 10:27:06,012 - INFO - Arrived: 1 Broken: 1 Communication: 0.0
2023-09-27 10:27:06,012 - INFO - Episode 80 seed: 428
2023-09-27 10:27:06,440 - INFO - Episode 80 finished after 121 timesteps
2023-09-27 10:27:43,000 - INFO - Arrived: 2 Broken: 0 Communication: 0.0
2023-09-27 10:27:43,001 - INFO - Episode 81 seed: 428
2023-09-27 10:27:43,823 - INFO - Episode 81 finished after 266 timesteps
2023-09-27 10:28:19,006 - INFO - Arrived: 1 Broken: 1 Communication: 0.0
2023-09-27 10:28:19,006 - INFO - Episode 82 seed: 428
2023-09-27 10:28:19,868 - INFO - Episode 82 finished after 269 timesteps
2023-09-27 10:28:55,320 - INFO - Arrived: 2 Broken: 0 Communication: 0.0
2023-09-27 10:28:55,320 - INFO - Episode 83 seed: 428
2023-09-27 10:28:55,934 - INFO - Episode 83 finished after 141 timesteps
2023-09-27 10:29:30,490 - INFO - Arrived: 2 Broken: 0 Communication: 0.0
2023-09-27 10:29:30,491 - INFO - Episode 84 seed: 428
2023-09-27 10:29:31,558 - INFO - Episode 84 finished after 299 timesteps
2023-09-27 10:30:07,009 - INFO - Arrived: 0 Broken: 2 Communication: 0.0
2023-09-27 10:30:07,009 - INFO - Episode 85 seed: 428
2023-09-27 10:30:07,868 - INFO - Episode 85 finished after 260 timesteps
2023-09-27 10:30:42,549 - INFO - Arrived: 1 Broken: 1 Communication: 0.0
2023-09-27 10:30:42,549 - INFO - Episode 86 seed: 428
2023-09-27 10:31:21,279 - INFO - Arrived: 0 Broken: 1 Communication: 0.0
2023-09-27 10:31:21,279 - INFO - Episode 87 seed: 428
2023-09-27 10:31:21,937 - INFO - Episode 87 finished after 193 timesteps
2023-09-27 10:31:57,964 - INFO - Arrived: 1 Broken: 1 Communication: 0.0
2023-09-27 10:31:57,965 - INFO - Episode 88 seed: 428
2023-09-27 10:31:58,801 - INFO - Episode 88 finished after 266 timesteps
2023-09-27 10:32:34,560 - INFO - Arrived: 0 Broken: 2 Communication: 0.0
2023-09-27 10:32:34,560 - INFO - Episode 89 seed: 428
2023-09-27 10:32:35,322 - INFO - Episode 89 finished after 257 timesteps
2023-09-27 10:33:12,583 - INFO - Arrived: 1 Broken: 1 Communication: 0.0
2023-09-27 10:33:12,584 - INFO - Episode 90 seed: 428
2023-09-27 10:33:12,757 - INFO - Episode 90 finished after 58 timesteps
2023-09-27 10:33:50,337 - INFO - Arrived: 2 Broken: 0 Communication: 0.0
2023-09-27 10:33:50,338 - INFO - Episode 91 seed: 428
2023-09-27 10:33:50,493 - INFO - Episode 91 finished after 42 timesteps
2023-09-27 10:34:27,483 - INFO - Arrived: 2 Broken: 0 Communication: 0.0
2023-09-27 10:34:27,484 - INFO - Episode 92 seed: 428
2023-09-27 10:34:28,199 - INFO - Episode 92 finished after 260 timesteps
2023-09-27 10:35:05,139 - INFO - Arrived: 1 Broken: 1 Communication: 0.0
2023-09-27 10:35:05,139 - INFO - Episode 93 seed: 428
2023-09-27 10:35:05,372 - INFO - Episode 93 finished after 60 timesteps
2023-09-27 10:35:43,288 - INFO - Arrived: 2 Broken: 0 Communication: 0.0
2023-09-27 10:35:43,288 - INFO - Episode 94 seed: 428
2023-09-27 10:35:43,779 - INFO - Episode 94 finished after 152 timesteps
2023-09-27 10:36:18,347 - INFO - Arrived: 2 Broken: 0 Communication: 0.0
2023-09-27 10:36:18,347 - INFO - Episode 95 seed: 428
2023-09-27 10:36:18,703 - INFO - Episode 95 finished after 132 timesteps
2023-09-27 10:36:54,776 - INFO - Arrived: 2 Broken: 0 Communication: 0.0
2023-09-27 10:36:54,776 - INFO - Episode 96 seed: 428
2023-09-27 10:36:55,635 - INFO - Episode 96 finished after 277 timesteps
2023-09-27 10:37:32,472 - INFO - Arrived: 1 Broken: 1 Communication: 0.0
2023-09-27 10:37:32,473 - INFO - Episode 97 seed: 428
2023-09-27 10:37:33,370 - INFO - Episode 97 finished after 263 timesteps
2023-09-27 10:38:10,173 - INFO - Arrived: 1 Broken: 1 Communication: 0.0
2023-09-27 10:38:10,174 - INFO - Episode 98 seed: 428
2023-09-27 10:38:11,206 - INFO - Episode 98 finished after 255 timesteps
2023-09-27 10:38:46,463 - INFO - Arrived: 1 Broken: 1 Communication: 0.0
2023-09-27 10:38:46,464 - INFO - Episode 99 seed: 428
2023-09-27 10:39:26,012 - INFO - Arrived: 0 Broken: 1 Communication: 0.0
2023-09-27 10:39:26,012 - INFO - Episode 100 seed: 428
2023-09-27 10:40:03,883 - INFO - Arrived: 0 Broken: 1 Communication: 0.0
2023-09-27 10:40:03,883 - INFO - Episode 101 seed: 428
2023-09-27 10:40:04,544 - INFO - Episode 101 finished after 257 timesteps
2023-09-27 10:40:42,985 - INFO - Arrived: 1 Broken: 1 Communication: 0.0
2023-09-27 10:40:42,985 - INFO - Episode 102 seed: 428
2023-09-27 10:41:19,794 - INFO - Arrived: 1 Broken: 0 Communication: 0.0
2023-09-27 10:41:19,794 - INFO - Episode 103 seed: 428
2023-09-27 10:41:20,591 - INFO - Episode 103 finished after 260 timesteps
2023-09-27 10:41:57,050 - INFO - Arrived: 0 Broken: 2 Communication: 0.0
2023-09-27 10:41:57,050 - INFO - Episode 104 seed: 428
2023-09-27 10:41:57,864 - INFO - Episode 104 finished after 256 timesteps
2023-09-27 10:42:34,301 - INFO - Arrived: 0 Broken: 2 Communication: 0.0
2023-09-27 10:42:34,301 - INFO - Episode 105 seed: 428
2023-09-27 10:43:11,952 - INFO - Arrived: 1 Broken: 0 Communication: 0.0
2023-09-27 10:43:11,953 - INFO - Episode 106 seed: 428
2023-09-27 10:43:12,798 - INFO - Episode 106 finished after 263 timesteps
2023-09-27 10:43:48,334 - INFO - Arrived: 1 Broken: 1 Communication: 0.0
2023-09-27 10:43:48,334 - INFO - Episode 107 seed: 428
2023-09-27 10:43:49,159 - INFO - Episode 107 finished after 254 timesteps
2023-09-27 10:44:24,405 - INFO - Arrived: 1 Broken: 1 Communication: 0.0
2023-09-27 10:44:24,405 - INFO - Episode 108 seed: 428
2023-09-27 10:44:25,256 - INFO - Episode 108 finished after 286 timesteps
2023-09-27 10:45:01,768 - INFO - Arrived: 1 Broken: 1 Communication: 0.0
2023-09-27 10:45:01,768 - INFO - Episode 109 seed: 428
2023-09-27 10:45:02,567 - INFO - Episode 109 finished after 263 timesteps
2023-09-27 10:45:36,645 - INFO - Arrived: 0 Broken: 2 Communication: 0.0
2023-09-27 10:45:36,645 - INFO - Episode 110 seed: 428
2023-09-27 10:46:14,672 - INFO - Arrived: 0 Broken: 1 Communication: 0.0
2023-09-27 10:46:14,672 - INFO - Episode 111 seed: 428
2023-09-27 10:46:15,399 - INFO - Episode 111 finished after 253 timesteps
2023-09-27 10:46:49,363 - INFO - Arrived: 1 Broken: 1 Communication: 0.0
2023-09-27 10:46:49,364 - INFO - Episode 112 seed: 428
2023-09-27 10:47:23,671 - INFO - Arrived: 1 Broken: 0 Communication: 0.0
2023-09-27 10:47:23,671 - INFO - Episode 113 seed: 428
2023-09-27 10:47:24,459 - INFO - Episode 113 finished after 231 timesteps
2023-09-27 10:47:57,764 - INFO - Arrived: 1 Broken: 1 Communication: 0.0
2023-09-27 10:47:57,765 - INFO - Episode 114 seed: 428
2023-09-27 10:47:58,685 - INFO - Episode 114 finished after 273 timesteps
2023-09-27 10:48:32,922 - INFO - Arrived: 0 Broken: 2 Communication: 0.0
2023-09-27 10:48:32,922 - INFO - Episode 115 seed: 428
2023-09-27 10:49:07,446 - INFO - Arrived: 1 Broken: 0 Communication: 0.0
2023-09-27 10:49:07,446 - INFO - Episode 116 seed: 428
2023-09-27 10:49:42,941 - INFO - Arrived: 0 Broken: 0 Communication: 0.0
2023-09-27 10:49:42,941 - INFO - Episode 117 seed: 428
2023-09-27 10:50:17,813 - INFO - Arrived: 1 Broken: 0 Communication: 0.0
2023-09-27 10:50:17,813 - INFO - Episode 118 seed: 428
2023-09-27 10:50:18,175 - INFO - Episode 118 finished after 106 timesteps
2023-09-27 10:50:52,322 - INFO - Arrived: 2 Broken: 0 Communication: 0.0
2023-09-27 10:50:52,322 - INFO - Episode 119 seed: 428
2023-09-27 10:50:53,004 - INFO - Episode 119 finished after 243 timesteps
2023-09-27 10:51:26,859 - INFO - Arrived: 0 Broken: 2 Communication: 0.0
2023-09-27 10:51:26,859 - INFO - Episode 120 seed: 428
2023-09-27 10:51:27,583 - INFO - Episode 120 finished after 227 timesteps
2023-09-27 10:52:01,133 - INFO - Arrived: 0 Broken: 2 Communication: 0.0
2023-09-27 10:52:01,133 - INFO - Episode 121 seed: 428
2023-09-27 10:52:01,416 - INFO - Episode 121 finished after 81 timesteps
2023-09-27 10:52:37,577 - INFO - Arrived: 2 Broken: 0 Communication: 0.0
2023-09-27 10:52:37,577 - INFO - Episode 122 seed: 428
2023-09-27 10:52:37,776 - INFO - Episode 122 finished after 60 timesteps
2023-09-27 10:53:13,135 - INFO - Arrived: 2 Broken: 0 Communication: 0.0
2023-09-27 10:53:13,135 - INFO - Episode 123 seed: 428
2023-09-27 10:53:13,993 - INFO - Episode 123 finished after 257 timesteps
2023-09-27 10:53:48,965 - INFO - Arrived: 1 Broken: 1 Communication: 0.0
2023-09-27 10:53:48,966 - INFO - Episode 124 seed: 428
2023-09-27 10:53:49,707 - INFO - Episode 124 finished after 234 timesteps
2023-09-27 10:54:25,642 - INFO - Arrived: 0 Broken: 2 Communication: 0.0
2023-09-27 10:54:25,642 - INFO - Episode 125 seed: 428
2023-09-27 10:54:26,612 - INFO - Episode 125 finished after 286 timesteps
2023-09-27 10:55:00,609 - INFO - Arrived: 0 Broken: 2 Communication: 0.0
2023-09-27 10:55:00,609 - INFO - Episode 126 seed: 428
2023-09-27 10:55:01,544 - INFO - Episode 126 finished after 285 timesteps
2023-09-27 10:55:35,767 - INFO - Arrived: 0 Broken: 2 Communication: 0.0
2023-09-27 10:55:35,767 - INFO - Episode 127 seed: 428
2023-09-27 10:55:36,654 - INFO - Episode 127 finished after 252 timesteps
2023-09-27 10:56:09,563 - INFO - Arrived: 0 Broken: 2 Communication: 0.0
2023-09-27 10:56:09,563 - INFO - Episode 128 seed: 428
2023-09-27 10:56:10,140 - INFO - Episode 128 finished after 245 timesteps
2023-09-27 10:56:42,577 - INFO - Arrived: 1 Broken: 1 Communication: 0.0
2023-09-27 10:56:42,577 - INFO - Episode 129 seed: 428
2023-09-27 10:56:43,475 - INFO - Episode 129 finished after 276 timesteps
2023-09-27 10:57:16,371 - INFO - Arrived: 0 Broken: 2 Communication: 0.0
2023-09-27 10:57:16,371 - INFO - Episode 130 seed: 428
2023-09-27 10:57:51,190 - INFO - Arrived: 0 Broken: 1 Communication: 0.0
2023-09-27 10:57:51,190 - INFO - Episode 131 seed: 428
2023-09-27 10:58:25,982 - INFO - Arrived: 0 Broken: 1 Communication: 0.0
2023-09-27 10:58:25,982 - INFO - Episode 132 seed: 428
2023-09-27 10:58:26,818 - INFO - Episode 132 finished after 257 timesteps
2023-09-27 10:59:00,367 - INFO - Arrived: 1 Broken: 1 Communication: 0.0
2023-09-27 10:59:00,367 - INFO - Episode 133 seed: 428
2023-09-27 10:59:01,131 - INFO - Episode 133 finished after 227 timesteps
2023-09-27 10:59:35,313 - INFO - Arrived: 1 Broken: 1 Communication: 0.0
2023-09-27 10:59:35,313 - INFO - Episode 134 seed: 428
2023-09-27 10:59:36,111 - INFO - Episode 134 finished after 242 timesteps
2023-09-27 11:00:10,716 - INFO - Arrived: 1 Broken: 1 Communication: 0.0
2023-09-27 11:00:10,716 - INFO - Episode 135 seed: 428
2023-09-27 11:00:45,138 - INFO - Arrived: 1 Broken: 0 Communication: 0.0
2023-09-27 11:00:45,138 - INFO - Episode 136 seed: 428
2023-09-27 11:00:45,908 - INFO - Episode 136 finished after 251 timesteps
2023-09-27 11:01:21,809 - INFO - Arrived: 1 Broken: 1 Communication: 0.0
2023-09-27 11:01:21,810 - INFO - Episode 137 seed: 428
2023-09-27 11:01:22,123 - INFO - Episode 137 finished after 95 timesteps
2023-09-27 11:01:57,090 - INFO - Arrived: 2 Broken: 0 Communication: 0.0
2023-09-27 11:01:57,090 - INFO - Episode 138 seed: 428
2023-09-27 11:02:34,243 - INFO - Arrived: 1 Broken: 0 Communication: 0.0
2023-09-27 11:02:34,243 - INFO - Episode 139 seed: 428
2023-09-27 11:03:10,136 - INFO - Arrived: 1 Broken: 0 Communication: 0.0
2023-09-27 11:03:10,136 - INFO - Episode 140 seed: 428
2023-09-27 11:03:11,001 - INFO - Episode 140 finished after 259 timesteps
2023-09-27 11:03:45,615 - INFO - Arrived: 1 Broken: 1 Communication: 0.0
2023-09-27 11:03:45,615 - INFO - Episode 141 seed: 428
2023-09-27 11:03:46,541 - INFO - Episode 141 finished after 245 timesteps
2023-09-27 11:04:19,891 - INFO - Arrived: 2 Broken: 0 Communication: 0.0
2023-09-27 11:04:19,891 - INFO - Episode 142 seed: 428
2023-09-27 11:04:20,687 - INFO - Episode 142 finished after 238 timesteps
2023-09-27 11:04:56,312 - INFO - Arrived: 0 Broken: 2 Communication: 0.0
2023-09-27 11:04:56,312 - INFO - Episode 143 seed: 428
2023-09-27 11:04:57,040 - INFO - Episode 143 finished after 224 timesteps
2023-09-27 11:05:31,438 - INFO - Arrived: 1 Broken: 1 Communication: 0.0
2023-09-27 11:05:31,438 - INFO - Episode 144 seed: 428
2023-09-27 11:05:32,266 - INFO - Episode 144 finished after 233 timesteps
2023-09-27 11:06:09,615 - INFO - Arrived: 1 Broken: 1 Communication: 0.0
2023-09-27 11:06:09,615 - INFO - Episode 145 seed: 428
2023-09-27 11:06:10,423 - INFO - Episode 145 finished after 249 timesteps
2023-09-27 11:06:45,071 - INFO - Arrived: 0 Broken: 2 Communication: 0.0
2023-09-27 11:06:45,071 - INFO - Episode 146 seed: 428
2023-09-27 11:06:45,883 - INFO - Episode 146 finished after 247 timesteps
2023-09-27 11:07:20,537 - INFO - Arrived: 1 Broken: 1 Communication: 0.0
2023-09-27 11:07:20,537 - INFO - Episode 147 seed: 428
2023-09-27 11:07:21,277 - INFO - Episode 147 finished after 249 timesteps
2023-09-27 11:07:55,705 - INFO - Arrived: 0 Broken: 2 Communication: 0.0
2023-09-27 11:07:55,705 - INFO - Episode 148 seed: 428
2023-09-27 11:07:56,513 - INFO - Episode 148 finished after 235 timesteps
2023-09-27 11:08:31,741 - INFO - Arrived: 1 Broken: 1 Communication: 0.0
2023-09-27 11:08:31,741 - INFO - Episode 149 seed: 428
2023-09-27 11:08:32,576 - INFO - Episode 149 finished after 250 timesteps
2023-09-27 11:09:07,723 - INFO - Arrived: 1 Broken: 1 Communication: 0.0
2023-09-27 11:09:07,723 - INFO - Episode 150 seed: 428
2023-09-27 11:09:08,563 - INFO - Episode 150 finished after 238 timesteps
2023-09-27 11:09:43,308 - INFO - Arrived: 0 Broken: 2 Communication: 0.0
2023-09-27 11:09:43,308 - INFO - Episode 151 seed: 428
2023-09-27 11:09:44,097 - INFO - Episode 151 finished after 235 timesteps
2023-09-27 11:10:18,977 - INFO - Arrived: 0 Broken: 2 Communication: 0.0
2023-09-27 11:10:18,977 - INFO - Episode 152 seed: 428
2023-09-27 11:10:19,809 - INFO - Episode 152 finished after 250 timesteps
2023-09-27 11:10:54,840 - INFO - Arrived: 0 Broken: 2 Communication: 0.0
2023-09-27 11:10:54,840 - INFO - Episode 153 seed: 428
2023-09-27 11:10:55,561 - INFO - Episode 153 finished after 245 timesteps
2023-09-27 11:11:29,336 - INFO - Arrived: 0 Broken: 2 Communication: 0.0
2023-09-27 11:11:29,336 - INFO - Episode 154 seed: 428
2023-09-27 11:11:30,135 - INFO - Episode 154 finished after 252 timesteps
2023-09-27 11:12:03,731 - INFO - Arrived: 0 Broken: 2 Communication: 0.0
2023-09-27 11:12:03,731 - INFO - Episode 155 seed: 428
2023-09-27 11:12:04,432 - INFO - Episode 155 finished after 210 timesteps
2023-09-27 11:12:38,877 - INFO - Arrived: 1 Broken: 1 Communication: 0.0
2023-09-27 11:12:38,877 - INFO - Episode 156 seed: 428
2023-09-27 11:12:39,540 - INFO - Episode 156 finished after 206 timesteps
2023-09-27 11:13:14,191 - INFO - Arrived: 1 Broken: 1 Communication: 0.0
2023-09-27 11:13:14,191 - INFO - Episode 157 seed: 428
2023-09-27 11:13:14,957 - INFO - Episode 157 finished after 253 timesteps
2023-09-27 11:13:49,078 - INFO - Arrived: 0 Broken: 2 Communication: 0.0
2023-09-27 11:13:49,078 - INFO - Episode 158 seed: 428
2023-09-27 11:13:49,810 - INFO - Episode 158 finished after 246 timesteps
2023-09-27 11:14:25,098 - INFO - Arrived: 1 Broken: 1 Communication: 0.0
2023-09-27 11:14:25,099 - INFO - Episode 159 seed: 428
2023-09-27 11:14:25,819 - INFO - Episode 159 finished after 231 timesteps
2023-09-27 11:15:00,058 - INFO - Arrived: 1 Broken: 1 Communication: 0.0
2023-09-27 11:15:00,059 - INFO - Episode 160 seed: 428
2023-09-27 11:15:00,845 - INFO - Episode 160 finished after 246 timesteps
2023-09-27 11:15:35,051 - INFO - Arrived: 1 Broken: 1 Communication: 0.0
2023-09-27 11:15:35,051 - INFO - Episode 161 seed: 428
2023-09-27 11:15:35,797 - INFO - Episode 161 finished after 236 timesteps
2023-09-27 11:16:09,483 - INFO - Arrived: 0 Broken: 2 Communication: 0.0
2023-09-27 11:16:09,484 - INFO - Episode 162 seed: 428
2023-09-27 11:16:10,282 - INFO - Episode 162 finished after 243 timesteps
2023-09-27 11:16:45,206 - INFO - Arrived: 0 Broken: 2 Communication: 0.0
2023-09-27 11:16:45,206 - INFO - Episode 163 seed: 428
2023-09-27 11:16:46,068 - INFO - Episode 163 finished after 254 timesteps
2023-09-27 11:17:19,858 - INFO - Arrived: 0 Broken: 2 Communication: 0.0
2023-09-27 11:17:19,859 - INFO - Episode 164 seed: 428
2023-09-27 11:17:20,577 - INFO - Episode 164 finished after 242 timesteps
2023-09-27 11:17:56,209 - INFO - Arrived: 1 Broken: 1 Communication: 0.0
2023-09-27 11:17:56,210 - INFO - Episode 165 seed: 428
2023-09-27 11:17:56,981 - INFO - Episode 165 finished after 259 timesteps
2023-09-27 11:18:32,306 - INFO - Arrived: 0 Broken: 2 Communication: 0.0
2023-09-27 11:18:32,307 - INFO - Episode 166 seed: 428
2023-09-27 11:18:33,139 - INFO - Episode 166 finished after 246 timesteps
2023-09-27 11:19:08,995 - INFO - Arrived: 1 Broken: 1 Communication: 0.0
2023-09-27 11:19:08,996 - INFO - Episode 167 seed: 428
2023-09-27 11:19:09,805 - INFO - Episode 167 finished after 262 timesteps
2023-09-27 11:19:45,002 - INFO - Arrived: 0 Broken: 2 Communication: 0.0
2023-09-27 11:19:45,003 - INFO - Episode 168 seed: 428
2023-09-27 11:19:45,823 - INFO - Episode 168 finished after 246 timesteps
2023-09-27 11:20:21,427 - INFO - Arrived: 0 Broken: 2 Communication: 0.0
2023-09-27 11:20:21,427 - INFO - Episode 169 seed: 428
2023-09-27 11:20:22,237 - INFO - Episode 169 finished after 250 timesteps
2023-09-27 11:20:57,849 - INFO - Arrived: 0 Broken: 2 Communication: 0.0
2023-09-27 11:20:57,849 - INFO - Episode 170 seed: 428
2023-09-27 11:20:58,722 - INFO - Episode 170 finished after 253 timesteps
2023-09-27 11:21:33,443 - INFO - Arrived: 1 Broken: 1 Communication: 0.0
2023-09-27 11:21:33,444 - INFO - Episode 171 seed: 428
2023-09-27 11:21:34,161 - INFO - Episode 171 finished after 230 timesteps
2023-09-27 11:22:01,839 - INFO - Arrived: 1 Broken: 1 Communication: 0.0
2023-09-27 11:22:01,840 - INFO - Episode 172 seed: 428
2023-09-27 11:22:02,797 - INFO - Episode 172 finished after 221 timesteps
2023-09-27 11:22:30,886 - INFO - Arrived: 1 Broken: 1 Communication: 0.0
2023-09-27 11:22:30,886 - INFO - Episode 173 seed: 428
2023-09-27 11:22:31,808 - INFO - Episode 173 finished after 223 timesteps
2023-09-27 11:23:00,559 - INFO - Arrived: 1 Broken: 1 Communication: 0.0
2023-09-27 11:23:00,559 - INFO - Episode 174 seed: 428
2023-09-27 11:23:35,915 - INFO - Arrived: 1 Broken: 0 Communication: 0.0
2023-09-27 11:23:35,915 - INFO - Episode 175 seed: 428
2023-09-27 11:23:36,681 - INFO - Episode 175 finished after 260 timesteps
2023-09-27 11:24:10,980 - INFO - Arrived: 0 Broken: 2 Communication: 0.0
2023-09-27 11:24:10,981 - INFO - Episode 176 seed: 428
2023-09-27 11:24:11,750 - INFO - Episode 176 finished after 228 timesteps
2023-09-27 11:24:46,277 - INFO - Arrived: 0 Broken: 2 Communication: 0.0
2023-09-27 11:24:46,277 - INFO - Episode 177 seed: 428
2023-09-27 11:24:46,993 - INFO - Episode 177 finished after 226 timesteps
2023-09-27 11:25:22,203 - INFO - Arrived: 1 Broken: 1 Communication: 0.0
2023-09-27 11:25:22,203 - INFO - Episode 178 seed: 428
2023-09-27 11:25:58,169 - INFO - Arrived: 0 Broken: 1 Communication: 0.0
2023-09-27 11:25:58,169 - INFO - Episode 179 seed: 428
2023-09-27 11:25:58,871 - INFO - Episode 179 finished after 246 timesteps
2023-09-27 11:26:34,303 - INFO - Arrived: 0 Broken: 2 Communication: 0.0
2023-09-27 11:26:34,303 - INFO - Episode 180 seed: 428
2023-09-27 11:26:34,901 - INFO - Episode 180 finished after 193 timesteps
2023-09-27 11:27:09,550 - INFO - Arrived: 2 Broken: 0 Communication: 0.0
2023-09-27 11:27:09,550 - INFO - Episode 181 seed: 428
2023-09-27 11:27:10,300 - INFO - Episode 181 finished after 244 timesteps
2023-09-27 11:27:44,924 - INFO - Arrived: 1 Broken: 1 Communication: 0.0
2023-09-27 11:27:44,925 - INFO - Episode 182 seed: 428
2023-09-27 11:27:45,669 - INFO - Episode 182 finished after 249 timesteps
2023-09-27 11:28:20,830 - INFO - Arrived: 0 Broken: 2 Communication: 0.0
2023-09-27 11:28:20,830 - INFO - Episode 183 seed: 428
2023-09-27 11:28:21,570 - INFO - Episode 183 finished after 218 timesteps
2023-09-27 11:28:55,105 - INFO - Arrived: 1 Broken: 1 Communication: 0.0
2023-09-27 11:28:55,105 - INFO - Episode 184 seed: 428
2023-09-27 11:28:55,662 - INFO - Episode 184 finished after 240 timesteps
2023-09-27 11:29:30,428 - INFO - Arrived: 1 Broken: 1 Communication: 0.0
2023-09-27 11:29:30,429 - INFO - Episode 185 seed: 428
2023-09-27 11:29:31,349 - INFO - Episode 185 finished after 269 timesteps
2023-09-27 11:30:05,040 - INFO - Arrived: 0 Broken: 2 Communication: 0.0
2023-09-27 11:30:05,041 - INFO - Episode 186 seed: 428
2023-09-27 11:30:41,220 - INFO - Arrived: 1 Broken: 0 Communication: 0.0
2023-09-27 11:30:41,220 - INFO - Episode 187 seed: 428
2023-09-27 11:31:16,767 - INFO - Arrived: 1 Broken: 0 Communication: 0.0
2023-09-27 11:31:16,767 - INFO - Episode 188 seed: 428
2023-09-27 11:31:51,796 - INFO - Arrived: 0 Broken: 1 Communication: 0.0
2023-09-27 11:31:51,796 - INFO - Episode 189 seed: 428
2023-09-27 11:32:26,581 - INFO - Arrived: 0 Broken: 1 Communication: 0.0
2023-09-27 11:32:26,581 - INFO - Episode 190 seed: 428
2023-09-27 11:32:27,220 - INFO - Episode 190 finished after 215 timesteps
2023-09-27 11:33:01,740 - INFO - Arrived: 0 Broken: 2 Communication: 0.0
2023-09-27 11:33:01,740 - INFO - Episode 191 seed: 428
2023-09-27 11:33:02,005 - INFO - Episode 191 finished after 84 timesteps
2023-09-27 11:33:36,229 - INFO - Arrived: 2 Broken: 0 Communication: 0.0
2023-09-27 11:33:36,229 - INFO - Episode 192 seed: 428
2023-09-27 11:33:36,855 - INFO - Episode 192 finished after 252 timesteps
2023-09-27 11:34:12,458 - INFO - Arrived: 1 Broken: 1 Communication: 0.0
2023-09-27 11:34:12,458 - INFO - Episode 193 seed: 428
2023-09-27 11:34:13,126 - INFO - Episode 193 finished after 225 timesteps
2023-09-27 11:34:48,682 - INFO - Arrived: 0 Broken: 2 Communication: 0.0
2023-09-27 11:34:48,682 - INFO - Episode 194 seed: 428
2023-09-27 11:34:49,112 - INFO - Episode 194 finished after 128 timesteps
2023-09-27 11:35:23,669 - INFO - Arrived: 2 Broken: 0 Communication: 0.0
2023-09-27 11:35:23,669 - INFO - Episode 195 seed: 428
2023-09-27 11:35:24,476 - INFO - Episode 195 finished after 257 timesteps
2023-09-27 11:35:59,959 - INFO - Arrived: 1 Broken: 1 Communication: 0.0
2023-09-27 11:35:59,959 - INFO - Episode 196 seed: 428
2023-09-27 11:36:00,126 - INFO - Episode 196 finished after 50 timesteps
2023-09-27 11:36:33,956 - INFO - Arrived: 2 Broken: 0 Communication: 0.0
2023-09-27 11:36:33,956 - INFO - Episode 197 seed: 428
2023-09-27 11:36:34,408 - INFO - Episode 197 finished after 124 timesteps
2023-09-27 11:37:10,230 - INFO - Arrived: 2 Broken: 0 Communication: 0.0
2023-09-27 11:37:10,231 - INFO - Episode 198 seed: 428
2023-09-27 11:37:10,989 - INFO - Episode 198 finished after 258 timesteps
2023-09-27 11:37:47,131 - INFO - Arrived: 1 Broken: 1 Communication: 0.0
2023-09-27 11:37:47,132 - INFO - Episode 199 seed: 428
2023-09-27 11:37:47,987 - INFO - Episode 199 finished after 263 timesteps
2023-09-27 11:38:23,030 - INFO - Arrived: 1 Broken: 1 Communication: 0.0
2023-09-27 11:38:23,030 - INFO - Episode 200 seed: 428
2023-09-27 11:38:23,844 - INFO - Episode 200 finished after 234 timesteps
2023-09-27 11:39:00,303 - INFO - Arrived: 1 Broken: 1 Communication: 0.0
2023-09-27 11:39:00,303 - INFO - Episode 201 seed: 428
2023-09-27 11:39:00,414 - INFO - Episode 201 finished after 39 timesteps
2023-09-27 11:39:35,719 - INFO - Arrived: 2 Broken: 0 Communication: 0.0
2023-09-27 11:39:35,719 - INFO - Episode 202 seed: 428
2023-09-27 11:39:36,286 - INFO - Episode 202 finished after 193 timesteps
2023-09-27 11:40:11,405 - INFO - Arrived: 1 Broken: 1 Communication: 0.0
2023-09-27 11:40:11,405 - INFO - Episode 203 seed: 428
2023-09-27 11:40:12,004 - INFO - Episode 203 finished after 199 timesteps
2023-09-27 11:40:46,563 - INFO - Arrived: 1 Broken: 1 Communication: 0.0
2023-09-27 11:40:46,563 - INFO - Episode 204 seed: 428
2023-09-27 11:40:46,724 - INFO - Episode 204 finished after 56 timesteps
2023-09-27 11:41:25,591 - INFO - Arrived: 2 Broken: 0 Communication: 0.0
2023-09-27 11:41:25,591 - INFO - Episode 205 seed: 428
2023-09-27 11:41:26,268 - INFO - Episode 205 finished after 208 timesteps
2023-09-27 11:42:03,119 - INFO - Arrived: 1 Broken: 1 Communication: 0.0
2023-09-27 11:42:03,120 - INFO - Episode 206 seed: 428
2023-09-27 11:42:03,379 - INFO - Episode 206 finished after 123 timesteps
2023-09-27 11:42:40,471 - INFO - Arrived: 2 Broken: 0 Communication: 0.0
2023-09-27 11:42:40,472 - INFO - Episode 207 seed: 428
2023-09-27 11:42:41,217 - INFO - Episode 207 finished after 241 timesteps
2023-09-27 11:43:17,771 - INFO - Arrived: 1 Broken: 1 Communication: 0.0
2023-09-27 11:43:17,772 - INFO - Episode 208 seed: 428
2023-09-27 11:43:18,251 - INFO - Episode 208 finished after 143 timesteps
2023-09-27 11:43:54,188 - INFO - Arrived: 2 Broken: 0 Communication: 0.0
2023-09-27 11:43:54,189 - INFO - Episode 209 seed: 428
2023-09-27 11:43:54,467 - INFO - Episode 209 finished after 82 timesteps
2023-09-27 11:44:32,563 - INFO - Arrived: 2 Broken: 0 Communication: 0.0
2023-09-27 11:44:32,563 - INFO - Episode 210 seed: 428
2023-09-27 11:44:32,790 - INFO - Episode 210 finished after 72 timesteps
2023-09-27 11:45:12,062 - INFO - Arrived: 2 Broken: 0 Communication: 0.0
2023-09-27 11:45:12,063 - INFO - Episode 211 seed: 428
2023-09-27 11:45:12,089 - INFO - Episode 211 finished after 15 timesteps
2023-09-27 11:45:52,234 - INFO - Arrived: 2 Broken: 0 Communication: 0.0
2023-09-27 11:45:52,235 - INFO - Episode 212 seed: 428
2023-09-27 11:45:52,376 - INFO - Episode 212 finished after 41 timesteps
2023-09-27 11:46:33,405 - INFO - Arrived: 2 Broken: 0 Communication: 0.0
2023-09-27 11:46:33,405 - INFO - Episode 213 seed: 428
2023-09-27 11:46:33,616 - INFO - Episode 213 finished after 68 timesteps
2023-09-27 11:47:13,105 - INFO - Arrived: 2 Broken: 0 Communication: 0.0
2023-09-27 11:47:13,105 - INFO - Episode 214 seed: 428
2023-09-27 11:47:13,717 - INFO - Episode 214 finished after 184 timesteps
2023-09-27 11:47:55,339 - INFO - Arrived: 1 Broken: 1 Communication: 0.0
2023-09-27 11:47:55,339 - INFO - Episode 215 seed: 428
2023-09-27 11:47:55,676 - INFO - Episode 215 finished after 110 timesteps
2023-09-27 11:48:36,752 - INFO - Arrived: 2 Broken: 0 Communication: 0.0
2023-09-27 11:48:36,752 - INFO - Episode 216 seed: 428
2023-09-27 11:48:36,895 - INFO - Episode 216 finished after 40 timesteps
2023-09-27 11:49:19,268 - INFO - Arrived: 2 Broken: 0 Communication: 0.0
2023-09-27 11:49:19,268 - INFO - Episode 217 seed: 428
2023-09-27 11:49:19,970 - INFO - Episode 217 finished after 219 timesteps
2023-09-27 11:49:58,601 - INFO - Arrived: 1 Broken: 1 Communication: 0.0
2023-09-27 11:49:58,601 - INFO - Episode 218 seed: 428
2023-09-27 11:49:58,658 - INFO - Episode 218 finished after 32 timesteps
2023-09-27 11:50:39,607 - INFO - Arrived: 2 Broken: 0 Communication: 0.0
2023-09-27 11:50:39,607 - INFO - Episode 219 seed: 428
2023-09-27 11:51:22,229 - INFO - Arrived: 1 Broken: 0 Communication: 0.0
2023-09-27 11:51:22,229 - INFO - Episode 220 seed: 428
2023-09-27 11:52:05,229 - INFO - Arrived: 1 Broken: 0 Communication: 0.0
2023-09-27 11:52:05,229 - INFO - Episode 221 seed: 428
2023-09-27 11:52:06,001 - INFO - Episode 221 finished after 255 timesteps
2023-09-27 11:52:49,173 - INFO - Arrived: 1 Broken: 1 Communication: 0.0
2023-09-27 11:52:49,173 - INFO - Episode 222 seed: 428
2023-09-27 11:52:49,841 - INFO - Episode 222 finished after 198 timesteps
2023-09-27 11:53:30,365 - INFO - Arrived: 1 Broken: 1 Communication: 0.0
2023-09-27 11:53:30,365 - INFO - Episode 223 seed: 428
2023-09-27 11:53:30,876 - INFO - Episode 223 finished after 174 timesteps
2023-09-27 11:54:13,619 - INFO - Arrived: 2 Broken: 0 Communication: 0.0
2023-09-27 11:54:13,619 - INFO - Episode 224 seed: 428
2023-09-27 11:54:14,466 - INFO - Episode 224 finished after 274 timesteps
2023-09-27 11:54:56,382 - INFO - Arrived: 1 Broken: 1 Communication: 0.0
2023-09-27 11:54:56,382 - INFO - Episode 225 seed: 428
2023-09-27 11:54:57,119 - INFO - Episode 225 finished after 235 timesteps
2023-09-27 11:55:35,128 - INFO - Arrived: 0 Broken: 2 Communication: 0.0
2023-09-27 11:55:35,129 - INFO - Episode 226 seed: 428
2023-09-27 11:55:36,013 - INFO - Episode 226 finished after 269 timesteps
2023-09-27 11:56:19,367 - INFO - Arrived: 1 Broken: 1 Communication: 0.0
2023-09-27 11:56:19,368 - INFO - Episode 227 seed: 428
2023-09-27 11:56:19,911 - INFO - Episode 227 finished after 162 timesteps
2023-09-27 11:56:59,252 - INFO - Arrived: 1 Broken: 1 Communication: 0.0
2023-09-27 11:56:59,252 - INFO - Episode 228 seed: 428
2023-09-27 11:57:00,098 - INFO - Episode 228 finished after 262 timesteps
2023-09-27 11:57:37,639 - INFO - Arrived: 1 Broken: 1 Communication: 0.0
2023-09-27 11:57:37,639 - INFO - Episode 229 seed: 428
2023-09-27 11:57:38,422 - INFO - Episode 229 finished after 241 timesteps
2023-09-27 11:58:19,437 - INFO - Arrived: 1 Broken: 1 Communication: 0.0
2023-09-27 11:58:19,437 - INFO - Episode 230 seed: 428
2023-09-27 11:58:20,218 - INFO - Episode 230 finished after 252 timesteps
2023-09-27 11:58:59,251 - INFO - Arrived: 1 Broken: 1 Communication: 0.0
2023-09-27 11:58:59,251 - INFO - Episode 231 seed: 428
2023-09-27 11:58:59,870 - INFO - Episode 231 finished after 191 timesteps
2023-09-27 11:59:43,771 - INFO - Arrived: 1 Broken: 1 Communication: 0.0
2023-09-27 11:59:43,771 - INFO - Episode 232 seed: 428
2023-09-27 12:00:24,730 - INFO - Arrived: 1 Broken: 0 Communication: 0.0
2023-09-27 12:00:24,731 - INFO - Episode 233 seed: 428
2023-09-27 12:00:25,351 - INFO - Episode 233 finished after 198 timesteps
2023-09-27 12:01:06,008 - INFO - Arrived: 1 Broken: 1 Communication: 0.0
2023-09-27 12:01:06,008 - INFO - Episode 234 seed: 428
2023-09-27 12:01:06,744 - INFO - Episode 234 finished after 220 timesteps
2023-09-27 12:01:46,921 - INFO - Arrived: 1 Broken: 1 Communication: 0.0
2023-09-27 12:01:46,921 - INFO - Episode 235 seed: 428
2023-09-27 12:01:47,081 - INFO - Episode 235 finished after 60 timesteps
2023-09-27 12:02:25,796 - INFO - Arrived: 2 Broken: 0 Communication: 0.0
2023-09-27 12:02:25,796 - INFO - Episode 236 seed: 428
2023-09-27 12:02:26,711 - INFO - Episode 236 finished after 283 timesteps
2023-09-27 12:03:04,915 - INFO - Arrived: 1 Broken: 1 Communication: 0.0
2023-09-27 12:03:04,915 - INFO - Episode 237 seed: 428
2023-09-27 12:03:48,937 - INFO - Arrived: 1 Broken: 0 Communication: 0.0
2023-09-27 12:03:48,938 - INFO - Episode 238 seed: 428
2023-09-27 12:04:31,792 - INFO - Arrived: 0 Broken: 1 Communication: 0.0
2023-09-27 12:04:31,792 - INFO - Episode 239 seed: 428
2023-09-27 12:05:09,838 - INFO - Arrived: 1 Broken: 0 Communication: 0.0
2023-09-27 12:05:09,838 - INFO - Episode 240 seed: 428
2023-09-27 12:05:47,879 - INFO - Arrived: 1 Broken: 0 Communication: 0.0
2023-09-27 12:05:47,879 - INFO - Episode 241 seed: 428
2023-09-27 12:05:48,236 - INFO - Episode 241 finished after 116 timesteps
2023-09-27 12:06:27,300 - INFO - Arrived: 2 Broken: 0 Communication: 0.0
2023-09-27 12:06:27,300 - INFO - Episode 242 seed: 428
2023-09-27 12:06:27,719 - INFO - Episode 242 finished after 138 timesteps
2023-09-27 12:07:05,057 - INFO - Arrived: 2 Broken: 0 Communication: 0.0
2023-09-27 12:07:05,058 - INFO - Episode 243 seed: 428
2023-09-27 12:07:05,483 - INFO - Episode 243 finished after 158 timesteps
2023-09-27 12:07:44,118 - INFO - Arrived: 1 Broken: 1 Communication: 0.0
2023-09-27 12:07:44,118 - INFO - Episode 244 seed: 428
2023-09-27 12:07:44,902 - INFO - Episode 244 finished after 250 timesteps
2023-09-27 12:08:22,275 - INFO - Arrived: 0 Broken: 2 Communication: 0.0
2023-09-27 12:08:22,275 - INFO - Episode 245 seed: 428
2023-09-27 12:08:23,177 - INFO - Episode 245 finished after 248 timesteps
2023-09-27 12:09:00,369 - INFO - Arrived: 0 Broken: 2 Communication: 0.0
2023-09-27 12:09:00,369 - INFO - Episode 246 seed: 428
2023-09-27 12:09:00,483 - INFO - Episode 246 finished after 28 timesteps
2023-09-27 12:09:37,740 - INFO - Arrived: 2 Broken: 0 Communication: 0.0
2023-09-27 12:09:37,740 - INFO - Episode 247 seed: 428
2023-09-27 12:09:38,606 - INFO - Episode 247 finished after 260 timesteps
2023-09-27 12:10:17,943 - INFO - Arrived: 1 Broken: 1 Communication: 0.0
2023-09-27 12:10:17,944 - INFO - Episode 248 seed: 428
2023-09-27 12:10:18,739 - INFO - Episode 248 finished after 244 timesteps
2023-09-27 12:10:56,719 - INFO - Arrived: 1 Broken: 1 Communication: 0.0
2023-09-27 12:10:56,720 - INFO - Episode 249 seed: 428
2023-09-27 12:11:35,614 - INFO - Arrived: 1 Broken: 0 Communication: 0.0
2023-09-27 12:11:35,614 - INFO - Episode 250 seed: 428
2023-09-27 12:12:12,595 - INFO - Arrived: 0 Broken: 1 Communication: 0.0
2023-09-27 12:12:12,595 - INFO - Episode 251 seed: 428
2023-09-27 12:12:13,203 - INFO - Episode 251 finished after 221 timesteps
2023-09-27 12:12:51,608 - INFO - Arrived: 1 Broken: 1 Communication: 0.0
2023-09-27 12:12:51,608 - INFO - Episode 252 seed: 428
2023-09-27 12:12:51,969 - INFO - Episode 252 finished after 108 timesteps
2023-09-27 12:13:29,077 - INFO - Arrived: 2 Broken: 0 Communication: 0.0
2023-09-27 12:13:29,077 - INFO - Episode 253 seed: 428
2023-09-27 12:13:29,570 - INFO - Episode 253 finished after 177 timesteps
2023-09-27 12:14:06,299 - INFO - Arrived: 1 Broken: 1 Communication: 0.0
2023-09-27 12:14:06,299 - INFO - Episode 254 seed: 428
2023-09-27 12:14:07,201 - INFO - Episode 254 finished after 227 timesteps
2023-09-27 12:14:44,751 - INFO - Arrived: 1 Broken: 1 Communication: 0.0
2023-09-27 12:14:44,751 - INFO - Episode 255 seed: 428
2023-09-27 12:14:44,823 - INFO - Episode 255 finished after 15 timesteps
2023-09-27 12:15:21,342 - INFO - Arrived: 2 Broken: 0 Communication: 0.0
2023-09-27 12:15:21,342 - INFO - Episode 256 seed: 428
2023-09-27 12:15:22,319 - INFO - Episode 256 finished after 292 timesteps
2023-09-27 12:15:58,034 - INFO - Arrived: 1 Broken: 1 Communication: 0.0
2023-09-27 12:15:58,035 - INFO - Episode 257 seed: 428
2023-09-27 12:15:58,068 - INFO - Episode 257 finished after 13 timesteps
2023-09-27 12:16:33,500 - INFO - Arrived: 2 Broken: 0 Communication: 0.0
2023-09-27 12:16:33,500 - INFO - Episode 258 seed: 428
2023-09-27 12:17:10,472 - INFO - Arrived: 0 Broken: 1 Communication: 0.0
2023-09-27 12:17:10,472 - INFO - Episode 259 seed: 428
2023-09-27 12:17:11,302 - INFO - Episode 259 finished after 268 timesteps
2023-09-27 12:17:49,884 - INFO - Arrived: 0 Broken: 2 Communication: 0.0
2023-09-27 12:17:49,884 - INFO - Episode 260 seed: 428
2023-09-27 12:18:26,704 - INFO - Arrived: 1 Broken: 0 Communication: 0.0
2023-09-27 12:18:26,704 - INFO - Episode 261 seed: 428
2023-09-27 12:19:03,614 - INFO - Arrived: 1 Broken: 0 Communication: 0.0
2023-09-27 12:19:03,614 - INFO - Episode 262 seed: 428
2023-09-27 12:19:43,638 - INFO - Arrived: 1 Broken: 0 Communication: 0.0
2023-09-27 12:19:43,639 - INFO - Episode 263 seed: 428
2023-09-27 12:20:21,259 - INFO - Arrived: 0 Broken: 1 Communication: 0.0
2023-09-27 12:20:21,259 - INFO - Episode 264 seed: 428
2023-09-27 12:20:21,825 - INFO - Episode 264 finished after 178 timesteps
2023-09-27 12:21:00,697 - INFO - Arrived: 1 Broken: 1 Communication: 0.0
2023-09-27 12:21:00,697 - INFO - Episode 265 seed: 428
2023-09-27 12:21:36,473 - INFO - Arrived: 1 Broken: 0 Communication: 0.0
2023-09-27 12:21:36,474 - INFO - Episode 266 seed: 428
2023-09-27 12:22:13,818 - INFO - Arrived: 1 Broken: 0 Communication: 0.0
2023-09-27 12:22:13,818 - INFO - Episode 267 seed: 428
2023-09-27 12:22:51,538 - INFO - Arrived: 1 Broken: 0 Communication: 0.0
2023-09-27 12:22:51,538 - INFO - Episode 268 seed: 428
2023-09-27 12:22:52,367 - INFO - Episode 268 finished after 293 timesteps
2023-09-27 12:23:29,094 - INFO - Arrived: 1 Broken: 1 Communication: 0.0
2023-09-27 12:23:29,095 - INFO - Episode 269 seed: 428
2023-09-27 12:24:05,671 - INFO - Arrived: 1 Broken: 0 Communication: 0.0
2023-09-27 12:24:05,671 - INFO - Episode 270 seed: 428
2023-09-27 12:24:40,933 - INFO - Arrived: 0 Broken: 1 Communication: 0.0
2023-09-27 12:24:40,934 - INFO - Episode 271 seed: 428
2023-09-27 12:25:16,830 - INFO - Arrived: 0 Broken: 1 Communication: 0.0
2023-09-27 12:25:16,830 - INFO - Episode 272 seed: 428
2023-09-27 12:25:52,149 - INFO - Arrived: 1 Broken: 0 Communication: 0.0
2023-09-27 12:25:52,149 - INFO - Episode 273 seed: 428
2023-09-27 12:26:27,190 - INFO - Arrived: 1 Broken: 0 Communication: 0.0
2023-09-27 12:26:27,190 - INFO - Episode 274 seed: 428
2023-09-27 12:26:27,869 - INFO - Episode 274 finished after 239 timesteps
2023-09-27 12:27:01,149 - INFO - Arrived: 1 Broken: 1 Communication: 0.0
2023-09-27 12:27:01,149 - INFO - Episode 275 seed: 428
2023-09-27 12:27:01,817 - INFO - Episode 275 finished after 234 timesteps
2023-09-27 12:27:36,676 - INFO - Arrived: 1 Broken: 1 Communication: 0.0
2023-09-27 12:27:36,676 - INFO - Episode 276 seed: 428
2023-09-27 12:28:12,434 - INFO - Arrived: 0 Broken: 1 Communication: 0.0
2023-09-27 12:28:12,435 - INFO - Episode 277 seed: 428
2023-09-27 12:28:13,071 - INFO - Episode 277 finished after 223 timesteps
2023-09-27 12:28:47,901 - INFO - Arrived: 1 Broken: 1 Communication: 0.0
2023-09-27 12:28:47,901 - INFO - Episode 278 seed: 428
2023-09-27 12:28:48,614 - INFO - Episode 278 finished after 221 timesteps
2023-09-27 12:29:21,750 - INFO - Arrived: 0 Broken: 2 Communication: 0.0
2023-09-27 12:29:21,750 - INFO - Episode 279 seed: 428
2023-09-27 12:29:22,493 - INFO - Episode 279 finished after 251 timesteps
2023-09-27 12:29:55,004 - INFO - Arrived: 1 Broken: 1 Communication: 0.0
2023-09-27 12:29:55,005 - INFO - Episode 280 seed: 428
2023-09-27 12:29:55,750 - INFO - Episode 280 finished after 270 timesteps
2023-09-27 12:30:29,029 - INFO - Arrived: 1 Broken: 1 Communication: 0.0
2023-09-27 12:30:29,029 - INFO - Episode 281 seed: 428
2023-09-27 12:30:30,088 - INFO - Episode 281 finished after 280 timesteps
2023-09-27 12:31:05,628 - INFO - Arrived: 1 Broken: 1 Communication: 0.0
2023-09-27 12:31:05,628 - INFO - Episode 282 seed: 428
2023-09-27 12:31:06,289 - INFO - Episode 282 finished after 245 timesteps
2023-09-27 12:31:41,154 - INFO - Arrived: 1 Broken: 1 Communication: 0.0
2023-09-27 12:31:41,154 - INFO - Episode 283 seed: 428
2023-09-27 12:32:15,784 - INFO - Arrived: 1 Broken: 0 Communication: 0.0
2023-09-27 12:32:15,784 - INFO - Episode 284 seed: 428
2023-09-27 12:32:16,496 - INFO - Episode 284 finished after 234 timesteps
2023-09-27 12:32:53,281 - INFO - Arrived: 0 Broken: 2 Communication: 0.0
2023-09-27 12:32:53,281 - INFO - Episode 285 seed: 428
2023-09-27 12:32:53,917 - INFO - Episode 285 finished after 199 timesteps
2023-09-27 12:33:26,600 - INFO - Arrived: 1 Broken: 1 Communication: 0.0
2023-09-27 12:33:26,601 - INFO - Episode 286 seed: 428
2023-09-27 12:33:27,315 - INFO - Episode 286 finished after 223 timesteps
2023-09-27 12:34:00,171 - INFO - Arrived: 0 Broken: 2 Communication: 0.0
2023-09-27 12:34:00,172 - INFO - Episode 287 seed: 428
2023-09-27 12:34:00,924 - INFO - Episode 287 finished after 206 timesteps
2023-09-27 12:34:34,370 - INFO - Arrived: 1 Broken: 1 Communication: 0.0
2023-09-27 12:34:34,370 - INFO - Episode 288 seed: 428
2023-09-27 12:34:35,156 - INFO - Episode 288 finished after 262 timesteps
2023-09-27 12:35:08,519 - INFO - Arrived: 0 Broken: 2 Communication: 0.0
2023-09-27 12:35:08,519 - INFO - Episode 289 seed: 428
2023-09-27 12:35:09,408 - INFO - Episode 289 finished after 260 timesteps
2023-09-27 12:35:42,758 - INFO - Arrived: 0 Broken: 2 Communication: 0.0
2023-09-27 12:35:42,759 - INFO - Episode 290 seed: 428
2023-09-27 12:35:43,375 - INFO - Episode 290 finished after 219 timesteps
2023-09-27 12:36:15,800 - INFO - Arrived: 1 Broken: 1 Communication: 0.0
2023-09-27 12:36:15,800 - INFO - Episode 291 seed: 428
2023-09-27 12:36:16,515 - INFO - Episode 291 finished after 251 timesteps
2023-09-27 12:36:49,583 - INFO - Arrived: 0 Broken: 2 Communication: 0.0
2023-09-27 12:36:49,584 - INFO - Episode 292 seed: 428
2023-09-27 12:36:50,195 - INFO - Episode 292 finished after 262 timesteps
2023-09-27 12:37:21,922 - INFO - Arrived: 0 Broken: 2 Communication: 0.0
2023-09-27 12:37:21,923 - INFO - Episode 293 seed: 428
2023-09-27 12:37:22,662 - INFO - Episode 293 finished after 263 timesteps
2023-09-27 12:37:55,931 - INFO - Arrived: 1 Broken: 1 Communication: 0.0
2023-09-27 12:37:55,931 - INFO - Episode 294 seed: 428
2023-09-27 12:38:31,840 - INFO - Arrived: 1 Broken: 0 Communication: 0.0
2023-09-27 12:38:31,841 - INFO - Episode 295 seed: 428
2023-09-27 12:38:32,489 - INFO - Episode 295 finished after 231 timesteps
2023-09-27 12:39:06,052 - INFO - Arrived: 1 Broken: 1 Communication: 0.0
2023-09-27 12:39:06,052 - INFO - Episode 296 seed: 428
2023-09-27 12:39:06,901 - INFO - Episode 296 finished after 280 timesteps
2023-09-27 12:39:41,222 - INFO - Arrived: 1 Broken: 1 Communication: 0.0
2023-09-27 12:39:41,222 - INFO - Episode 297 seed: 428
2023-09-27 12:39:41,947 - INFO - Episode 297 finished after 236 timesteps
2023-09-27 12:40:15,276 - INFO - Arrived: 1 Broken: 1 Communication: 0.0
2023-09-27 12:40:15,276 - INFO - Episode 298 seed: 428
2023-09-27 12:40:15,975 - INFO - Episode 298 finished after 224 timesteps
2023-09-27 12:40:49,318 - INFO - Arrived: 1 Broken: 1 Communication: 0.0
2023-09-27 12:40:49,318 - INFO - Episode 299 seed: 428
2023-09-27 12:40:50,040 - INFO - Episode 299 finished after 247 timesteps
2023-09-27 12:41:24,462 - INFO - Arrived: 1 Broken: 1 Communication: 0.0
2023-09-27 12:41:24,462 - INFO - Episode 300 seed: 428
2023-09-27 12:41:24,495 - INFO - Episode 300 finished after 20 timesteps
2023-09-27 12:41:57,429 - INFO - Arrived: 2 Broken: 0 Communication: 0.0
2023-09-27 12:41:57,429 - INFO - Episode 301 seed: 428
2023-09-27 12:42:32,096 - INFO - Arrived: 1 Broken: 0 Communication: 0.0
2023-09-27 12:42:32,096 - INFO - Episode 302 seed: 428
2023-09-27 12:42:32,807 - INFO - Episode 302 finished after 247 timesteps
2023-09-27 12:43:08,444 - INFO - Arrived: 0 Broken: 2 Communication: 0.0
2023-09-27 12:43:08,444 - INFO - Episode 303 seed: 428
2023-09-27 12:43:09,270 - INFO - Episode 303 finished after 262 timesteps
2023-09-27 12:43:45,299 - INFO - Arrived: 1 Broken: 1 Communication: 0.0
2023-09-27 12:43:45,299 - INFO - Episode 304 seed: 428
2023-09-27 12:43:45,410 - INFO - Episode 304 finished after 38 timesteps
2023-09-27 12:44:20,134 - INFO - Arrived: 2 Broken: 0 Communication: 0.0
2023-09-27 12:44:20,134 - INFO - Episode 305 seed: 428
2023-09-27 12:44:20,213 - INFO - Episode 305 finished after 26 timesteps
2023-09-27 12:44:55,697 - INFO - Arrived: 2 Broken: 0 Communication: 0.0
2023-09-27 12:44:55,697 - INFO - Episode 306 seed: 428
2023-09-27 12:44:55,812 - INFO - Episode 306 finished after 31 timesteps
2023-09-27 12:45:31,642 - INFO - Arrived: 2 Broken: 0 Communication: 0.0
2023-09-27 12:45:31,643 - INFO - Episode 307 seed: 428
2023-09-27 12:45:32,046 - INFO - Episode 307 finished after 120 timesteps
2023-09-27 12:46:10,117 - INFO - Arrived: 2 Broken: 0 Communication: 0.0
2023-09-27 12:46:10,117 - INFO - Episode 308 seed: 428
2023-09-27 12:46:10,161 - INFO - Episode 308 finished after 10 timesteps
2023-09-27 12:46:47,430 - INFO - Arrived: 2 Broken: 0 Communication: 0.0
2023-09-27 12:46:47,430 - INFO - Episode 309 seed: 428
2023-09-27 12:46:47,567 - INFO - Episode 309 finished after 47 timesteps
2023-09-27 12:47:24,598 - INFO - Arrived: 2 Broken: 0 Communication: 0.0
2023-09-27 12:47:24,598 - INFO - Episode 310 seed: 428
2023-09-27 12:47:24,711 - INFO - Episode 310 finished after 32 timesteps
2023-09-27 12:48:03,049 - INFO - Arrived: 2 Broken: 0 Communication: 0.0
2023-09-27 12:48:03,049 - INFO - Episode 311 seed: 428
2023-09-27 12:48:03,816 - INFO - Episode 311 finished after 256 timesteps
2023-09-27 12:48:46,215 - INFO - Arrived: 1 Broken: 1 Communication: 0.0
2023-09-27 12:48:46,215 - INFO - Episode 312 seed: 428
2023-09-27 12:48:46,998 - INFO - Episode 312 finished after 231 timesteps
2023-09-27 12:49:24,586 - INFO - Arrived: 1 Broken: 1 Communication: 0.0
2023-09-27 12:49:24,586 - INFO - Episode 313 seed: 428
2023-09-27 12:49:24,697 - INFO - Episode 313 finished after 36 timesteps
2023-09-27 12:50:05,049 - INFO - Arrived: 2 Broken: 0 Communication: 0.0
2023-09-27 12:50:05,049 - INFO - Episode 314 seed: 428
2023-09-27 12:50:45,145 - INFO - Arrived: 0 Broken: 1 Communication: 0.0
2023-09-27 12:50:45,145 - INFO - Episode 315 seed: 428
2023-09-27 12:50:45,255 - INFO - Episode 315 finished after 31 timesteps
2023-09-27 12:51:26,290 - INFO - Arrived: 2 Broken: 0 Communication: 0.0
2023-09-27 12:51:26,290 - INFO - Episode 316 seed: 428
2023-09-27 12:51:26,376 - INFO - Episode 316 finished after 31 timesteps
2023-09-27 12:52:07,399 - INFO - Arrived: 2 Broken: 0 Communication: 0.0
2023-09-27 12:52:07,399 - INFO - Episode 317 seed: 428
2023-09-27 12:52:07,526 - INFO - Episode 317 finished after 40 timesteps
2023-09-27 12:52:46,246 - INFO - Arrived: 2 Broken: 0 Communication: 0.0
2023-09-27 12:52:46,247 - INFO - Episode 318 seed: 428
2023-09-27 12:52:47,184 - INFO - Episode 318 finished after 288 timesteps
2023-09-27 12:53:27,030 - INFO - Arrived: 1 Broken: 1 Communication: 0.0
2023-09-27 12:53:27,030 - INFO - Episode 319 seed: 428
2023-09-27 12:53:27,097 - INFO - Episode 319 finished after 13 timesteps
2023-09-27 12:54:06,647 - INFO - Arrived: 2 Broken: 0 Communication: 0.0
2023-09-27 12:54:06,647 - INFO - Episode 320 seed: 428
2023-09-27 12:54:07,492 - INFO - Episode 320 finished after 249 timesteps
2023-09-27 12:55:03,831 - INFO - Arrived: 1 Broken: 1 Communication: 0.0
2023-09-27 12:55:03,831 - INFO - Episode 321 seed: 428
2023-09-27 12:55:03,907 - INFO - Episode 321 finished after 12 timesteps
2023-09-27 12:56:18,979 - INFO - Arrived: 2 Broken: 0 Communication: 0.0
2023-09-27 12:56:18,979 - INFO - Episode 322 seed: 428
2023-09-27 12:56:20,694 - INFO - Episode 322 finished after 243 timesteps
2023-09-27 12:57:33,775 - INFO - Arrived: 1 Broken: 1 Communication: 0.0
2023-09-27 12:57:33,775 - INFO - Episode 323 seed: 428
2023-09-27 12:57:33,876 - INFO - Episode 323 finished after 19 timesteps
2023-09-27 12:58:48,993 - INFO - Arrived: 2 Broken: 0 Communication: 0.0
2023-09-27 12:58:48,993 - INFO - Episode 324 seed: 428
2023-09-27 12:58:49,230 - INFO - Episode 324 finished after 33 timesteps
2023-09-27 13:00:04,046 - INFO - Arrived: 2 Broken: 0 Communication: 0.0
2023-09-27 13:00:04,046 - INFO - Episode 325 seed: 428
2023-09-27 13:00:04,479 - INFO - Episode 325 finished after 50 timesteps
2023-09-27 13:01:19,804 - INFO - Arrived: 2 Broken: 0 Communication: 0.0
2023-09-27 13:01:19,804 - INFO - Episode 326 seed: 428
2023-09-27 13:01:21,509 - INFO - Episode 326 finished after 230 timesteps
2023-09-27 13:02:38,037 - INFO - Arrived: 1 Broken: 1 Communication: 0.0
2023-09-27 13:02:38,038 - INFO - Episode 327 seed: 428
2023-09-27 13:02:40,031 - INFO - Episode 327 finished after 243 timesteps
2023-09-27 13:03:44,551 - INFO - Arrived: 1 Broken: 1 Communication: 0.0
2023-09-27 13:03:44,551 - INFO - Episode 328 seed: 428
2023-09-27 13:03:45,275 - INFO - Episode 328 finished after 90 timesteps
2023-09-27 13:04:58,933 - INFO - Arrived: 2 Broken: 0 Communication: 0.0
2023-09-27 13:04:58,933 - INFO - Episode 329 seed: 428
2023-09-27 13:05:00,838 - INFO - Episode 329 finished after 247 timesteps
2023-09-27 13:06:07,130 - INFO - Arrived: 1 Broken: 1 Communication: 0.0
2023-09-27 13:06:07,130 - INFO - Episode 330 seed: 428
2023-09-27 13:06:07,799 - INFO - Episode 330 finished after 252 timesteps
2023-09-27 13:06:52,226 - INFO - Arrived: 1 Broken: 1 Communication: 0.0
2023-09-27 13:06:52,226 - INFO - Episode 331 seed: 428
2023-09-27 13:06:52,367 - INFO - Episode 331 finished after 40 timesteps
2023-09-27 13:07:33,357 - INFO - Arrived: 2 Broken: 0 Communication: 0.0
2023-09-27 13:07:33,357 - INFO - Episode 332 seed: 428
2023-09-27 13:07:33,808 - INFO - Episode 332 finished after 136 timesteps
2023-09-27 13:08:19,168 - INFO - Arrived: 2 Broken: 0 Communication: 0.0
2023-09-27 13:08:19,168 - INFO - Episode 333 seed: 428
2023-09-27 13:08:20,010 - INFO - Episode 333 finished after 299 timesteps
2023-09-27 13:09:03,550 - INFO - Arrived: 1 Broken: 1 Communication: 0.0
2023-09-27 13:09:03,550 - INFO - Episode 334 seed: 428
2023-09-27 13:09:03,574 - INFO - Episode 334 finished after 12 timesteps
2023-09-27 13:09:51,450 - INFO - Arrived: 2 Broken: 0 Communication: 0.0
2023-09-27 13:09:51,451 - INFO - Episode 335 seed: 428
2023-09-27 13:09:51,484 - INFO - Episode 335 finished after 8 timesteps
2023-09-27 13:10:36,926 - INFO - Arrived: 2 Broken: 0 Communication: 0.0
2023-09-27 13:10:36,926 - INFO - Episode 336 seed: 428
2023-09-27 13:10:36,998 - INFO - Episode 336 finished after 16 timesteps
2023-09-27 13:11:22,665 - INFO - Arrived: 2 Broken: 0 Communication: 0.0
2023-09-27 13:11:22,666 - INFO - Episode 337 seed: 428
2023-09-27 13:11:23,442 - INFO - Episode 337 finished after 248 timesteps
2023-09-27 13:12:10,527 - INFO - Arrived: 1 Broken: 1 Communication: 0.0
2023-09-27 13:12:10,527 - INFO - Episode 338 seed: 428
2023-09-27 13:12:11,112 - INFO - Episode 338 finished after 168 timesteps
2023-09-27 13:12:52,308 - INFO - Arrived: 1 Broken: 1 Communication: 0.0
2023-09-27 13:12:52,308 - INFO - Episode 339 seed: 428
2023-09-27 13:12:53,068 - INFO - Episode 339 finished after 273 timesteps
2023-09-27 13:13:33,555 - INFO - Arrived: 1 Broken: 1 Communication: 0.0
2023-09-27 13:13:33,556 - INFO - Episode 340 seed: 428
2023-09-27 13:13:34,351 - INFO - Episode 340 finished after 245 timesteps
2023-09-27 13:14:17,124 - INFO - Arrived: 0 Broken: 2 Communication: 0.0
2023-09-27 13:14:17,125 - INFO - Episode 341 seed: 428
2023-09-27 13:14:17,818 - INFO - Episode 341 finished after 223 timesteps
2023-09-27 13:15:01,873 - INFO - Arrived: 1 Broken: 1 Communication: 0.0
2023-09-27 13:15:01,873 - INFO - Episode 342 seed: 428
2023-09-27 13:15:02,541 - INFO - Episode 342 finished after 213 timesteps
2023-09-27 13:15:45,429 - INFO - Arrived: 1 Broken: 1 Communication: 0.0
2023-09-27 13:15:45,430 - INFO - Episode 343 seed: 428
2023-09-27 13:15:46,175 - INFO - Episode 343 finished after 224 timesteps
2023-09-27 13:16:29,459 - INFO - Arrived: 1 Broken: 1 Communication: 0.0
2023-09-27 13:16:29,459 - INFO - Episode 344 seed: 428
2023-09-27 13:16:30,186 - INFO - Episode 344 finished after 238 timesteps
2023-09-27 13:17:13,262 - INFO - Arrived: 1 Broken: 1 Communication: 0.0
2023-09-27 13:17:13,263 - INFO - Episode 345 seed: 428
2023-09-27 13:17:13,963 - INFO - Episode 345 finished after 239 timesteps
2023-09-27 13:17:55,176 - INFO - Arrived: 1 Broken: 1 Communication: 0.0
2023-09-27 13:17:55,176 - INFO - Episode 346 seed: 428
2023-09-27 13:17:55,595 - INFO - Episode 346 finished after 121 timesteps
2023-09-27 13:18:39,153 - INFO - Arrived: 2 Broken: 0 Communication: 0.0
2023-09-27 13:18:39,153 - INFO - Episode 347 seed: 428
2023-09-27 13:18:39,758 - INFO - Episode 347 finished after 221 timesteps
2023-09-27 13:19:21,499 - INFO - Arrived: 1 Broken: 1 Communication: 0.0
2023-09-27 13:19:21,499 - INFO - Episode 348 seed: 428
2023-09-27 13:19:21,811 - INFO - Episode 348 finished after 108 timesteps
2023-09-27 13:20:04,685 - INFO - Arrived: 2 Broken: 0 Communication: 0.0
2023-09-27 13:20:04,686 - INFO - Episode 349 seed: 428
2023-09-27 13:20:04,713 - INFO - Episode 349 finished after 15 timesteps
2023-09-27 13:20:46,790 - INFO - Arrived: 2 Broken: 0 Communication: 0.0
2023-09-27 13:20:46,791 - INFO - Episode 350 seed: 428
2023-09-27 13:20:47,254 - INFO - Episode 350 finished after 156 timesteps
2023-09-27 13:21:22,409 - INFO - Arrived: 1 Broken: 1 Communication: 0.0
2023-09-27 13:21:22,409 - INFO - Episode 351 seed: 428
2023-09-27 13:21:22,837 - INFO - Episode 351 finished after 144 timesteps
2023-09-27 13:22:03,841 - INFO - Arrived: 1 Broken: 1 Communication: 0.0
2023-09-27 13:22:03,841 - INFO - Episode 352 seed: 428
2023-09-27 13:22:04,546 - INFO - Episode 352 finished after 227 timesteps
2023-09-27 13:22:42,791 - INFO - Arrived: 1 Broken: 1 Communication: 0.0
2023-09-27 13:22:42,791 - INFO - Episode 353 seed: 428
2023-09-27 13:22:43,465 - INFO - Episode 353 finished after 213 timesteps
2023-09-27 13:23:25,178 - INFO - Arrived: 1 Broken: 1 Communication: 0.0
2023-09-27 13:23:25,178 - INFO - Episode 354 seed: 428
2023-09-27 13:23:25,362 - INFO - Episode 354 finished after 58 timesteps
2023-09-27 13:24:05,817 - INFO - Arrived: 2 Broken: 0 Communication: 0.0
2023-09-27 13:24:05,817 - INFO - Episode 355 seed: 428
2023-09-27 13:24:06,458 - INFO - Episode 355 finished after 200 timesteps
2023-09-27 13:24:47,674 - INFO - Arrived: 1 Broken: 1 Communication: 0.0
2023-09-27 13:24:47,674 - INFO - Episode 356 seed: 428
2023-09-27 13:24:48,361 - INFO - Episode 356 finished after 220 timesteps
2023-09-27 13:25:24,071 - INFO - Arrived: 1 Broken: 1 Communication: 0.0
2023-09-27 13:25:24,071 - INFO - Episode 357 seed: 428
2023-09-27 13:25:24,903 - INFO - Episode 357 finished after 265 timesteps
2023-09-27 13:25:57,960 - INFO - Arrived: 1 Broken: 1 Communication: 0.0
2023-09-27 13:25:57,960 - INFO - Episode 358 seed: 428
2023-09-27 13:25:58,679 - INFO - Episode 358 finished after 210 timesteps
2023-09-27 13:26:37,150 - INFO - Arrived: 1 Broken: 1 Communication: 0.0
2023-09-27 13:26:37,150 - INFO - Episode 359 seed: 428
2023-09-27 13:26:37,886 - INFO - Episode 359 finished after 221 timesteps
2023-09-27 13:27:15,687 - INFO - Arrived: 0 Broken: 2 Communication: 0.0
2023-09-27 13:27:15,687 - INFO - Episode 360 seed: 428
2023-09-27 13:27:16,213 - INFO - Episode 360 finished after 170 timesteps
2023-09-27 13:27:49,964 - INFO - Arrived: 1 Broken: 1 Communication: 0.0
2023-09-27 13:27:49,964 - INFO - Episode 361 seed: 428
2023-09-27 13:27:50,710 - INFO - Episode 361 finished after 226 timesteps
2023-09-27 13:28:30,871 - INFO - Arrived: 1 Broken: 1 Communication: 0.0
2023-09-27 13:28:30,871 - INFO - Episode 362 seed: 428
2023-09-27 13:28:31,509 - INFO - Episode 362 finished after 206 timesteps
2023-09-27 13:29:13,378 - INFO - Arrived: 1 Broken: 1 Communication: 0.0
2023-09-27 13:29:13,378 - INFO - Episode 363 seed: 428
2023-09-27 13:29:14,218 - INFO - Episode 363 finished after 235 timesteps
2023-09-27 13:29:47,380 - INFO - Arrived: 0 Broken: 2 Communication: 0.0
2023-09-27 13:29:47,380 - INFO - Episode 364 seed: 428
2023-09-27 13:29:47,426 - INFO - Episode 364 finished after 28 timesteps
2023-09-27 13:30:26,923 - INFO - Arrived: 2 Broken: 0 Communication: 0.0
2023-09-27 13:30:26,923 - INFO - Episode 365 seed: 428
2023-09-27 13:30:27,120 - INFO - Episode 365 finished after 59 timesteps
2023-09-27 13:31:05,484 - INFO - Arrived: 2 Broken: 0 Communication: 0.0
2023-09-27 13:31:05,484 - INFO - Episode 366 seed: 428
2023-09-27 13:31:05,868 - INFO - Episode 366 finished after 110 timesteps
2023-09-27 13:31:41,071 - INFO - Arrived: 2 Broken: 0 Communication: 0.0
2023-09-27 13:31:41,072 - INFO - Episode 367 seed: 428
2023-09-27 13:31:41,830 - INFO - Episode 367 finished after 200 timesteps
2023-09-27 13:32:17,275 - INFO - Arrived: 1 Broken: 1 Communication: 0.0
2023-09-27 13:32:17,275 - INFO - Episode 368 seed: 428
2023-09-27 13:32:18,115 - INFO - Episode 368 finished after 229 timesteps
2023-09-27 13:32:53,084 - INFO - Arrived: 1 Broken: 1 Communication: 0.0
2023-09-27 13:32:53,084 - INFO - Episode 369 seed: 428
2023-09-27 13:32:53,349 - INFO - Episode 369 finished after 83 timesteps
2023-09-27 13:33:27,771 - INFO - Arrived: 2 Broken: 0 Communication: 0.0
2023-09-27 13:33:27,772 - INFO - Episode 370 seed: 428
2023-09-27 13:33:28,524 - INFO - Episode 370 finished after 249 timesteps
2023-09-27 13:34:02,457 - INFO - Arrived: 1 Broken: 1 Communication: 0.0
2023-09-27 13:34:02,457 - INFO - Episode 371 seed: 428
2023-09-27 13:34:03,202 - INFO - Episode 371 finished after 231 timesteps
2023-09-27 13:34:35,583 - INFO - Arrived: 1 Broken: 1 Communication: 0.0
2023-09-27 13:34:35,583 - INFO - Episode 372 seed: 428
2023-09-27 13:34:36,122 - INFO - Episode 372 finished after 156 timesteps
2023-09-27 13:35:10,991 - INFO - Arrived: 2 Broken: 0 Communication: 0.0
2023-09-27 13:35:10,991 - INFO - Episode 373 seed: 428
2023-09-27 13:35:11,279 - INFO - Episode 373 finished after 83 timesteps
2023-09-27 13:35:45,522 - INFO - Arrived: 2 Broken: 0 Communication: 0.0
2023-09-27 13:35:45,523 - INFO - Episode 374 seed: 428
2023-09-27 13:35:46,275 - INFO - Episode 374 finished after 233 timesteps
2023-09-27 13:36:20,340 - INFO - Arrived: 1 Broken: 1 Communication: 0.0
2023-09-27 13:36:20,340 - INFO - Episode 375 seed: 428
2023-09-27 13:36:21,115 - INFO - Episode 375 finished after 229 timesteps
2023-09-27 13:36:55,330 - INFO - Arrived: 1 Broken: 1 Communication: 0.0
2023-09-27 13:36:55,330 - INFO - Episode 376 seed: 428
2023-09-27 13:36:56,099 - INFO - Episode 376 finished after 243 timesteps
2023-09-27 13:37:31,270 - INFO - Arrived: 0 Broken: 2 Communication: 0.0
2023-09-27 13:37:31,271 - INFO - Episode 377 seed: 428
2023-09-27 13:37:31,769 - INFO - Episode 377 finished after 142 timesteps
2023-09-27 13:38:05,145 - INFO - Arrived: 2 Broken: 0 Communication: 0.0
2023-09-27 13:38:05,145 - INFO - Episode 378 seed: 428
2023-09-27 13:38:06,107 - INFO - Episode 378 finished after 299 timesteps
2023-09-27 13:38:46,532 - INFO - Arrived: 1 Broken: 1 Communication: 0.0
2023-09-27 13:38:46,532 - INFO - Episode 379 seed: 428
2023-09-27 13:38:47,295 - INFO - Episode 379 finished after 242 timesteps
2023-09-27 13:39:23,234 - INFO - Arrived: 0 Broken: 2 Communication: 0.0
2023-09-27 13:39:23,234 - INFO - Episode 380 seed: 428
2023-09-27 13:39:24,064 - INFO - Episode 380 finished after 254 timesteps
2023-09-27 13:40:09,689 - INFO - Arrived: 0 Broken: 2 Communication: 0.0
2023-09-27 13:40:09,689 - INFO - Episode 381 seed: 428
2023-09-27 13:40:10,457 - INFO - Episode 381 finished after 249 timesteps
2023-09-27 13:40:43,333 - INFO - Arrived: 1 Broken: 1 Communication: 0.0
2023-09-27 13:40:43,333 - INFO - Episode 382 seed: 428
2023-09-27 13:40:43,887 - INFO - Episode 382 finished after 222 timesteps
2023-09-27 13:41:24,913 - INFO - Arrived: 1 Broken: 1 Communication: 0.0
2023-09-27 13:41:24,913 - INFO - Episode 383 seed: 428
2023-09-27 13:41:26,353 - INFO - Episode 383 finished after 190 timesteps
2023-09-27 13:42:09,139 - INFO - Arrived: 1 Broken: 1 Communication: 0.0
2023-09-27 13:42:09,139 - INFO - Episode 384 seed: 428
2023-09-27 13:42:09,224 - INFO - Episode 384 finished after 21 timesteps
2023-09-27 13:42:50,383 - INFO - Arrived: 2 Broken: 0 Communication: 0.0
2023-09-27 13:42:50,384 - INFO - Episode 385 seed: 428
2023-09-27 13:42:51,200 - INFO - Episode 385 finished after 251 timesteps
2023-09-27 13:43:23,337 - INFO - Arrived: 1 Broken: 1 Communication: 0.0
2023-09-27 13:43:23,337 - INFO - Episode 386 seed: 428
2023-09-27 13:43:23,475 - INFO - Episode 386 finished after 37 timesteps
2023-09-27 13:43:57,255 - INFO - Arrived: 2 Broken: 0 Communication: 0.0
2023-09-27 13:43:57,255 - INFO - Episode 387 seed: 428
2023-09-27 13:43:57,423 - INFO - Episode 387 finished after 59 timesteps
2023-09-27 13:44:31,107 - INFO - Arrived: 2 Broken: 0 Communication: 0.0
2023-09-27 13:44:31,108 - INFO - Episode 388 seed: 428
2023-09-27 13:44:31,768 - INFO - Episode 388 finished after 246 timesteps
2023-09-27 13:45:13,193 - INFO - Arrived: 1 Broken: 1 Communication: 0.0
2023-09-27 13:45:13,194 - INFO - Episode 389 seed: 428
2023-09-27 13:45:13,214 - INFO - Episode 389 finished after 10 timesteps
2023-09-27 13:45:55,684 - INFO - Arrived: 2 Broken: 0 Communication: 0.0
2023-09-27 13:45:55,684 - INFO - Episode 390 seed: 428
2023-09-27 13:45:55,935 - INFO - Episode 390 finished after 56 timesteps
2023-09-27 13:46:40,823 - INFO - Arrived: 2 Broken: 0 Communication: 0.0
2023-09-27 13:46:40,823 - INFO - Episode 391 seed: 428
2023-09-27 13:46:41,701 - INFO - Episode 391 finished after 255 timesteps
