2023-09-19 10:16:08,793 - INFO - 

learning_rate:0.001
gamma:0.8
tau:0.01
hsRNN:64
hsMixing:64
hsHyper:64
replace_cycle:500
agent_num:2
obs_size:21
msg_size:27
com_size:32
com_mode:3
state_size:42
action_size:6
epoch:1
buffer_size:32
batch_size:16
seq_len:100
episode:1000
timestep:300
view_range:1
report_cycle:1
comm_cycle:1
row:6
col:6
height:3
risklevel:0.1
AoI_limit:3

2023-09-19 10:16:09,768 - INFO - 
Map size: 6 * 6 * 3 
At height 1 
[3, 5] is dangerous
At height 2 
[2, 3] is dangerous
UAVs are at:
[4, 4, 1] [2, 2, 1] 
Dest are at:
[0, 0] [0, 5] 
2023-09-19 10:16:09,776 - INFO - Episode 0 seed: 961
2023-09-19 10:16:14,159 - INFO - Arrived: 1 Broken: 0 Communication: 0.0
2023-09-19 10:16:14,159 - INFO - Episode 1 seed: 377
2023-09-19 10:16:18,334 - INFO - Arrived: 0 Broken: 0 Communication: 0.0
2023-09-19 10:16:18,334 - INFO - Episode 2 seed: 335
2023-09-19 10:16:23,261 - INFO - Arrived: 0 Broken: 0 Communication: 0.0
2023-09-19 10:16:23,261 - INFO - Episode 3 seed: 560
2023-09-19 10:16:28,647 - INFO - Arrived: 0 Broken: 0 Communication: 0.0
2023-09-19 10:16:28,647 - INFO - Episode 4 seed: 215
2023-09-19 10:16:32,561 - INFO - Arrived: 1 Broken: 0 Communication: 0.0
2023-09-19 10:16:32,562 - INFO - Episode 5 seed: 39
2023-09-19 10:16:37,476 - INFO - Arrived: 0 Broken: 0 Communication: 0.0
2023-09-19 10:16:37,476 - INFO - Episode 6 seed: 634
2023-09-19 10:16:42,668 - INFO - Arrived: 0 Broken: 0 Communication: 0.0
2023-09-19 10:16:42,669 - INFO - Episode 7 seed: 464
2023-09-19 10:16:48,495 - INFO - Arrived: 0 Broken: 0 Communication: 0.0
2023-09-19 10:16:48,495 - INFO - Episode 8 seed: 557
2023-09-19 10:16:54,183 - INFO - Arrived: 1 Broken: 0 Communication: 0.0
2023-09-19 10:16:54,183 - INFO - Episode 9 seed: 946
2023-09-19 10:16:58,853 - INFO - Arrived: 0 Broken: 0 Communication: 0.0
2023-09-19 10:16:58,853 - INFO - Episode 10 seed: 790
2023-09-19 10:17:04,798 - INFO - Arrived: 1 Broken: 0 Communication: 0.0
2023-09-19 10:17:04,799 - INFO - Episode 11 seed: 925
2023-09-19 10:17:09,484 - INFO - Arrived: 1 Broken: 0 Communication: 0.0
2023-09-19 10:17:09,484 - INFO - Episode 12 seed: 930
2023-09-19 10:17:14,411 - INFO - Arrived: 0 Broken: 0 Communication: 0.0
2023-09-19 10:17:14,411 - INFO - Episode 13 seed: 264
2023-09-19 10:17:19,320 - INFO - Arrived: 1 Broken: 0 Communication: 0.0
2023-09-19 10:17:19,320 - INFO - Episode 14 seed: 23
2023-09-19 10:17:24,515 - INFO - Arrived: 1 Broken: 0 Communication: 0.0
2023-09-19 10:17:24,515 - INFO - Episode 15 seed: 480
2023-09-19 10:17:29,802 - INFO - Arrived: 1 Broken: 0 Communication: 0.0
2023-09-19 10:17:29,803 - INFO - Episode 16 seed: 834
2023-09-19 10:17:35,426 - INFO - Arrived: 1 Broken: 0 Communication: 0.0
2023-09-19 10:17:35,427 - INFO - Episode 17 seed: 74
2023-09-19 10:17:40,918 - INFO - Arrived: 1 Broken: 0 Communication: 0.0
2023-09-19 10:17:40,918 - INFO - Episode 18 seed: 831
2023-09-19 10:17:46,439 - INFO - Arrived: 1 Broken: 0 Communication: 0.0
2023-09-19 10:17:46,440 - INFO - Episode 19 seed: 138
2023-09-19 10:17:52,070 - INFO - Arrived: 1 Broken: 0 Communication: 0.0
2023-09-19 10:17:52,071 - INFO - Episode 20 seed: 755
2023-09-19 10:17:57,572 - INFO - Arrived: 0 Broken: 0 Communication: 0.0
2023-09-19 10:17:57,572 - INFO - Episode 21 seed: 721
2023-09-19 10:18:03,242 - INFO - Arrived: 0 Broken: 0 Communication: 0.0
2023-09-19 10:18:03,243 - INFO - Episode 22 seed: 176
2023-09-19 10:18:08,791 - INFO - Arrived: 0 Broken: 0 Communication: 0.0
2023-09-19 10:18:08,791 - INFO - Episode 23 seed: 125
2023-09-19 10:18:14,372 - INFO - Arrived: 0 Broken: 0 Communication: 0.0
2023-09-19 10:18:14,372 - INFO - Episode 24 seed: 222
2023-09-19 10:18:19,913 - INFO - Arrived: 0 Broken: 0 Communication: 0.0
2023-09-19 10:18:19,913 - INFO - Episode 25 seed: 731
2023-09-19 10:18:25,643 - INFO - Arrived: 0 Broken: 0 Communication: 0.0
2023-09-19 10:18:25,643 - INFO - Episode 26 seed: 791
2023-09-19 10:18:31,275 - INFO - Arrived: 1 Broken: 0 Communication: 0.0
2023-09-19 10:18:31,275 - INFO - Episode 27 seed: 462
2023-09-19 10:18:36,916 - INFO - Arrived: 0 Broken: 0 Communication: 0.0
2023-09-19 10:18:36,916 - INFO - Episode 28 seed: 424
2023-09-19 10:18:42,717 - INFO - Arrived: 1 Broken: 0 Communication: 0.0
2023-09-19 10:18:42,717 - INFO - Episode 29 seed: 777
2023-09-19 10:18:48,297 - INFO - Arrived: 1 Broken: 0 Communication: 0.0
2023-09-19 10:18:48,297 - INFO - Episode 30 seed: 999
2023-09-19 10:18:53,904 - INFO - Arrived: 1 Broken: 0 Communication: 0.0
2023-09-19 10:18:53,904 - INFO - Episode 31 seed: 503
2023-09-19 10:18:59,600 - INFO - Arrived: 0 Broken: 0 Communication: 0.0
2023-09-19 10:18:59,601 - INFO - Episode 32 seed: 237
