2023-09-19 10:29:54,099 - INFO - 

learning_rate:0.001
gamma:0.8
tau:0.01
hsRNN:64
hsMixing:64
hsHyper:64
replace_cycle:500
agent_num:2
obs_size:21
msg_size:27
com_size:32
com_mode:3
state_size:42
action_size:6
epoch:1
buffer_size:8
batch_size:4
seq_len:100
episode:1000
timestep:300
view_range:1
report_cycle:1
comm_cycle:1
row:6
col:6
height:3
risklevel:0.1
AoI_limit:3

2023-09-19 10:29:55,021 - INFO - 
Map size: 6 * 6 * 3 
At height 1 
[5, 3] is dangerous
At height 2 
[2, 0] is dangerous
UAVs are at:
[4, 4, 1] [2, 2, 1] 
Dest are at:
[0, 0] [0, 5] 
2023-09-19 10:29:55,034 - INFO - Episode 0 seed: 830
2023-09-19 10:29:59,789 - INFO - Arrived: 0 Broken: 0 Communication: 0.0
2023-09-19 10:29:59,790 - INFO - Episode 1 seed: 807
2023-09-19 10:30:04,328 - INFO - Arrived: 0 Broken: 0 Communication: 0.0
2023-09-19 10:30:04,328 - INFO - Episode 2 seed: 82
2023-09-19 10:30:10,033 - INFO - Arrived: 0 Broken: 0 Communication: 0.0
2023-09-19 10:30:10,034 - INFO - Episode 3 seed: 66
2023-09-19 10:30:15,819 - INFO - Arrived: 1 Broken: 0 Communication: 0.0
2023-09-19 10:30:15,819 - INFO - Episode 4 seed: 871
2023-09-19 10:30:21,695 - INFO - Arrived: 1 Broken: 0 Communication: 0.0
2023-09-19 10:30:21,695 - INFO - Episode 5 seed: 571
2023-09-19 10:30:27,491 - INFO - Arrived: 1 Broken: 0 Communication: 0.0
2023-09-19 10:30:27,491 - INFO - Episode 6 seed: 91
2023-09-19 10:30:33,296 - INFO - Arrived: 0 Broken: 0 Communication: 0.0
2023-09-19 10:30:33,297 - INFO - Episode 7 seed: 618
2023-09-19 10:30:39,181 - INFO - Arrived: 1 Broken: 0 Communication: 0.0
2023-09-19 10:30:39,181 - INFO - Episode 8 seed: 371
