2023-09-19 10:25:56,175 - INFO - 

learning_rate:0.001
gamma:0.8
tau:0.01
hsRNN:64
hsMixing:64
hsHyper:64
replace_cycle:500
agent_num:2
obs_size:21
msg_size:27
com_size:32
com_mode:3
state_size:42
action_size:6
epoch:1
buffer_size:8
batch_size:4
seq_len:100
episode:1000
timestep:300
view_range:1
report_cycle:1
comm_cycle:1
row:6
col:6
height:3
risklevel:0.1
AoI_limit:3

2023-09-19 10:25:57,120 - INFO - 
Map size: 6 * 6 * 3 
At height 1 
[1, 3] is dangerous
At height 2 
[0, 3] is dangerous
UAVs are at:
[4, 4, 1] [2, 2, 1] 
Dest are at:
[0, 0] [0, 5] 
2023-09-19 10:25:57,127 - INFO - Episode 0 seed: 667
2023-09-19 10:26:01,382 - INFO - Arrived: 0 Broken: 0 Communication: 0.0
2023-09-19 10:26:01,382 - INFO - Episode 1 seed: 760
2023-09-19 10:26:05,267 - INFO - Arrived: 0 Broken: 0 Communication: 0.0
2023-09-19 10:26:05,267 - INFO - Episode 2 seed: 73
2023-09-19 10:26:10,277 - INFO - Arrived: 0 Broken: 0 Communication: 0.0
2023-09-19 10:26:10,277 - INFO - Episode 3 seed: 566
2023-09-19 10:26:14,852 - INFO - Arrived: 0 Broken: 0 Communication: 0.0
2023-09-19 10:26:14,852 - INFO - Episode 4 seed: 560
2023-09-19 10:26:18,917 - INFO - Arrived: 0 Broken: 0 Communication: 0.0
2023-09-19 10:26:18,918 - INFO - Episode 5 seed: 809
2023-09-19 10:26:23,772 - INFO - Arrived: 0 Broken: 0 Communication: 0.0
2023-09-19 10:26:23,772 - INFO - Episode 6 seed: 979
2023-09-19 10:26:28,881 - INFO - Arrived: 0 Broken: 0 Communication: 0.0
2023-09-19 10:26:28,881 - INFO - Episode 7 seed: 136
2023-09-19 10:26:33,998 - INFO - Arrived: 0 Broken: 0 Communication: 0.0
2023-09-19 10:26:33,999 - INFO - Episode 8 seed: 529
