2023-09-19 10:28:01,494 - INFO - 

learning_rate:0.001
gamma:0.8
tau:0.01
hsRNN:64
hsMixing:64
hsHyper:64
replace_cycle:500
agent_num:2
obs_size:21
msg_size:27
com_size:32
com_mode:3
state_size:42
action_size:6
epoch:1
buffer_size:8
batch_size:4
seq_len:100
episode:1000
timestep:300
view_range:1
report_cycle:1
comm_cycle:1
row:6
col:6
height:3
risklevel:0.1
AoI_limit:3

2023-09-19 10:28:02,439 - INFO - 
Map size: 6 * 6 * 3 
At height 1 
[0, 2] is dangerous
At height 2 
[1, 1] is dangerous
UAVs are at:
[4, 4, 1] [2, 2, 1] 
Dest are at:
[0, 0] [0, 5] 
2023-09-19 10:28:02,447 - INFO - Episode 0 seed: 608
2023-09-19 10:28:06,520 - INFO - Arrived: 0 Broken: 1 Communication: 0.0
2023-09-19 10:28:06,520 - INFO - Episode 1 seed: 449
2023-09-19 10:28:10,182 - INFO - Arrived: 0 Broken: 0 Communication: 0.0
2023-09-19 10:28:10,183 - INFO - Episode 2 seed: 382
2023-09-19 10:28:15,032 - INFO - Arrived: 0 Broken: 0 Communication: 0.0
2023-09-19 10:28:15,032 - INFO - Episode 3 seed: 150
2023-09-19 10:28:20,178 - INFO - Arrived: 0 Broken: 0 Communication: 0.0
2023-09-19 10:28:20,178 - INFO - Episode 4 seed: 110
2023-09-19 10:28:25,370 - INFO - Arrived: 1 Broken: 0 Communication: 0.0
2023-09-19 10:28:25,370 - INFO - Episode 5 seed: 254
2023-09-19 10:28:30,488 - INFO - Arrived: 1 Broken: 0 Communication: 0.0
2023-09-19 10:28:30,489 - INFO - Episode 6 seed: 559
2023-09-19 10:28:35,638 - INFO - Arrived: 1 Broken: 0 Communication: 0.0
2023-09-19 10:28:35,639 - INFO - Episode 7 seed: 651
2023-09-19 10:28:40,792 - INFO - Arrived: 1 Broken: 0 Communication: 0.0
2023-09-19 10:28:40,792 - INFO - Episode 8 seed: 976
