2023-09-19 10:36:27,577 - INFO - 

learning_rate:0.001
gamma:0.8
tau:0.01
hsRNN:64
hsMixing:64
hsHyper:64
replace_cycle:500
agent_num:2
obs_size:21
msg_size:27
com_size:32
com_mode:3
state_size:42
action_size:6
epoch:1
buffer_size:8
batch_size:4
seq_len:100
episode:1000
timestep:300
view_range:1
report_cycle:1
comm_cycle:1
row:6
col:6
height:3
risklevel:0.1
AoI_limit:3

2023-09-19 10:36:28,518 - INFO - 
Map size: 6 * 6 * 3 
At height 1 
[4, 3] is dangerous
At height 2 
[5, 5] is dangerous
UAVs are at:
[4, 4, 1] [2, 2, 1] 
Dest are at:
[0, 0] [0, 5] 
2023-09-19 10:36:28,526 - INFO - Episode 0 seed: 236
2023-09-19 10:36:32,670 - INFO - Arrived: 1 Broken: 0 Communication: 0.0
2023-09-19 10:36:32,670 - INFO - Episode 1 seed: 153
2023-09-19 10:36:36,453 - INFO - Arrived: 0 Broken: 0 Communication: 0.0
2023-09-19 10:36:36,453 - INFO - Episode 2 seed: 141
2023-09-19 10:36:41,521 - INFO - Arrived: 0 Broken: 0 Communication: 0.0
2023-09-19 10:36:41,521 - INFO - Episode 3 seed: 490
2023-09-19 10:36:46,772 - INFO - Arrived: 0 Broken: 0 Communication: 0.0
2023-09-19 10:36:46,772 - INFO - Episode 4 seed: 787
2023-09-19 10:36:51,961 - INFO - Arrived: 0 Broken: 0 Communication: 0.0
2023-09-19 10:36:51,961 - INFO - Episode 5 seed: 768
2023-09-19 10:36:57,165 - INFO - Arrived: 0 Broken: 0 Communication: 0.0
2023-09-19 10:36:57,166 - INFO - Episode 6 seed: 294
2023-09-19 10:37:02,387 - INFO - Arrived: 0 Broken: 0 Communication: 0.0
2023-09-19 10:37:02,388 - INFO - Episode 7 seed: 316
2023-09-19 10:37:07,645 - INFO - Arrived: 0 Broken: 0 Communication: 0.0
2023-09-19 10:37:07,645 - INFO - Episode 8 seed: 861
2023-09-19 10:37:13,008 - INFO - Arrived: 0 Broken: 0 Communication: 0.0
2023-09-19 10:37:13,008 - INFO - Episode 9 seed: 401
2023-09-19 10:37:18,215 - INFO - Arrived: 0 Broken: 0 Communication: 0.0
2023-09-19 10:37:18,216 - INFO - Episode 10 seed: 258
2023-09-19 10:37:23,807 - INFO - Arrived: 0 Broken: 0 Communication: 0.0
2023-09-19 10:37:23,807 - INFO - Episode 11 seed: 604
2023-09-19 10:37:28,085 - INFO - Arrived: 0 Broken: 0 Communication: 0.0
2023-09-19 10:37:28,085 - INFO - Episode 12 seed: 367
2023-09-19 10:37:32,682 - INFO - Arrived: 0 Broken: 0 Communication: 0.0
2023-09-19 10:37:32,682 - INFO - Episode 13 seed: 688
2023-09-19 10:37:37,841 - INFO - Arrived: 0 Broken: 0 Communication: 0.0
2023-09-19 10:37:37,841 - INFO - Episode 14 seed: 848
2023-09-19 10:37:42,963 - INFO - Arrived: 0 Broken: 0 Communication: 0.0
2023-09-19 10:37:42,963 - INFO - Episode 15 seed: 343
2023-09-19 10:37:48,116 - INFO - Arrived: 0 Broken: 0 Communication: 0.0
2023-09-19 10:37:48,116 - INFO - Episode 16 seed: 65
2023-09-19 10:37:52,983 - INFO - Arrived: 0 Broken: 0 Communication: 0.0
2023-09-19 10:37:52,983 - INFO - Episode 17 seed: 472
2023-09-19 10:37:57,085 - INFO - Arrived: 0 Broken: 0 Communication: 0.0
2023-09-19 10:37:57,086 - INFO - Episode 18 seed: 333
2023-09-19 10:38:02,288 - INFO - Arrived: 0 Broken: 0 Communication: 0.0
2023-09-19 10:38:02,288 - INFO - Episode 19 seed: 635
2023-09-19 10:38:07,623 - INFO - Arrived: 0 Broken: 0 Communication: 0.0
2023-09-19 10:38:07,624 - INFO - Episode 20 seed: 566
2023-09-19 10:38:12,610 - INFO - Arrived: 0 Broken: 0 Communication: 0.0
2023-09-19 10:38:12,610 - INFO - Episode 21 seed: 733
2023-09-19 10:38:13,183 - INFO - Episode 21 finished after 241 timesteps
