2023-09-19 10:51:36,591 - INFO - 

learning_rate:0.001
gamma:0.8
tau:0.01
hsRNN:64
hsMixing:64
hsHyper:64
replace_cycle:500
agent_num:2
obs_size:21
msg_size:27
com_size:32
com_mode:3
state_size:42
action_size:6
epoch:1
buffer_size:8
batch_size:4
seq_len:100
episode:1000
timestep:300
view_range:1
report_cycle:1
comm_cycle:1
row:6
col:6
height:3
risklevel:0.1
AoI_limit:3

2023-09-19 10:51:37,529 - INFO - 
Map size: 6 * 6 * 3 
At height 1 
[1, 4] is dangerous
At height 2 
[5, 0] is dangerous
UAVs are at:
[4, 4, 1] [2, 2, 1] 
Dest are at:
[0, 0] [0, 5] 
2023-09-19 10:51:37,539 - INFO - Episode 0 seed: 141
2023-09-19 10:51:44,188 - INFO - Arrived: 0 Broken: 0 Communication: 0.0
2023-09-19 10:51:44,189 - INFO - Episode 1 seed: 485
2023-09-19 10:52:00,112 - INFO - Arrived: 1 Broken: 0 Communication: 0.0
2023-09-19 10:52:00,114 - INFO - Episode 2 seed: 360
2023-09-19 10:52:19,192 - INFO - Arrived: 0 Broken: 0 Communication: 0.0
2023-09-19 10:52:19,195 - INFO - Episode 3 seed: 932
2023-09-19 10:52:27,836 - INFO - Arrived: 1 Broken: 0 Communication: 0.0
2023-09-19 10:52:27,838 - INFO - Episode 4 seed: 547
2023-09-19 10:52:34,918 - INFO - Arrived: 0 Broken: 0 Communication: 0.0
2023-09-19 10:52:34,920 - INFO - Episode 5 seed: 852
2023-09-19 10:53:25,489 - INFO - Arrived: 0 Broken: 0 Communication: 0.0
2023-09-19 10:53:25,491 - INFO - Episode 6 seed: 268
2023-09-19 10:53:38,488 - INFO - Arrived: 0 Broken: 0 Communication: 0.0
2023-09-19 10:53:38,490 - INFO - Episode 7 seed: 816
2023-09-19 10:53:46,756 - INFO - Arrived: 0 Broken: 0 Communication: 0.0
2023-09-19 10:53:46,760 - INFO - Episode 8 seed: 170
2023-09-19 10:54:02,193 - INFO - Arrived: 0 Broken: 0 Communication: 0.0
2023-09-19 10:54:02,195 - INFO - Episode 9 seed: 409
2023-09-19 10:55:03,090 - INFO - Arrived: 0 Broken: 0 Communication: 0.0
2023-09-19 10:55:03,092 - INFO - Episode 10 seed: 255
