2023-09-19 11:17:16,527 - INFO - 

learning_rate:0.001
gamma:0.8
tau:0.01
hsRNN:64
hsMixing:64
hsHyper:64
replace_cycle:500
agent_num:2
obs_size:20
msg_size:27
com_size:32
com_mode:3
state_size:40
action_size:6
epoch:1
buffer_size:8
batch_size:4
seq_len:100
episode:1000
timestep:300
view_range:1
report_cycle:1
comm_cycle:1
row:8
col:8
height:3
risklevel:0.2
AoI_limit:3

2023-09-19 11:17:17,480 - INFO - 
Map size: 8 * 8 * 3 
At height 1 
[3, 7] [2, 7] [2, 5] [3, 5] [3, 0] [4, 0] is dangerous
At height 2 
[2, 3] [3, 1] [4, 2] [4, 1] [4, 4] [3, 4] is dangerous
UAVs are at:
[5, 5, 1] [3, 3, 1] 
Dest are at:
[0, 0] [0, 7] 
2023-09-19 11:17:17,488 - INFO - Episode 0 seed: 167
2023-09-19 11:17:21,611 - INFO - Arrived: 0 Broken: 0 Communication: 0.0
2023-09-19 11:17:21,611 - INFO - Episode 1 seed: 370
2023-09-19 11:17:25,293 - INFO - Arrived: 1 Broken: 0 Communication: 0.0
2023-09-19 11:17:25,293 - INFO - Episode 2 seed: 820
2023-09-19 11:17:30,240 - INFO - Arrived: 1 Broken: 0 Communication: 0.0
2023-09-19 11:17:30,241 - INFO - Episode 3 seed: 81
2023-09-19 11:17:35,442 - INFO - Arrived: 0 Broken: 0 Communication: 0.0
2023-09-19 11:17:35,442 - INFO - Episode 4 seed: 522
2023-09-19 11:17:40,620 - INFO - Arrived: 1 Broken: 0 Communication: 0.0
2023-09-19 11:17:40,620 - INFO - Episode 5 seed: 896
2023-09-19 11:17:45,825 - INFO - Arrived: 0 Broken: 0 Communication: 0.0
2023-09-19 11:17:45,825 - INFO - Episode 6 seed: 340
2023-09-19 11:17:51,046 - INFO - Arrived: 0 Broken: 0 Communication: 0.0
2023-09-19 11:17:51,046 - INFO - Episode 7 seed: 941
2023-09-19 11:17:56,348 - INFO - Arrived: 0 Broken: 0 Communication: 0.0
2023-09-19 11:17:56,349 - INFO - Episode 8 seed: 444
2023-09-19 11:18:01,658 - INFO - Arrived: 0 Broken: 0 Communication: 0.0
2023-09-19 11:18:01,658 - INFO - Episode 9 seed: 928
2023-09-19 11:18:07,104 - INFO - Arrived: 0 Broken: 0 Communication: 0.0
2023-09-19 11:18:07,105 - INFO - Episode 10 seed: 620
2023-09-19 11:18:12,092 - INFO - Arrived: 0 Broken: 0 Communication: 0.0
2023-09-19 11:18:12,092 - INFO - Episode 11 seed: 693
2023-09-19 11:18:15,764 - INFO - Arrived: 0 Broken: 0 Communication: 0.0
2023-09-19 11:18:15,764 - INFO - Episode 12 seed: 40
2023-09-19 11:18:20,684 - INFO - Arrived: 0 Broken: 0 Communication: 0.0
2023-09-19 11:18:20,685 - INFO - Episode 13 seed: 991
2023-09-19 11:18:26,282 - INFO - Arrived: 0 Broken: 0 Communication: 0.0
2023-09-19 11:18:26,283 - INFO - Episode 14 seed: 494
2023-09-19 11:18:31,481 - INFO - Arrived: 0 Broken: 0 Communication: 0.0
2023-09-19 11:18:31,481 - INFO - Episode 15 seed: 265
2023-09-19 11:18:36,614 - INFO - Arrived: 1 Broken: 0 Communication: 0.0
2023-09-19 11:18:36,615 - INFO - Episode 16 seed: 778
2023-09-19 11:18:41,526 - INFO - Arrived: 0 Broken: 0 Communication: 0.0
2023-09-19 11:18:41,526 - INFO - Episode 17 seed: 463
2023-09-19 11:18:45,359 - INFO - Arrived: 0 Broken: 0 Communication: 0.0
2023-09-19 11:18:45,359 - INFO - Episode 18 seed: 256
2023-09-19 11:18:50,232 - INFO - Arrived: 0 Broken: 0 Communication: 0.0
2023-09-19 11:18:50,232 - INFO - Episode 19 seed: 436
2023-09-19 11:18:55,371 - INFO - Arrived: 0 Broken: 0 Communication: 0.0
2023-09-19 11:18:55,371 - INFO - Episode 20 seed: 181
