2023-09-19 11:12:11,033 - INFO - 

learning_rate:0.001
gamma:0.8
tau:0.01
hsRNN:64
hsMixing:64
hsHyper:64
replace_cycle:500
agent_num:2
obs_size:20
msg_size:27
com_size:32
com_mode:3
state_size:40
action_size:6
epoch:1
buffer_size:8
batch_size:4
seq_len:100
episode:1000
timestep:300
view_range:1
report_cycle:1
comm_cycle:1
row:8
col:8
height:3
risklevel:0.2
AoI_limit:3

2023-09-19 11:12:11,991 - INFO - 
Map size: 8 * 8 * 3 
At height 1 
[4, 7] [2, 3] [5, 0] [5, 2] [4, 0] [3, 0] is dangerous
At height 2 
[3, 2] [3, 6] [4, 1] [3, 7] [4, 4] [2, 4] is dangerous
UAVs are at:
[5, 5, 1] [3, 3, 1] 
Dest are at:
[0, 0] [0, 7] 
2023-09-19 11:12:11,998 - INFO - Episode 0 seed: 183
2023-09-19 11:12:13,106 - INFO - Episode 0 finished after 228 timesteps
