2023-09-19 11:15:41,847 - INFO - 

learning_rate:0.001
gamma:0.8
tau:0.01
hsRNN:64
hsMixing:64
hsHyper:64
replace_cycle:500
agent_num:2
obs_size:20
msg_size:27
com_size:32
com_mode:3
state_size:40
action_size:6
epoch:1
buffer_size:8
batch_size:4
seq_len:100
episode:1000
timestep:300
view_range:1
report_cycle:1
comm_cycle:1
row:8
col:8
height:3
risklevel:0.2
AoI_limit:3

2023-09-19 11:15:42,796 - INFO - 
Map size: 8 * 8 * 3 
At height 1 
[4, 1] [4, 0] [4, 4] [3, 4] [2, 1] [5, 1] is dangerous
At height 2 
[4, 6] [2, 2] [4, 2] [5, 2] [5, 0] [2, 3] is dangerous
UAVs are at:
[5, 5, 1] [3, 3, 1] 
Dest are at:
[0, 0] [0, 7] 
2023-09-19 11:15:42,803 - INFO - Episode 0 seed: 716
2023-09-19 11:15:56,203 - INFO - 

learning_rate:0.001
gamma:0.8
tau:0.01
hsRNN:64
hsMixing:64
hsHyper:64
replace_cycle:500
agent_num:2
obs_size:20
msg_size:27
com_size:32
com_mode:3
state_size:40
action_size:6
epoch:1
buffer_size:8
batch_size:4
seq_len:100
episode:1000
timestep:300
view_range:1
report_cycle:1
comm_cycle:1
row:8
col:8
height:3
risklevel:0.2
AoI_limit:3

2023-09-19 11:15:57,119 - INFO - 
Map size: 8 * 8 * 3 
At height 1 
[5, 1] [5, 4] [4, 7] [3, 1] [5, 7] [2, 5] is dangerous
At height 2 
[5, 6] [2, 7] [5, 2] [3, 5] [2, 4] [4, 3] is dangerous
UAVs are at:
[5, 5, 1] [3, 3, 1] 
Dest are at:
[0, 0] [0, 7] 
2023-09-19 11:15:57,131 - INFO - Episode 0 seed: 814
