2023-09-19 11:26:29,156 - INFO - 

learning_rate:0.001
gamma:0.8
tau:0.01
hsRNN:64
hsMixing:64
hsHyper:64
replace_cycle:500
agent_num:2
obs_size:20
msg_size:27
com_size:32
com_mode:3
state_size:40
action_size:6
epoch:1
buffer_size:32
batch_size:16
seq_len:100
episode:1000
timestep:300
view_range:1
report_cycle:1
comm_cycle:1
row:8
col:8
height:3
risklevel:0.2
AoI_limit:3

2023-09-19 11:26:30,084 - INFO - 
Map size: 8 * 8 * 3 
At height 1 
[2, 3] [4, 1] [5, 0] [2, 0] [4, 3] [3, 0] is dangerous
At height 2 
[4, 4] [5, 3] [4, 5] [2, 4] [5, 6] [5, 1] is dangerous
UAVs are at:
[5, 5, 1] [3, 3, 1] 
Dest are at:
[0, 0] [0, 7] 
2023-09-19 11:26:30,097 - INFO - Episode 0 seed: 54
2023-09-19 11:26:31,000 - INFO - Episode 0 finished after 145 timesteps
2023-09-19 11:26:38,939 - INFO - Arrived: 0 Broken: 2 Communication: 0.0
2023-09-19 11:26:38,941 - INFO - Episode 1 seed: 304
2023-09-19 11:26:39,325 - INFO - Episode 1 finished after 129 timesteps
