2023-09-19 11:21:12,259 - INFO - 

learning_rate:0.001
gamma:0.8
tau:0.01
hsRNN:64
hsMixing:64
hsHyper:64
replace_cycle:500
agent_num:2
obs_size:20
msg_size:27
com_size:32
com_mode:3
state_size:40
action_size:6
epoch:1
buffer_size:32
batch_size:16
seq_len:100
episode:1000
timestep:300
view_range:1
report_cycle:1
comm_cycle:1
row:8
col:8
height:3
risklevel:0.2
AoI_limit:3

2023-09-19 11:21:13,211 - INFO - 
Map size: 8 * 8 * 3 
At height 1 
[3, 1] [5, 1] [2, 1] [4, 4] [3, 4] [3, 5] is dangerous
At height 2 
[3, 2] [2, 3] [4, 6] [2, 4] [3, 7] [2, 2] is dangerous
UAVs are at:
[5, 5, 1] [3, 3, 1] 
Dest are at:
[0, 0] [0, 7] 
2023-09-19 11:21:13,220 - INFO - Episode 0 seed: 607
2023-09-19 11:21:17,346 - INFO - Arrived: 0 Broken: 0 Communication: 0.0
2023-09-19 11:21:17,346 - INFO - Episode 1 seed: 558
2023-09-19 11:21:20,976 - INFO - Arrived: 0 Broken: 0 Communication: 0.0
2023-09-19 11:21:20,977 - INFO - Episode 2 seed: 710
2023-09-19 11:21:25,912 - INFO - Arrived: 0 Broken: 0 Communication: 0.0
2023-09-19 11:21:25,912 - INFO - Episode 3 seed: 479
2023-09-19 11:21:31,038 - INFO - Arrived: 0 Broken: 0 Communication: 0.0
2023-09-19 11:21:31,038 - INFO - Episode 4 seed: 724
2023-09-19 11:21:36,202 - INFO - Arrived: 0 Broken: 0 Communication: 0.0
2023-09-19 11:21:36,202 - INFO - Episode 5 seed: 394
2023-09-19 11:21:41,379 - INFO - Arrived: 0 Broken: 1 Communication: 0.0
2023-09-19 11:21:41,379 - INFO - Episode 6 seed: 921
2023-09-19 11:21:42,068 - INFO - Episode 6 finished after 284 timesteps
