2023-09-19 11:22:46,922 - INFO - 

learning_rate:0.001
gamma:0.8
tau:0.01
hsRNN:64
hsMixing:64
hsHyper:64
replace_cycle:500
agent_num:2
obs_size:20
msg_size:27
com_size:32
com_mode:3
state_size:40
action_size:6
epoch:1
buffer_size:32
batch_size:16
seq_len:100
episode:1000
timestep:300
view_range:1
report_cycle:1
comm_cycle:1
row:8
col:8
height:3
risklevel:0.2
AoI_limit:3

2023-09-19 11:22:47,845 - INFO - 
Map size: 8 * 8 * 3 
At height 1 
[2, 3] [4, 6] [2, 7] [4, 4] [2, 2] [3, 7] is dangerous
At height 2 
[3, 2] [4, 2] [3, 4] [5, 7] [3, 1] [5, 4] is dangerous
UAVs are at:
[5, 5, 1] [3, 3, 1] 
Dest are at:
[0, 0] [0, 7] 
2023-09-19 11:22:47,855 - INFO - Episode 0 seed: 482
2023-09-19 11:22:54,092 - INFO - Arrived: 0 Broken: 1 Communication: 0.0
2023-09-19 11:22:54,095 - INFO - Episode 1 seed: 200
2023-09-19 11:23:02,676 - INFO - Arrived: 0 Broken: 0 Communication: 0.0
2023-09-19 11:23:02,678 - INFO - Episode 2 seed: 417
2023-09-19 11:23:10,067 - INFO - Arrived: 0 Broken: 0 Communication: 0.0
2023-09-19 11:23:10,069 - INFO - Episode 3 seed: 887
