2023-09-19 11:32:21,314 - INFO - 

learning_rate:0.001
gamma:0.8
tau:0.01
hsRNN:64
hsMixing:64
hsHyper:64
replace_cycle:500
agent_num:2
obs_size:20
msg_size:27
com_size:32
com_mode:3
state_size:40
action_size:6
epoch:1
buffer_size:32
batch_size:16
seq_len:100
episode:1000
timestep:300
view_range:1
report_cycle:1
comm_cycle:1
row:8
col:8
height:3
risklevel:0.2
AoI_limit:3

2023-09-19 11:32:22,270 - INFO - 
Map size: 8 * 8 * 3 
At height 1 
[5, 6] [2, 3] [3, 1] [5, 7] [4, 2] [5, 0] is dangerous
At height 2 
[4, 5] [4, 7] [3, 7] [2, 4] [2, 7] [5, 3] is dangerous
UAVs are at:
[5, 5, 1] [3, 3, 1] 
Dest are at:
[0, 0] [0, 7] 
2023-09-19 11:32:22,281 - INFO - Episode 0 seed: 527
2023-09-19 11:32:23,151 - INFO - Episode 0 finished after 101 timesteps
2023-09-19 11:32:25,539 - INFO - Arrived: 0 Broken: 2 Communication: 0.0
2023-09-19 11:32:25,541 - INFO - Episode 1 seed: 323
2023-09-19 11:32:25,697 - INFO - Episode 1 finished after 112 timesteps
