2023-09-11 23:06:45,686 - INFO - learning_rate:0.001
2023-09-11 23:06:45,686 - INFO - buffer_size:64
2023-09-11 23:06:45,686 - INFO - gamma:0.9
2023-09-11 23:06:45,686 - INFO - tau:0.01
2023-09-11 23:06:45,686 - INFO - hsRNN:64
2023-09-11 23:06:45,686 - INFO - hsMixing:64
2023-09-11 23:06:45,686 - INFO - hsHyper:64
2023-09-11 23:06:45,686 - INFO - replace_cycle:300
2023-09-11 23:06:45,686 - INFO - agent_num:2
2023-09-11 23:06:45,686 - INFO - state_size:60
2023-09-11 23:06:45,686 - INFO - action_size:6
2023-09-11 23:06:45,686 - INFO - obs_size:30
2023-09-11 23:06:45,686 - INFO - comm_size:27
2023-09-11 23:06:45,686 - INFO - epoch:1
2023-09-11 23:06:45,686 - INFO - batch_size:8
2023-09-11 23:06:45,687 - INFO - seq_len:100
2023-09-11 23:06:45,687 - INFO - episode:1000
2023-09-11 23:06:45,687 - INFO - timestep:100
2023-09-11 23:06:45,687 - INFO - view_range:1
2023-09-11 23:06:45,687 - INFO - report_cycle:1
2023-09-11 23:06:45,687 - INFO - comm_cycle:1
2023-09-11 23:06:45,687 - INFO - row:10
2023-09-11 23:06:45,687 - INFO - col:10
2023-09-11 23:06:45,687 - INFO - height:3
2023-09-11 23:06:45,687 - INFO - risklevel:0.05
2023-09-11 23:06:45,687 - INFO - AoI_limit:3
2023-09-11 23:06:45,687 - INFO - 
Map size: 10 * 10 * 3 
At height 1 
[6, 2] [7, 0] is dangerous
At height 2 
[1, 6] [8, 3] is dangerous
UAVs are at:
[0, 0, 1] [0, 9, 1] 
Dest are at:
[5, 4] [8, 7] 
2023-09-11 23:06:46,097 - INFO - Episode 0
2023-09-11 23:06:46,098 - INFO - seed: 304
