2023-09-11 23:07:38,967 - INFO - learning_rate:0.001
2023-09-11 23:07:38,967 - INFO - buffer_size:64
2023-09-11 23:07:38,967 - INFO - gamma:0.9
2023-09-11 23:07:38,967 - INFO - tau:0.01
2023-09-11 23:07:38,967 - INFO - hsRNN:64
2023-09-11 23:07:38,967 - INFO - hsMixing:64
2023-09-11 23:07:38,967 - INFO - hsHyper:64
2023-09-11 23:07:38,967 - INFO - replace_cycle:300
2023-09-11 23:07:38,967 - INFO - agent_num:2
2023-09-11 23:07:38,967 - INFO - state_size:60
2023-09-11 23:07:38,968 - INFO - action_size:6
2023-09-11 23:07:38,968 - INFO - obs_size:30
2023-09-11 23:07:38,968 - INFO - comm_size:27
2023-09-11 23:07:38,968 - INFO - epoch:1
2023-09-11 23:07:38,968 - INFO - batch_size:8
2023-09-11 23:07:38,968 - INFO - seq_len:100
2023-09-11 23:07:38,972 - INFO - episode:1000
2023-09-11 23:07:38,972 - INFO - timestep:100
2023-09-11 23:07:38,972 - INFO - view_range:1
2023-09-11 23:07:38,972 - INFO - report_cycle:1
2023-09-11 23:07:38,972 - INFO - comm_cycle:1
2023-09-11 23:07:38,972 - INFO - row:10
2023-09-11 23:07:38,972 - INFO - col:10
2023-09-11 23:07:38,972 - INFO - height:3
2023-09-11 23:07:38,972 - INFO - risklevel:0.2
2023-09-11 23:07:38,972 - INFO - AoI_limit:3
2023-09-11 23:07:38,972 - INFO - 
Map size: 10 * 10 * 3 
At height 1 
[6, 2] [7, 6] [6, 4] [1, 8] [2, 0] [3, 8] [1, 2] [2, 2] [5, 3] [3, 2] is dangerous
At height 2 
[1, 0] [2, 5] [5, 6] [7, 7] [7, 9] [2, 6] [4, 3] [5, 2] [5, 8] [2, 8] is dangerous
UAVs are at:
[0, 0, 1] [0, 9, 1] 
Dest are at:
[8, 2] [7, 8] 
2023-09-11 23:07:39,123 - INFO - Episode 0
2023-09-11 23:07:39,124 - INFO - seed: 132
2023-09-11 23:08:45,007 - INFO - Episode 1
2023-09-11 23:08:45,007 - INFO - seed: 835
2023-09-11 23:09:49,788 - INFO - Episode 2
2023-09-11 23:09:49,788 - INFO - seed: 631
