2023-09-11 23:17:33,529 - INFO - learning_rate:0.001
2023-09-11 23:17:33,529 - INFO - buffer_size:64
2023-09-11 23:17:33,529 - INFO - gamma:0.9
2023-09-11 23:17:33,529 - INFO - tau:0.01
2023-09-11 23:17:33,529 - INFO - hsRNN:64
2023-09-11 23:17:33,529 - INFO - hsMixing:64
2023-09-11 23:17:33,529 - INFO - hsHyper:64
2023-09-11 23:17:33,529 - INFO - replace_cycle:300
2023-09-11 23:17:33,529 - INFO - agent_num:2
2023-09-11 23:17:33,529 - INFO - state_size:60
2023-09-11 23:17:33,529 - INFO - action_size:6
2023-09-11 23:17:33,529 - INFO - obs_size:30
2023-09-11 23:17:33,530 - INFO - comm_size:27
2023-09-11 23:17:33,530 - INFO - epoch:1
2023-09-11 23:17:33,530 - INFO - batch_size:8
2023-09-11 23:17:33,530 - INFO - seq_len:100
2023-09-11 23:17:33,530 - INFO - episode:1000
2023-09-11 23:17:33,530 - INFO - timestep:100
2023-09-11 23:17:33,530 - INFO - view_range:1
2023-09-11 23:17:33,530 - INFO - report_cycle:1
2023-09-11 23:17:33,530 - INFO - comm_cycle:1
2023-09-11 23:17:33,530 - INFO - row:10
2023-09-11 23:17:33,530 - INFO - col:10
2023-09-11 23:17:33,530 - INFO - height:3
2023-09-11 23:17:33,530 - INFO - risklevel:0.2
2023-09-11 23:17:33,530 - INFO - AoI_limit:3
2023-09-11 23:17:33,530 - INFO - 
Map size: 10 * 10 * 3 
At height 1 
[3, 8] [0, 2] [8, 7] [1, 7] [2, 9] [7, 3] [6, 4] [7, 9] [6, 8] [9, 8] is dangerous
At height 2 
[0, 5] [2, 1] [3, 9] [3, 2] [2, 2] [9, 7] [0, 3] [5, 1] [0, 1] [2, 7] is dangerous
UAVs are at:
[0, 0, 1] [0, 9, 1] 
Dest are at:
[9, 3] [5, 2] 
2023-09-11 23:17:33,707 - INFO - Episode 0
2023-09-11 23:17:33,708 - INFO - seed: 638
