2023-09-11 23:13:11,185 - INFO - learning_rate:0.001
2023-09-11 23:13:11,185 - INFO - buffer_size:64
2023-09-11 23:13:11,185 - INFO - gamma:0.9
2023-09-11 23:13:11,185 - INFO - tau:0.01
2023-09-11 23:13:11,185 - INFO - hsRNN:64
2023-09-11 23:13:11,185 - INFO - hsMixing:64
2023-09-11 23:13:11,186 - INFO - hsHyper:64
2023-09-11 23:13:11,186 - INFO - replace_cycle:300
2023-09-11 23:13:11,186 - INFO - agent_num:2
2023-09-11 23:13:11,186 - INFO - state_size:60
2023-09-11 23:13:11,186 - INFO - action_size:6
2023-09-11 23:13:11,186 - INFO - obs_size:30
2023-09-11 23:13:11,186 - INFO - comm_size:27
2023-09-11 23:13:11,186 - INFO - epoch:1
2023-09-11 23:13:11,186 - INFO - batch_size:8
2023-09-11 23:13:11,186 - INFO - seq_len:100
2023-09-11 23:13:11,186 - INFO - episode:1000
2023-09-11 23:13:11,186 - INFO - timestep:100
2023-09-11 23:13:11,186 - INFO - view_range:1
2023-09-11 23:13:11,186 - INFO - report_cycle:1
2023-09-11 23:13:11,186 - INFO - comm_cycle:1
2023-09-11 23:13:11,186 - INFO - row:10
2023-09-11 23:13:11,186 - INFO - col:10
2023-09-11 23:13:11,186 - INFO - height:3
2023-09-11 23:13:11,186 - INFO - risklevel:0.2
2023-09-11 23:13:11,186 - INFO - AoI_limit:3
2023-09-11 23:13:11,186 - INFO - 
Map size: 10 * 10 * 3 
At height 1 
[1, 5] [9, 9] [8, 8] [3, 7] [5, 5] [8, 3] [7, 8] [9, 7] [0, 4] [5, 2] is dangerous
At height 2 
[4, 2] [2, 0] [2, 1] [4, 3] [2, 8] [0, 8] [4, 6] [4, 9] [5, 9] [7, 6] is dangerous
UAVs are at:
[0, 0, 1] [0, 9, 1] 
Dest are at:
[9, 4] [7, 7] 
2023-09-11 23:13:11,361 - INFO - Episode 0
2023-09-11 23:13:11,362 - INFO - seed: 937
