2023-09-11 23:19:46,225 - INFO - learning_rate:0.001
2023-09-11 23:19:46,226 - INFO - buffer_size:64
2023-09-11 23:19:46,226 - INFO - gamma:0.9
2023-09-11 23:19:46,226 - INFO - tau:0.01
2023-09-11 23:19:46,226 - INFO - hsRNN:64
2023-09-11 23:19:46,226 - INFO - hsMixing:64
2023-09-11 23:19:46,226 - INFO - hsHyper:64
2023-09-11 23:19:46,226 - INFO - replace_cycle:300
2023-09-11 23:19:46,226 - INFO - agent_num:2
2023-09-11 23:19:46,226 - INFO - state_size:60
2023-09-11 23:19:46,226 - INFO - action_size:6
2023-09-11 23:19:46,226 - INFO - obs_size:30
2023-09-11 23:19:46,226 - INFO - comm_size:27
2023-09-11 23:19:46,226 - INFO - epoch:1
2023-09-11 23:19:46,226 - INFO - batch_size:8
2023-09-11 23:19:46,226 - INFO - seq_len:100
2023-09-11 23:19:46,226 - INFO - episode:1000
2023-09-11 23:19:46,226 - INFO - timestep:100
2023-09-11 23:19:46,226 - INFO - view_range:1
2023-09-11 23:19:46,226 - INFO - report_cycle:1
2023-09-11 23:19:46,226 - INFO - comm_cycle:1
2023-09-11 23:19:46,226 - INFO - row:10
2023-09-11 23:19:46,226 - INFO - col:10
2023-09-11 23:19:46,226 - INFO - height:3
2023-09-11 23:19:46,226 - INFO - risklevel:0.2
2023-09-11 23:19:46,226 - INFO - AoI_limit:3
2023-09-11 23:19:46,227 - INFO - 
Map size: 10 * 10 * 3 
At height 1 
[3, 0] [7, 8] [8, 3] [9, 3] [7, 0] [2, 3] [9, 0] [4, 8] [7, 4] [3, 5] is dangerous
At height 2 
[6, 6] [6, 0] [9, 7] [9, 1] [9, 5] [8, 0] [5, 3] [6, 7] [3, 9] [1, 4] is dangerous
UAVs are at:
[0, 0, 1] [0, 9, 1] 
Dest are at:
[9, 4] [5, 5] 
2023-09-11 23:19:46,417 - INFO - Episode 0
2023-09-11 23:19:46,418 - INFO - seed: 807
