2023-09-11 23:24:36,524 - INFO - learning_rate:0.001
2023-09-11 23:24:36,525 - INFO - buffer_size:64
2023-09-11 23:24:36,525 - INFO - gamma:0.9
2023-09-11 23:24:36,525 - INFO - tau:0.01
2023-09-11 23:24:36,525 - INFO - hsRNN:64
2023-09-11 23:24:36,525 - INFO - hsMixing:64
2023-09-11 23:24:36,525 - INFO - hsHyper:64
2023-09-11 23:24:36,525 - INFO - replace_cycle:300
2023-09-11 23:24:36,525 - INFO - agent_num:2
2023-09-11 23:24:36,525 - INFO - state_size:60
2023-09-11 23:24:36,525 - INFO - action_size:6
2023-09-11 23:24:36,525 - INFO - obs_size:30
2023-09-11 23:24:36,525 - INFO - comm_size:27
2023-09-11 23:24:36,525 - INFO - epoch:1
2023-09-11 23:24:36,525 - INFO - batch_size:8
2023-09-11 23:24:36,525 - INFO - seq_len:100
2023-09-11 23:24:36,525 - INFO - episode:1000
2023-09-11 23:24:36,525 - INFO - timestep:100
2023-09-11 23:24:36,526 - INFO - view_range:1
2023-09-11 23:24:36,526 - INFO - report_cycle:1
2023-09-11 23:24:36,526 - INFO - comm_cycle:1
2023-09-11 23:24:36,526 - INFO - row:10
2023-09-11 23:24:36,526 - INFO - col:10
2023-09-11 23:24:36,526 - INFO - height:3
2023-09-11 23:24:36,526 - INFO - risklevel:0.2
2023-09-11 23:24:36,526 - INFO - AoI_limit:3
2023-09-11 23:24:36,526 - INFO - 
Map size: 10 * 10 * 3 
At height 1 
[3, 6] [1, 1] [0, 5] [5, 8] [9, 3] [4, 0] [8, 5] [7, 1] [4, 6] [3, 7] is dangerous
At height 2 
[8, 4] [4, 5] [6, 3] [6, 5] [6, 2] [8, 9] [1, 5] [8, 6] [5, 0] [9, 1] is dangerous
UAVs are at:
[0, 0, 1] [0, 9, 1] 
Dest are at:
[5, 7] [9, 2] 
2023-09-11 23:24:36,681 - INFO - Episode 0
2023-09-11 23:24:36,682 - INFO - seed: 118
