2023-09-11 23:21:24,229 - INFO - learning_rate:0.001
2023-09-11 23:21:24,229 - INFO - buffer_size:64
2023-09-11 23:21:24,229 - INFO - gamma:0.9
2023-09-11 23:21:24,230 - INFO - tau:0.01
2023-09-11 23:21:24,230 - INFO - hsRNN:64
2023-09-11 23:21:24,230 - INFO - hsMixing:64
2023-09-11 23:21:24,230 - INFO - hsHyper:64
2023-09-11 23:21:24,230 - INFO - replace_cycle:300
2023-09-11 23:21:24,230 - INFO - agent_num:2
2023-09-11 23:21:24,230 - INFO - state_size:60
2023-09-11 23:21:24,230 - INFO - action_size:6
2023-09-11 23:21:24,230 - INFO - obs_size:30
2023-09-11 23:21:24,230 - INFO - comm_size:27
2023-09-11 23:21:24,230 - INFO - epoch:1
2023-09-11 23:21:24,230 - INFO - batch_size:8
2023-09-11 23:21:24,230 - INFO - seq_len:100
2023-09-11 23:21:24,230 - INFO - episode:1000
2023-09-11 23:21:24,230 - INFO - timestep:100
2023-09-11 23:21:24,230 - INFO - view_range:1
2023-09-11 23:21:24,230 - INFO - report_cycle:1
2023-09-11 23:21:24,230 - INFO - comm_cycle:1
2023-09-11 23:21:24,230 - INFO - row:10
2023-09-11 23:21:24,230 - INFO - col:10
2023-09-11 23:21:24,231 - INFO - height:3
2023-09-11 23:21:24,231 - INFO - risklevel:0.2
2023-09-11 23:21:24,231 - INFO - AoI_limit:3
2023-09-11 23:21:24,231 - INFO - 
Map size: 10 * 10 * 3 
At height 1 
[6, 0] [5, 3] [3, 8] [5, 8] [9, 3] [8, 6] [2, 4] [8, 2] [3, 7] [5, 4] is dangerous
At height 2 
[1, 7] [9, 4] [3, 3] [8, 7] [0, 3] [5, 5] [6, 6] [4, 0] [4, 9] [8, 1] is dangerous
UAVs are at:
[0, 0, 1] [0, 9, 1] 
Dest are at:
[8, 5] [7, 7] 
2023-09-11 23:21:24,387 - INFO - Episode 0
2023-09-11 23:21:24,388 - INFO - seed: 241
