2023-09-11 23:22:02,618 - INFO - learning_rate:0.001
2023-09-11 23:22:02,618 - INFO - buffer_size:64
2023-09-11 23:22:02,619 - INFO - gamma:0.9
2023-09-11 23:22:02,619 - INFO - tau:0.01
2023-09-11 23:22:02,619 - INFO - hsRNN:64
2023-09-11 23:22:02,619 - INFO - hsMixing:64
2023-09-11 23:22:02,619 - INFO - hsHyper:64
2023-09-11 23:22:02,619 - INFO - replace_cycle:300
2023-09-11 23:22:02,619 - INFO - agent_num:2
2023-09-11 23:22:02,619 - INFO - state_size:60
2023-09-11 23:22:02,619 - INFO - action_size:6
2023-09-11 23:22:02,619 - INFO - obs_size:30
2023-09-11 23:22:02,619 - INFO - comm_size:27
2023-09-11 23:22:02,619 - INFO - epoch:1
2023-09-11 23:22:02,619 - INFO - batch_size:8
2023-09-11 23:22:02,619 - INFO - seq_len:100
2023-09-11 23:22:02,620 - INFO - episode:1000
2023-09-11 23:22:02,620 - INFO - timestep:100
2023-09-11 23:22:02,620 - INFO - view_range:1
2023-09-11 23:22:02,620 - INFO - report_cycle:1
2023-09-11 23:22:02,620 - INFO - comm_cycle:1
2023-09-11 23:22:02,620 - INFO - row:10
2023-09-11 23:22:02,620 - INFO - col:10
2023-09-11 23:22:02,620 - INFO - height:3
2023-09-11 23:22:02,620 - INFO - risklevel:0.2
2023-09-11 23:22:02,620 - INFO - AoI_limit:3
2023-09-11 23:22:02,620 - INFO - 
Map size: 10 * 10 * 3 
At height 1 
[8, 7] [4, 1] [0, 3] [5, 3] [2, 7] [5, 4] [8, 8] [7, 2] [9, 0] [3, 0] is dangerous
At height 2 
[0, 4] [3, 5] [4, 8] [8, 0] [5, 1] [7, 4] [0, 5] [2, 4] [1, 9] [6, 4] is dangerous
UAVs are at:
[0, 0, 1] [0, 9, 1] 
Dest are at:
[9, 2] [7, 0] 
2023-09-11 23:22:02,795 - INFO - Episode 0
2023-09-11 23:22:02,796 - INFO - seed: 729
2023-09-11 23:22:30,390 - INFO - learning_rate:0.001
2023-09-11 23:22:30,390 - INFO - buffer_size:64
2023-09-11 23:22:30,390 - INFO - gamma:0.9
2023-09-11 23:22:30,390 - INFO - tau:0.01
2023-09-11 23:22:30,390 - INFO - hsRNN:64
2023-09-11 23:22:30,390 - INFO - hsMixing:64
2023-09-11 23:22:30,390 - INFO - hsHyper:64
2023-09-11 23:22:30,390 - INFO - replace_cycle:300
2023-09-11 23:22:30,390 - INFO - agent_num:2
2023-09-11 23:22:30,390 - INFO - state_size:60
2023-09-11 23:22:30,390 - INFO - action_size:6
2023-09-11 23:22:30,390 - INFO - obs_size:30
2023-09-11 23:22:30,390 - INFO - comm_size:27
2023-09-11 23:22:30,390 - INFO - epoch:1
2023-09-11 23:22:30,390 - INFO - batch_size:8
2023-09-11 23:22:30,390 - INFO - seq_len:100
2023-09-11 23:22:30,390 - INFO - episode:1000
2023-09-11 23:22:30,390 - INFO - timestep:100
2023-09-11 23:22:30,390 - INFO - view_range:1
2023-09-11 23:22:30,390 - INFO - report_cycle:1
2023-09-11 23:22:30,390 - INFO - comm_cycle:1
2023-09-11 23:22:30,390 - INFO - row:10
2023-09-11 23:22:30,390 - INFO - col:10
2023-09-11 23:22:30,390 - INFO - height:3
2023-09-11 23:22:30,390 - INFO - risklevel:0.2
2023-09-11 23:22:30,390 - INFO - AoI_limit:3
2023-09-11 23:22:30,391 - INFO - 
Map size: 10 * 10 * 3 
At height 1 
[4, 1] [6, 8] [4, 7] [7, 8] [3, 8] [2, 9] [4, 0] [8, 8] [7, 4] [9, 7] is dangerous
At height 2 
[3, 6] [7, 1] [2, 8] [4, 3] [8, 7] [8, 5] [5, 0] [3, 7] [9, 3] [2, 5] is dangerous
UAVs are at:
[0, 0, 1] [0, 9, 1] 
Dest are at:
[7, 0] [9, 0] 
2023-09-11 23:22:30,523 - INFO - Episode 0
2023-09-11 23:22:30,523 - INFO - seed: 134
