2023-09-11 23:28:47,233 - INFO - learning_rate:0.001
2023-09-11 23:28:47,233 - INFO - buffer_size:64
2023-09-11 23:28:47,233 - INFO - gamma:0.9
2023-09-11 23:28:47,233 - INFO - tau:0.01
2023-09-11 23:28:47,233 - INFO - hsRNN:64
2023-09-11 23:28:47,233 - INFO - hsMixing:64
2023-09-11 23:28:47,233 - INFO - hsHyper:64
2023-09-11 23:28:47,233 - INFO - replace_cycle:300
2023-09-11 23:28:47,233 - INFO - agent_num:2
2023-09-11 23:28:47,233 - INFO - state_size:60
2023-09-11 23:28:47,233 - INFO - action_size:6
2023-09-11 23:28:47,233 - INFO - obs_size:30
2023-09-11 23:28:47,234 - INFO - comm_size:27
2023-09-11 23:28:47,234 - INFO - epoch:1
2023-09-11 23:28:47,234 - INFO - batch_size:8
2023-09-11 23:28:47,234 - INFO - seq_len:100
2023-09-11 23:28:47,234 - INFO - episode:1000
2023-09-11 23:28:47,234 - INFO - timestep:100
2023-09-11 23:28:47,234 - INFO - view_range:1
2023-09-11 23:28:47,234 - INFO - report_cycle:1
2023-09-11 23:28:47,234 - INFO - comm_cycle:1
2023-09-11 23:28:47,234 - INFO - row:10
2023-09-11 23:28:47,234 - INFO - col:10
2023-09-11 23:28:47,234 - INFO - height:3
2023-09-11 23:28:47,234 - INFO - risklevel:0.2
2023-09-11 23:28:47,234 - INFO - AoI_limit:3
2023-09-11 23:28:47,234 - INFO - 
Map size: 10 * 10 * 3 
At height 1 
[7, 3] [5, 1] [1, 8] [5, 5] [5, 9] [2, 6] [8, 7] [9, 1] [9, 9] [8, 4] is dangerous
At height 2 
[1, 3] [6, 9] [7, 7] [9, 7] [1, 6] [8, 0] [3, 6] [0, 5] [7, 2] [7, 9] is dangerous
UAVs are at:
[0, 0, 1] [0, 9, 1] 
Dest are at:
[8, 3] [9, 8] 
2023-09-11 23:28:47,368 - INFO - Episode 0
2023-09-11 23:28:47,369 - INFO - seed: 566
2023-09-11 23:28:51,271 - INFO - Episode 1
2023-09-11 23:28:51,272 - INFO - seed: 613
2023-09-11 23:28:55,196 - INFO - Episode 2
2023-09-11 23:28:55,197 - INFO - seed: 56
2023-09-11 23:29:00,205 - INFO - Episode 3
2023-09-11 23:29:00,205 - INFO - seed: 407
2023-09-11 23:29:05,755 - INFO - Episode 4
2023-09-11 23:29:05,755 - INFO - seed: 95
2023-09-11 23:29:10,550 - INFO - Episode 5
2023-09-11 23:29:10,550 - INFO - seed: 170
2023-09-11 23:29:15,292 - INFO - Episode 6
2023-09-11 23:29:15,292 - INFO - seed: 396
2023-09-11 23:29:20,570 - INFO - Episode 7
2023-09-11 23:29:20,570 - INFO - seed: 594
2023-09-11 23:29:26,030 - INFO - Episode 8
2023-09-11 23:29:26,030 - INFO - seed: 666
2023-09-11 23:29:30,095 - INFO - Episode 9
2023-09-11 23:29:30,095 - INFO - seed: 920
2023-09-11 23:29:35,223 - INFO - Episode 10
2023-09-11 23:29:35,223 - INFO - seed: 449
2023-09-11 23:29:40,619 - INFO - Episode 11
2023-09-11 23:29:40,619 - INFO - seed: 102
2023-09-11 23:29:46,182 - INFO - Episode 12
2023-09-11 23:29:46,182 - INFO - seed: 738
2023-09-11 23:29:51,569 - INFO - Episode 13
2023-09-11 23:29:51,570 - INFO - seed: 86
2023-09-11 23:29:55,851 - INFO - Episode 14
2023-09-11 23:29:55,852 - INFO - seed: 341
2023-09-11 23:30:00,896 - INFO - Episode 15
2023-09-11 23:30:00,896 - INFO - seed: 897
2023-09-11 23:30:06,288 - INFO - Episode 16
2023-09-11 23:30:06,288 - INFO - seed: 175
2023-09-11 23:30:11,663 - INFO - Episode 17
2023-09-11 23:30:11,663 - INFO - seed: 982
2023-09-11 23:30:17,057 - INFO - Episode 18
2023-09-11 23:30:17,057 - INFO - seed: 519
2023-09-11 23:30:22,431 - INFO - Episode 19
2023-09-11 23:30:22,431 - INFO - seed: 386
2023-09-11 23:30:27,825 - INFO - Episode 20
2023-09-11 23:30:27,825 - INFO - seed: 460
2023-09-11 23:30:33,110 - INFO - Episode 21
2023-09-11 23:30:33,110 - INFO - seed: 770
2023-09-11 23:30:38,457 - INFO - Episode 22
2023-09-11 23:30:38,458 - INFO - seed: 986
2023-09-11 23:30:43,857 - INFO - Episode 23
2023-09-11 23:30:43,857 - INFO - seed: 854
2023-09-11 23:30:49,195 - INFO - Episode 24
2023-09-11 23:30:49,195 - INFO - seed: 201
2023-09-11 23:30:54,548 - INFO - Episode 25
2023-09-11 23:30:54,549 - INFO - seed: 341
2023-09-11 23:30:59,899 - INFO - Episode 26
2023-09-11 23:30:59,899 - INFO - seed: 44
2023-09-11 23:31:05,284 - INFO - Episode 27
2023-09-11 23:31:05,284 - INFO - seed: 565
2023-09-11 23:31:10,603 - INFO - Episode 28
2023-09-11 23:31:10,603 - INFO - seed: 643
2023-09-11 23:31:15,905 - INFO - Episode 29
2023-09-11 23:31:15,906 - INFO - seed: 398
2023-09-11 23:31:21,227 - INFO - Episode 30
2023-09-11 23:31:21,227 - INFO - seed: 180
2023-09-11 23:31:26,695 - INFO - Episode 31
2023-09-11 23:31:26,695 - INFO - seed: 879
2023-09-11 23:31:31,992 - INFO - Episode 32
2023-09-11 23:31:31,992 - INFO - seed: 675
2023-09-11 23:31:37,250 - INFO - Episode 33
2023-09-11 23:31:37,250 - INFO - seed: 802
2023-09-11 23:31:42,631 - INFO - Episode 34
2023-09-11 23:31:42,632 - INFO - seed: 97
2023-09-11 23:31:47,939 - INFO - Episode 35
2023-09-11 23:31:47,939 - INFO - seed: 531
2023-09-11 23:31:53,257 - INFO - Episode 36
2023-09-11 23:31:53,257 - INFO - seed: 637
2023-09-11 23:31:58,610 - INFO - Episode 37
2023-09-11 23:31:58,611 - INFO - seed: 585
2023-09-11 23:32:03,866 - INFO - Episode 38
2023-09-11 23:32:03,867 - INFO - seed: 562
2023-09-11 23:32:09,133 - INFO - Episode 39
2023-09-11 23:32:09,133 - INFO - seed: 381
2023-09-11 23:32:14,450 - INFO - Episode 40
2023-09-11 23:32:14,450 - INFO - seed: 166
2023-09-11 23:32:19,819 - INFO - Episode 41
2023-09-11 23:32:19,819 - INFO - seed: 505
2023-09-11 23:32:25,084 - INFO - Episode 42
2023-09-11 23:32:25,084 - INFO - seed: 872
2023-09-11 23:32:30,426 - INFO - Episode 43
2023-09-11 23:32:30,426 - INFO - seed: 180
2023-09-11 23:32:35,787 - INFO - Episode 44
2023-09-11 23:32:35,787 - INFO - seed: 628
2023-09-11 23:32:41,230 - INFO - Episode 45
2023-09-11 23:32:41,231 - INFO - seed: 203
2023-09-11 23:32:46,557 - INFO - Episode 46
2023-09-11 23:32:46,558 - INFO - seed: 34
2023-09-11 23:32:51,931 - INFO - Episode 47
2023-09-11 23:32:51,931 - INFO - seed: 186
2023-09-11 23:32:57,235 - INFO - Episode 48
2023-09-11 23:32:57,235 - INFO - seed: 955
2023-09-11 23:33:02,629 - INFO - Episode 49
2023-09-11 23:33:02,629 - INFO - seed: 495
2023-09-11 23:33:07,989 - INFO - Episode 50
2023-09-11 23:33:07,989 - INFO - seed: 158
2023-09-11 23:33:13,356 - INFO - Episode 51
2023-09-11 23:33:13,357 - INFO - seed: 324
2023-09-11 23:33:18,637 - INFO - Episode 52
2023-09-11 23:33:18,638 - INFO - seed: 906
2023-09-11 23:33:24,010 - INFO - Episode 53
2023-09-11 23:33:24,010 - INFO - seed: 548
2023-09-11 23:33:29,346 - INFO - Episode 54
2023-09-11 23:33:29,346 - INFO - seed: 966
2023-09-11 23:33:34,677 - INFO - Episode 55
2023-09-11 23:33:34,677 - INFO - seed: 947
2023-09-11 23:33:40,038 - INFO - Episode 56
2023-09-11 23:33:40,038 - INFO - seed: 328
2023-09-11 23:33:45,354 - INFO - Episode 57
2023-09-11 23:33:45,355 - INFO - seed: 52
2023-09-11 23:33:50,642 - INFO - Episode 58
2023-09-11 23:33:50,642 - INFO - seed: 356
2023-09-11 23:33:55,956 - INFO - Episode 59
2023-09-11 23:33:55,956 - INFO - seed: 850
2023-09-11 23:34:01,249 - INFO - Episode 60
2023-09-11 23:34:01,250 - INFO - seed: 4
2023-09-11 23:34:06,620 - INFO - Episode 61
2023-09-11 23:34:06,620 - INFO - seed: 462
2023-09-11 23:34:11,925 - INFO - Episode 62
2023-09-11 23:34:11,925 - INFO - seed: 172
2023-09-11 23:34:17,381 - INFO - Episode 63
2023-09-11 23:34:17,381 - INFO - seed: 167
2023-09-11 23:34:22,750 - INFO - Episode 64
2023-09-11 23:34:22,750 - INFO - seed: 48
