2023-09-11 23:25:39,383 - INFO - learning_rate:0.001
2023-09-11 23:25:39,383 - INFO - buffer_size:64
2023-09-11 23:25:39,383 - INFO - gamma:0.9
2023-09-11 23:25:39,384 - INFO - tau:0.01
2023-09-11 23:25:39,384 - INFO - hsRNN:64
2023-09-11 23:25:39,384 - INFO - hsMixing:64
2023-09-11 23:25:39,384 - INFO - hsHyper:64
2023-09-11 23:25:39,384 - INFO - replace_cycle:300
2023-09-11 23:25:39,384 - INFO - agent_num:2
2023-09-11 23:25:39,384 - INFO - state_size:60
2023-09-11 23:25:39,384 - INFO - action_size:6
2023-09-11 23:25:39,384 - INFO - obs_size:30
2023-09-11 23:25:39,384 - INFO - comm_size:27
2023-09-11 23:25:39,384 - INFO - epoch:1
2023-09-11 23:25:39,384 - INFO - batch_size:8
2023-09-11 23:25:39,384 - INFO - seq_len:100
2023-09-11 23:25:39,387 - INFO - episode:1000
2023-09-11 23:25:39,387 - INFO - timestep:100
2023-09-11 23:25:39,387 - INFO - view_range:1
2023-09-11 23:25:39,387 - INFO - report_cycle:1
2023-09-11 23:25:39,387 - INFO - comm_cycle:1
2023-09-11 23:25:39,387 - INFO - row:10
2023-09-11 23:25:39,387 - INFO - col:10
2023-09-11 23:25:39,387 - INFO - height:3
2023-09-11 23:25:39,387 - INFO - risklevel:0.2
2023-09-11 23:25:39,387 - INFO - AoI_limit:3
2023-09-11 23:25:39,387 - INFO - 
Map size: 10 * 10 * 3 
At height 1 
[7, 8] [9, 8] [2, 6] [7, 5] [2, 9] [1, 7] [3, 8] [7, 3] [4, 8] [6, 7] is dangerous
At height 2 
[1, 5] [5, 2] [4, 5] [0, 8] [5, 8] [9, 0] [8, 9] [8, 1] [9, 6] [0, 3] is dangerous
UAVs are at:
[0, 0, 1] [0, 9, 1] 
Dest are at:
[5, 7] [8, 8] 
2023-09-11 23:25:39,561 - INFO - Episode 0
2023-09-11 23:25:39,562 - INFO - seed: 113
2023-09-11 23:25:57,451 - INFO - learning_rate:0.001
2023-09-11 23:25:57,451 - INFO - buffer_size:64
2023-09-11 23:25:57,451 - INFO - gamma:0.9
2023-09-11 23:25:57,451 - INFO - tau:0.01
2023-09-11 23:25:57,451 - INFO - hsRNN:64
2023-09-11 23:25:57,451 - INFO - hsMixing:64
2023-09-11 23:25:57,451 - INFO - hsHyper:64
2023-09-11 23:25:57,451 - INFO - replace_cycle:300
2023-09-11 23:25:57,451 - INFO - agent_num:2
2023-09-11 23:25:57,451 - INFO - state_size:60
2023-09-11 23:25:57,451 - INFO - action_size:6
2023-09-11 23:25:57,451 - INFO - obs_size:30
2023-09-11 23:25:57,451 - INFO - comm_size:27
2023-09-11 23:25:57,451 - INFO - epoch:1
2023-09-11 23:25:57,451 - INFO - batch_size:8
2023-09-11 23:25:57,452 - INFO - seq_len:100
2023-09-11 23:25:57,452 - INFO - episode:1000
2023-09-11 23:25:57,452 - INFO - timestep:100
2023-09-11 23:25:57,452 - INFO - view_range:1
2023-09-11 23:25:57,452 - INFO - report_cycle:1
2023-09-11 23:25:57,452 - INFO - comm_cycle:1
2023-09-11 23:25:57,452 - INFO - row:10
2023-09-11 23:25:57,452 - INFO - col:10
2023-09-11 23:25:57,452 - INFO - height:3
2023-09-11 23:25:57,452 - INFO - risklevel:0.2
2023-09-11 23:25:57,452 - INFO - AoI_limit:3
2023-09-11 23:25:57,452 - INFO - 
Map size: 10 * 10 * 3 
At height 1 
[1, 3] [6, 7] [3, 1] [2, 9] [9, 6] [9, 4] [7, 9] [4, 2] [4, 3] [6, 2] is dangerous
At height 2 
[1, 6] [3, 6] [5, 8] [4, 4] [2, 0] [6, 4] [5, 2] [3, 9] [9, 0] [5, 6] is dangerous
UAVs are at:
[0, 0, 1] [0, 9, 1] 
Dest are at:
[9, 1] [7, 8] 
2023-09-11 23:25:57,595 - INFO - Episode 0
2023-09-11 23:25:57,595 - INFO - seed: 633
