2023-09-11 23:35:33,836 - INFO - learning_rate:0.001
2023-09-11 23:35:33,836 - INFO - buffer_size:16
2023-09-11 23:35:33,836 - INFO - gamma:0.9
2023-09-11 23:35:33,836 - INFO - tau:0.01
2023-09-11 23:35:33,836 - INFO - hsRNN:64
2023-09-11 23:35:33,837 - INFO - hsMixing:64
2023-09-11 23:35:33,837 - INFO - hsHyper:64
2023-09-11 23:35:33,837 - INFO - replace_cycle:300
2023-09-11 23:35:33,837 - INFO - agent_num:2
2023-09-11 23:35:33,837 - INFO - state_size:60
2023-09-11 23:35:33,837 - INFO - action_size:6
2023-09-11 23:35:33,837 - INFO - obs_size:30
2023-09-11 23:35:33,837 - INFO - comm_size:27
2023-09-11 23:35:33,837 - INFO - epoch:1
2023-09-11 23:35:33,837 - INFO - batch_size:8
2023-09-11 23:35:33,837 - INFO - seq_len:100
2023-09-11 23:35:33,837 - INFO - episode:1000
2023-09-11 23:35:33,837 - INFO - timestep:100
2023-09-11 23:35:33,837 - INFO - view_range:1
2023-09-11 23:35:33,837 - INFO - report_cycle:1
2023-09-11 23:35:33,837 - INFO - comm_cycle:1
2023-09-11 23:35:33,837 - INFO - row:10
2023-09-11 23:35:33,837 - INFO - col:10
2023-09-11 23:35:33,837 - INFO - height:3
2023-09-11 23:35:33,837 - INFO - risklevel:0.2
2023-09-11 23:35:33,837 - INFO - AoI_limit:3
2023-09-11 23:35:33,837 - INFO - 
Map size: 10 * 10 * 3 
At height 1 
[4, 5] [0, 3] [1, 4] [7, 5] [8, 5] [4, 6] [5, 3] [3, 0] [6, 9] [7, 8] is dangerous
At height 2 
[2, 4] [3, 2] [9, 3] [1, 3] [5, 4] [5, 1] [5, 5] [8, 7] [6, 7] [3, 1] is dangerous
UAVs are at:
[0, 0, 1] [0, 9, 1] 
Dest are at:
[8, 4] [7, 0] 
2023-09-11 23:35:33,984 - INFO - Episode 0
2023-09-11 23:35:33,985 - INFO - seed: 100
2023-09-11 23:35:37,755 - INFO - Episode 1
2023-09-11 23:35:37,755 - INFO - seed: 895
2023-09-11 23:35:42,052 - INFO - Episode 2
2023-09-11 23:35:42,052 - INFO - seed: 792
2023-09-11 23:35:47,208 - INFO - Episode 3
2023-09-11 23:35:47,208 - INFO - seed: 11
2023-09-11 23:35:52,603 - INFO - Episode 4
2023-09-11 23:35:52,603 - INFO - seed: 670
2023-09-11 23:35:58,032 - INFO - Episode 5
2023-09-11 23:35:58,032 - INFO - seed: 27
2023-09-11 23:36:03,404 - INFO - Episode 6
2023-09-11 23:36:03,404 - INFO - seed: 388
2023-09-11 23:36:08,758 - INFO - Episode 7
2023-09-11 23:36:08,758 - INFO - seed: 461
2023-09-11 23:36:14,080 - INFO - Episode 8
2023-09-11 23:36:14,081 - INFO - seed: 653
2023-09-11 23:36:19,450 - INFO - Episode 9
2023-09-11 23:36:19,450 - INFO - seed: 11
2023-09-11 23:36:24,798 - INFO - Episode 10
2023-09-11 23:36:24,799 - INFO - seed: 74
2023-09-11 23:36:30,216 - INFO - Episode 11
2023-09-11 23:36:30,216 - INFO - seed: 969
2023-09-11 23:36:35,546 - INFO - Episode 12
2023-09-11 23:36:35,546 - INFO - seed: 625
2023-09-11 23:36:40,898 - INFO - Episode 13
2023-09-11 23:36:40,898 - INFO - seed: 821
2023-09-11 23:36:46,244 - INFO - Episode 14
2023-09-11 23:36:46,244 - INFO - seed: 512
2023-09-11 23:36:51,656 - INFO - Episode 15
2023-09-11 23:36:51,656 - INFO - seed: 573
2023-09-11 23:36:57,018 - INFO - Episode 16
2023-09-11 23:36:57,018 - INFO - seed: 33
