2023-09-11 23:37:59,563 - INFO - learning_rate:0.001
2023-09-11 23:37:59,563 - INFO - buffer_size:64
2023-09-11 23:37:59,563 - INFO - gamma:0.9
2023-09-11 23:37:59,563 - INFO - tau:0.01
2023-09-11 23:37:59,563 - INFO - hsRNN:64
2023-09-11 23:37:59,563 - INFO - hsMixing:64
2023-09-11 23:37:59,563 - INFO - hsHyper:64
2023-09-11 23:37:59,563 - INFO - replace_cycle:300
2023-09-11 23:37:59,563 - INFO - agent_num:2
2023-09-11 23:37:59,563 - INFO - state_size:60
2023-09-11 23:37:59,563 - INFO - action_size:6
2023-09-11 23:37:59,563 - INFO - obs_size:30
2023-09-11 23:37:59,563 - INFO - comm_size:27
2023-09-11 23:37:59,563 - INFO - epoch:1
2023-09-11 23:37:59,564 - INFO - batch_size:8
2023-09-11 23:37:59,564 - INFO - seq_len:100
2023-09-11 23:37:59,564 - INFO - episode:1000
2023-09-11 23:37:59,564 - INFO - timestep:100
2023-09-11 23:37:59,564 - INFO - view_range:1
2023-09-11 23:37:59,564 - INFO - report_cycle:1
2023-09-11 23:37:59,564 - INFO - comm_cycle:1
2023-09-11 23:37:59,564 - INFO - row:10
2023-09-11 23:37:59,564 - INFO - col:10
2023-09-11 23:37:59,564 - INFO - height:3
2023-09-11 23:37:59,564 - INFO - risklevel:0.2
2023-09-11 23:37:59,565 - INFO - AoI_limit:3
2023-09-11 23:37:59,565 - INFO - 
Map size: 10 * 10 * 3 
At height 1 
[1, 5] [5, 4] [7, 9] [0, 1] [7, 1] [8, 7] [4, 8] [9, 7] [1, 3] [4, 3] is dangerous
At height 2 
[6, 6] [3, 7] [3, 9] [2, 0] [8, 2] [5, 3] [8, 4] [1, 6] [1, 8] [5, 5] is dangerous
UAVs are at:
[0, 0, 1] [0, 9, 1] 
Dest are at:
[8, 8] [7, 5] 
2023-09-11 23:37:59,702 - INFO - Episode 0
2023-09-11 23:37:59,703 - INFO - seed: 203
2023-09-11 23:38:03,523 - INFO - Episode 1
2023-09-11 23:38:03,523 - INFO - seed: 741
2023-09-11 23:38:07,306 - INFO - Episode 2
2023-09-11 23:38:07,306 - INFO - seed: 743
2023-09-11 23:38:12,268 - INFO - Episode 3
2023-09-11 23:38:12,268 - INFO - seed: 325
2023-09-11 23:38:17,560 - INFO - Episode 4
2023-09-11 23:38:17,560 - INFO - seed: 419
2023-09-11 23:38:22,922 - INFO - Episode 5
2023-09-11 23:38:22,923 - INFO - seed: 999
2023-09-11 23:38:28,287 - INFO - Episode 6
2023-09-11 23:38:28,288 - INFO - seed: 587
2023-09-11 23:38:33,666 - INFO - Episode 7
2023-09-11 23:38:33,666 - INFO - seed: 905
2023-09-11 23:38:38,982 - INFO - Episode 8
2023-09-11 23:38:38,982 - INFO - seed: 740
2023-09-11 23:38:44,350 - INFO - Episode 9
2023-09-11 23:38:44,350 - INFO - seed: 530
2023-09-11 23:38:49,694 - INFO - Episode 10
2023-09-11 23:38:49,694 - INFO - seed: 509
2023-09-11 23:38:55,127 - INFO - Episode 11
2023-09-11 23:38:55,127 - INFO - seed: 264
2023-09-11 23:39:00,428 - INFO - Episode 12
2023-09-11 23:39:00,428 - INFO - seed: 945
2023-09-11 23:39:06,114 - INFO - Episode 13
2023-09-11 23:39:06,114 - INFO - seed: 507
2023-09-11 23:39:11,558 - INFO - Episode 14
2023-09-11 23:39:11,558 - INFO - seed: 36
2023-09-11 23:39:15,559 - INFO - Episode 15
2023-09-11 23:39:15,559 - INFO - seed: 845
2023-09-11 23:39:20,758 - INFO - Episode 16
2023-09-11 23:39:20,758 - INFO - seed: 438
2023-09-11 23:39:25,771 - INFO - Episode 17
2023-09-11 23:39:25,771 - INFO - seed: 714
2023-09-11 23:39:30,954 - INFO - Episode 18
2023-09-11 23:39:30,954 - INFO - seed: 218
2023-09-11 23:39:36,078 - INFO - Episode 19
2023-09-11 23:39:36,079 - INFO - seed: 522
2023-09-11 23:39:41,454 - INFO - Episode 20
2023-09-11 23:39:41,455 - INFO - seed: 152
2023-09-11 23:39:46,955 - INFO - Episode 21
2023-09-11 23:39:46,956 - INFO - seed: 312
2023-09-11 23:39:52,691 - INFO - Episode 22
2023-09-11 23:39:52,692 - INFO - seed: 402
2023-09-11 23:39:57,794 - INFO - Episode 23
2023-09-11 23:39:57,794 - INFO - seed: 126
2023-09-11 23:40:02,852 - INFO - Episode 24
2023-09-11 23:40:02,853 - INFO - seed: 775
2023-09-11 23:40:07,206 - INFO - Episode 25
2023-09-11 23:40:07,206 - INFO - seed: 311
2023-09-11 23:40:11,134 - INFO - Episode 26
2023-09-11 23:40:11,134 - INFO - seed: 849
2023-09-11 23:40:15,790 - INFO - Episode 27
2023-09-11 23:40:15,791 - INFO - seed: 299
2023-09-11 23:40:20,659 - INFO - Episode 28
2023-09-11 23:40:20,659 - INFO - seed: 974
2023-09-11 23:40:25,677 - INFO - Episode 29
2023-09-11 23:40:25,678 - INFO - seed: 728
2023-09-11 23:40:30,205 - INFO - Episode 30
2023-09-11 23:40:30,205 - INFO - seed: 279
2023-09-11 23:40:34,951 - INFO - Episode 31
2023-09-11 23:40:34,951 - INFO - seed: 776
2023-09-11 23:40:39,959 - INFO - Episode 32
2023-09-11 23:40:39,959 - INFO - seed: 303
2023-09-11 23:40:44,852 - INFO - Episode 33
2023-09-11 23:40:44,852 - INFO - seed: 283
2023-09-11 23:40:50,040 - INFO - Episode 34
2023-09-11 23:40:50,040 - INFO - seed: 623
2023-09-11 23:40:55,074 - INFO - Episode 35
2023-09-11 23:40:55,075 - INFO - seed: 804
2023-09-11 23:40:59,684 - INFO - Episode 36
2023-09-11 23:40:59,684 - INFO - seed: 208
2023-09-11 23:41:04,745 - INFO - Episode 37
2023-09-11 23:41:04,745 - INFO - seed: 328
2023-09-11 23:41:10,394 - INFO - Episode 38
2023-09-11 23:41:10,394 - INFO - seed: 659
2023-09-11 23:41:16,108 - INFO - Episode 39
2023-09-11 23:41:16,109 - INFO - seed: 776
2023-09-11 23:41:20,139 - INFO - Episode 40
2023-09-11 23:41:20,139 - INFO - seed: 928
2023-09-11 23:41:25,505 - INFO - Episode 41
2023-09-11 23:41:25,505 - INFO - seed: 562
2023-09-11 23:41:31,047 - INFO - Episode 42
2023-09-11 23:41:31,047 - INFO - seed: 905
2023-09-11 23:41:37,127 - INFO - Episode 43
2023-09-11 23:41:37,127 - INFO - seed: 462
2023-09-11 23:41:42,728 - INFO - Episode 44
2023-09-11 23:41:42,728 - INFO - seed: 419
2023-09-11 23:41:47,122 - INFO - Episode 45
2023-09-11 23:41:47,122 - INFO - seed: 829
2023-09-11 23:41:52,230 - INFO - Episode 46
2023-09-11 23:41:52,231 - INFO - seed: 713
2023-09-11 23:41:57,788 - INFO - Episode 47
2023-09-11 23:41:57,788 - INFO - seed: 399
2023-09-11 23:42:01,983 - INFO - Episode 48
2023-09-11 23:42:01,984 - INFO - seed: 88
2023-09-11 23:42:07,038 - INFO - Episode 49
2023-09-11 23:42:07,038 - INFO - seed: 841
2023-09-11 23:42:11,514 - INFO - Episode 50
2023-09-11 23:42:11,514 - INFO - seed: 179
2023-09-11 23:42:16,774 - INFO - Episode 51
2023-09-11 23:42:16,774 - INFO - seed: 178
2023-09-11 23:42:22,006 - INFO - Episode 52
2023-09-11 23:42:22,006 - INFO - seed: 255
2023-09-11 23:42:27,322 - INFO - Episode 53
2023-09-11 23:42:27,322 - INFO - seed: 794
2023-09-11 23:42:32,665 - INFO - Episode 54
2023-09-11 23:42:32,666 - INFO - seed: 801
2023-09-11 23:42:37,983 - INFO - Episode 55
2023-09-11 23:42:37,983 - INFO - seed: 802
2023-09-11 23:42:43,322 - INFO - Episode 56
2023-09-11 23:42:43,323 - INFO - seed: 332
2023-09-11 23:42:48,621 - INFO - Episode 57
2023-09-11 23:42:48,621 - INFO - seed: 318
2023-09-11 23:42:53,961 - INFO - Episode 58
2023-09-11 23:42:53,961 - INFO - seed: 248
2023-09-11 23:42:59,295 - INFO - Episode 59
2023-09-11 23:42:59,295 - INFO - seed: 965
2023-09-11 23:43:04,571 - INFO - Episode 60
2023-09-11 23:43:04,571 - INFO - seed: 619
2023-09-11 23:43:09,882 - INFO - Episode 61
2023-09-11 23:43:09,882 - INFO - seed: 63
2023-09-11 23:43:15,183 - INFO - Episode 62
2023-09-11 23:43:15,183 - INFO - seed: 176
2023-09-11 23:43:20,516 - INFO - Episode 63
2023-09-11 23:43:20,516 - INFO - seed: 678
2023-09-11 23:43:25,870 - INFO - Episode 64
2023-09-11 23:43:25,870 - INFO - seed: 854
