2023-09-11 23:45:06,389 - INFO - learning_rate:0.001
2023-09-11 23:45:06,389 - INFO - buffer_size:8
2023-09-11 23:45:06,389 - INFO - gamma:0.9
2023-09-11 23:45:06,390 - INFO - tau:0.01
2023-09-11 23:45:06,390 - INFO - hsRNN:64
2023-09-11 23:45:06,390 - INFO - hsMixing:64
2023-09-11 23:45:06,390 - INFO - hsHyper:64
2023-09-11 23:45:06,390 - INFO - replace_cycle:300
2023-09-11 23:45:06,390 - INFO - agent_num:2
2023-09-11 23:45:06,390 - INFO - state_size:60
2023-09-11 23:45:06,390 - INFO - action_size:6
2023-09-11 23:45:06,390 - INFO - obs_size:30
2023-09-11 23:45:06,390 - INFO - comm_size:27
2023-09-11 23:45:06,390 - INFO - epoch:1
2023-09-11 23:45:06,390 - INFO - batch_size:8
2023-09-11 23:45:06,390 - INFO - seq_len:100
2023-09-11 23:45:06,390 - INFO - episode:1000
2023-09-11 23:45:06,390 - INFO - timestep:100
2023-09-11 23:45:06,390 - INFO - view_range:1
2023-09-11 23:45:06,390 - INFO - report_cycle:1
2023-09-11 23:45:06,390 - INFO - comm_cycle:1
2023-09-11 23:45:06,390 - INFO - row:10
2023-09-11 23:45:06,390 - INFO - col:10
2023-09-11 23:45:06,390 - INFO - height:3
2023-09-11 23:45:06,390 - INFO - risklevel:0.2
2023-09-11 23:45:06,391 - INFO - AoI_limit:3
2023-09-11 23:45:06,391 - INFO - 
Map size: 10 * 10 * 3 
At height 1 
[8, 4] [3, 4] [7, 2] [5, 8] [9, 1] [1, 9] [0, 7] [3, 0] [8, 9] [9, 9] is dangerous
At height 2 
[5, 3] [3, 5] [1, 6] [6, 1] [7, 5] [4, 9] [6, 9] [7, 4] [4, 7] [5, 1] is dangerous
UAVs are at:
[0, 0, 1] [0, 9, 1] 
Dest are at:
[5, 0] [9, 7] 
2023-09-11 23:45:06,525 - INFO - Episode 0
2023-09-11 23:45:06,526 - INFO - seed: 415
2023-09-11 23:45:10,348 - INFO - Episode 1
2023-09-11 23:45:10,349 - INFO - seed: 251
2023-09-11 23:45:14,112 - INFO - Episode 2
2023-09-11 23:45:14,113 - INFO - seed: 978
2023-09-11 23:45:19,039 - INFO - Episode 3
2023-09-11 23:45:19,039 - INFO - seed: 270
2023-09-11 23:45:24,341 - INFO - Episode 4
2023-09-11 23:45:24,342 - INFO - seed: 898
2023-09-11 23:45:29,712 - INFO - Episode 5
2023-09-11 23:45:29,712 - INFO - seed: 211
2023-09-11 23:45:35,029 - INFO - Episode 6
2023-09-11 23:45:35,029 - INFO - seed: 722
2023-09-11 23:45:40,375 - INFO - Episode 7
2023-09-11 23:45:40,376 - INFO - seed: 848
2023-09-11 23:45:46,152 - INFO - Episode 8
2023-09-11 23:45:46,152 - INFO - seed: 134
