2023-09-11 23:46:14,218 - INFO - learning_rate:0.001
2023-09-11 23:46:14,218 - INFO - buffer_size:8
2023-09-11 23:46:14,218 - INFO - gamma:0.9
2023-09-11 23:46:14,218 - INFO - tau:0.01
2023-09-11 23:46:14,219 - INFO - hsRNN:64
2023-09-11 23:46:14,219 - INFO - hsMixing:64
2023-09-11 23:46:14,219 - INFO - hsHyper:64
2023-09-11 23:46:14,219 - INFO - replace_cycle:300
2023-09-11 23:46:14,219 - INFO - agent_num:2
2023-09-11 23:46:14,219 - INFO - state_size:60
2023-09-11 23:46:14,219 - INFO - action_size:6
2023-09-11 23:46:14,219 - INFO - obs_size:30
2023-09-11 23:46:14,219 - INFO - comm_size:27
2023-09-11 23:46:14,219 - INFO - epoch:1
2023-09-11 23:46:14,219 - INFO - batch_size:8
2023-09-11 23:46:14,219 - INFO - seq_len:100
2023-09-11 23:46:14,219 - INFO - episode:1000
2023-09-11 23:46:14,219 - INFO - timestep:100
2023-09-11 23:46:14,219 - INFO - view_range:1
2023-09-11 23:46:14,219 - INFO - report_cycle:1
2023-09-11 23:46:14,219 - INFO - comm_cycle:1
2023-09-11 23:46:14,219 - INFO - row:10
2023-09-11 23:46:14,219 - INFO - col:10
2023-09-11 23:46:14,219 - INFO - height:3
2023-09-11 23:46:14,220 - INFO - risklevel:0.2
2023-09-11 23:46:14,220 - INFO - AoI_limit:3
2023-09-11 23:46:14,220 - INFO - 
Map size: 10 * 10 * 3 
At height 1 
[5, 8] [7, 0] [3, 3] [1, 1] [7, 1] [5, 1] [5, 4] [1, 7] [6, 3] [4, 6] is dangerous
At height 2 
[8, 1] [6, 6] [8, 7] [2, 6] [1, 5] [9, 9] [3, 6] [8, 4] [0, 5] [8, 8] is dangerous
UAVs are at:
[0, 0, 1] [0, 9, 1] 
Dest are at:
[8, 9] [8, 2] 
2023-09-11 23:46:14,360 - INFO - Episode 0
2023-09-11 23:46:14,361 - INFO - seed: 488
2023-09-11 23:46:18,180 - INFO - Episode 1
2023-09-11 23:46:18,180 - INFO - seed: 19
2023-09-11 23:46:21,955 - INFO - Episode 2
2023-09-11 23:46:21,955 - INFO - seed: 384
2023-09-11 23:46:26,856 - INFO - Episode 3
2023-09-11 23:46:26,856 - INFO - seed: 447
2023-09-11 23:46:32,181 - INFO - Episode 4
2023-09-11 23:46:32,181 - INFO - seed: 2
2023-09-11 23:46:37,564 - INFO - Episode 5
2023-09-11 23:46:37,564 - INFO - seed: 441
2023-09-11 23:46:42,898 - INFO - Episode 6
2023-09-11 23:46:42,898 - INFO - seed: 592
2023-09-11 23:46:48,667 - INFO - Episode 7
2023-09-11 23:46:48,668 - INFO - seed: 289
2023-09-11 23:46:54,001 - INFO - Episode 8
2023-09-11 23:46:54,001 - INFO - seed: 340
