2023-09-11 23:49:28,151 - INFO - learning_rate:0.001
2023-09-11 23:49:28,151 - INFO - buffer_size:8
2023-09-11 23:49:28,151 - INFO - gamma:0.9
2023-09-11 23:49:28,151 - INFO - tau:0.01
2023-09-11 23:49:28,151 - INFO - hsRNN:64
2023-09-11 23:49:28,151 - INFO - hsMixing:64
2023-09-11 23:49:28,151 - INFO - hsHyper:64
2023-09-11 23:49:28,151 - INFO - replace_cycle:300
2023-09-11 23:49:28,151 - INFO - agent_num:2
2023-09-11 23:49:28,151 - INFO - state_size:60
2023-09-11 23:49:28,151 - INFO - action_size:6
2023-09-11 23:49:28,151 - INFO - obs_size:30
2023-09-11 23:49:28,151 - INFO - comm_size:27
2023-09-11 23:49:28,151 - INFO - epoch:1
2023-09-11 23:49:28,152 - INFO - batch_size:8
2023-09-11 23:49:28,152 - INFO - seq_len:100
2023-09-11 23:49:28,152 - INFO - episode:1000
2023-09-11 23:49:28,152 - INFO - timestep:100
2023-09-11 23:49:28,152 - INFO - view_range:1
2023-09-11 23:49:28,152 - INFO - report_cycle:1
2023-09-11 23:49:28,152 - INFO - comm_cycle:1
2023-09-11 23:49:28,152 - INFO - row:10
2023-09-11 23:49:28,152 - INFO - col:10
2023-09-11 23:49:28,152 - INFO - height:3
2023-09-11 23:49:28,152 - INFO - risklevel:0.2
2023-09-11 23:49:28,152 - INFO - AoI_limit:3
2023-09-11 23:49:28,153 - INFO - 
Map size: 10 * 10 * 3 
At height 1 
[2, 2] [7, 2] [8, 2] [9, 7] [1, 6] [4, 3] [0, 1] [5, 7] [4, 7] [9, 8] is dangerous
At height 2 
[4, 8] [6, 8] [7, 7] [1, 1] [5, 2] [5, 6] [3, 2] [3, 8] [8, 0] [6, 0] is dangerous
UAVs are at:
[0, 0, 1] [0, 9, 1] 
Dest are at:
[7, 8] [7, 4] 
2023-09-11 23:49:28,403 - INFO - Episode 0
2023-09-11 23:49:28,404 - INFO - seed: 923
2023-09-11 23:49:32,504 - INFO - Episode 1
2023-09-11 23:49:32,504 - INFO - seed: 344
2023-09-11 23:49:36,141 - INFO - Episode 2
2023-09-11 23:49:36,141 - INFO - seed: 340
2023-09-11 23:49:40,876 - INFO - Episode 3
2023-09-11 23:49:40,876 - INFO - seed: 376
2023-09-11 23:49:45,735 - INFO - Episode 4
2023-09-11 23:49:45,736 - INFO - seed: 59
2023-09-11 23:49:50,617 - INFO - Episode 5
2023-09-11 23:49:50,617 - INFO - seed: 989
2023-09-11 23:49:55,475 - INFO - Episode 6
2023-09-11 23:49:55,475 - INFO - seed: 380
2023-09-11 23:50:00,421 - INFO - Episode 7
2023-09-11 23:50:00,421 - INFO - seed: 813
2023-09-11 23:50:05,349 - INFO - Episode 8
2023-09-11 23:50:05,349 - INFO - seed: 206
