2023-09-11 23:52:44,503 - INFO - learning_rate:0.001
2023-09-11 23:52:44,503 - INFO - buffer_size:8
2023-09-11 23:52:44,503 - INFO - gamma:0.9
2023-09-11 23:52:44,503 - INFO - tau:0.01
2023-09-11 23:52:44,503 - INFO - hsRNN:64
2023-09-11 23:52:44,503 - INFO - hsMixing:64
2023-09-11 23:52:44,503 - INFO - hsHyper:64
2023-09-11 23:52:44,504 - INFO - replace_cycle:300
2023-09-11 23:52:44,504 - INFO - agent_num:2
2023-09-11 23:52:44,504 - INFO - state_size:60
2023-09-11 23:52:44,504 - INFO - action_size:6
2023-09-11 23:52:44,504 - INFO - obs_size:30
2023-09-11 23:52:44,504 - INFO - comm_size:27
2023-09-11 23:52:44,504 - INFO - epoch:1
2023-09-11 23:52:44,504 - INFO - batch_size:8
2023-09-11 23:52:44,504 - INFO - seq_len:100
2023-09-11 23:52:44,504 - INFO - episode:1000
2023-09-11 23:52:44,504 - INFO - timestep:100
2023-09-11 23:52:44,504 - INFO - view_range:1
2023-09-11 23:52:44,504 - INFO - report_cycle:1
2023-09-11 23:52:44,504 - INFO - comm_cycle:1
2023-09-11 23:52:44,504 - INFO - row:10
2023-09-11 23:52:44,504 - INFO - col:10
2023-09-11 23:52:44,504 - INFO - height:3
2023-09-11 23:52:44,504 - INFO - risklevel:0.2
2023-09-11 23:52:44,504 - INFO - AoI_limit:3
2023-09-11 23:52:44,504 - INFO - 
Map size: 10 * 10 * 3 
At height 1 
[5, 2] [5, 5] [7, 6] [6, 1] [4, 9] [6, 0] [5, 4] [8, 2] [8, 5] [1, 7] is dangerous
At height 2 
[0, 8] [3, 8] [8, 1] [2, 1] [2, 4] [4, 3] [0, 2] [6, 9] [4, 7] [1, 9] is dangerous
UAVs are at:
[0, 0, 1] [0, 9, 1] 
Dest are at:
[6, 3] [7, 3] 
2023-09-11 23:52:44,638 - INFO - Episode 0
2023-09-11 23:52:44,639 - INFO - seed: 923
2023-09-11 23:52:48,256 - INFO - Episode 1
2023-09-11 23:52:48,256 - INFO - seed: 187
2023-09-11 23:52:51,852 - INFO - Episode 2
2023-09-11 23:52:51,852 - INFO - seed: 590
2023-09-11 23:52:56,561 - INFO - Episode 3
2023-09-11 23:52:56,561 - INFO - seed: 325
2023-09-11 23:53:01,413 - INFO - Episode 4
2023-09-11 23:53:01,414 - INFO - seed: 269
2023-09-11 23:53:06,356 - INFO - Episode 5
2023-09-11 23:53:06,356 - INFO - seed: 296
2023-09-11 23:53:10,220 - INFO - Episode 6
2023-09-11 23:53:10,220 - INFO - seed: 334
2023-09-11 23:53:15,062 - INFO - Episode 7
2023-09-11 23:53:15,062 - INFO - seed: 37
2023-09-11 23:53:19,075 - INFO - Episode 8
2023-09-11 23:53:19,075 - INFO - seed: 166
2023-09-11 23:53:28,216 - INFO - Episode 9
2023-09-11 23:53:28,216 - INFO - seed: 358
2023-09-11 23:53:40,964 - INFO - Episode 10
2023-09-11 23:53:40,964 - INFO - seed: 522
2023-09-11 23:53:54,001 - INFO - Episode 11
2023-09-11 23:53:54,002 - INFO - seed: 797
2023-09-11 23:54:12,211 - INFO - Episode 12
2023-09-11 23:54:12,211 - INFO - seed: 859
2023-09-11 23:54:29,308 - INFO - Episode 13
2023-09-11 23:54:29,309 - INFO - seed: 726
2023-09-11 23:54:52,901 - INFO - Episode 14
2023-09-11 23:54:52,901 - INFO - seed: 229
2023-09-11 23:55:16,531 - INFO - Episode 15
2023-09-11 23:55:16,531 - INFO - seed: 383
2023-09-11 23:55:43,210 - INFO - Episode 16
2023-09-11 23:55:43,210 - INFO - seed: 74
2023-09-11 23:56:09,138 - INFO - Episode 17
2023-09-11 23:56:09,138 - INFO - seed: 823
2023-09-11 23:56:42,208 - INFO - Episode 18
2023-09-11 23:56:42,209 - INFO - seed: 386
2023-09-11 23:57:20,098 - INFO - Episode 19
2023-09-11 23:57:20,098 - INFO - seed: 621
2023-09-11 23:57:59,937 - INFO - Episode 20
2023-09-11 23:57:59,937 - INFO - seed: 397
2023-09-11 23:58:44,324 - INFO - Episode 21
2023-09-11 23:58:44,324 - INFO - seed: 383
2023-09-11 23:59:27,955 - INFO - Episode 22
2023-09-11 23:59:27,955 - INFO - seed: 701
2023-09-12 00:00:17,336 - INFO - Episode 23
2023-09-12 00:00:17,336 - INFO - seed: 19
2023-09-12 00:01:06,747 - INFO - Episode 24
2023-09-12 00:01:06,747 - INFO - seed: 925
2023-09-12 00:01:55,972 - INFO - Episode 25
2023-09-12 00:01:55,972 - INFO - seed: 54
2023-09-12 00:02:48,021 - INFO - Episode 26
2023-09-12 00:02:48,022 - INFO - seed: 404
2023-09-12 00:03:47,193 - INFO - Episode 27
2023-09-12 00:03:47,193 - INFO - seed: 642
2023-09-12 00:04:51,317 - INFO - Episode 28
2023-09-12 00:04:51,318 - INFO - seed: 731
2023-09-12 00:06:00,318 - INFO - Episode 29
2023-09-12 00:06:00,318 - INFO - seed: 809
2023-09-12 00:07:09,276 - INFO - Episode 30
2023-09-12 00:07:09,277 - INFO - seed: 949
2023-09-12 00:08:23,323 - INFO - Episode 31
2023-09-12 00:08:23,323 - INFO - seed: 750
2023-09-12 00:09:37,708 - INFO - Episode 32
2023-09-12 00:09:37,708 - INFO - seed: 919
2023-09-12 00:10:50,728 - INFO - Episode 33
2023-09-12 00:10:50,728 - INFO - seed: 262
2023-09-12 00:12:11,589 - INFO - Episode 34
2023-09-12 00:12:11,589 - INFO - seed: 401
2023-09-12 00:13:32,615 - INFO - Episode 35
2023-09-12 00:13:32,615 - INFO - seed: 433
2023-09-12 00:14:58,132 - INFO - Episode 36
2023-09-12 00:14:58,132 - INFO - seed: 196
2023-09-12 00:16:28,728 - INFO - Episode 37
2023-09-12 00:16:28,728 - INFO - seed: 617
2023-09-12 00:17:59,134 - INFO - Episode 38
2023-09-12 00:17:59,134 - INFO - seed: 999
2023-09-12 00:19:34,488 - INFO - Episode 39
2023-09-12 00:19:34,489 - INFO - seed: 481
2023-09-12 00:21:14,638 - INFO - Episode 40
2023-09-12 00:21:14,638 - INFO - seed: 783
2023-09-12 00:22:58,822 - INFO - Episode 41
2023-09-12 00:22:58,822 - INFO - seed: 211
2023-09-12 00:24:48,310 - INFO - Episode 42
2023-09-12 00:24:48,310 - INFO - seed: 586
2023-09-12 00:26:33,980 - INFO - Episode 43
2023-09-12 00:26:33,980 - INFO - seed: 955
2023-09-12 00:28:20,172 - INFO - Episode 44
2023-09-12 00:28:20,173 - INFO - seed: 630
2023-09-12 00:30:10,855 - INFO - Episode 45
2023-09-12 00:30:10,855 - INFO - seed: 205
2023-09-12 00:32:01,570 - INFO - Episode 46
2023-09-12 00:32:01,570 - INFO - seed: 348
2023-09-12 00:33:56,732 - INFO - Episode 47
2023-09-12 00:33:56,732 - INFO - seed: 94
2023-09-12 00:35:51,966 - INFO - Episode 48
2023-09-12 00:35:51,966 - INFO - seed: 624
2023-09-12 00:37:51,624 - INFO - Episode 49
2023-09-12 00:37:51,624 - INFO - seed: 325
2023-09-12 00:39:55,585 - INFO - Episode 50
2023-09-12 00:39:55,585 - INFO - seed: 993
2023-09-12 00:42:04,182 - INFO - Episode 51
2023-09-12 00:42:04,182 - INFO - seed: 283
2023-09-12 00:44:12,774 - INFO - Episode 52
2023-09-12 00:44:12,774 - INFO - seed: 574
2023-09-12 00:46:25,864 - INFO - Episode 53
2023-09-12 00:46:25,864 - INFO - seed: 221
2023-09-12 00:48:43,131 - INFO - Episode 54
2023-09-12 00:48:43,131 - INFO - seed: 83
2023-09-12 00:51:00,526 - INFO - Episode 55
2023-09-12 00:51:00,527 - INFO - seed: 974
2023-09-12 00:53:17,737 - INFO - Episode 56
2023-09-12 00:53:17,737 - INFO - seed: 976
2023-09-12 00:55:39,322 - INFO - Episode 57
2023-09-12 00:55:39,322 - INFO - seed: 817
2023-09-12 00:58:00,779 - INFO - Episode 58
2023-09-12 00:58:00,779 - INFO - seed: 531
2023-09-12 01:00:22,404 - INFO - Episode 59
2023-09-12 01:00:22,404 - INFO - seed: 736
2023-09-12 01:02:48,506 - INFO - Episode 60
2023-09-12 01:02:48,507 - INFO - seed: 312
2023-09-12 01:05:14,277 - INFO - Episode 61
2023-09-12 01:05:14,277 - INFO - seed: 618
2023-09-12 01:07:44,417 - INFO - Episode 62
2023-09-12 01:07:44,417 - INFO - seed: 177
2023-09-12 01:10:14,815 - INFO - Episode 63
2023-09-12 01:10:14,815 - INFO - seed: 877
2023-09-12 01:12:49,462 - INFO - Episode 64
2023-09-12 01:12:49,462 - INFO - seed: 867
2023-09-12 01:15:28,911 - INFO - Episode 65
2023-09-12 01:15:28,912 - INFO - seed: 91
2023-09-12 01:18:08,728 - INFO - Episode 66
2023-09-12 01:18:08,728 - INFO - seed: 384
2023-09-12 01:20:52,434 - INFO - Episode 67
2023-09-12 01:20:52,434 - INFO - seed: 25
2023-09-12 01:23:35,983 - INFO - Episode 68
2023-09-12 01:23:35,983 - INFO - seed: 983
2023-09-12 01:26:23,659 - INFO - Episode 69
2023-09-12 01:26:23,659 - INFO - seed: 411
2023-09-12 01:29:16,021 - INFO - Episode 70
2023-09-12 01:29:16,021 - INFO - seed: 328
2023-09-12 01:32:08,773 - INFO - Episode 71
2023-09-12 01:32:08,773 - INFO - seed: 742
2023-09-12 01:35:06,099 - INFO - Episode 72
2023-09-12 01:35:06,099 - INFO - seed: 940
2023-09-12 01:38:07,889 - INFO - Episode 73
2023-09-12 01:38:07,889 - INFO - seed: 304
2023-09-12 01:41:09,757 - INFO - Episode 74
2023-09-12 01:41:09,757 - INFO - seed: 261
2023-09-12 01:44:11,390 - INFO - Episode 75
2023-09-12 01:44:11,390 - INFO - seed: 128
2023-09-12 01:47:17,542 - INFO - Episode 76
2023-09-12 01:47:17,542 - INFO - seed: 794
2023-09-12 01:50:23,719 - INFO - Episode 77
2023-09-12 01:50:23,719 - INFO - seed: 780
2023-09-12 01:53:33,981 - INFO - Episode 78
2023-09-12 01:53:33,982 - INFO - seed: 258
2023-09-12 01:56:42,337 - INFO - Episode 79
2023-09-12 01:56:42,337 - INFO - seed: 704
2023-09-12 01:59:56,646 - INFO - Episode 80
2023-09-12 01:59:56,646 - INFO - seed: 458
2023-09-12 02:03:11,345 - INFO - Episode 81
2023-09-12 02:03:11,346 - INFO - seed: 115
2023-09-12 02:06:30,317 - INFO - Episode 82
2023-09-12 02:06:30,317 - INFO - seed: 116
2023-09-12 02:09:53,113 - INFO - Episode 83
2023-09-12 02:09:53,113 - INFO - seed: 412
2023-09-12 02:13:16,491 - INFO - Episode 84
2023-09-12 02:13:16,491 - INFO - seed: 633
2023-09-12 02:16:39,805 - INFO - Episode 85
2023-09-12 02:16:39,805 - INFO - seed: 332
2023-09-12 02:20:07,852 - INFO - Episode 86
2023-09-12 02:20:07,852 - INFO - seed: 589
2023-09-12 02:23:35,790 - INFO - Episode 87
2023-09-12 02:23:35,790 - INFO - seed: 245
2023-09-12 02:27:07,967 - INFO - Episode 88
2023-09-12 02:27:07,967 - INFO - seed: 368
2023-09-12 02:30:44,072 - INFO - Episode 89
2023-09-12 02:30:44,072 - INFO - seed: 589
2023-09-12 02:34:24,855 - INFO - Episode 90
2023-09-12 02:34:24,855 - INFO - seed: 581
2023-09-12 02:38:07,136 - INFO - Episode 91
2023-09-12 02:38:07,136 - INFO - seed: 753
2023-09-12 02:41:52,715 - INFO - Episode 92
2023-09-12 02:41:52,715 - INFO - seed: 583
2023-09-12 02:45:38,151 - INFO - Episode 93
2023-09-12 02:45:38,151 - INFO - seed: 333
2023-09-12 02:49:27,567 - INFO - Episode 94
2023-09-12 02:49:27,567 - INFO - seed: 831
2023-09-12 02:53:21,626 - INFO - Episode 95
2023-09-12 02:53:21,626 - INFO - seed: 684
2023-09-12 02:57:20,240 - INFO - Episode 96
2023-09-12 02:57:20,240 - INFO - seed: 268
2023-09-12 03:01:23,466 - INFO - Episode 97
2023-09-12 03:01:23,466 - INFO - seed: 49
2023-09-12 03:05:30,916 - INFO - Episode 98
2023-09-12 03:05:30,917 - INFO - seed: 804
2023-09-12 03:09:43,019 - INFO - Episode 99
2023-09-12 03:09:43,019 - INFO - seed: 518
2023-09-12 03:13:59,648 - INFO - Episode 100
2023-09-12 03:13:59,649 - INFO - seed: 354
2023-09-12 03:18:21,182 - INFO - Episode 101
2023-09-12 03:18:21,182 - INFO - seed: 432
2023-09-12 03:22:42,131 - INFO - Episode 102
2023-09-12 03:22:42,131 - INFO - seed: 425
2023-09-12 03:27:07,587 - INFO - Episode 103
2023-09-12 03:27:07,587 - INFO - seed: 71
2023-09-12 03:31:37,368 - INFO - Episode 104
2023-09-12 03:31:37,368 - INFO - seed: 987
2023-09-12 03:36:11,530 - INFO - Episode 105
2023-09-12 03:36:11,530 - INFO - seed: 701
2023-09-12 03:40:49,979 - INFO - Episode 106
2023-09-12 03:40:49,980 - INFO - seed: 644
2023-09-12 03:45:29,084 - INFO - Episode 107
2023-09-12 03:45:29,084 - INFO - seed: 484
2023-09-12 03:50:07,633 - INFO - Episode 108
2023-09-12 03:50:07,633 - INFO - seed: 446
2023-09-12 03:54:50,657 - INFO - Episode 109
2023-09-12 03:54:50,657 - INFO - seed: 217
2023-09-12 03:59:38,708 - INFO - Episode 110
2023-09-12 03:59:38,708 - INFO - seed: 130
2023-09-12 04:04:26,265 - INFO - Episode 111
2023-09-12 04:04:26,266 - INFO - seed: 49
2023-09-12 04:09:18,401 - INFO - Episode 112
2023-09-12 04:09:18,401 - INFO - seed: 2
2023-09-12 04:14:14,978 - INFO - Episode 113
2023-09-12 04:14:14,978 - INFO - seed: 962
2023-09-12 04:19:12,324 - INFO - Episode 114
2023-09-12 04:19:12,324 - INFO - seed: 301
2023-09-12 04:24:09,255 - INFO - Episode 115
2023-09-12 04:24:09,255 - INFO - seed: 776
2023-09-12 04:29:05,929 - INFO - Episode 116
2023-09-12 04:29:05,929 - INFO - seed: 653
2023-09-12 04:34:06,692 - INFO - Episode 117
2023-09-12 04:34:06,692 - INFO - seed: 889
2023-09-12 04:39:07,366 - INFO - Episode 118
2023-09-12 04:39:07,367 - INFO - seed: 74
2023-09-12 04:44:12,408 - INFO - Episode 119
2023-09-12 04:44:12,408 - INFO - seed: 339
2023-09-12 04:49:21,867 - INFO - Episode 120
2023-09-12 04:49:21,867 - INFO - seed: 292
2023-09-12 04:54:31,055 - INFO - Episode 121
2023-09-12 04:54:31,055 - INFO - seed: 433
2023-09-12 04:59:45,099 - INFO - Episode 122
2023-09-12 04:59:45,099 - INFO - seed: 495
2023-09-12 05:04:59,192 - INFO - Episode 123
2023-09-12 05:04:59,192 - INFO - seed: 979
2023-09-12 05:10:17,347 - INFO - Episode 124
2023-09-12 05:10:17,348 - INFO - seed: 371
2023-09-12 05:15:39,822 - INFO - Episode 125
2023-09-12 05:15:39,822 - INFO - seed: 83
2023-09-12 05:21:03,288 - INFO - Episode 126
2023-09-12 05:21:03,288 - INFO - seed: 574
2023-09-12 05:26:31,149 - INFO - Episode 127
2023-09-12 05:26:31,149 - INFO - seed: 342
2023-09-12 05:31:58,892 - INFO - Episode 128
2023-09-12 05:31:58,892 - INFO - seed: 721
2023-09-12 05:37:25,810 - INFO - Episode 129
2023-09-12 05:37:25,810 - INFO - seed: 660
2023-09-12 05:42:57,514 - INFO - Episode 130
2023-09-12 05:42:57,514 - INFO - seed: 472
2023-09-12 05:48:28,860 - INFO - Episode 131
2023-09-12 05:48:28,860 - INFO - seed: 400
2023-09-12 05:54:05,638 - INFO - Episode 132
2023-09-12 05:54:05,638 - INFO - seed: 928
2023-09-12 05:59:46,330 - INFO - Episode 133
2023-09-12 05:59:46,330 - INFO - seed: 938
2023-09-12 06:05:26,287 - INFO - Episode 134
2023-09-12 06:05:26,287 - INFO - seed: 593
2023-09-12 06:11:11,279 - INFO - Episode 135
2023-09-12 06:11:11,279 - INFO - seed: 740
2023-09-12 06:16:55,709 - INFO - Episode 136
2023-09-12 06:16:55,709 - INFO - seed: 286
2023-09-12 06:22:42,386 - INFO - Episode 137
2023-09-12 06:22:42,386 - INFO - seed: 805
2023-09-12 06:28:36,525 - INFO - Episode 138
2023-09-12 06:28:36,526 - INFO - seed: 464
2023-09-12 06:34:30,932 - INFO - Episode 139
2023-09-12 06:34:30,932 - INFO - seed: 190
2023-09-12 06:40:29,914 - INFO - Episode 140
2023-09-12 06:40:29,915 - INFO - seed: 432
2023-09-12 06:46:28,771 - INFO - Episode 141
2023-09-12 06:46:28,771 - INFO - seed: 104
2023-09-12 06:52:26,796 - INFO - Episode 142
2023-09-12 06:52:26,796 - INFO - seed: 349
2023-09-12 06:58:29,477 - INFO - Episode 143
2023-09-12 06:58:29,477 - INFO - seed: 439
2023-09-12 07:04:32,652 - INFO - Episode 144
2023-09-12 07:04:32,653 - INFO - seed: 632
2023-09-12 07:10:35,312 - INFO - Episode 145
2023-09-12 07:10:35,312 - INFO - seed: 394
2023-09-12 07:16:37,379 - INFO - Episode 146
2023-09-12 07:16:37,379 - INFO - seed: 900
2023-09-12 07:22:45,184 - INFO - Episode 147
2023-09-12 07:22:45,184 - INFO - seed: 37
2023-09-12 07:28:56,447 - INFO - Episode 148
2023-09-12 07:28:56,448 - INFO - seed: 885
2023-09-12 07:35:08,568 - INFO - Episode 149
2023-09-12 07:35:08,569 - INFO - seed: 43
2023-09-12 07:41:20,828 - INFO - Episode 150
2023-09-12 07:41:20,828 - INFO - seed: 438
2023-09-12 07:47:38,285 - INFO - Episode 151
2023-09-12 07:47:38,285 - INFO - seed: 916
2023-09-12 07:53:54,810 - INFO - Episode 152
2023-09-12 07:53:54,810 - INFO - seed: 923
2023-09-12 08:00:15,989 - INFO - Episode 153
2023-09-12 08:00:15,990 - INFO - seed: 87
2023-09-12 08:06:41,673 - INFO - Episode 154
2023-09-12 08:06:41,673 - INFO - seed: 340
2023-09-12 08:13:07,166 - INFO - Episode 155
2023-09-12 08:13:07,166 - INFO - seed: 526
2023-09-12 08:19:37,713 - INFO - Episode 156
2023-09-12 08:19:37,713 - INFO - seed: 693
2023-09-12 08:26:06,909 - INFO - Episode 157
2023-09-12 08:26:06,909 - INFO - seed: 562
2023-09-12 08:32:35,888 - INFO - Episode 158
2023-09-12 08:32:35,889 - INFO - seed: 563
2023-09-12 08:39:08,885 - INFO - Episode 159
2023-09-12 08:39:08,886 - INFO - seed: 185
2023-09-12 08:45:46,919 - INFO - Episode 160
2023-09-12 08:45:46,919 - INFO - seed: 362
2023-09-12 08:52:24,947 - INFO - Episode 161
2023-09-12 08:52:24,947 - INFO - seed: 716
2023-09-12 08:59:07,168 - INFO - Episode 162
2023-09-12 08:59:07,168 - INFO - seed: 783
2023-09-12 09:05:53,387 - INFO - Episode 163
2023-09-12 09:05:53,388 - INFO - seed: 685
2023-09-12 09:12:40,274 - INFO - Episode 164
2023-09-12 09:12:40,274 - INFO - seed: 602
