2023-09-28 12:13:46,947 - INFO - 

learning_rate:0.001
gamma:0.8
tau:0.01
hsRNN:64
hsMixing:64
hsHyper:64
replace_cycle:500
agent_num:2
obs_size:5
msg_size:27
com_size:32
com_mode:3
state_size:7
action_size:6
epoch:1
buffer_size:32
batch_size:32
seq_len:100
episode:3000
timestep:300
view_range:1
report_cycle:1
comm_cycle:1
row:8
col:8
height:3
risklevel:0.1
risk_num:3
AoI_limit:3

2023-09-28 12:13:48,046 - INFO - 
Map size: 8 * 8 * 3
At height 1 
[7, 1] [6, 5] [0, 1] 
At height 2 
[2, 6] [2, 2] [6, 2] is dangerous
UAVs are at:
[3, 3, 1] [3, 5, 1] 
Dest are at:
[[0, 7], [0, 0]] [[7, 0], [7, 7]] 
2023-09-28 12:13:48,068 - INFO - Episode 0 seed: 105
2023-09-28 12:13:50,380 - INFO - Arrived: 1 Broken: 0
2023-09-28 12:13:50,381 - INFO - Episode 1 seed: 105
2023-09-28 12:13:50,601 - INFO - Episode 1 finished after 81 timesteps
2023-09-28 12:13:51,002 - INFO - Arrived: 2 Broken: 0
2023-09-28 12:13:51,003 - INFO - Episode 2 seed: 105
2023-09-28 12:13:51,259 - INFO - Episode 2 finished after 96 timesteps
2023-09-28 12:13:51,655 - INFO - Arrived: 2 Broken: 0
2023-09-28 12:13:51,655 - INFO - Episode 3 seed: 105
2023-09-28 12:13:53,015 - INFO - Arrived: 0 Broken: 0
2023-09-28 12:13:53,015 - INFO - Episode 4 seed: 105
2023-09-28 12:13:53,703 - INFO - Episode 4 finished after 187 timesteps
2023-09-28 12:13:54,112 - INFO - Arrived: 2 Broken: 0
2023-09-28 12:13:54,112 - INFO - Episode 5 seed: 105
2023-09-28 12:13:54,682 - INFO - Episode 5 finished after 184 timesteps
2023-09-28 12:13:55,058 - INFO - Arrived: 2 Broken: 0
2023-09-28 12:13:55,058 - INFO - Episode 6 seed: 105
2023-09-28 12:13:55,610 - INFO - Episode 6 finished after 174 timesteps
2023-09-28 12:13:56,010 - INFO - Arrived: 2 Broken: 0
2023-09-28 12:13:56,010 - INFO - Episode 7 seed: 105
2023-09-28 12:13:56,537 - INFO - Episode 7 finished after 165 timesteps
2023-09-28 12:13:57,000 - INFO - Arrived: 2 Broken: 0
2023-09-28 12:13:57,000 - INFO - Episode 8 seed: 105
2023-09-28 12:13:57,788 - INFO - Episode 8 finished after 228 timesteps
2023-09-28 12:13:58,185 - INFO - Arrived: 2 Broken: 0
2023-09-28 12:13:58,185 - INFO - Episode 9 seed: 105
2023-09-28 12:13:58,909 - INFO - Episode 9 finished after 248 timesteps
2023-09-28 12:13:59,306 - INFO - Arrived: 2 Broken: 0
2023-09-28 12:13:59,306 - INFO - Episode 10 seed: 105
2023-09-28 12:14:00,613 - INFO - Arrived: 0 Broken: 0
2023-09-28 12:14:00,614 - INFO - Episode 11 seed: 105
2023-09-28 12:14:02,035 - INFO - Arrived: 1 Broken: 0
2023-09-28 12:14:02,035 - INFO - Episode 12 seed: 105
2023-09-28 12:14:03,363 - INFO - Arrived: 1 Broken: 0
2023-09-28 12:14:03,364 - INFO - Episode 13 seed: 105
2023-09-28 12:14:04,733 - INFO - Arrived: 1 Broken: 0
2023-09-28 12:14:04,733 - INFO - Episode 14 seed: 105
2023-09-28 12:14:05,477 - INFO - Episode 14 finished after 231 timesteps
2023-09-28 12:14:05,878 - INFO - Arrived: 2 Broken: 0
2023-09-28 12:14:05,878 - INFO - Episode 15 seed: 105
2023-09-28 12:14:06,205 - INFO - Episode 15 finished after 118 timesteps
2023-09-28 12:14:06,679 - INFO - Arrived: 2 Broken: 0
2023-09-28 12:14:06,680 - INFO - Episode 16 seed: 105
2023-09-28 12:14:07,676 - INFO - Episode 16 finished after 296 timesteps
2023-09-28 12:14:08,076 - INFO - Arrived: 2 Broken: 0
2023-09-28 12:14:08,076 - INFO - Episode 17 seed: 105
2023-09-28 12:14:08,987 - INFO - Episode 17 finished after 288 timesteps
2023-09-28 12:14:09,388 - INFO - Arrived: 2 Broken: 0
2023-09-28 12:14:09,388 - INFO - Episode 18 seed: 105
2023-09-28 12:14:10,754 - INFO - Arrived: 1 Broken: 0
2023-09-28 12:14:10,755 - INFO - Episode 19 seed: 105
2023-09-28 12:14:12,193 - INFO - Arrived: 1 Broken: 0
2023-09-28 12:14:12,193 - INFO - Episode 20 seed: 105
2023-09-28 12:14:13,014 - INFO - Episode 20 finished after 260 timesteps
2023-09-28 12:14:13,429 - INFO - Arrived: 2 Broken: 0
2023-09-28 12:14:13,430 - INFO - Episode 21 seed: 105
2023-09-28 12:14:14,834 - INFO - Arrived: 0 Broken: 0
2023-09-28 12:14:14,834 - INFO - Episode 22 seed: 105
2023-09-28 12:14:15,307 - INFO - Episode 22 finished after 157 timesteps
2023-09-28 12:14:15,710 - INFO - Arrived: 2 Broken: 0
2023-09-28 12:14:15,710 - INFO - Episode 23 seed: 105
2023-09-28 12:14:17,128 - INFO - Arrived: 1 Broken: 0
2023-09-28 12:14:17,128 - INFO - Episode 24 seed: 105
2023-09-28 12:14:18,511 - INFO - Arrived: 1 Broken: 0
2023-09-28 12:14:18,511 - INFO - Episode 25 seed: 105
2023-09-28 12:14:18,694 - INFO - Episode 25 finished after 69 timesteps
2023-09-28 12:14:19,084 - INFO - Arrived: 2 Broken: 0
2023-09-28 12:14:19,084 - INFO - Episode 26 seed: 105
2023-09-28 12:14:19,859 - INFO - Episode 26 finished after 239 timesteps
2023-09-28 12:14:20,241 - INFO - Arrived: 2 Broken: 0
2023-09-28 12:14:20,242 - INFO - Episode 27 seed: 105
2023-09-28 12:14:21,721 - INFO - Arrived: 1 Broken: 0
2023-09-28 12:14:21,721 - INFO - Episode 28 seed: 105
2023-09-28 12:14:23,356 - INFO - Arrived: 1 Broken: 0
2023-09-28 12:14:23,356 - INFO - Episode 29 seed: 105
2023-09-28 12:14:24,722 - INFO - Arrived: 1 Broken: 0
2023-09-28 12:14:24,722 - INFO - Episode 30 seed: 105
2023-09-28 12:14:26,184 - INFO - Arrived: 1 Broken: 0
2023-09-28 12:14:26,185 - INFO - Episode 31 seed: 105
2023-09-28 12:14:26,909 - INFO - Episode 31 finished after 196 timesteps
2023-09-28 12:14:27,315 - INFO - Arrived: 2 Broken: 0
2023-09-28 12:14:27,315 - INFO - Episode 32 seed: 105
