2023-09-19 09:28:14,788 - INFO - 

learning_rate:0.001
gamma:0.8
tau:0.01
hsRNN:64
hsMixing:64
hsHyper:64
replace_cycle:500
agent_num:2
obs_size:21
msg_size:27
com_size:32
com_mode:3
state_size:42
action_size:6
epoch:1
buffer_size:32
batch_size:16
seq_len:100
episode:2000
timestep:300
view_range:1
report_cycle:1
comm_cycle:1
row:6
col:6
height:3
risklevel:0.1
AoI_limit:3

2023-09-19 09:28:15,727 - INFO - 
Map size: 6 * 6 * 3 
At height 1 
[5, 3] is dangerous
At height 2 
[3, 0] is dangerous
UAVs are at:
[4, 4, 1] [2, 2, 1] 
Dest are at:
[0, 0] [0, 5] 
2023-09-19 09:28:15,738 - INFO - Episode 0 seed: 402
2023-09-19 09:28:35,030 - INFO - 

learning_rate:0.001
gamma:0.8
tau:0.01
hsRNN:64
hsMixing:64
hsHyper:64
replace_cycle:500
agent_num:2
obs_size:21
msg_size:27
com_size:32
com_mode:3
state_size:42
action_size:6
epoch:1
buffer_size:32
batch_size:16
seq_len:100
episode:2000
timestep:300
view_range:1
report_cycle:1
comm_cycle:1
row:6
col:6
height:3
risklevel:0.1
AoI_limit:3

2023-09-19 09:28:35,974 - INFO - 
Map size: 6 * 6 * 3 
At height 1 
[3, 2] is dangerous
At height 2 
[4, 2] is dangerous
UAVs are at:
[4, 4, 1] [2, 2, 1] 
Dest are at:
[0, 0] [0, 5] 
2023-09-19 09:28:35,984 - INFO - Episode 0 seed: 122
2023-09-19 09:28:42,448 - INFO - Arrived: 1 Broken: 0 Communication: 0.0
2023-09-19 09:28:42,450 - INFO - Episode 1 seed: 684
2023-09-19 09:28:49,668 - INFO - 

learning_rate:0.001
gamma:0.8
tau:0.01
hsRNN:64
hsMixing:64
hsHyper:64
replace_cycle:500
agent_num:2
obs_size:21
msg_size:27
com_size:32
com_mode:3
state_size:42
action_size:6
epoch:1
buffer_size:32
batch_size:16
seq_len:100
episode:2000
timestep:300
view_range:1
report_cycle:1
comm_cycle:1
row:6
col:6
height:3
risklevel:0.1
AoI_limit:3

2023-09-19 09:28:50,668 - INFO - 
Map size: 6 * 6 * 3 
At height 1 
[1, 1] is dangerous
At height 2 
[2, 0] is dangerous
UAVs are at:
[4, 4, 1] [2, 2, 1] 
Dest are at:
[0, 0] [0, 5] 
2023-09-19 09:28:50,676 - INFO - Episode 0 seed: 871
2023-09-19 09:28:54,779 - INFO - Arrived: 0 Broken: 0 Communication: 0.0
2023-09-19 09:28:54,779 - INFO - Episode 1 seed: 701
2023-09-19 09:28:58,773 - INFO - Arrived: 0 Broken: 0 Communication: 0.0
2023-09-19 09:28:58,774 - INFO - Episode 2 seed: 213
