2023-09-19 09:52:14,265 - INFO - 

learning_rate:0.001
gamma:0.8
tau:0.01
hsRNN:64
hsMixing:64
hsHyper:64
replace_cycle:500
agent_num:2
obs_size:21
msg_size:27
com_size:32
com_mode:3
state_size:42
action_size:6
epoch:1
buffer_size:32
batch_size:16
seq_len:100
episode:2000
timestep:300
view_range:1
report_cycle:1
comm_cycle:1
row:6
col:6
height:3
risklevel:0.1
AoI_limit:3

2023-09-19 09:52:15,202 - INFO - 
Map size: 6 * 6 * 3 
At height 1 
[3, 4] is dangerous
At height 2 
[5, 2] is dangerous
UAVs are at:
[4, 4, 1] [2, 2, 1] 
Dest are at:
[0, 0] [0, 5] 
2023-09-19 09:52:15,213 - INFO - Episode 0 seed: 915
2023-09-19 09:52:28,931 - INFO - Arrived: 1 Broken: 0 Communication: 0.0
2023-09-19 09:52:28,934 - INFO - Episode 1 seed: 596
2023-09-19 09:53:29,644 - INFO - Arrived: 0 Broken: 0 Communication: 0.0
2023-09-19 09:53:29,646 - INFO - Episode 2 seed: 489
