2023-09-27 14:08:35,218 - INFO - 

learning_rate:0.001
gamma:0.8
tau:0.01
hsRNN:64
hsMixing:64
hsHyper:64
replace_cycle:500
agent_num:2
obs_size:5
msg_size:27
com_size:32
com_mode:3
state_size:7
action_size:6
q_mode:0
epoch:1
buffer_size:32
batch_size:32
seq_len:100
episode:3000
timestep:200
view_range:1
report_cycle:1
comm_cycle:1
row:8
col:8
height:3
risklevel:0.1
risk_num:2
AoI_limit:3

2023-09-27 14:08:36,523 - INFO - 
Map size: 8 * 8 * 3 
At height 1 
At height 2 
[2, 6] [2, 2] is dangerous
UAVs are at:
[3, 5, 1] [3, 3, 1] 
Dest are at:
[0, 7] [7, 0] 
2023-09-27 14:08:36,542 - INFO - Episode 0 seed: 646
2023-09-27 14:08:37,951 - INFO - Episode 0 finished after 159 timesteps
2023-09-27 14:08:38,902 - INFO - Arrived: 2 Broken: 0 Communication: 0.0
2023-09-27 14:08:38,903 - INFO - Episode 1 seed: 646
2023-09-27 14:08:40,727 - INFO - Arrived: 0 Broken: 0 Communication: 0.0
2023-09-27 14:08:40,727 - INFO - Episode 2 seed: 646
2023-09-27 14:08:42,518 - INFO - Arrived: 1 Broken: 0 Communication: 0.0
2023-09-27 14:08:42,518 - INFO - Episode 3 seed: 646
2023-09-27 14:08:42,773 - INFO - Episode 3 finished after 87 timesteps
2023-09-27 14:08:43,650 - INFO - Arrived: 2 Broken: 0 Communication: 0.0
2023-09-27 14:08:43,650 - INFO - Episode 4 seed: 646
2023-09-27 14:08:45,445 - INFO - Arrived: 0 Broken: 0 Communication: 0.0
2023-09-27 14:08:45,445 - INFO - Episode 5 seed: 646
2023-09-27 14:08:45,844 - INFO - Episode 5 finished after 135 timesteps
2023-09-27 14:08:46,642 - INFO - Arrived: 2 Broken: 0 Communication: 0.0
2023-09-27 14:08:46,643 - INFO - Episode 6 seed: 646
2023-09-27 14:08:46,910 - INFO - Episode 6 finished after 87 timesteps
2023-09-27 14:08:47,718 - INFO - Arrived: 2 Broken: 0 Communication: 0.0
2023-09-27 14:08:47,718 - INFO - Episode 7 seed: 646
2023-09-27 14:08:49,654 - INFO - Arrived: 0 Broken: 0 Communication: 0.0
2023-09-27 14:08:49,654 - INFO - Episode 8 seed: 646
2023-09-27 14:08:49,999 - INFO - Episode 8 finished after 98 timesteps
2023-09-27 14:08:50,829 - INFO - Arrived: 2 Broken: 0 Communication: 0.0
2023-09-27 14:08:50,829 - INFO - Episode 9 seed: 646
2023-09-27 14:08:51,733 - INFO - Episode 9 finished after 299 timesteps
2023-09-27 14:08:52,528 - INFO - Arrived: 2 Broken: 0 Communication: 0.0
2023-09-27 14:08:52,528 - INFO - Episode 10 seed: 646
2023-09-27 14:08:54,381 - INFO - Arrived: 0 Broken: 0 Communication: 0.0
2023-09-27 14:08:54,382 - INFO - Episode 11 seed: 646
2023-09-27 14:08:56,274 - INFO - Arrived: 1 Broken: 0 Communication: 0.0
2023-09-27 14:08:56,274 - INFO - Episode 12 seed: 646
2023-09-27 14:08:56,530 - INFO - Episode 12 finished after 73 timesteps
2023-09-27 14:08:57,504 - INFO - Arrived: 2 Broken: 0 Communication: 0.0
2023-09-27 14:08:57,504 - INFO - Episode 13 seed: 646
2023-09-27 14:08:59,350 - INFO - Arrived: 0 Broken: 0 Communication: 0.0
2023-09-27 14:08:59,350 - INFO - Episode 14 seed: 646
2023-09-27 14:09:01,261 - INFO - Arrived: 1 Broken: 0 Communication: 0.0
2023-09-27 14:09:01,262 - INFO - Episode 15 seed: 646
2023-09-27 14:09:03,137 - INFO - Arrived: 1 Broken: 0 Communication: 0.0
2023-09-27 14:09:03,138 - INFO - Episode 16 seed: 646
2023-09-27 14:09:05,075 - INFO - Arrived: 1 Broken: 0 Communication: 0.0
2023-09-27 14:09:05,076 - INFO - Episode 17 seed: 646
2023-09-27 14:09:05,765 - INFO - Episode 17 finished after 209 timesteps
2023-09-27 14:09:06,814 - INFO - Arrived: 2 Broken: 0 Communication: 0.0
2023-09-27 14:09:06,814 - INFO - Episode 18 seed: 646
2023-09-27 14:09:07,765 - INFO - Episode 18 finished after 256 timesteps
2023-09-27 14:09:08,617 - INFO - Arrived: 2 Broken: 0 Communication: 0.0
2023-09-27 14:09:08,618 - INFO - Episode 19 seed: 646
2023-09-27 14:09:09,210 - INFO - Episode 19 finished after 155 timesteps
2023-09-27 14:09:10,105 - INFO - Arrived: 2 Broken: 0 Communication: 0.0
2023-09-27 14:09:10,105 - INFO - Episode 20 seed: 646
2023-09-27 14:09:12,000 - INFO - Arrived: 0 Broken: 0 Communication: 0.0
2023-09-27 14:09:12,001 - INFO - Episode 21 seed: 646
2023-09-27 14:09:13,818 - INFO - Arrived: 1 Broken: 0 Communication: 0.0
2023-09-27 14:09:13,818 - INFO - Episode 22 seed: 646
2023-09-27 14:09:14,859 - INFO - Episode 22 finished after 294 timesteps
2023-09-27 14:09:15,712 - INFO - Arrived: 2 Broken: 0 Communication: 0.0
2023-09-27 14:09:15,712 - INFO - Episode 23 seed: 646
2023-09-27 14:09:17,444 - INFO - Arrived: 1 Broken: 0 Communication: 0.0
2023-09-27 14:09:17,444 - INFO - Episode 24 seed: 646
2023-09-27 14:09:19,239 - INFO - Arrived: 0 Broken: 0 Communication: 0.0
2023-09-27 14:09:19,239 - INFO - Episode 25 seed: 646
2023-09-27 14:09:19,715 - INFO - Episode 25 finished after 156 timesteps
2023-09-27 14:09:20,527 - INFO - Arrived: 2 Broken: 0 Communication: 0.0
2023-09-27 14:09:20,527 - INFO - Episode 26 seed: 646
2023-09-27 14:09:21,415 - INFO - Episode 26 finished after 278 timesteps
2023-09-27 14:09:22,185 - INFO - Arrived: 2 Broken: 0 Communication: 0.0
2023-09-27 14:09:22,185 - INFO - Episode 27 seed: 646
2023-09-27 14:09:24,066 - INFO - Arrived: 1 Broken: 0 Communication: 0.0
2023-09-27 14:09:24,066 - INFO - Episode 28 seed: 646
2023-09-27 14:09:25,866 - INFO - Arrived: 1 Broken: 0 Communication: 0.0
2023-09-27 14:09:25,866 - INFO - Episode 29 seed: 646
2023-09-27 14:09:27,529 - INFO - Arrived: 1 Broken: 0 Communication: 0.0
2023-09-27 14:09:27,529 - INFO - Episode 30 seed: 646
2023-09-27 14:09:28,362 - INFO - Episode 30 finished after 290 timesteps
2023-09-27 14:09:29,182 - INFO - Arrived: 2 Broken: 0 Communication: 0.0
2023-09-27 14:09:29,183 - INFO - Episode 31 seed: 646
