2023-09-27 14:12:15,677 - INFO - 

learning_rate:0.001
gamma:0.8
tau:0.01
hsRNN:64
hsMixing:64
hsHyper:64
replace_cycle:500
agent_num:2
obs_size:5
msg_size:27
com_size:32
com_mode:3
state_size:7
action_size:6
q_mode:0
epoch:1
buffer_size:32
batch_size:32
seq_len:100
episode:3000
timestep:200
view_range:1
report_cycle:1
comm_cycle:1
row:8
col:8
height:3
risklevel:0.1
risk_num:2
AoI_limit:3

2023-09-27 14:12:16,801 - INFO - 
Map size: 8 * 8 * 3 
At height 1 
At height 2 
[6, 2] [2, 6] is dangerous
UAVs are at:
[3, 5, 1] [3, 3, 1] 
Dest are at:
[0, 7] [7, 0] 
2023-09-27 14:12:16,816 - INFO - Episode 0 seed: 167
2023-09-27 14:12:20,295 - INFO - Arrived: 1 Broken: 0 Communication: 0.0
2023-09-27 14:12:20,296 - INFO - Episode 1 seed: 167
2023-09-27 14:12:22,005 - INFO - Arrived: 1 Broken: 0 Communication: 0.0
2023-09-27 14:12:22,005 - INFO - Episode 2 seed: 167
2023-09-27 14:12:23,919 - INFO - Arrived: 1 Broken: 0 Communication: 0.0
2023-09-27 14:12:23,919 - INFO - Episode 3 seed: 167
2023-09-27 14:12:25,717 - INFO - Arrived: 0 Broken: 0 Communication: 0.0
2023-09-27 14:12:25,718 - INFO - Episode 4 seed: 167
2023-09-27 14:12:27,615 - INFO - Arrived: 1 Broken: 0 Communication: 0.0
2023-09-27 14:12:27,615 - INFO - Episode 5 seed: 167
2023-09-27 14:12:29,331 - INFO - Arrived: 1 Broken: 0 Communication: 0.0
2023-09-27 14:12:29,331 - INFO - Episode 6 seed: 167
2023-09-27 14:12:31,182 - INFO - Arrived: 1 Broken: 0 Communication: 0.0
2023-09-27 14:12:31,183 - INFO - Episode 7 seed: 167
2023-09-27 14:12:32,984 - INFO - Arrived: 1 Broken: 0 Communication: 0.0
2023-09-27 14:12:32,985 - INFO - Episode 8 seed: 167
2023-09-27 14:12:34,827 - INFO - Arrived: 0 Broken: 0 Communication: 0.0
2023-09-27 14:12:34,827 - INFO - Episode 9 seed: 167
2023-09-27 14:12:36,580 - INFO - Arrived: 1 Broken: 0 Communication: 0.0
2023-09-27 14:12:36,581 - INFO - Episode 10 seed: 167
2023-09-27 14:12:38,366 - INFO - Arrived: 1 Broken: 0 Communication: 0.0
2023-09-27 14:12:38,367 - INFO - Episode 11 seed: 167
2023-09-27 14:12:40,096 - INFO - Arrived: 1 Broken: 0 Communication: 0.0
2023-09-27 14:12:40,097 - INFO - Episode 12 seed: 167
2023-09-27 14:12:41,967 - INFO - Arrived: 1 Broken: 0 Communication: 0.0
2023-09-27 14:12:41,968 - INFO - Episode 13 seed: 167
2023-09-27 14:12:43,917 - INFO - Arrived: 1 Broken: 0 Communication: 0.0
2023-09-27 14:12:43,917 - INFO - Episode 14 seed: 167
2023-09-27 14:12:45,774 - INFO - Arrived: 1 Broken: 0 Communication: 0.0
2023-09-27 14:12:45,775 - INFO - Episode 15 seed: 167
2023-09-27 14:12:47,712 - INFO - Arrived: 1 Broken: 0 Communication: 0.0
2023-09-27 14:12:47,713 - INFO - Episode 16 seed: 167
2023-09-27 14:12:49,549 - INFO - Arrived: 1 Broken: 0 Communication: 0.0
2023-09-27 14:12:49,550 - INFO - Episode 17 seed: 167
2023-09-27 14:12:51,120 - INFO - Arrived: 0 Broken: 0 Communication: 0.0
2023-09-27 14:12:51,120 - INFO - Episode 18 seed: 167
2023-09-27 14:12:52,987 - INFO - Arrived: 1 Broken: 0 Communication: 0.0
2023-09-27 14:12:52,987 - INFO - Episode 19 seed: 167
2023-09-27 14:12:54,757 - INFO - Arrived: 1 Broken: 0 Communication: 0.0
2023-09-27 14:12:54,758 - INFO - Episode 20 seed: 167
2023-09-27 14:12:56,574 - INFO - Arrived: 0 Broken: 0 Communication: 0.0
2023-09-27 14:12:56,574 - INFO - Episode 21 seed: 167
2023-09-27 14:12:58,340 - INFO - Arrived: 0 Broken: 0 Communication: 0.0
2023-09-27 14:12:58,341 - INFO - Episode 22 seed: 167
2023-09-27 14:13:00,031 - INFO - Arrived: 1 Broken: 0 Communication: 0.0
2023-09-27 14:13:00,031 - INFO - Episode 23 seed: 167
2023-09-27 14:13:01,738 - INFO - Arrived: 1 Broken: 0 Communication: 0.0
2023-09-27 14:13:01,738 - INFO - Episode 24 seed: 167
2023-09-27 14:13:03,372 - INFO - Arrived: 1 Broken: 0 Communication: 0.0
2023-09-27 14:13:03,372 - INFO - Episode 25 seed: 167
2023-09-27 14:13:05,054 - INFO - Arrived: 1 Broken: 0 Communication: 0.0
2023-09-27 14:13:05,054 - INFO - Episode 26 seed: 167
2023-09-27 14:13:06,758 - INFO - Arrived: 1 Broken: 0 Communication: 0.0
2023-09-27 14:13:06,758 - INFO - Episode 27 seed: 167
2023-09-27 14:13:08,453 - INFO - Arrived: 1 Broken: 0 Communication: 0.0
2023-09-27 14:13:08,453 - INFO - Episode 28 seed: 167
2023-09-27 14:13:10,189 - INFO - Arrived: 1 Broken: 0 Communication: 0.0
2023-09-27 14:13:10,190 - INFO - Episode 29 seed: 167
2023-09-27 14:13:11,867 - INFO - Arrived: 1 Broken: 0 Communication: 0.0
2023-09-27 14:13:11,868 - INFO - Episode 30 seed: 167
2023-09-27 14:13:13,542 - INFO - Arrived: 1 Broken: 0 Communication: 0.0
2023-09-27 14:13:13,543 - INFO - Episode 31 seed: 167
2023-09-27 14:13:15,355 - INFO - Arrived: 1 Broken: 0 Communication: 0.0
2023-09-27 14:13:15,355 - INFO - Episode 32 seed: 167
2023-09-27 14:13:56,040 - INFO - Arrived: 1 Broken: 0 Communication: 0.0
2023-09-27 14:13:56,040 - INFO - Episode 33 seed: 167
2023-09-27 14:13:56,839 - INFO - Episode 33 finished after 241 timesteps
2023-09-27 14:14:36,900 - INFO - Arrived: 0 Broken: 2 Communication: 0.0
2023-09-27 14:14:36,900 - INFO - Episode 34 seed: 167
2023-09-27 14:14:37,716 - INFO - Episode 34 finished after 247 timesteps
2023-09-27 14:15:19,531 - INFO - Arrived: 0 Broken: 2 Communication: 0.0
2023-09-27 14:15:19,531 - INFO - Episode 35 seed: 167
2023-09-27 14:15:20,029 - INFO - Episode 35 finished after 136 timesteps
2023-09-27 14:16:02,036 - INFO - Arrived: 1 Broken: 1 Communication: 0.0
2023-09-27 14:16:02,036 - INFO - Episode 36 seed: 167
2023-09-27 14:16:02,734 - INFO - Episode 36 finished after 199 timesteps
2023-09-27 14:16:43,052 - INFO - Arrived: 1 Broken: 1 Communication: 0.0
2023-09-27 14:16:43,053 - INFO - Episode 37 seed: 167
2023-09-27 14:16:43,764 - INFO - Episode 37 finished after 232 timesteps
2023-09-27 14:17:25,154 - INFO - Arrived: 1 Broken: 1 Communication: 0.0
2023-09-27 14:17:25,154 - INFO - Episode 38 seed: 167
2023-09-27 14:17:26,072 - INFO - Episode 38 finished after 248 timesteps
2023-09-27 14:18:10,667 - INFO - Arrived: 0 Broken: 2 Communication: 0.0
2023-09-27 14:18:10,667 - INFO - Episode 39 seed: 167
2023-09-27 14:18:11,672 - INFO - Episode 39 finished after 257 timesteps
2023-09-27 14:18:54,471 - INFO - Arrived: 1 Broken: 1 Communication: 0.0
2023-09-27 14:18:54,472 - INFO - Episode 40 seed: 167
2023-09-27 14:18:55,218 - INFO - Episode 40 finished after 227 timesteps
2023-09-27 14:19:37,426 - INFO - Arrived: 1 Broken: 1 Communication: 0.0
2023-09-27 14:19:37,426 - INFO - Episode 41 seed: 167
2023-09-27 14:19:38,140 - INFO - Episode 41 finished after 206 timesteps
2023-09-27 14:20:20,247 - INFO - Arrived: 1 Broken: 1 Communication: 0.0
2023-09-27 14:20:20,248 - INFO - Episode 42 seed: 167
2023-09-27 14:20:20,937 - INFO - Episode 42 finished after 199 timesteps
2023-09-27 14:21:04,751 - INFO - Arrived: 1 Broken: 1 Communication: 0.0
2023-09-27 14:21:04,751 - INFO - Episode 43 seed: 167
2023-09-27 14:21:05,561 - INFO - Episode 43 finished after 226 timesteps
2023-09-27 14:21:48,597 - INFO - Arrived: 1 Broken: 1 Communication: 0.0
2023-09-27 14:21:48,597 - INFO - Episode 44 seed: 167
2023-09-27 14:21:49,637 - INFO - Episode 44 finished after 280 timesteps
2023-09-27 14:22:32,011 - INFO - Arrived: 0 Broken: 2 Communication: 0.0
2023-09-27 14:22:32,011 - INFO - Episode 45 seed: 167
2023-09-27 14:22:32,723 - INFO - Episode 45 finished after 203 timesteps
2023-09-27 14:23:17,570 - INFO - Arrived: 1 Broken: 1 Communication: 0.0
2023-09-27 14:23:17,570 - INFO - Episode 46 seed: 167
2023-09-27 14:23:18,423 - INFO - Episode 46 finished after 235 timesteps
2023-09-27 14:24:03,561 - INFO - Arrived: 1 Broken: 1 Communication: 0.0
2023-09-27 14:24:03,562 - INFO - Episode 47 seed: 167
2023-09-27 14:24:04,220 - INFO - Episode 47 finished after 135 timesteps
2023-09-27 14:24:50,165 - INFO - Arrived: 1 Broken: 1 Communication: 0.0
2023-09-27 14:24:50,166 - INFO - Episode 48 seed: 167
2023-09-27 14:24:50,784 - INFO - Episode 48 finished after 180 timesteps
2023-09-27 14:25:37,358 - INFO - Arrived: 1 Broken: 1 Communication: 0.0
2023-09-27 14:25:37,358 - INFO - Episode 49 seed: 167
2023-09-27 14:25:38,229 - INFO - Episode 49 finished after 242 timesteps
