2023-09-24 14:07:49,474 - INFO - 

learning_rate:0.001
gamma:0.8
tau:0.01
hsRNN:64
hsMixing:64
hsHyper:64
replace_cycle:500
agent_num:2
obs_size:5
msg_size:27
com_size:32
com_mode:3
state_size:7
action_size:6
q_mode:0
epoch:1
buffer_size:32
batch_size:32
seq_len:100
episode:3000
timestep:50
view_range:1
report_cycle:1
comm_cycle:1
row:8
col:8
height:3
risklevel:0.1
AoI_limit:3

2023-09-24 14:07:50,522 - INFO - Episode 0 seed: 913
2023-09-24 14:08:17,764 - INFO - Episode 1 seed: 544
2023-09-24 14:08:47,186 - INFO - Episode 2 seed: 378
2023-09-24 14:09:19,504 - INFO - Episode 3 seed: 733
2023-09-24 14:09:48,115 - INFO - Episode 4 seed: 746
2023-09-24 14:10:24,922 - INFO - Episode 5 seed: 438
2023-09-24 14:11:00,958 - INFO - Episode 6 seed: 311
2023-09-24 14:11:36,633 - INFO - Episode 7 seed: 37
2023-09-24 14:12:11,258 - INFO - Episode 8 seed: 169
2023-09-24 14:12:49,463 - INFO - Episode 9 seed: 974
2023-09-24 14:13:29,027 - INFO - Episode 10 seed: 723
