2023-09-24 14:13:49,478 - INFO - 

learning_rate:0.001
gamma:0.8
tau:0.01
hsRNN:64
hsMixing:64
hsHyper:64
replace_cycle:500
agent_num:2
obs_size:5
msg_size:27
com_size:32
com_mode:3
state_size:7
action_size:6
q_mode:0
epoch:1
buffer_size:32
batch_size:32
seq_len:100
episode:3000
timestep:300
view_range:1
report_cycle:1
comm_cycle:1
row:8
col:8
height:3
risklevel:0.1
AoI_limit:3

2023-09-24 14:13:50,538 - INFO - Episode 0 seed: 435
2023-09-24 14:18:02,685 - INFO - Episode 1 seed: 372
2023-09-24 14:20:51,485 - INFO - Episode 2 seed: 91
2023-09-24 14:25:03,761 - INFO - Episode 3 seed: 140
2023-09-24 14:29:18,044 - INFO - Episode 4 seed: 243
2023-09-24 14:33:31,001 - INFO - Episode 5 seed: 89
2023-09-24 14:37:48,311 - INFO - Episode 6 seed: 309
2023-09-24 14:42:15,466 - INFO - Episode 7 seed: 595
2023-09-24 14:46:44,599 - INFO - Episode 8 seed: 329
2023-09-24 14:50:43,989 - INFO - Episode 9 seed: 342
2023-09-24 14:54:25,306 - INFO - Episode 10 seed: 246
2023-09-24 14:58:19,143 - INFO - Episode 11 seed: 489
2023-09-24 15:02:16,580 - INFO - Episode 12 seed: 349
2023-09-24 15:06:33,767 - INFO - Episode 13 seed: 212
2023-09-24 15:10:59,698 - INFO - Episode 14 seed: 307
2023-09-24 15:15:20,386 - INFO - Episode 15 seed: 447
2023-09-24 15:19:44,904 - INFO - Episode 16 seed: 89
2023-09-24 15:23:53,226 - INFO - Episode 17 seed: 106
2023-09-24 15:28:11,326 - INFO - Episode 18 seed: 568
2023-09-24 15:32:20,037 - INFO - Episode 19 seed: 255
2023-09-24 15:36:39,479 - INFO - Episode 20 seed: 489
2023-09-24 15:41:01,329 - INFO - Episode 21 seed: 197
2023-09-24 15:45:22,060 - INFO - Episode 22 seed: 653
2023-09-24 15:49:50,008 - INFO - Episode 23 seed: 899
2023-09-24 15:54:11,474 - INFO - Episode 24 seed: 572
2023-09-24 15:58:35,692 - INFO - Episode 25 seed: 703
2023-09-24 16:02:55,144 - INFO - Episode 26 seed: 856
2023-09-24 16:07:28,886 - INFO - Episode 27 seed: 85
2023-09-24 16:11:51,788 - INFO - Episode 28 seed: 451
2023-09-24 16:16:20,207 - INFO - Episode 29 seed: 968
2023-09-24 16:20:44,677 - INFO - Episode 30 seed: 392
2023-09-24 16:25:07,282 - INFO - Episode 31 seed: 143
