2023-09-25 20:59:32,978 - INFO - 

learning_rate:0.001
gamma:0.8
tau:0.01
hsRNN:64
hsMixing:64
hsHyper:64
replace_cycle:500
agent_num:2
obs_size:5
msg_size:27
com_size:32
com_mode:3
state_size:7
action_size:6
q_mode:0
epoch:1
buffer_size:32
batch_size:32
seq_len:100
episode:3000
timestep:200
view_range:1
report_cycle:1
comm_cycle:1
row:8
col:8
height:3
risklevel:0.1
AoI_limit:3

2023-09-25 20:59:33,928 - INFO - 
Map size: 8 * 8 * 3 
At height 1 
[5, 0] [3, 4] [2, 7] is dangerous
At height 2 
[5, 3] [3, 7] [5, 6] is dangerous
UAVs are at:
[3, 5, 1] [3, 3, 1] 
Dest are at:
[0, 7] [7, 0] 
2023-09-25 20:59:33,936 - INFO - Episode 0 seed: 580
2023-09-25 20:59:34,987 - INFO - Episode 0 finished after 252 timesteps
2023-09-25 20:59:56,101 - INFO - Episode 1 seed: 816
2023-09-25 20:59:56,369 - INFO - Episode 1 finished after 131 timesteps
2023-09-25 21:00:18,706 - INFO - Episode 2 seed: 287
2023-09-25 21:00:18,870 - INFO - Episode 2 finished after 82 timesteps
2023-09-25 21:00:41,873 - INFO - Episode 3 seed: 220
2023-09-25 21:00:41,972 - INFO - Episode 3 finished after 48 timesteps
2023-09-25 21:01:05,923 - INFO - Episode 4 seed: 589
2023-09-25 21:01:06,071 - INFO - Episode 4 finished after 74 timesteps
