2023-09-25 21:25:31,776 - INFO - 

learning_rate:0.001
gamma:0.8
tau:0.01
hsRNN:64
hsMixing:64
hsHyper:64
replace_cycle:500
agent_num:2
obs_size:5
msg_size:27
com_size:32
com_mode:3
state_size:7
action_size:6
q_mode:0
epoch:1
buffer_size:32
batch_size:32
seq_len:100
episode:3000
timestep:200
view_range:1
report_cycle:1
comm_cycle:1
row:8
col:8
height:3
risklevel:0.1
AoI_limit:3

2023-09-25 21:25:32,913 - INFO - 
Map size: 8 * 8 * 3 
At height 1 
[5, 2] [5, 0] [2, 3] is dangerous
At height 2 
[4, 3] [4, 2] [3, 4] is dangerous
UAVs are at:
[3, 5, 1] [3, 3, 1] 
Dest are at:
[0, 7] [7, 0] 
2023-09-25 21:25:32,923 - INFO - Episode 0 seed: 125
2023-09-25 21:25:33,842 - INFO - Episode 0 finished after 45 timesteps
2023-09-25 21:25:37,721 - INFO - Episode 1 seed: 80
2023-09-25 21:25:37,862 - INFO - Episode 1 finished after 104 timesteps
2023-09-25 21:25:48,538 - INFO - Episode 2 seed: 331
2023-09-25 21:25:48,914 - INFO - Episode 2 finished after 173 timesteps
