2023-09-17 20:05:06,354 - INFO - 

learning_rate:0.001
gamma:0.9
tau:0.01
hsRNN:64
hsMixing:64
hsHyper:64
replace_cycle:500
agent_num:2
obs_size:21
msg_size:27
com_size:32
com_mode:3
state_size:42
action_size:6
epoch:1
buffer_size:12
batch_size:6
seq_len:100
episode:1000
timestep:300
view_range:1
report_cycle:1
comm_cycle:1
row:10
col:10
height:3
risklevel:0.2
AoI_limit:3

2023-09-17 20:05:07,588 - INFO - 
Map size: 10 * 10 * 3 
At height 1 
[1, 7] [4, 0] [6, 1] [9, 9] [2, 3] [1, 1] [8, 4] [0, 8] [7, 3] [6, 6] is dangerous
At height 2 
[0, 4] [8, 9] [5, 8] [4, 3] [6, 7] [5, 7] [9, 0] [9, 3] [0, 5] [7, 4] is dangerous
UAVs are at:
[0, 0, 1] [0, 9, 1] 
Dest are at:
[5, 4] [6, 8] 
2023-09-17 20:05:07,616 - INFO - Episode 0 seed: 961
