2023-09-20 15:53:30,443 - INFO - 

learning_rate:0.001
gamma:0.8
tau:0.01
hsRNN:64
hsMixing:64
hsHyper:64
replace_cycle:500
agent_num:2
obs_size:20
msg_size:27
com_size:32
com_mode:3
state_size:40
action_size:6
q_mode:0
epoch:1
buffer_size:32
batch_size:16
seq_len:100
episode:3000
timestep:300
view_range:1
report_cycle:1
comm_cycle:1
row:8
col:8
height:3
risklevel:0.15
AoI_limit:3

2023-09-20 15:53:31,523 - INFO - 
Map size: 8 * 8 * 3 
At height 1 
[2, 5] [3, 1] [3, 6] [5, 5] is dangerous
At height 2 
[2, 7] [3, 0] [5, 2] [5, 0] is dangerous
UAVs are at:
[3, 5, 1] [3, 3, 1] 
Dest are at:
[0, 7] [7, 0] 
2023-09-20 15:53:31,538 - INFO - Episode 0 seed: 313
2023-09-20 15:53:40,956 - INFO - Arrived: 1 Broken: 0 Communication: 0.0
2023-09-20 15:53:40,957 - INFO - Episode 1 seed: 834
2023-09-20 15:53:49,634 - INFO - Arrived: 0 Broken: 0 Communication: 0.0
2023-09-20 15:53:49,635 - INFO - Episode 2 seed: 544
2023-09-20 15:53:58,216 - INFO - Arrived: 0 Broken: 0 Communication: 0.0
2023-09-20 15:53:58,216 - INFO - Episode 3 seed: 982
2023-09-20 15:54:06,552 - INFO - Arrived: 1 Broken: 0 Communication: 0.0
2023-09-20 15:54:06,552 - INFO - Episode 4 seed: 686
2023-09-20 15:54:15,097 - INFO - Arrived: 1 Broken: 0 Communication: 0.0
2023-09-20 15:54:15,097 - INFO - Episode 5 seed: 224
2023-09-20 15:54:23,253 - INFO - Arrived: 0 Broken: 0 Communication: 0.0
2023-09-20 15:54:23,253 - INFO - Episode 6 seed: 674
