2023-09-17 19:35:34,370 - INFO - 

learning_rate:0.001
gamma:0.9
tau:0.01
hsRNN:64
hsMixing:64
hsHyper:64
replace_cycle:500
agent_num:2
obs_size:21
msg_size:27
com_size:32
com_mode:3
state_size:42
action_size:6
epoch:1
buffer_size:12
batch_size:6
seq_len:100
episode:1000
timestep:300
view_range:1
report_cycle:1
comm_cycle:1
row:10
col:10
height:3
risklevel:0.2
AoI_limit:3

2023-09-17 19:35:35,442 - INFO - 
Map size: 10 * 10 * 3 
At height 1 
[2, 9] [5, 1] [6, 2] [8, 5] [7, 1] [5, 6] [3, 4] [4, 5] [5, 4] [4, 2] is dangerous
At height 2 
[1, 0] [4, 7] [6, 8] [7, 2] [2, 6] [7, 0] [9, 1] [0, 6] [8, 3] [6, 6] is dangerous
UAVs are at:
[0, 0, 1] [0, 9, 1] 
Dest are at:
[5, 0] [8, 7] 
2023-09-17 19:35:35,448 - INFO - Episode 0 seed: 915
2023-09-17 19:35:48,169 - INFO - Arrived: 0 Broken: 0 Communication: 0.0
2023-09-17 19:35:48,169 - INFO - Episode 1 seed: 736
2023-09-17 19:36:01,920 - INFO - Arrived: 0 Broken: 0 Communication: 0.0
2023-09-17 19:36:01,921 - INFO - Episode 2 seed: 438
2023-09-17 19:36:15,722 - INFO - Arrived: 0 Broken: 0 Communication: 0.0
2023-09-17 19:36:15,722 - INFO - Episode 3 seed: 318
2023-09-17 19:36:29,797 - INFO - Arrived: 0 Broken: 1 Communication: 0.0
2023-09-17 19:36:29,797 - INFO - Episode 4 seed: 18
2023-09-17 19:36:44,827 - INFO - Arrived: 0 Broken: 0 Communication: 0.0
2023-09-17 19:36:44,827 - INFO - Episode 5 seed: 28
2023-09-17 19:36:58,905 - INFO - Arrived: 0 Broken: 1 Communication: 0.0
2023-09-17 19:36:58,905 - INFO - Episode 6 seed: 564
2023-09-17 19:37:13,465 - INFO - Arrived: 0 Broken: 1 Communication: 0.0
2023-09-17 19:37:13,465 - INFO - Episode 7 seed: 573
2023-09-17 19:37:28,752 - INFO - Arrived: 0 Broken: 0 Communication: 0.0
2023-09-17 19:37:28,752 - INFO - Episode 8 seed: 519
2023-09-17 19:37:44,784 - INFO - Arrived: 0 Broken: 0 Communication: 0.0
2023-09-17 19:37:44,784 - INFO - Episode 9 seed: 326
2023-09-17 19:38:01,468 - INFO - Arrived: 0 Broken: 0 Communication: 0.0
2023-09-17 19:38:01,468 - INFO - Episode 10 seed: 665
2023-09-17 19:38:15,019 - INFO - Arrived: 0 Broken: 0 Communication: 0.0
2023-09-17 19:38:15,019 - INFO - Episode 11 seed: 604
2023-09-17 19:38:29,255 - INFO - Arrived: 0 Broken: 0 Communication: 0.0
2023-09-17 19:38:29,255 - INFO - Episode 12 seed: 474
2023-09-17 19:38:44,878 - INFO - Arrived: 0 Broken: 0 Communication: 0.0
2023-09-17 19:38:44,878 - INFO - Episode 13 seed: 444
2023-09-17 19:39:00,476 - INFO - Arrived: 0 Broken: 0 Communication: 0.0
2023-09-17 19:39:00,476 - INFO - Episode 14 seed: 960
2023-09-17 19:39:15,857 - INFO - Arrived: 0 Broken: 0 Communication: 0.0
2023-09-17 19:39:15,858 - INFO - Episode 15 seed: 288
2023-09-17 19:39:29,986 - INFO - Arrived: 0 Broken: 0 Communication: 0.0
2023-09-17 19:39:29,986 - INFO - Episode 16 seed: 173
2023-09-17 19:39:44,006 - INFO - Arrived: 0 Broken: 0 Communication: 0.0
2023-09-17 19:39:44,007 - INFO - Episode 17 seed: 373
2023-09-17 19:39:58,035 - INFO - Arrived: 0 Broken: 0 Communication: 0.0
2023-09-17 19:39:58,035 - INFO - Episode 18 seed: 620
2023-09-17 19:40:12,113 - INFO - Arrived: 0 Broken: 1 Communication: 0.0
2023-09-17 19:40:12,113 - INFO - Episode 19 seed: 781
2023-09-17 19:40:26,154 - INFO - Arrived: 0 Broken: 0 Communication: 0.0
2023-09-17 19:40:26,154 - INFO - Episode 20 seed: 131
2023-09-17 19:40:43,059 - INFO - Arrived: 0 Broken: 0 Communication: 0.0
2023-09-17 19:40:43,059 - INFO - Episode 21 seed: 280
2023-09-17 19:40:43,701 - INFO - Episode 21 finished after 285 timesteps
2023-09-17 19:41:04,065 - INFO - Arrived: 0 Broken: 2 Communication: 0.0
2023-09-17 19:41:04,066 - INFO - Episode 22 seed: 296
2023-09-17 19:41:26,886 - INFO - Arrived: 0 Broken: 0 Communication: 0.0
2023-09-17 19:41:26,886 - INFO - Episode 23 seed: 700
2023-09-17 19:41:48,733 - INFO - Arrived: 0 Broken: 0 Communication: 0.0
2023-09-17 19:41:48,734 - INFO - Episode 24 seed: 366
2023-09-17 19:42:10,004 - INFO - Arrived: 0 Broken: 0 Communication: 0.0
2023-09-17 19:42:10,004 - INFO - Episode 25 seed: 683
2023-09-17 19:42:32,585 - INFO - Arrived: 0 Broken: 0 Communication: 0.0
2023-09-17 19:42:32,585 - INFO - Episode 26 seed: 83
2023-09-17 19:42:54,072 - INFO - Arrived: 0 Broken: 0 Communication: 0.0
2023-09-17 19:42:54,072 - INFO - Episode 27 seed: 444
2023-09-17 19:43:16,213 - INFO - Arrived: 0 Broken: 1 Communication: 0.0
2023-09-17 19:43:16,213 - INFO - Episode 28 seed: 516
2023-09-17 19:43:38,433 - INFO - Arrived: 0 Broken: 0 Communication: 0.0
2023-09-17 19:43:38,433 - INFO - Episode 29 seed: 744
2023-09-17 19:44:00,907 - INFO - Arrived: 0 Broken: 0 Communication: 0.0
2023-09-17 19:44:00,907 - INFO - Episode 30 seed: 758
2023-09-17 19:44:23,601 - INFO - Arrived: 0 Broken: 0 Communication: 0.0
2023-09-17 19:44:23,601 - INFO - Episode 31 seed: 915
2023-09-17 19:44:45,805 - INFO - Arrived: 0 Broken: 1 Communication: 0.0
2023-09-17 19:44:45,806 - INFO - Episode 32 seed: 553
2023-09-17 19:45:06,422 - INFO - Arrived: 0 Broken: 0 Communication: 0.0
2023-09-17 19:45:06,422 - INFO - Episode 33 seed: 818
2023-09-17 19:45:28,340 - INFO - Arrived: 0 Broken: 1 Communication: 0.0
2023-09-17 19:45:28,340 - INFO - Episode 34 seed: 366
2023-09-17 19:45:50,006 - INFO - Arrived: 0 Broken: 0 Communication: 0.0
2023-09-17 19:45:50,006 - INFO - Episode 35 seed: 51
2023-09-17 19:46:12,495 - INFO - Arrived: 0 Broken: 0 Communication: 0.0
2023-09-17 19:46:12,495 - INFO - Episode 36 seed: 427
2023-09-17 19:46:34,784 - INFO - Arrived: 0 Broken: 0 Communication: 0.0
2023-09-17 19:46:34,784 - INFO - Episode 37 seed: 550
2023-09-17 19:46:56,278 - INFO - Arrived: 0 Broken: 0 Communication: 0.0
2023-09-17 19:46:56,278 - INFO - Episode 38 seed: 465
2023-09-17 19:47:18,205 - INFO - Arrived: 0 Broken: 0 Communication: 0.0
2023-09-17 19:47:18,205 - INFO - Episode 39 seed: 766
2023-09-17 19:47:40,040 - INFO - Arrived: 0 Broken: 0 Communication: 0.0
2023-09-17 19:47:40,041 - INFO - Episode 40 seed: 416
2023-09-17 19:48:02,753 - INFO - Arrived: 0 Broken: 0 Communication: 0.0
2023-09-17 19:48:02,754 - INFO - Episode 41 seed: 921
2023-09-17 19:48:24,090 - INFO - Arrived: 0 Broken: 0 Communication: 0.0
2023-09-17 19:48:24,090 - INFO - Episode 42 seed: 693
2023-09-17 19:48:46,613 - INFO - Arrived: 0 Broken: 0 Communication: 0.0
2023-09-17 19:48:46,614 - INFO - Episode 43 seed: 798
2023-09-17 19:49:08,581 - INFO - Arrived: 0 Broken: 0 Communication: 0.0
2023-09-17 19:49:08,581 - INFO - Episode 44 seed: 114
2023-09-17 19:49:30,353 - INFO - Arrived: 0 Broken: 0 Communication: 0.0
2023-09-17 19:49:30,353 - INFO - Episode 45 seed: 334
2023-09-17 19:49:52,750 - INFO - Arrived: 0 Broken: 0 Communication: 0.0
2023-09-17 19:49:52,751 - INFO - Episode 46 seed: 224
2023-09-17 19:50:14,453 - INFO - Arrived: 0 Broken: 0 Communication: 0.0
2023-09-17 19:50:14,453 - INFO - Episode 47 seed: 530
2023-09-17 19:50:36,431 - INFO - Arrived: 0 Broken: 0 Communication: 0.0
2023-09-17 19:50:36,432 - INFO - Episode 48 seed: 704
2023-09-17 19:50:58,233 - INFO - Arrived: 0 Broken: 0 Communication: 0.0
2023-09-17 19:50:58,233 - INFO - Episode 49 seed: 307
2023-09-17 19:51:20,897 - INFO - Arrived: 0 Broken: 0 Communication: 0.0
2023-09-17 19:51:20,897 - INFO - Episode 50 seed: 27
2023-09-17 19:51:43,385 - INFO - Arrived: 0 Broken: 0 Communication: 0.0
2023-09-17 19:51:43,385 - INFO - Episode 51 seed: 60
2023-09-17 19:52:05,815 - INFO - Arrived: 0 Broken: 0 Communication: 0.0
2023-09-17 19:52:05,816 - INFO - Episode 52 seed: 551
2023-09-17 19:52:27,811 - INFO - Arrived: 0 Broken: 0 Communication: 0.0
2023-09-17 19:52:27,811 - INFO - Episode 53 seed: 614
2023-09-17 19:52:50,461 - INFO - Arrived: 0 Broken: 0 Communication: 0.0
2023-09-17 19:52:50,461 - INFO - Episode 54 seed: 306
2023-09-17 19:53:12,966 - INFO - Arrived: 0 Broken: 0 Communication: 0.0
2023-09-17 19:53:12,966 - INFO - Episode 55 seed: 31
2023-09-17 19:53:35,606 - INFO - Arrived: 0 Broken: 1 Communication: 0.0
2023-09-17 19:53:35,606 - INFO - Episode 56 seed: 764
2023-09-17 19:53:57,266 - INFO - Arrived: 0 Broken: 0 Communication: 0.0
2023-09-17 19:53:57,266 - INFO - Episode 57 seed: 152
2023-09-17 19:54:19,451 - INFO - Arrived: 0 Broken: 0 Communication: 0.0
2023-09-17 19:54:19,451 - INFO - Episode 58 seed: 855
2023-09-17 19:54:41,936 - INFO - Arrived: 0 Broken: 0 Communication: 0.0
2023-09-17 19:54:41,936 - INFO - Episode 59 seed: 912
2023-09-17 19:55:04,287 - INFO - Arrived: 0 Broken: 0 Communication: 0.0
2023-09-17 19:55:04,287 - INFO - Episode 60 seed: 881
2023-09-17 19:55:26,411 - INFO - Arrived: 0 Broken: 0 Communication: 0.0
2023-09-17 19:55:26,411 - INFO - Episode 61 seed: 439
2023-09-17 19:55:48,930 - INFO - Arrived: 0 Broken: 0 Communication: 0.0
2023-09-17 19:55:48,931 - INFO - Episode 62 seed: 769
2023-09-17 19:56:11,687 - INFO - Arrived: 0 Broken: 0 Communication: 0.0
2023-09-17 19:56:11,687 - INFO - Episode 63 seed: 345
2023-09-17 19:56:33,421 - INFO - Arrived: 0 Broken: 0 Communication: 0.0
2023-09-17 19:56:33,421 - INFO - Episode 64 seed: 31
2023-09-17 19:56:55,660 - INFO - Arrived: 0 Broken: 0 Communication: 0.0
2023-09-17 19:56:55,661 - INFO - Episode 65 seed: 117
2023-09-17 19:57:17,993 - INFO - Arrived: 0 Broken: 0 Communication: 0.0
2023-09-17 19:57:17,993 - INFO - Episode 66 seed: 139
2023-09-17 19:57:40,587 - INFO - Arrived: 0 Broken: 0 Communication: 0.0
2023-09-17 19:57:40,587 - INFO - Episode 67 seed: 723
2023-09-17 19:58:02,248 - INFO - Arrived: 0 Broken: 0 Communication: 0.0
2023-09-17 19:58:02,248 - INFO - Episode 68 seed: 355
2023-09-17 19:58:25,132 - INFO - Arrived: 0 Broken: 0 Communication: 0.0
2023-09-17 19:58:25,132 - INFO - Episode 69 seed: 363
2023-09-17 19:58:47,269 - INFO - Arrived: 0 Broken: 0 Communication: 0.0
2023-09-17 19:58:47,269 - INFO - Episode 70 seed: 307
2023-09-17 19:59:08,762 - INFO - Arrived: 0 Broken: 0 Communication: 0.0
2023-09-17 19:59:08,762 - INFO - Episode 71 seed: 69
2023-09-17 19:59:31,063 - INFO - Arrived: 0 Broken: 0 Communication: 0.0
2023-09-17 19:59:31,064 - INFO - Episode 72 seed: 990
2023-09-17 19:59:52,713 - INFO - Arrived: 0 Broken: 0 Communication: 0.0
2023-09-17 19:59:52,714 - INFO - Episode 73 seed: 274
2023-09-17 20:00:16,504 - INFO - Arrived: 0 Broken: 0 Communication: 0.0
2023-09-17 20:00:16,505 - INFO - Episode 74 seed: 898
2023-09-17 20:00:39,201 - INFO - Arrived: 0 Broken: 0 Communication: 0.0
2023-09-17 20:00:39,202 - INFO - Episode 75 seed: 910
2023-09-17 20:01:01,508 - INFO - Arrived: 0 Broken: 0 Communication: 0.0
2023-09-17 20:01:01,508 - INFO - Episode 76 seed: 736
2023-09-17 20:01:22,809 - INFO - Arrived: 0 Broken: 0 Communication: 0.0
2023-09-17 20:01:22,809 - INFO - Episode 77 seed: 626
2023-09-17 20:01:45,165 - INFO - Arrived: 0 Broken: 0 Communication: 0.0
2023-09-17 20:01:45,165 - INFO - Episode 78 seed: 441
2023-09-17 20:02:06,653 - INFO - Arrived: 0 Broken: 0 Communication: 0.0
2023-09-17 20:02:06,653 - INFO - Episode 79 seed: 527
2023-09-17 20:02:28,194 - INFO - Arrived: 0 Broken: 0 Communication: 0.0
2023-09-17 20:02:28,194 - INFO - Episode 80 seed: 722
2023-09-17 20:02:49,986 - INFO - Arrived: 0 Broken: 0 Communication: 0.0
2023-09-17 20:02:49,987 - INFO - Episode 81 seed: 106
2023-09-17 20:03:11,551 - INFO - Arrived: 0 Broken: 1 Communication: 0.0
2023-09-17 20:03:11,551 - INFO - Episode 82 seed: 336
2023-09-17 20:03:32,821 - INFO - Arrived: 0 Broken: 1 Communication: 0.0
2023-09-17 20:03:32,822 - INFO - Episode 83 seed: 671
2023-09-17 20:03:54,374 - INFO - Arrived: 0 Broken: 0 Communication: 0.0
2023-09-17 20:03:54,374 - INFO - Episode 84 seed: 426
2023-09-17 20:04:15,378 - INFO - Arrived: 0 Broken: 0 Communication: 0.0
2023-09-17 20:04:15,379 - INFO - Episode 85 seed: 671
2023-09-17 20:04:37,269 - INFO - Arrived: 0 Broken: 0 Communication: 0.0
2023-09-17 20:04:37,270 - INFO - Episode 86 seed: 40
2023-09-17 20:04:59,373 - INFO - Arrived: 0 Broken: 0 Communication: 0.0
2023-09-17 20:04:59,373 - INFO - Episode 87 seed: 128
2023-09-17 20:05:20,623 - INFO - Arrived: 0 Broken: 0 Communication: 0.0
2023-09-17 20:05:20,623 - INFO - Episode 88 seed: 122
2023-09-17 20:05:42,304 - INFO - Arrived: 0 Broken: 0 Communication: 0.0
2023-09-17 20:05:42,304 - INFO - Episode 89 seed: 452
2023-09-17 20:06:04,696 - INFO - Arrived: 0 Broken: 1 Communication: 0.0
2023-09-17 20:06:04,697 - INFO - Episode 90 seed: 899
2023-09-17 20:06:26,703 - INFO - Arrived: 0 Broken: 0 Communication: 0.0
2023-09-17 20:06:26,703 - INFO - Episode 91 seed: 753
2023-09-17 20:06:48,464 - INFO - Arrived: 0 Broken: 0 Communication: 0.0
2023-09-17 20:06:48,464 - INFO - Episode 92 seed: 978
2023-09-17 20:07:09,590 - INFO - Arrived: 0 Broken: 0 Communication: 0.0
2023-09-17 20:07:09,590 - INFO - Episode 93 seed: 142
2023-09-17 20:07:31,803 - INFO - Arrived: 0 Broken: 0 Communication: 0.0
2023-09-17 20:07:31,803 - INFO - Episode 94 seed: 722
2023-09-17 20:07:53,155 - INFO - Arrived: 0 Broken: 1 Communication: 0.0
2023-09-17 20:07:53,156 - INFO - Episode 95 seed: 482
2023-09-17 20:08:15,232 - INFO - Arrived: 0 Broken: 0 Communication: 0.0
2023-09-17 20:08:15,232 - INFO - Episode 96 seed: 593
2023-09-17 20:08:37,574 - INFO - Arrived: 0 Broken: 0 Communication: 0.0
2023-09-17 20:08:37,574 - INFO - Episode 97 seed: 751
2023-09-17 20:08:59,171 - INFO - Arrived: 0 Broken: 0 Communication: 0.0
2023-09-17 20:08:59,172 - INFO - Episode 98 seed: 305
2023-09-17 20:09:20,410 - INFO - Arrived: 0 Broken: 0 Communication: 0.0
2023-09-17 20:09:20,410 - INFO - Episode 99 seed: 207
2023-09-17 20:09:41,971 - INFO - Arrived: 0 Broken: 0 Communication: 0.0
2023-09-17 20:09:41,972 - INFO - Episode 100 seed: 554
2023-09-17 20:10:02,905 - INFO - Arrived: 0 Broken: 0 Communication: 0.0
2023-09-17 20:10:02,905 - INFO - Episode 101 seed: 200
2023-09-17 20:10:24,635 - INFO - Arrived: 0 Broken: 0 Communication: 0.0
2023-09-17 20:10:24,635 - INFO - Episode 102 seed: 98
2023-09-17 20:10:46,538 - INFO - Arrived: 0 Broken: 0 Communication: 0.0
2023-09-17 20:10:46,538 - INFO - Episode 103 seed: 484
2023-09-17 20:11:08,740 - INFO - Arrived: 0 Broken: 0 Communication: 0.0
2023-09-17 20:11:08,740 - INFO - Episode 104 seed: 171
2023-09-17 20:11:30,331 - INFO - Arrived: 0 Broken: 0 Communication: 0.0
2023-09-17 20:11:30,331 - INFO - Episode 105 seed: 819
2023-09-17 20:11:51,566 - INFO - Arrived: 0 Broken: 1 Communication: 0.0
2023-09-17 20:11:51,567 - INFO - Episode 106 seed: 521
2023-09-17 20:12:13,485 - INFO - Arrived: 0 Broken: 0 Communication: 0.0
2023-09-17 20:12:13,485 - INFO - Episode 107 seed: 633
2023-09-17 20:12:34,375 - INFO - Arrived: 0 Broken: 0 Communication: 0.0
2023-09-17 20:12:34,375 - INFO - Episode 108 seed: 635
2023-09-17 20:12:56,406 - INFO - Arrived: 0 Broken: 0 Communication: 0.0
2023-09-17 20:12:56,406 - INFO - Episode 109 seed: 413
2023-09-17 20:13:18,948 - INFO - Arrived: 0 Broken: 0 Communication: 0.0
2023-09-17 20:13:18,948 - INFO - Episode 110 seed: 961
2023-09-17 20:13:40,762 - INFO - Arrived: 0 Broken: 0 Communication: 0.0
2023-09-17 20:13:40,762 - INFO - Episode 111 seed: 345
2023-09-17 20:14:03,044 - INFO - Arrived: 0 Broken: 0 Communication: 0.0
2023-09-17 20:14:03,044 - INFO - Episode 112 seed: 440
2023-09-17 20:14:24,430 - INFO - Arrived: 0 Broken: 0 Communication: 0.0
2023-09-17 20:14:24,430 - INFO - Episode 113 seed: 767
2023-09-17 20:14:46,153 - INFO - Arrived: 0 Broken: 0 Communication: 0.0
2023-09-17 20:14:46,154 - INFO - Episode 114 seed: 227
2023-09-17 20:15:08,709 - INFO - Arrived: 0 Broken: 1 Communication: 0.0
2023-09-17 20:15:08,709 - INFO - Episode 115 seed: 8
2023-09-17 20:15:30,845 - INFO - Arrived: 0 Broken: 1 Communication: 0.0
2023-09-17 20:15:30,845 - INFO - Episode 116 seed: 453
2023-09-17 20:15:52,700 - INFO - Arrived: 0 Broken: 0 Communication: 0.0
2023-09-17 20:15:52,700 - INFO - Episode 117 seed: 844
2023-09-17 20:16:14,528 - INFO - Arrived: 0 Broken: 1 Communication: 0.0
2023-09-17 20:16:14,529 - INFO - Episode 118 seed: 850
