2023-09-14 09:55:06,201 - INFO - 

learning_rate:0.001
gamma:0.9
tau:0.01
hsRNN:64
hsMixing:64
hsHyper:64
replace_cycle:500
agent_num:2
obs_size:30
msg_size:27
com_size:27
com_mode:3
state_size:61
action_size:6
epoch:1
buffer_size:12
batch_size:6
seq_len:100
episode:1000
timestep:300
view_range:1
report_cycle:1
comm_cycle:1
row:10
col:10
height:3
risklevel:0.2
AoI_limit:3

2023-09-14 09:55:07,241 - INFO - 
Map size: 10 * 10 * 3 
At height 1 
[0, 3] [3, 8] [4, 5] [3, 9] [7, 7] [4, 8] [8, 1] [2, 8] [2, 2] [0, 4] is dangerous
At height 2 
[3, 1] [1, 1] [3, 6] [2, 4] [6, 6] [9, 7] [2, 9] [5, 0] [9, 8] [4, 6] is dangerous
UAVs are at:
[0, 0, 1] [0, 9, 1] 
Dest are at:
[5, 4] [7, 4] 
2023-09-14 09:55:07,257 - INFO - Episode 0 seed: 163
