2023-09-14 10:01:35,310 - INFO - 

learning_rate:0.001
gamma:0.9
tau:0.01
hsRNN:64
hsMixing:64
hsHyper:64
replace_cycle:500
agent_num:2
obs_size:30
msg_size:27
com_size:27
com_mode:3
state_size:61
action_size:6
epoch:1
buffer_size:12
batch_size:6
seq_len:100
episode:1000
timestep:300
view_range:1
report_cycle:1
comm_cycle:1
row:10
col:10
height:3
risklevel:0.2
AoI_limit:3

2023-09-14 10:01:36,352 - INFO - 
Map size: 10 * 10 * 3 
At height 1 
[6, 4] [0, 8] [9, 2] [8, 2] [3, 7] [0, 2] [2, 9] [1, 4] [3, 4] [9, 5] is dangerous
At height 2 
[3, 1] [8, 0] [8, 4] [6, 5] [3, 9] [2, 7] [1, 6] [6, 0] [3, 5] [4, 6] is dangerous
UAVs are at:
[0, 0, 1] [0, 9, 1] 
Dest are at:
[5, 9] [7, 9] 
2023-09-14 10:01:36,360 - INFO - Episode 0 seed: 335
2023-09-14 10:01:59,645 - INFO - 

learning_rate:0.001
gamma:0.9
tau:0.01
hsRNN:64
hsMixing:64
hsHyper:64
replace_cycle:500
agent_num:2
obs_size:30
msg_size:27
com_size:27
com_mode:3
state_size:61
action_size:6
epoch:1
buffer_size:12
batch_size:6
seq_len:100
episode:1000
timestep:300
view_range:1
report_cycle:1
comm_cycle:1
row:10
col:10
height:3
risklevel:0.2
AoI_limit:3

2023-09-14 10:02:00,665 - INFO - 
Map size: 10 * 10 * 3 
At height 1 
[1, 8] [2, 6] [3, 4] [3, 7] [6, 9] [3, 6] [4, 5] [0, 2] [3, 8] [4, 6] is dangerous
At height 2 
[3, 5] [5, 2] [6, 5] [5, 8] [4, 0] [0, 5] [9, 5] [9, 9] [5, 4] [1, 2] is dangerous
UAVs are at:
[0, 0, 1] [0, 9, 1] 
Dest are at:
[8, 1] [9, 1] 
2023-09-14 10:02:00,681 - INFO - Episode 0 seed: 969
