2023-09-14 10:09:12,169 - INFO - 

learning_rate:0.001
gamma:0.9
tau:0.01
hsRNN:64
hsMixing:64
hsHyper:64
replace_cycle:500
agent_num:2
obs_size:30
msg_size:27
com_size:27
com_mode:3
state_size:61
action_size:6
epoch:1
buffer_size:12
batch_size:6
seq_len:100
episode:1000
timestep:300
view_range:1
report_cycle:1
comm_cycle:1
row:10
col:10
height:3
risklevel:0.2
AoI_limit:3

2023-09-14 10:09:13,209 - INFO - 
Map size: 10 * 10 * 3 
At height 1 
[7, 5] [4, 6] [8, 6] [5, 9] [1, 3] [3, 7] [8, 5] [9, 6] [2, 4] [7, 2] is dangerous
At height 2 
[2, 1] [9, 5] [7, 1] [4, 3] [7, 4] [0, 3] [1, 0] [1, 9] [4, 7] [4, 5] is dangerous
UAVs are at:
[0, 0, 1] [0, 9, 1] 
Dest are at:
[9, 2] [5, 1] 
2023-09-14 10:09:13,230 - INFO - Episode 0 seed: 622
2023-09-14 10:09:38,388 - INFO - 

learning_rate:0.001
gamma:0.9
tau:0.01
hsRNN:64
hsMixing:64
hsHyper:64
replace_cycle:500
agent_num:2
obs_size:30
msg_size:27
com_size:27
com_mode:3
state_size:61
action_size:6
epoch:1
buffer_size:12
batch_size:6
seq_len:100
episode:1000
timestep:300
view_range:1
report_cycle:1
comm_cycle:1
row:10
col:10
height:3
risklevel:0.2
AoI_limit:3

2023-09-14 10:09:39,409 - INFO - 
Map size: 10 * 10 * 3 
At height 1 
[8, 6] [7, 3] [6, 9] [9, 5] [8, 1] [7, 2] [4, 3] [1, 9] [5, 0] [7, 5] is dangerous
At height 2 
[9, 9] [2, 8] [5, 6] [0, 5] [6, 6] [8, 4] [4, 6] [5, 5] [2, 4] [7, 6] is dangerous
UAVs are at:
[0, 0, 1] [0, 9, 1] 
Dest are at:
[8, 5] [8, 0] 
2023-09-14 10:09:39,429 - INFO - Episode 0 seed: 460
2023-09-14 10:09:47,673 - INFO - 

learning_rate:0.001
gamma:0.9
tau:0.01
hsRNN:64
hsMixing:64
hsHyper:64
replace_cycle:500
agent_num:2
obs_size:30
msg_size:27
com_size:27
com_mode:3
state_size:61
action_size:6
epoch:1
buffer_size:12
batch_size:6
seq_len:100
episode:1000
timestep:300
view_range:1
report_cycle:1
comm_cycle:1
row:10
col:10
height:3
risklevel:0.2
AoI_limit:3

2023-09-14 10:09:48,714 - INFO - 
Map size: 10 * 10 * 3 
At height 1 
[2, 9] [6, 9] [6, 0] [1, 8] [7, 2] [1, 5] [4, 8] [8, 7] [3, 2] [7, 9] is dangerous
At height 2 
[1, 6] [9, 5] [6, 7] [8, 6] [7, 3] [2, 2] [5, 6] [9, 1] [6, 6] [1, 7] is dangerous
UAVs are at:
[0, 0, 1] [0, 9, 1] 
Dest are at:
[5, 0] [5, 1] 
2023-09-14 10:09:48,730 - INFO - Episode 0 seed: 394
