2023-09-14 10:29:17,262 - INFO - 

learning_rate:0.001
gamma:0.9
tau:0.01
hsRNN:64
hsMixing:64
hsHyper:64
replace_cycle:500
agent_num:2
obs_size:30
msg_size:27
com_size:32
com_mode:3
state_size:61
action_size:6
epoch:1
buffer_size:12
batch_size:6
seq_len:100
episode:1000
timestep:300
view_range:1
report_cycle:1
comm_cycle:1
row:10
col:10
height:3
risklevel:0.2
AoI_limit:3

2023-09-14 10:29:18,286 - INFO - 
Map size: 10 * 10 * 3 
At height 1 
[9, 0] [1, 6] [9, 3] [2, 0] [6, 0] [3, 6] [3, 3] [8, 5] [0, 3] [3, 4] is dangerous
At height 2 
[2, 5] [4, 9] [3, 5] [7, 1] [3, 7] [4, 1] [2, 3] [1, 9] [0, 2] [9, 7] is dangerous
UAVs are at:
[0, 0, 1] [0, 9, 1] 
Dest are at:
[9, 1] [9, 6] 
2023-09-14 10:29:18,306 - INFO - Episode 0 seed: 224
2023-09-14 10:29:56,146 - INFO - 

learning_rate:0.001
gamma:0.9
tau:0.01
hsRNN:64
hsMixing:64
hsHyper:64
replace_cycle:500
agent_num:2
obs_size:30
msg_size:27
com_size:32
com_mode:3
state_size:61
action_size:6
epoch:1
buffer_size:12
batch_size:6
seq_len:100
episode:1000
timestep:300
view_range:1
report_cycle:1
comm_cycle:1
row:10
col:10
height:3
risklevel:0.2
AoI_limit:3

2023-09-14 10:29:57,169 - INFO - 
Map size: 10 * 10 * 3 
At height 1 
[1, 1] [8, 3] [8, 5] [1, 0] [4, 7] [1, 9] [1, 8] [7, 6] [6, 6] [5, 6] is dangerous
At height 2 
[1, 7] [7, 7] [9, 2] [2, 6] [9, 5] [5, 1] [7, 2] [3, 7] [2, 1] [4, 1] is dangerous
UAVs are at:
[0, 0, 1] [0, 9, 1] 
Dest are at:
[8, 0] [5, 4] 
2023-09-14 10:29:57,194 - INFO - Episode 0 seed: 435
