2023-09-14 10:32:17,665 - INFO - 

learning_rate:0.001
gamma:0.9
tau:0.01
hsRNN:64
hsMixing:64
hsHyper:64
replace_cycle:500
agent_num:2
obs_size:30
msg_size:27
com_size:32
com_mode:3
state_size:61
action_size:6
epoch:1
buffer_size:12
batch_size:6
seq_len:100
episode:1000
timestep:300
view_range:1
report_cycle:1
comm_cycle:1
row:10
col:10
height:3
risklevel:0.2
AoI_limit:3

2023-09-14 10:32:18,735 - INFO - 
Map size: 10 * 10 * 3 
At height 1 
[1, 9] [3, 5] [2, 4] [6, 2] [2, 3] [3, 3] [6, 3] [9, 8] [1, 0] [0, 2] is dangerous
At height 2 
[5, 2] [6, 5] [7, 9] [4, 2] [4, 5] [1, 4] [8, 4] [2, 5] [5, 1] [3, 0] is dangerous
UAVs are at:
[0, 0, 1] [0, 9, 1] 
Dest are at:
[7, 3] [9, 0] 
2023-09-14 10:32:18,756 - INFO - Episode 0 seed: 350
