2023-09-14 10:31:16,674 - INFO - 

learning_rate:0.001
gamma:0.9
tau:0.01
hsRNN:64
hsMixing:64
hsHyper:64
replace_cycle:500
agent_num:2
obs_size:30
msg_size:27
com_size:32
com_mode:3
state_size:61
action_size:6
epoch:1
buffer_size:12
batch_size:6
seq_len:100
episode:1000
timestep:300
view_range:1
report_cycle:1
comm_cycle:1
row:10
col:10
height:3
risklevel:0.2
AoI_limit:3

2023-09-14 10:31:17,700 - INFO - 
Map size: 10 * 10 * 3 
At height 1 
[4, 3] [2, 7] [6, 9] [5, 6] [1, 5] [9, 2] [4, 4] [6, 8] [6, 2] [1, 6] is dangerous
At height 2 
[5, 5] [3, 3] [4, 8] [6, 3] [9, 5] [6, 6] [9, 8] [3, 4] [2, 8] [7, 4] is dangerous
UAVs are at:
[0, 0, 1] [0, 9, 1] 
Dest are at:
[8, 8] [7, 2] 
2023-09-14 10:31:17,713 - INFO - Episode 0 seed: 433
