2023-09-14 10:48:21,412 - INFO - 

learning_rate:0.001
gamma:0.9
tau:0.01
hsRNN:64
hsMixing:64
hsHyper:64
replace_cycle:500
agent_num:2
obs_size:30
msg_size:27
com_size:32
com_mode:3
state_size:61
action_size:6
epoch:1
buffer_size:12
batch_size:6
seq_len:100
episode:1000
timestep:300
view_range:1
report_cycle:1
comm_cycle:1
row:10
col:10
height:3
risklevel:0.2
AoI_limit:3

2023-09-14 10:48:22,442 - INFO - 
Map size: 10 * 10 * 3 
At height 1 
[6, 5] [0, 4] [9, 5] [4, 5] [2, 7] [4, 3] [7, 2] [7, 3] [3, 0] [3, 4] is dangerous
At height 2 
[8, 4] [5, 9] [3, 6] [0, 2] [5, 1] [9, 0] [8, 6] [4, 0] [0, 5] [9, 1] is dangerous
UAVs are at:
[0, 0, 1] [0, 9, 1] 
Dest are at:
[8, 3] [9, 7] 
2023-09-14 10:48:22,463 - INFO - Episode 0 seed: 853
2023-09-14 10:48:45,970 - INFO - 

learning_rate:0.001
gamma:0.9
tau:0.01
hsRNN:64
hsMixing:64
hsHyper:64
replace_cycle:500
agent_num:2
obs_size:30
msg_size:27
com_size:32
com_mode:3
state_size:61
action_size:6
epoch:1
buffer_size:12
batch_size:6
seq_len:100
episode:1000
timestep:300
view_range:1
report_cycle:1
comm_cycle:1
row:10
col:10
height:3
risklevel:0.2
AoI_limit:3

2023-09-14 10:48:47,148 - INFO - 
Map size: 10 * 10 * 3 
At height 1 
[3, 4] [2, 6] [5, 9] [5, 5] [9, 5] [8, 8] [4, 4] [0, 5] [6, 5] [8, 6] is dangerous
At height 2 
[6, 6] [6, 0] [7, 0] [3, 6] [4, 5] [1, 7] [3, 5] [2, 0] [1, 3] [0, 1] is dangerous
UAVs are at:
[0, 0, 1] [0, 9, 1] 
Dest are at:
[7, 4] [9, 7] 
2023-09-14 10:48:47,166 - INFO - Episode 0 seed: 65
