2023-09-14 10:49:06,757 - INFO - 

learning_rate:0.001
gamma:0.9
tau:0.01
hsRNN:64
hsMixing:64
hsHyper:64
replace_cycle:500
agent_num:2
obs_size:30
msg_size:27
com_size:32
com_mode:3
state_size:61
action_size:6
epoch:1
buffer_size:12
batch_size:6
seq_len:100
episode:1000
timestep:300
view_range:1
report_cycle:1
comm_cycle:1
row:10
col:10
height:3
risklevel:0.2
AoI_limit:3

2023-09-14 10:49:07,801 - INFO - 
Map size: 10 * 10 * 3 
At height 1 
[5, 3] [7, 8] [0, 7] [1, 1] [4, 9] [8, 3] [1, 7] [4, 3] [8, 4] [2, 8] is dangerous
At height 2 
[1, 2] [9, 1] [3, 2] [0, 6] [0, 3] [3, 7] [7, 1] [6, 7] [8, 7] [7, 3] is dangerous
UAVs are at:
[0, 0, 1] [0, 9, 1] 
Dest are at:
[9, 6] [5, 0] 
2023-09-14 10:49:07,823 - INFO - Episode 0 seed: 877
2023-09-14 10:49:44,331 - INFO - 

learning_rate:0.001
gamma:0.9
tau:0.01
hsRNN:64
hsMixing:64
hsHyper:64
replace_cycle:500
agent_num:2
obs_size:30
msg_size:27
com_size:32
com_mode:3
state_size:61
action_size:6
epoch:1
buffer_size:12
batch_size:6
seq_len:100
episode:1000
timestep:300
view_range:1
report_cycle:1
comm_cycle:1
row:10
col:10
height:3
risklevel:0.2
AoI_limit:3

2023-09-14 10:49:45,357 - INFO - 
Map size: 10 * 10 * 3 
At height 1 
[3, 3] [8, 7] [0, 4] [4, 0] [3, 0] [0, 1] [2, 7] [1, 5] [2, 0] [2, 2] is dangerous
At height 2 
[3, 9] [6, 1] [4, 4] [6, 6] [7, 0] [2, 8] [1, 7] [5, 3] [7, 1] [1, 4] is dangerous
UAVs are at:
[0, 0, 1] [0, 9, 1] 
Dest are at:
[8, 9] [9, 3] 
2023-09-14 10:49:45,379 - INFO - Episode 0 seed: 784
