2023-09-27 22:44:25,550 - INFO - 

learning_rate:0.001
gamma:0.8
tau:0.01
hsRNN:64
hsMixing:64
hsHyper:64
replace_cycle:500
agent_num:2
obs_size:5
msg_size:27
com_size:32
com_mode:3
state_size:7
action_size:6
epoch:1
buffer_size:32
batch_size:32
seq_len:100
episode:3000
timestep:300
view_range:1
report_cycle:1
comm_cycle:1
row:8
col:8
height:3
risklevel:0.1
risk_num:3
AoI_limit:3

2023-09-27 22:44:26,665 - INFO - 
Map size: 8 * 8 * 3
At height 1 
[6, 5] [7, 1] [0, 1] 
At height 2 
[6, 6] [2, 2] [6, 2] is dangerous
UAVs are at:
[3, 3, 1] [3, 5, 1] 
Dest are at:
[[0, 7], [0, 0]] [[7, 0], [7, 7]] 
2023-09-27 22:44:26,685 - INFO - Episode 0 seed: 604
2023-09-27 22:44:29,520 - INFO - Arrived: 1 Broken: 0
2023-09-27 22:44:29,521 - INFO - Episode 1 seed: 604
2023-09-27 22:44:29,750 - INFO - Episode 1 finished after 51 timesteps
2023-09-27 22:44:30,159 - INFO - Arrived: 2 Broken: 0
2023-09-27 22:44:30,159 - INFO - Episode 2 seed: 604
2023-09-27 22:44:31,351 - INFO - Arrived: 1 Broken: 0
2023-09-27 22:44:31,352 - INFO - Episode 3 seed: 604
2023-09-27 22:44:31,842 - INFO - Episode 3 finished after 110 timesteps
2023-09-27 22:44:32,333 - INFO - Arrived: 2 Broken: 0
2023-09-27 22:44:32,333 - INFO - Episode 4 seed: 604
2023-09-27 22:44:33,943 - INFO - Arrived: 1 Broken: 0
2023-09-27 22:44:33,943 - INFO - Episode 5 seed: 604
2023-09-27 22:44:35,639 - INFO - Arrived: 1 Broken: 0
2023-09-27 22:44:35,639 - INFO - Episode 6 seed: 604
2023-09-27 22:44:37,161 - INFO - Arrived: 1 Broken: 0
2023-09-27 22:44:37,162 - INFO - Episode 7 seed: 604
2023-09-27 22:44:38,782 - INFO - Arrived: 1 Broken: 0
2023-09-27 22:44:38,782 - INFO - Episode 8 seed: 604
2023-09-27 22:44:39,474 - INFO - Episode 8 finished after 158 timesteps
2023-09-27 22:44:39,893 - INFO - Arrived: 2 Broken: 0
2023-09-27 22:44:39,893 - INFO - Episode 9 seed: 604
2023-09-27 22:44:40,773 - INFO - Episode 9 finished after 271 timesteps
2023-09-27 22:44:41,200 - INFO - Arrived: 2 Broken: 0
2023-09-27 22:44:41,201 - INFO - Episode 10 seed: 604
2023-09-27 22:44:42,602 - INFO - Arrived: 1 Broken: 0
2023-09-27 22:44:42,602 - INFO - Episode 11 seed: 604
2023-09-27 22:44:44,480 - INFO - Arrived: 1 Broken: 0
2023-09-27 22:44:44,481 - INFO - Episode 12 seed: 604
2023-09-27 22:44:45,358 - INFO - Episode 12 finished after 213 timesteps
2023-09-27 22:44:45,867 - INFO - Arrived: 2 Broken: 0
2023-09-27 22:44:45,867 - INFO - Episode 13 seed: 604
2023-09-27 22:44:47,626 - INFO - Arrived: 1 Broken: 0
2023-09-27 22:44:47,626 - INFO - Episode 14 seed: 604
2023-09-27 22:44:49,387 - INFO - Arrived: 1 Broken: 0
2023-09-27 22:44:49,387 - INFO - Episode 15 seed: 604
2023-09-27 22:44:50,820 - INFO - Arrived: 1 Broken: 0
2023-09-27 22:44:50,821 - INFO - Episode 16 seed: 604
2023-09-27 22:44:52,025 - INFO - Arrived: 1 Broken: 0
2023-09-27 22:44:52,025 - INFO - Episode 17 seed: 604
2023-09-27 22:44:52,779 - INFO - Episode 17 finished after 261 timesteps
2023-09-27 22:44:53,184 - INFO - Arrived: 2 Broken: 0
2023-09-27 22:44:53,184 - INFO - Episode 18 seed: 604
2023-09-27 22:44:54,512 - INFO - Arrived: 1 Broken: 0
2023-09-27 22:44:54,513 - INFO - Episode 19 seed: 604
2023-09-27 22:44:54,637 - INFO - Episode 19 finished after 56 timesteps
2023-09-27 22:44:55,080 - INFO - Arrived: 2 Broken: 0
2023-09-27 22:44:55,080 - INFO - Episode 20 seed: 604
2023-09-27 22:44:56,654 - INFO - Arrived: 1 Broken: 0
2023-09-27 22:44:56,654 - INFO - Episode 21 seed: 604
2023-09-27 22:44:58,227 - INFO - Arrived: 1 Broken: 0
2023-09-27 22:44:58,227 - INFO - Episode 22 seed: 604
2023-09-27 22:44:59,256 - INFO - Episode 22 finished after 270 timesteps
2023-09-27 22:44:59,769 - INFO - Arrived: 2 Broken: 0
2023-09-27 22:44:59,769 - INFO - Episode 23 seed: 604
2023-09-27 22:45:00,210 - INFO - Episode 23 finished after 94 timesteps
2023-09-27 22:45:00,661 - INFO - Arrived: 2 Broken: 0
2023-09-27 22:45:00,661 - INFO - Episode 24 seed: 604
2023-09-27 22:45:01,855 - INFO - Arrived: 1 Broken: 0
2023-09-27 22:45:01,855 - INFO - Episode 25 seed: 604
2023-09-27 22:45:02,890 - INFO - Arrived: 1 Broken: 0
2023-09-27 22:45:02,890 - INFO - Episode 26 seed: 604
2023-09-27 22:45:04,362 - INFO - Arrived: 1 Broken: 0
2023-09-27 22:45:04,362 - INFO - Episode 27 seed: 604
2023-09-27 22:45:05,663 - INFO - Arrived: 1 Broken: 0
2023-09-27 22:45:05,664 - INFO - Episode 28 seed: 604
2023-09-27 22:45:06,998 - INFO - Arrived: 1 Broken: 0
2023-09-27 22:45:06,998 - INFO - Episode 29 seed: 604
2023-09-27 22:45:08,346 - INFO - Arrived: 0 Broken: 0
2023-09-27 22:45:08,346 - INFO - Episode 30 seed: 604
2023-09-27 22:45:09,835 - INFO - Arrived: 1 Broken: 0
2023-09-27 22:45:09,835 - INFO - Episode 31 seed: 604
2023-09-27 22:45:10,298 - INFO - Episode 31 finished after 167 timesteps
2023-09-27 22:45:10,700 - INFO - Arrived: 2 Broken: 0
2023-09-27 22:45:10,700 - INFO - Episode 32 seed: 604
2023-09-27 22:45:30,258 - INFO - Arrived: 1 Broken: 0
2023-09-27 22:45:30,259 - INFO - Episode 33 seed: 604
2023-09-27 22:45:31,069 - INFO - Episode 33 finished after 229 timesteps
2023-09-27 22:45:50,278 - INFO - Arrived: 0 Broken: 2
2023-09-27 22:45:50,278 - INFO - Episode 34 seed: 604
2023-09-27 22:45:51,141 - INFO - Episode 34 finished after 260 timesteps
2023-09-27 22:46:09,825 - INFO - Arrived: 1 Broken: 1
2023-09-27 22:46:09,825 - INFO - Episode 35 seed: 604
2023-09-27 22:46:10,596 - INFO - Episode 35 finished after 238 timesteps
2023-09-27 22:46:29,476 - INFO - Arrived: 1 Broken: 1
2023-09-27 22:46:29,476 - INFO - Episode 36 seed: 604
2023-09-27 22:46:30,321 - INFO - Episode 36 finished after 258 timesteps
2023-09-27 22:46:47,676 - INFO - Arrived: 1 Broken: 1
2023-09-27 22:46:47,677 - INFO - Episode 37 seed: 604
2023-09-27 22:46:48,416 - INFO - Episode 37 finished after 228 timesteps
2023-09-27 22:47:07,006 - INFO - Arrived: 1 Broken: 1
2023-09-27 22:47:07,007 - INFO - Episode 38 seed: 604
2023-09-27 22:47:07,809 - INFO - Episode 38 finished after 239 timesteps
2023-09-27 22:47:26,651 - INFO - Arrived: 1 Broken: 1
2023-09-27 22:47:26,651 - INFO - Episode 39 seed: 604
2023-09-27 22:47:26,941 - INFO - Episode 39 finished after 64 timesteps
