2023-09-15 19:52:21,008 - INFO - 

learning_rate:0.001
gamma:0.9
tau:0.01
hsRNN:64
hsMixing:64
hsHyper:64
replace_cycle:500
agent_num:2
obs_size:30
msg_size:27
com_size:32
com_mode:3
state_size:61
action_size:6
epoch:1
buffer_size:12
batch_size:6
seq_len:100
episode:1000
timestep:300
view_range:1
report_cycle:1
comm_cycle:1
row:10
col:10
height:3
risklevel:0.2
AoI_limit:3

2023-09-15 19:52:21,987 - INFO - 
Map size: 10 * 10 * 3 
At height 1 
[3, 0] [5, 0] [2, 5] [4, 0] [4, 7] [6, 6] [9, 6] [1, 2] [7, 5] [7, 8] is dangerous
At height 2 
[6, 1] [3, 5] [3, 8] [3, 2] [8, 9] [2, 2] [2, 9] [7, 4] [1, 4] [6, 0] is dangerous
UAVs are at:
[0, 0, 1] [0, 9, 1] 
Dest are at:
[6, 8] [6, 5] 
2023-09-15 19:52:21,994 - INFO - Episode 0 seed: 548
2023-09-15 19:52:36,999 - INFO - 

learning_rate:0.001
gamma:0.9
tau:0.01
hsRNN:64
hsMixing:64
hsHyper:64
replace_cycle:500
agent_num:2
obs_size:30
msg_size:27
com_size:32
com_mode:3
state_size:61
action_size:6
epoch:1
buffer_size:12
batch_size:6
seq_len:100
episode:1000
timestep:300
view_range:1
report_cycle:1
comm_cycle:1
row:10
col:10
height:3
risklevel:0.2
AoI_limit:3

2023-09-15 19:52:37,934 - INFO - 
Map size: 10 * 10 * 3 
At height 1 
[8, 5] [0, 7] [5, 1] [7, 5] [9, 3] [7, 7] [4, 8] [2, 4] [4, 5] [5, 7] is dangerous
At height 2 
[5, 8] [0, 1] [8, 0] [3, 5] [3, 4] [4, 1] [4, 3] [1, 6] [4, 0] [9, 6] is dangerous
UAVs are at:
[0, 0, 1] [0, 9, 1] 
Dest are at:
[9, 1] [7, 0] 
2023-09-15 19:52:37,945 - INFO - Episode 0 seed: 571
