2023-09-15 20:00:01,675 - INFO - 

learning_rate:0.001
gamma:0.9
tau:0.01
hsRNN:64
hsMixing:64
hsHyper:64
replace_cycle:500
agent_num:2
obs_size:30
msg_size:27
com_size:32
com_mode:3
state_size:61
action_size:6
epoch:1
buffer_size:12
batch_size:6
seq_len:100
episode:1000
timestep:300
view_range:1
report_cycle:1
comm_cycle:1
row:10
col:10
height:3
risklevel:0.2
AoI_limit:3

2023-09-15 20:00:02,618 - INFO - 
Map size: 10 * 10 * 3 
At height 1 
[8, 9] [4, 0] [5, 8] [1, 7] [9, 9] [6, 8] [0, 4] [1, 6] [0, 5] [8, 6] is dangerous
At height 2 
[4, 3] [6, 6] [5, 9] [8, 5] [9, 6] [3, 8] [2, 3] [0, 6] [9, 1] [7, 5] is dangerous
UAVs are at:
[0, 0, 1] [0, 9, 1] 
Dest are at:
[6, 9] [5, 5] 
2023-09-15 20:00:02,629 - INFO - Episode 0 seed: 959
2023-09-15 20:00:49,189 - INFO - Arrived: 0 Broken: 1 Communication: 298.0
2023-09-15 20:00:49,336 - INFO - Episode 1 seed: 670
