2023-09-15 20:01:32,584 - INFO - 

learning_rate:0.001
gamma:0.9
tau:0.01
hsRNN:64
hsMixing:64
hsHyper:64
replace_cycle:500
agent_num:2
obs_size:30
msg_size:27
com_size:32
com_mode:3
state_size:61
action_size:6
epoch:1
buffer_size:12
batch_size:6
seq_len:100
episode:1000
timestep:300
view_range:1
report_cycle:1
comm_cycle:1
row:10
col:10
height:3
risklevel:0.2
AoI_limit:3

2023-09-15 20:01:33,659 - INFO - 
Map size: 10 * 10 * 3 
At height 1 
[5, 5] [2, 1] [1, 7] [3, 2] [6, 4] [6, 6] [5, 8] [0, 5] [2, 5] [9, 4] is dangerous
At height 2 
[4, 5] [1, 2] [6, 8] [7, 1] [4, 6] [7, 7] [2, 9] [4, 1] [3, 4] [7, 6] is dangerous
UAVs are at:
[0, 0, 1] [0, 9, 1] 
Dest are at:
[5, 6] [8, 1] 
2023-09-15 20:01:33,670 - INFO - Episode 0 seed: 940
2023-09-15 20:01:54,465 - INFO - 

learning_rate:0.001
gamma:0.9
tau:0.01
hsRNN:64
hsMixing:64
hsHyper:64
replace_cycle:500
agent_num:2
obs_size:30
msg_size:27
com_size:32
com_mode:3
state_size:61
action_size:6
epoch:1
buffer_size:12
batch_size:6
seq_len:100
episode:1000
timestep:300
view_range:1
report_cycle:1
comm_cycle:1
row:10
col:10
height:3
risklevel:0.2
AoI_limit:3

2023-09-15 20:01:55,397 - INFO - 
Map size: 10 * 10 * 3 
At height 1 
[7, 5] [1, 3] [4, 0] [9, 6] [1, 2] [6, 3] [7, 3] [2, 7] [1, 4] [4, 1] is dangerous
At height 2 
[2, 4] [6, 4] [5, 7] [9, 3] [4, 5] [9, 7] [7, 6] [8, 5] [3, 1] [3, 7] is dangerous
UAVs are at:
[0, 0, 1] [0, 9, 1] 
Dest are at:
[5, 0] [7, 1] 
2023-09-15 20:01:55,407 - INFO - Episode 0 seed: 741
2023-09-15 20:01:56,881 - INFO - Episode 0 finished after 264 timesteps
