2023-09-20 17:25:46,630 - INFO - 

learning_rate:0.001
gamma:0.8
tau:0.01
hsRNN:64
hsMixing:64
hsHyper:64
replace_cycle:500
agent_num:2
obs_size:20
msg_size:27
com_size:32
com_mode:3
state_size:40
action_size:6
q_mode:0
epoch:1
buffer_size:32
batch_size:16
seq_len:100
episode:3000
timestep:300
view_range:1
report_cycle:1
comm_cycle:1
row:8
col:8
height:3
risklevel:0.15
AoI_limit:3

2023-09-20 17:25:47,814 - INFO - 
Map size: 8 * 8 * 3 
At height 1 
[3, 1] [2, 1] [3, 4] [2, 6] is dangerous
At height 2 
[4, 2] [3, 7] [5, 3] [4, 4] is dangerous
UAVs are at:
[3, 5, 1] [3, 3, 1] 
Dest are at:
[0, 7] [7, 0] 
2023-09-20 17:25:47,823 - INFO - Episode 0 seed: 214
2023-09-20 17:25:58,273 - INFO - Arrived: 0 Broken: 0 Communication: 0.0
2023-09-20 17:25:58,274 - INFO - Episode 1 seed: 480
2023-09-20 17:25:59,239 - INFO - Episode 1 finished after 274 timesteps
2023-09-20 17:26:06,688 - INFO - Arrived: 1 Broken: 1 Communication: 0.0
2023-09-20 17:26:06,688 - INFO - Episode 2 seed: 535
2023-09-20 17:26:15,540 - INFO - Arrived: 0 Broken: 0 Communication: 0.0
2023-09-20 17:26:15,540 - INFO - Episode 3 seed: 71
2023-09-20 17:26:24,288 - INFO - Arrived: 0 Broken: 0 Communication: 0.0
2023-09-20 17:26:24,288 - INFO - Episode 4 seed: 260
2023-09-20 17:26:33,288 - INFO - Arrived: 0 Broken: 0 Communication: 0.0
2023-09-20 17:26:33,288 - INFO - Episode 5 seed: 149
2023-09-20 17:26:41,889 - INFO - Arrived: 0 Broken: 1 Communication: 0.0
2023-09-20 17:26:41,889 - INFO - Episode 6 seed: 655
2023-09-20 17:26:51,045 - INFO - Arrived: 1 Broken: 0 Communication: 0.0
2023-09-20 17:26:51,045 - INFO - Episode 7 seed: 682
2023-09-20 17:26:59,982 - INFO - Arrived: 0 Broken: 1 Communication: 0.0
2023-09-20 17:26:59,982 - INFO - Episode 8 seed: 745
2023-09-20 17:27:08,641 - INFO - Arrived: 1 Broken: 0 Communication: 0.0
2023-09-20 17:27:08,641 - INFO - Episode 9 seed: 138
2023-09-20 17:27:17,265 - INFO - Arrived: 1 Broken: 0 Communication: 0.0
2023-09-20 17:27:17,265 - INFO - Episode 10 seed: 672
2023-09-20 17:27:24,598 - INFO - Arrived: 1 Broken: 0 Communication: 0.0
2023-09-20 17:27:24,598 - INFO - Episode 11 seed: 311
2023-09-20 17:27:33,017 - INFO - Arrived: 0 Broken: 1 Communication: 0.0
2023-09-20 17:27:33,017 - INFO - Episode 12 seed: 88
2023-09-20 17:27:41,569 - INFO - Arrived: 1 Broken: 0 Communication: 0.0
2023-09-20 17:27:41,570 - INFO - Episode 13 seed: 553
2023-09-20 17:27:50,035 - INFO - Arrived: 0 Broken: 0 Communication: 0.0
2023-09-20 17:27:50,036 - INFO - Episode 14 seed: 255
2023-09-20 17:27:58,371 - INFO - Arrived: 0 Broken: 0 Communication: 0.0
2023-09-20 17:27:58,372 - INFO - Episode 15 seed: 215
2023-09-20 17:28:06,746 - INFO - Arrived: 0 Broken: 0 Communication: 0.0
2023-09-20 17:28:06,747 - INFO - Episode 16 seed: 52
2023-09-20 17:28:15,305 - INFO - Arrived: 0 Broken: 0 Communication: 0.0
2023-09-20 17:28:15,305 - INFO - Episode 17 seed: 163
2023-09-20 17:28:23,775 - INFO - Arrived: 0 Broken: 0 Communication: 0.0
2023-09-20 17:28:23,776 - INFO - Episode 18 seed: 203
2023-09-20 17:28:32,339 - INFO - Arrived: 1 Broken: 0 Communication: 0.0
2023-09-20 17:28:32,339 - INFO - Episode 19 seed: 235
2023-09-20 17:28:40,769 - INFO - Arrived: 0 Broken: 0 Communication: 0.0
2023-09-20 17:28:40,769 - INFO - Episode 20 seed: 877
2023-09-20 17:28:49,404 - INFO - Arrived: 1 Broken: 0 Communication: 0.0
2023-09-20 17:28:49,404 - INFO - Episode 21 seed: 925
2023-09-20 17:28:58,040 - INFO - Arrived: 0 Broken: 0 Communication: 0.0
2023-09-20 17:28:58,040 - INFO - Episode 22 seed: 442
2023-09-20 17:29:06,737 - INFO - Arrived: 0 Broken: 1 Communication: 0.0
2023-09-20 17:29:06,737 - INFO - Episode 23 seed: 414
2023-09-20 17:29:15,334 - INFO - Arrived: 0 Broken: 1 Communication: 0.0
2023-09-20 17:29:15,334 - INFO - Episode 24 seed: 228
2023-09-20 17:29:24,069 - INFO - Arrived: 0 Broken: 0 Communication: 0.0
2023-09-20 17:29:24,069 - INFO - Episode 25 seed: 515
2023-09-20 17:29:33,024 - INFO - Arrived: 0 Broken: 0 Communication: 0.0
2023-09-20 17:29:33,024 - INFO - Episode 26 seed: 310
2023-09-20 17:29:42,097 - INFO - Arrived: 0 Broken: 0 Communication: 0.0
2023-09-20 17:29:42,097 - INFO - Episode 27 seed: 761
2023-09-20 17:29:51,104 - INFO - Arrived: 0 Broken: 0 Communication: 0.0
2023-09-20 17:29:51,104 - INFO - Episode 28 seed: 271
2023-09-20 17:29:59,999 - INFO - Arrived: 0 Broken: 0 Communication: 0.0
2023-09-20 17:29:59,999 - INFO - Episode 29 seed: 695
2023-09-20 17:30:08,808 - INFO - Arrived: 0 Broken: 0 Communication: 0.0
2023-09-20 17:30:08,809 - INFO - Episode 30 seed: 495
2023-09-20 17:30:17,795 - INFO - Arrived: 0 Broken: 0 Communication: 0.0
2023-09-20 17:30:17,795 - INFO - Episode 31 seed: 537
2023-09-20 17:30:26,789 - INFO - Arrived: 0 Broken: 0 Communication: 0.0
2023-09-20 17:30:26,789 - INFO - Episode 32 seed: 926
2023-09-20 17:30:35,785 - INFO - Arrived: 0 Broken: 0 Communication: 0.0
2023-09-20 17:30:35,786 - INFO - Episode 33 seed: 790
2023-09-20 17:30:45,244 - INFO - Arrived: 0 Broken: 0 Communication: 0.0
2023-09-20 17:30:45,245 - INFO - Episode 34 seed: 828
2023-09-20 17:30:54,788 - INFO - Arrived: 0 Broken: 0 Communication: 0.0
2023-09-20 17:30:54,789 - INFO - Episode 35 seed: 594
2023-09-20 17:31:04,430 - INFO - Arrived: 0 Broken: 0 Communication: 0.0
2023-09-20 17:31:04,430 - INFO - Episode 36 seed: 590
2023-09-20 17:31:13,077 - INFO - Arrived: 0 Broken: 0 Communication: 0.0
2023-09-20 17:31:13,077 - INFO - Episode 37 seed: 78
2023-09-20 17:31:22,330 - INFO - Arrived: 0 Broken: 0 Communication: 0.0
2023-09-20 17:31:22,330 - INFO - Episode 38 seed: 207
2023-09-20 17:31:31,233 - INFO - Arrived: 0 Broken: 0 Communication: 0.0
2023-09-20 17:31:31,233 - INFO - Episode 39 seed: 108
2023-09-20 17:31:39,878 - INFO - Arrived: 0 Broken: 0 Communication: 0.0
2023-09-20 17:31:39,878 - INFO - Episode 40 seed: 280
2023-09-20 17:31:48,481 - INFO - Arrived: 0 Broken: 0 Communication: 0.0
2023-09-20 17:31:48,481 - INFO - Episode 41 seed: 574
2023-09-20 17:31:57,207 - INFO - Arrived: 0 Broken: 0 Communication: 0.0
2023-09-20 17:31:57,207 - INFO - Episode 42 seed: 141
2023-09-20 17:32:05,750 - INFO - Arrived: 1 Broken: 0 Communication: 0.0
2023-09-20 17:32:05,750 - INFO - Episode 43 seed: 873
2023-09-20 17:32:14,563 - INFO - Arrived: 0 Broken: 0 Communication: 0.0
2023-09-20 17:32:14,564 - INFO - Episode 44 seed: 57
