2023-09-20 17:32:25,694 - INFO - 

learning_rate:0.001
gamma:0.8
tau:0.01
hsRNN:64
hsMixing:64
hsHyper:64
replace_cycle:500
agent_num:2
obs_size:20
msg_size:27
com_size:32
com_mode:3
state_size:40
action_size:6
q_mode:0
epoch:1
buffer_size:32
batch_size:16
seq_len:100
episode:3000
timestep:300
view_range:1
report_cycle:1
comm_cycle:1
row:8
col:8
height:3
risklevel:0.15
AoI_limit:3

2023-09-20 17:32:26,777 - INFO - 
Map size: 8 * 8 * 3 
At height 1 
[5, 7] [3, 6] [4, 4] [4, 3] is dangerous
At height 2 
[4, 6] [2, 6] [2, 2] [5, 5] is dangerous
UAVs are at:
[3, 5, 1] [3, 3, 1] 
Dest are at:
[0, 7] [7, 0] 
2023-09-20 17:32:26,789 - INFO - Episode 0 seed: 920
2023-09-20 17:32:36,439 - INFO - Arrived: 0 Broken: 0 Communication: 0.0
2023-09-20 17:32:36,439 - INFO - Episode 1 seed: 586
2023-09-20 17:32:44,735 - INFO - Arrived: 1 Broken: 0 Communication: 0.0
2023-09-20 17:32:44,735 - INFO - Episode 2 seed: 200
2023-09-20 17:32:52,929 - INFO - Arrived: 1 Broken: 0 Communication: 0.0
2023-09-20 17:32:52,929 - INFO - Episode 3 seed: 907
2023-09-20 17:33:01,359 - INFO - Arrived: 0 Broken: 0 Communication: 0.0
2023-09-20 17:33:01,359 - INFO - Episode 4 seed: 435
2023-09-20 17:33:10,258 - INFO - Arrived: 0 Broken: 0 Communication: 0.0
2023-09-20 17:33:10,258 - INFO - Episode 5 seed: 757
2023-09-20 17:33:18,774 - INFO - Arrived: 0 Broken: 0 Communication: 0.0
2023-09-20 17:33:18,774 - INFO - Episode 6 seed: 238
2023-09-20 17:33:27,250 - INFO - Arrived: 0 Broken: 0 Communication: 0.0
2023-09-20 17:33:27,250 - INFO - Episode 7 seed: 449
2023-09-20 17:33:35,651 - INFO - Arrived: 0 Broken: 1 Communication: 0.0
2023-09-20 17:33:35,651 - INFO - Episode 8 seed: 301
2023-09-20 17:33:44,006 - INFO - Arrived: 0 Broken: 0 Communication: 0.0
2023-09-20 17:33:44,006 - INFO - Episode 9 seed: 932
2023-09-20 17:33:44,996 - INFO - Episode 9 finished after 290 timesteps
2023-09-20 17:33:52,422 - INFO - Arrived: 1 Broken: 1 Communication: 0.0
2023-09-20 17:33:52,423 - INFO - Episode 10 seed: 286
2023-09-20 17:34:01,218 - INFO - Arrived: 0 Broken: 0 Communication: 0.0
2023-09-20 17:34:01,218 - INFO - Episode 11 seed: 834
2023-09-20 17:34:10,003 - INFO - Arrived: 0 Broken: 1 Communication: 0.0
2023-09-20 17:34:10,003 - INFO - Episode 12 seed: 786
2023-09-20 17:34:18,631 - INFO - Arrived: 0 Broken: 0 Communication: 0.0
2023-09-20 17:34:18,631 - INFO - Episode 13 seed: 169
2023-09-20 17:34:27,790 - INFO - Arrived: 0 Broken: 0 Communication: 0.0
2023-09-20 17:34:27,790 - INFO - Episode 14 seed: 231
2023-09-20 17:34:36,527 - INFO - Arrived: 0 Broken: 1 Communication: 0.0
2023-09-20 17:34:36,527 - INFO - Episode 15 seed: 743
2023-09-20 17:34:45,366 - INFO - Arrived: 1 Broken: 0 Communication: 0.0
2023-09-20 17:34:45,366 - INFO - Episode 16 seed: 522
2023-09-20 17:34:53,612 - INFO - Arrived: 0 Broken: 0 Communication: 0.0
2023-09-20 17:34:53,612 - INFO - Episode 17 seed: 512
2023-09-20 17:35:02,115 - INFO - Arrived: 1 Broken: 0 Communication: 0.0
2023-09-20 17:35:02,115 - INFO - Episode 18 seed: 562
2023-09-20 17:35:10,752 - INFO - Arrived: 0 Broken: 1 Communication: 0.0
2023-09-20 17:35:10,753 - INFO - Episode 19 seed: 113
2023-09-20 17:35:19,924 - INFO - Arrived: 0 Broken: 1 Communication: 0.0
2023-09-20 17:35:19,925 - INFO - Episode 20 seed: 104
2023-09-20 17:35:28,803 - INFO - Arrived: 1 Broken: 0 Communication: 0.0
2023-09-20 17:35:28,803 - INFO - Episode 21 seed: 573
2023-09-20 17:35:37,304 - INFO - Arrived: 0 Broken: 0 Communication: 0.0
2023-09-20 17:35:37,305 - INFO - Episode 22 seed: 301
2023-09-20 17:35:46,146 - INFO - Arrived: 1 Broken: 0 Communication: 0.0
2023-09-20 17:35:46,147 - INFO - Episode 23 seed: 548
2023-09-20 17:35:54,903 - INFO - Arrived: 1 Broken: 0 Communication: 0.0
2023-09-20 17:35:54,903 - INFO - Episode 24 seed: 868
2023-09-20 17:36:03,666 - INFO - Arrived: 0 Broken: 0 Communication: 0.0
2023-09-20 17:36:03,666 - INFO - Episode 25 seed: 757
2023-09-20 17:36:12,380 - INFO - Arrived: 0 Broken: 1 Communication: 0.0
2023-09-20 17:36:12,380 - INFO - Episode 26 seed: 961
