2023-09-20 14:56:59,770 - INFO - 

learning_rate:0.001
gamma:0.8
tau:0.01
hsRNN:64
hsMixing:64
hsHyper:64
replace_cycle:500
agent_num:2
obs_size:20
msg_size:27
com_size:32
com_mode:3
state_size:40
action_size:6
q_mode:0
epoch:1
buffer_size:32
batch_size:16
seq_len:100
episode:3000
timestep:300
view_range:1
report_cycle:1
comm_cycle:1
row:8
col:8
height:3
risklevel:0.15
AoI_limit:3

2023-09-20 14:57:00,763 - INFO - 
Map size: 8 * 8 * 3 
At height 1 
[5, 0] [4, 1] [5, 5] [4, 4] is dangerous
At height 2 
[5, 4] [3, 4] [4, 5] [2, 7] is dangerous
UAVs are at:
[3, 5, 1] [3, 3, 1] 
Dest are at:
[0, 0] [0, 7] 
2023-09-20 14:57:00,770 - INFO - Episode 0 seed: 633
2023-09-20 14:57:05,019 - INFO - Arrived: 0 Broken: 0 Communication: 0.0
2023-09-20 14:57:05,020 - INFO - Episode 1 seed: 720
2023-09-20 14:57:08,881 - INFO - Arrived: 0 Broken: 0 Communication: 0.0
2023-09-20 14:57:08,881 - INFO - Episode 2 seed: 29
2023-09-20 14:57:13,945 - INFO - Arrived: 0 Broken: 0 Communication: 0.0
2023-09-20 14:57:13,945 - INFO - Episode 3 seed: 788
2023-09-20 14:57:19,312 - INFO - Arrived: 0 Broken: 0 Communication: 0.0
2023-09-20 14:57:19,312 - INFO - Episode 4 seed: 247
2023-09-20 14:57:24,711 - INFO - Arrived: 0 Broken: 0 Communication: 0.0
2023-09-20 14:57:24,712 - INFO - Episode 5 seed: 474
2023-09-20 14:57:30,351 - INFO - Arrived: 0 Broken: 0 Communication: 0.0
2023-09-20 14:57:30,351 - INFO - Episode 6 seed: 459
2023-09-20 14:57:35,321 - INFO - Arrived: 0 Broken: 0 Communication: 0.0
2023-09-20 14:57:35,321 - INFO - Episode 7 seed: 684
2023-09-20 14:57:39,045 - INFO - Arrived: 0 Broken: 0 Communication: 0.0
2023-09-20 14:57:39,045 - INFO - Episode 8 seed: 495
2023-09-20 14:57:43,312 - INFO - Arrived: 0 Broken: 1 Communication: 0.0
2023-09-20 14:57:43,313 - INFO - Episode 9 seed: 682
2023-09-20 14:57:48,456 - INFO - Arrived: 0 Broken: 0 Communication: 0.0
2023-09-20 14:57:48,456 - INFO - Episode 10 seed: 227
2023-09-20 14:57:53,884 - INFO - Arrived: 0 Broken: 1 Communication: 0.0
2023-09-20 14:57:53,884 - INFO - Episode 11 seed: 791
2023-09-20 14:57:59,353 - INFO - Arrived: 0 Broken: 0 Communication: 0.0
2023-09-20 14:57:59,353 - INFO - Episode 12 seed: 806
2023-09-20 14:58:04,825 - INFO - Arrived: 0 Broken: 0 Communication: 0.0
2023-09-20 14:58:04,826 - INFO - Episode 13 seed: 701
2023-09-20 14:58:10,321 - INFO - Arrived: 0 Broken: 0 Communication: 0.0
2023-09-20 14:58:10,321 - INFO - Episode 14 seed: 570
2023-09-20 14:58:15,782 - INFO - Arrived: 0 Broken: 0 Communication: 0.0
2023-09-20 14:58:15,782 - INFO - Episode 15 seed: 214
2023-09-20 14:58:21,301 - INFO - Arrived: 0 Broken: 0 Communication: 0.0
2023-09-20 14:58:21,301 - INFO - Episode 16 seed: 997
2023-09-20 14:58:26,915 - INFO - Arrived: 0 Broken: 0 Communication: 0.0
2023-09-20 14:58:26,915 - INFO - Episode 17 seed: 806
2023-09-20 14:58:32,559 - INFO - Arrived: 0 Broken: 0 Communication: 0.0
2023-09-20 14:58:32,559 - INFO - Episode 18 seed: 325
2023-09-20 14:58:38,191 - INFO - Arrived: 0 Broken: 0 Communication: 0.0
2023-09-20 14:58:38,191 - INFO - Episode 19 seed: 502
2023-09-20 14:58:43,487 - INFO - Arrived: 0 Broken: 0 Communication: 0.0
2023-09-20 14:58:43,488 - INFO - Episode 20 seed: 383
2023-09-20 14:58:48,551 - INFO - Arrived: 0 Broken: 0 Communication: 0.0
2023-09-20 14:58:48,551 - INFO - Episode 21 seed: 174
2023-09-20 14:58:53,853 - INFO - Arrived: 0 Broken: 0 Communication: 0.0
2023-09-20 14:58:53,853 - INFO - Episode 22 seed: 796
2023-09-20 14:58:58,549 - INFO - Arrived: 1 Broken: 0 Communication: 0.0
2023-09-20 14:58:58,549 - INFO - Episode 23 seed: 994
2023-09-20 14:59:04,198 - INFO - Arrived: 0 Broken: 0 Communication: 0.0
2023-09-20 14:59:04,198 - INFO - Episode 24 seed: 999
2023-09-20 14:59:09,678 - INFO - Arrived: 0 Broken: 0 Communication: 0.0
2023-09-20 14:59:09,679 - INFO - Episode 25 seed: 306
2023-09-20 14:59:15,468 - INFO - Arrived: 0 Broken: 0 Communication: 0.0
2023-09-20 14:59:15,468 - INFO - Episode 26 seed: 653
2023-09-20 14:59:20,396 - INFO - Arrived: 0 Broken: 0 Communication: 0.0
2023-09-20 14:59:20,396 - INFO - Episode 27 seed: 576
2023-09-20 14:59:25,131 - INFO - Arrived: 0 Broken: 0 Communication: 0.0
2023-09-20 14:59:25,131 - INFO - Episode 28 seed: 461
2023-09-20 14:59:29,514 - INFO - Arrived: 0 Broken: 0 Communication: 0.0
2023-09-20 14:59:29,514 - INFO - Episode 29 seed: 171
2023-09-20 14:59:35,178 - INFO - Arrived: 0 Broken: 0 Communication: 0.0
2023-09-20 14:59:35,179 - INFO - Episode 30 seed: 553
2023-09-20 14:59:41,192 - INFO - Arrived: 0 Broken: 0 Communication: 0.0
2023-09-20 14:59:41,192 - INFO - Episode 31 seed: 348
2023-09-20 14:59:46,672 - INFO - Arrived: 0 Broken: 0 Communication: 0.0
2023-09-20 14:59:46,672 - INFO - Episode 32 seed: 893
2023-09-20 14:59:52,418 - INFO - Arrived: 0 Broken: 0 Communication: 0.0
2023-09-20 14:59:52,418 - INFO - Episode 33 seed: 442
2023-09-20 14:59:58,359 - INFO - Arrived: 0 Broken: 0 Communication: 0.0
2023-09-20 14:59:58,359 - INFO - Episode 34 seed: 731
2023-09-20 15:00:04,111 - INFO - Arrived: 1 Broken: 0 Communication: 0.0
2023-09-20 15:00:04,111 - INFO - Episode 35 seed: 326
2023-09-20 15:00:09,986 - INFO - Arrived: 0 Broken: 0 Communication: 0.0
2023-09-20 15:00:09,986 - INFO - Episode 36 seed: 740
2023-09-20 15:00:14,474 - INFO - Arrived: 0 Broken: 0 Communication: 0.0
2023-09-20 15:00:14,474 - INFO - Episode 37 seed: 67
2023-09-20 15:00:20,163 - INFO - Arrived: 0 Broken: 0 Communication: 0.0
2023-09-20 15:00:20,164 - INFO - Episode 38 seed: 599
2023-09-20 15:00:26,035 - INFO - Arrived: 0 Broken: 0 Communication: 0.0
2023-09-20 15:00:26,035 - INFO - Episode 39 seed: 34
2023-09-20 15:00:31,702 - INFO - Arrived: 0 Broken: 0 Communication: 0.0
2023-09-20 15:00:31,703 - INFO - Episode 40 seed: 938
2023-09-20 15:00:37,382 - INFO - Arrived: 0 Broken: 0 Communication: 0.0
2023-09-20 15:00:37,382 - INFO - Episode 41 seed: 563
2023-09-20 15:00:43,313 - INFO - Arrived: 0 Broken: 0 Communication: 0.0
2023-09-20 15:00:43,313 - INFO - Episode 42 seed: 698
2023-09-20 15:00:49,119 - INFO - Arrived: 0 Broken: 0 Communication: 0.0
2023-09-20 15:00:49,120 - INFO - Episode 43 seed: 167
2023-09-20 15:00:54,953 - INFO - Arrived: 0 Broken: 0 Communication: 0.0
2023-09-20 15:00:54,953 - INFO - Episode 44 seed: 788
2023-09-20 15:01:00,772 - INFO - Arrived: 0 Broken: 0 Communication: 0.0
2023-09-20 15:01:00,772 - INFO - Episode 45 seed: 493
2023-09-20 15:01:06,679 - INFO - Arrived: 0 Broken: 0 Communication: 0.0
2023-09-20 15:01:06,680 - INFO - Episode 46 seed: 282
2023-09-20 15:01:12,528 - INFO - Arrived: 1 Broken: 0 Communication: 0.0
2023-09-20 15:01:12,528 - INFO - Episode 47 seed: 253
2023-09-20 15:01:18,488 - INFO - Arrived: 0 Broken: 0 Communication: 0.0
2023-09-20 15:01:18,488 - INFO - Episode 48 seed: 1000
2023-09-20 15:01:24,311 - INFO - Arrived: 0 Broken: 0 Communication: 0.0
2023-09-20 15:01:24,311 - INFO - Episode 49 seed: 409
2023-09-20 15:01:30,154 - INFO - Arrived: 0 Broken: 0 Communication: 0.0
2023-09-20 15:01:30,154 - INFO - Episode 50 seed: 647
2023-09-20 15:01:36,006 - INFO - Arrived: 0 Broken: 0 Communication: 0.0
2023-09-20 15:01:36,006 - INFO - Episode 51 seed: 204
2023-09-20 15:01:41,815 - INFO - Arrived: 0 Broken: 0 Communication: 0.0
2023-09-20 15:01:41,815 - INFO - Episode 52 seed: 769
2023-09-20 15:01:47,666 - INFO - Arrived: 0 Broken: 0 Communication: 0.0
2023-09-20 15:01:47,666 - INFO - Episode 53 seed: 771
2023-09-20 15:01:53,489 - INFO - Arrived: 0 Broken: 0 Communication: 0.0
2023-09-20 15:01:53,489 - INFO - Episode 54 seed: 622
2023-09-20 15:01:59,336 - INFO - Arrived: 0 Broken: 0 Communication: 0.0
2023-09-20 15:01:59,336 - INFO - Episode 55 seed: 233
2023-09-20 15:02:05,115 - INFO - Arrived: 0 Broken: 0 Communication: 0.0
2023-09-20 15:02:05,115 - INFO - Episode 56 seed: 393
2023-09-20 15:02:11,117 - INFO - Arrived: 0 Broken: 0 Communication: 0.0
2023-09-20 15:02:11,118 - INFO - Episode 57 seed: 889
2023-09-20 15:02:17,242 - INFO - Arrived: 0 Broken: 0 Communication: 0.0
2023-09-20 15:02:17,243 - INFO - Episode 58 seed: 944
2023-09-20 15:02:23,522 - INFO - Arrived: 0 Broken: 0 Communication: 0.0
2023-09-20 15:02:23,522 - INFO - Episode 59 seed: 881
2023-09-20 15:02:29,510 - INFO - Arrived: 0 Broken: 0 Communication: 0.0
2023-09-20 15:02:29,511 - INFO - Episode 60 seed: 273
2023-09-20 15:02:35,739 - INFO - Arrived: 0 Broken: 0 Communication: 0.0
2023-09-20 15:02:35,740 - INFO - Episode 61 seed: 68
2023-09-20 15:02:41,667 - INFO - Arrived: 0 Broken: 0 Communication: 0.0
2023-09-20 15:02:41,667 - INFO - Episode 62 seed: 32
2023-09-20 15:02:48,000 - INFO - Arrived: 0 Broken: 0 Communication: 0.0
2023-09-20 15:02:48,000 - INFO - Episode 63 seed: 643
2023-09-20 15:02:54,018 - INFO - Arrived: 0 Broken: 0 Communication: 0.0
2023-09-20 15:02:54,019 - INFO - Episode 64 seed: 940
2023-09-20 15:03:00,210 - INFO - Arrived: 0 Broken: 0 Communication: 0.0
2023-09-20 15:03:00,210 - INFO - Episode 65 seed: 950
2023-09-20 15:03:06,711 - INFO - Arrived: 0 Broken: 0 Communication: 0.0
2023-09-20 15:03:06,712 - INFO - Episode 66 seed: 269
2023-09-20 15:03:13,099 - INFO - Arrived: 0 Broken: 0 Communication: 0.0
2023-09-20 15:03:13,099 - INFO - Episode 67 seed: 7
2023-09-20 15:03:19,237 - INFO - Arrived: 0 Broken: 0 Communication: 0.0
2023-09-20 15:03:19,238 - INFO - Episode 68 seed: 626
2023-09-20 15:03:25,661 - INFO - Arrived: 0 Broken: 0 Communication: 0.0
2023-09-20 15:03:25,661 - INFO - Episode 69 seed: 123
2023-09-20 15:03:31,566 - INFO - Arrived: 0 Broken: 0 Communication: 0.0
2023-09-20 15:03:31,566 - INFO - Episode 70 seed: 961
2023-09-20 15:03:37,826 - INFO - Arrived: 0 Broken: 0 Communication: 0.0
2023-09-20 15:03:37,827 - INFO - Episode 71 seed: 92
2023-09-20 15:03:43,783 - INFO - Arrived: 0 Broken: 0 Communication: 0.0
2023-09-20 15:03:43,784 - INFO - Episode 72 seed: 504
2023-09-20 15:03:49,539 - INFO - Arrived: 0 Broken: 0 Communication: 0.0
2023-09-20 15:03:49,539 - INFO - Episode 73 seed: 851
2023-09-20 15:03:55,569 - INFO - Arrived: 0 Broken: 0 Communication: 0.0
2023-09-20 15:03:55,569 - INFO - Episode 74 seed: 123
2023-09-20 15:04:01,748 - INFO - Arrived: 0 Broken: 0 Communication: 0.0
2023-09-20 15:04:01,748 - INFO - Episode 75 seed: 276
2023-09-20 15:04:08,231 - INFO - Arrived: 0 Broken: 0 Communication: 0.0
2023-09-20 15:04:08,231 - INFO - Episode 76 seed: 819
2023-09-20 15:04:14,635 - INFO - Arrived: 0 Broken: 0 Communication: 0.0
2023-09-20 15:04:14,636 - INFO - Episode 77 seed: 686
2023-09-20 15:04:21,171 - INFO - Arrived: 0 Broken: 0 Communication: 0.0
2023-09-20 15:04:21,171 - INFO - Episode 78 seed: 213
2023-09-20 15:04:27,221 - INFO - Arrived: 0 Broken: 0 Communication: 0.0
2023-09-20 15:04:27,221 - INFO - Episode 79 seed: 411
2023-09-20 15:04:33,470 - INFO - Arrived: 0 Broken: 0 Communication: 0.0
2023-09-20 15:04:33,470 - INFO - Episode 80 seed: 743
2023-09-20 15:04:39,838 - INFO - Arrived: 0 Broken: 0 Communication: 0.0
2023-09-20 15:04:39,839 - INFO - Episode 81 seed: 764
2023-09-20 15:04:45,850 - INFO - Arrived: 0 Broken: 0 Communication: 0.0
2023-09-20 15:04:45,851 - INFO - Episode 82 seed: 339
2023-09-20 15:04:52,135 - INFO - Arrived: 0 Broken: 0 Communication: 0.0
2023-09-20 15:04:52,136 - INFO - Episode 83 seed: 126
2023-09-20 15:04:58,974 - INFO - Arrived: 0 Broken: 0 Communication: 0.0
2023-09-20 15:04:58,974 - INFO - Episode 84 seed: 124
2023-09-20 15:05:05,554 - INFO - Arrived: 0 Broken: 0 Communication: 0.0
2023-09-20 15:05:05,554 - INFO - Episode 85 seed: 6
2023-09-20 15:05:11,986 - INFO - Arrived: 0 Broken: 0 Communication: 0.0
2023-09-20 15:05:11,986 - INFO - Episode 86 seed: 416
2023-09-20 15:05:17,704 - INFO - Arrived: 0 Broken: 0 Communication: 0.0
2023-09-20 15:05:17,704 - INFO - Episode 87 seed: 783
2023-09-20 15:05:23,570 - INFO - Arrived: 0 Broken: 0 Communication: 0.0
2023-09-20 15:05:23,570 - INFO - Episode 88 seed: 774
2023-09-20 15:05:29,478 - INFO - Arrived: 0 Broken: 0 Communication: 0.0
2023-09-20 15:05:29,478 - INFO - Episode 89 seed: 93
2023-09-20 15:05:35,734 - INFO - Arrived: 0 Broken: 0 Communication: 0.0
2023-09-20 15:05:35,735 - INFO - Episode 90 seed: 174
2023-09-20 15:05:42,049 - INFO - Arrived: 0 Broken: 0 Communication: 0.0
2023-09-20 15:05:42,049 - INFO - Episode 91 seed: 852
2023-09-20 15:05:48,160 - INFO - Arrived: 0 Broken: 0 Communication: 0.0
2023-09-20 15:05:48,161 - INFO - Episode 92 seed: 562
2023-09-20 15:05:54,537 - INFO - Arrived: 0 Broken: 0 Communication: 0.0
2023-09-20 15:05:54,538 - INFO - Episode 93 seed: 68
2023-09-20 15:06:00,765 - INFO - Arrived: 0 Broken: 0 Communication: 0.0
2023-09-20 15:06:00,765 - INFO - Episode 94 seed: 427
2023-09-20 15:06:06,575 - INFO - Arrived: 0 Broken: 0 Communication: 0.0
2023-09-20 15:06:06,575 - INFO - Episode 95 seed: 712
2023-09-20 15:06:12,739 - INFO - Arrived: 0 Broken: 0 Communication: 0.0
2023-09-20 15:06:12,739 - INFO - Episode 96 seed: 510
2023-09-20 15:06:19,205 - INFO - Arrived: 0 Broken: 0 Communication: 0.0
2023-09-20 15:06:19,206 - INFO - Episode 97 seed: 507
2023-09-20 15:06:25,264 - INFO - Arrived: 0 Broken: 0 Communication: 0.0
2023-09-20 15:06:25,265 - INFO - Episode 98 seed: 868
2023-09-20 15:06:30,919 - INFO - Arrived: 0 Broken: 0 Communication: 0.0
2023-09-20 15:06:30,919 - INFO - Episode 99 seed: 692
2023-09-20 15:06:36,715 - INFO - Arrived: 0 Broken: 0 Communication: 0.0
2023-09-20 15:06:36,716 - INFO - Episode 100 seed: 771
2023-09-20 15:06:41,570 - INFO - Arrived: 0 Broken: 0 Communication: 0.0
2023-09-20 15:06:41,570 - INFO - Episode 101 seed: 455
2023-09-20 15:06:45,581 - INFO - Arrived: 0 Broken: 0 Communication: 0.0
2023-09-20 15:06:45,581 - INFO - Episode 102 seed: 613
2023-09-20 15:06:50,530 - INFO - Arrived: 0 Broken: 0 Communication: 0.0
2023-09-20 15:06:50,530 - INFO - Episode 103 seed: 530
2023-09-20 15:06:56,288 - INFO - Arrived: 0 Broken: 0 Communication: 0.0
2023-09-20 15:06:56,288 - INFO - Episode 104 seed: 603
2023-09-20 15:07:02,368 - INFO - Arrived: 0 Broken: 0 Communication: 0.0
2023-09-20 15:07:02,369 - INFO - Episode 105 seed: 848
2023-09-20 15:07:07,824 - INFO - Arrived: 0 Broken: 0 Communication: 0.0
2023-09-20 15:07:07,825 - INFO - Episode 106 seed: 712
2023-09-20 15:07:13,078 - INFO - Arrived: 0 Broken: 0 Communication: 0.0
2023-09-20 15:07:13,078 - INFO - Episode 107 seed: 771
2023-09-20 15:07:18,939 - INFO - Arrived: 0 Broken: 0 Communication: 0.0
2023-09-20 15:07:18,939 - INFO - Episode 108 seed: 167
2023-09-20 15:07:24,378 - INFO - Arrived: 0 Broken: 0 Communication: 0.0
2023-09-20 15:07:24,378 - INFO - Episode 109 seed: 56
2023-09-20 15:07:30,176 - INFO - Arrived: 0 Broken: 0 Communication: 0.0
2023-09-20 15:07:30,176 - INFO - Episode 110 seed: 114
2023-09-20 15:07:35,484 - INFO - Arrived: 0 Broken: 0 Communication: 0.0
2023-09-20 15:07:35,485 - INFO - Episode 111 seed: 299
2023-09-20 15:07:40,538 - INFO - Arrived: 0 Broken: 0 Communication: 0.0
2023-09-20 15:07:40,538 - INFO - Episode 112 seed: 806
2023-09-20 15:07:45,805 - INFO - Arrived: 0 Broken: 0 Communication: 0.0
2023-09-20 15:07:45,805 - INFO - Episode 113 seed: 466
2023-09-20 15:07:51,789 - INFO - Arrived: 0 Broken: 0 Communication: 0.0
2023-09-20 15:07:51,790 - INFO - Episode 114 seed: 633
2023-09-20 15:07:57,912 - INFO - Arrived: 0 Broken: 0 Communication: 0.0
2023-09-20 15:07:57,912 - INFO - Episode 115 seed: 228
2023-09-20 15:08:02,360 - INFO - Arrived: 0 Broken: 0 Communication: 0.0
2023-09-20 15:08:02,360 - INFO - Episode 116 seed: 239
2023-09-20 15:08:06,406 - INFO - Arrived: 0 Broken: 0 Communication: 0.0
2023-09-20 15:08:06,406 - INFO - Episode 117 seed: 977
2023-09-20 15:08:12,216 - INFO - Arrived: 0 Broken: 0 Communication: 0.0
2023-09-20 15:08:12,217 - INFO - Episode 118 seed: 87
2023-09-20 15:08:18,211 - INFO - Arrived: 0 Broken: 0 Communication: 0.0
2023-09-20 15:08:18,211 - INFO - Episode 119 seed: 730
2023-09-20 15:08:23,856 - INFO - Arrived: 0 Broken: 0 Communication: 0.0
2023-09-20 15:08:23,856 - INFO - Episode 120 seed: 704
2023-09-20 15:08:29,696 - INFO - Arrived: 0 Broken: 0 Communication: 0.0
2023-09-20 15:08:29,696 - INFO - Episode 121 seed: 276
2023-09-20 15:08:35,238 - INFO - Arrived: 0 Broken: 0 Communication: 0.0
2023-09-20 15:08:35,238 - INFO - Episode 122 seed: 668
2023-09-20 15:08:40,692 - INFO - Arrived: 0 Broken: 0 Communication: 0.0
2023-09-20 15:08:40,692 - INFO - Episode 123 seed: 688
2023-09-20 15:08:45,953 - INFO - Arrived: 0 Broken: 0 Communication: 0.0
2023-09-20 15:08:45,954 - INFO - Episode 124 seed: 811
2023-09-20 15:08:52,085 - INFO - Arrived: 0 Broken: 0 Communication: 0.0
2023-09-20 15:08:52,085 - INFO - Episode 125 seed: 810
