2023-09-20 14:53:05,978 - INFO - 

learning_rate:0.001
gamma:0.8
tau:0.01
hsRNN:64
hsMixing:64
hsHyper:64
replace_cycle:500
agent_num:2
obs_size:20
msg_size:27
com_size:32
com_mode:3
state_size:40
action_size:6
q_mode:0
epoch:1
buffer_size:32
batch_size:16
seq_len:100
episode:3000
timestep:300
view_range:1
report_cycle:1
comm_cycle:1
row:8
col:8
height:3
risklevel:0.15
AoI_limit:3

2023-09-20 14:53:06,937 - INFO - 
Map size: 8 * 8 * 3 
At height 1 
[2, 6] [2, 0] [5, 4] [5, 6] is dangerous
At height 2 
[3, 4] [5, 1] [4, 4] [4, 7] is dangerous
UAVs are at:
[3, 5, 1] [3, 3, 1] 
Dest are at:
[0, 0] [0, 7] 
2023-09-20 14:53:06,945 - INFO - Episode 0 seed: 552
2023-09-20 14:53:11,111 - INFO - Arrived: 0 Broken: 0 Communication: 0.0
2023-09-20 14:53:11,111 - INFO - Episode 1 seed: 457
2023-09-20 14:53:15,042 - INFO - Arrived: 0 Broken: 0 Communication: 0.0
2023-09-20 14:53:15,042 - INFO - Episode 2 seed: 880
2023-09-20 14:53:20,392 - INFO - Arrived: 0 Broken: 0 Communication: 0.0
2023-09-20 14:53:20,392 - INFO - Episode 3 seed: 687
2023-09-20 14:53:25,321 - INFO - Arrived: 1 Broken: 0 Communication: 0.0
2023-09-20 14:53:25,322 - INFO - Episode 4 seed: 908
2023-09-20 14:53:25,819 - INFO - Episode 4 finished after 285 timesteps
2023-09-20 14:53:30,109 - INFO - Arrived: 1 Broken: 1 Communication: 0.0
2023-09-20 14:53:30,109 - INFO - Episode 5 seed: 27
2023-09-20 14:53:34,859 - INFO - Arrived: 1 Broken: 0 Communication: 0.0
2023-09-20 14:53:34,859 - INFO - Episode 6 seed: 348
2023-09-20 14:53:40,024 - INFO - Arrived: 0 Broken: 0 Communication: 0.0
2023-09-20 14:53:40,025 - INFO - Episode 7 seed: 711
2023-09-20 14:53:45,208 - INFO - Arrived: 0 Broken: 0 Communication: 0.0
2023-09-20 14:53:45,208 - INFO - Episode 8 seed: 185
2023-09-20 14:53:50,388 - INFO - Arrived: 0 Broken: 0 Communication: 0.0
2023-09-20 14:53:50,388 - INFO - Episode 9 seed: 232
2023-09-20 14:53:55,885 - INFO - Arrived: 0 Broken: 0 Communication: 0.0
2023-09-20 14:53:55,885 - INFO - Episode 10 seed: 911
2023-09-20 14:54:01,263 - INFO - Arrived: 0 Broken: 0 Communication: 0.0
2023-09-20 14:54:01,263 - INFO - Episode 11 seed: 393
2023-09-20 14:54:05,427 - INFO - Arrived: 0 Broken: 0 Communication: 0.0
2023-09-20 14:54:05,427 - INFO - Episode 12 seed: 57
2023-09-20 14:54:09,862 - INFO - Arrived: 0 Broken: 0 Communication: 0.0
2023-09-20 14:54:09,862 - INFO - Episode 13 seed: 148
2023-09-20 14:54:15,057 - INFO - Arrived: 0 Broken: 0 Communication: 0.0
2023-09-20 14:54:15,057 - INFO - Episode 14 seed: 562
2023-09-20 14:54:20,358 - INFO - Arrived: 0 Broken: 0 Communication: 0.0
2023-09-20 14:54:20,358 - INFO - Episode 15 seed: 543
2023-09-20 14:54:26,115 - INFO - Arrived: 0 Broken: 0 Communication: 0.0
2023-09-20 14:54:26,115 - INFO - Episode 16 seed: 552
2023-09-20 14:54:31,507 - INFO - Arrived: 0 Broken: 0 Communication: 0.0
2023-09-20 14:54:31,507 - INFO - Episode 17 seed: 928
2023-09-20 14:54:36,687 - INFO - Arrived: 0 Broken: 0 Communication: 0.0
2023-09-20 14:54:36,687 - INFO - Episode 18 seed: 755
2023-09-20 14:54:42,307 - INFO - Arrived: 0 Broken: 0 Communication: 0.0
2023-09-20 14:54:42,308 - INFO - Episode 19 seed: 540
2023-09-20 14:54:47,419 - INFO - Arrived: 0 Broken: 0 Communication: 0.0
2023-09-20 14:54:47,419 - INFO - Episode 20 seed: 876
2023-09-20 14:54:53,146 - INFO - Arrived: 0 Broken: 0 Communication: 0.0
2023-09-20 14:54:53,146 - INFO - Episode 21 seed: 908
2023-09-20 14:54:58,187 - INFO - Arrived: 0 Broken: 0 Communication: 0.0
2023-09-20 14:54:58,187 - INFO - Episode 22 seed: 852
2023-09-20 14:55:03,570 - INFO - Arrived: 0 Broken: 0 Communication: 0.0
2023-09-20 14:55:03,571 - INFO - Episode 23 seed: 588
2023-09-20 14:55:08,946 - INFO - Arrived: 0 Broken: 0 Communication: 0.0
2023-09-20 14:55:08,946 - INFO - Episode 24 seed: 744
2023-09-20 14:55:14,424 - INFO - Arrived: 0 Broken: 0 Communication: 0.0
2023-09-20 14:55:14,424 - INFO - Episode 25 seed: 974
2023-09-20 14:55:19,911 - INFO - Arrived: 0 Broken: 0 Communication: 0.0
2023-09-20 14:55:19,911 - INFO - Episode 26 seed: 86
2023-09-20 14:55:25,327 - INFO - Arrived: 0 Broken: 0 Communication: 0.0
2023-09-20 14:55:25,327 - INFO - Episode 27 seed: 773
2023-09-20 14:55:30,780 - INFO - Arrived: 0 Broken: 0 Communication: 0.0
2023-09-20 14:55:30,780 - INFO - Episode 28 seed: 549
2023-09-20 14:55:36,573 - INFO - Arrived: 0 Broken: 0 Communication: 0.0
2023-09-20 14:55:36,573 - INFO - Episode 29 seed: 584
2023-09-20 14:55:42,492 - INFO - Arrived: 0 Broken: 0 Communication: 0.0
2023-09-20 14:55:42,492 - INFO - Episode 30 seed: 456
2023-09-20 14:55:48,622 - INFO - Arrived: 0 Broken: 0 Communication: 0.0
2023-09-20 14:55:48,622 - INFO - Episode 31 seed: 356
2023-09-20 14:55:55,018 - INFO - Arrived: 0 Broken: 0 Communication: 0.0
2023-09-20 14:55:55,018 - INFO - Episode 32 seed: 37
2023-09-20 14:56:01,266 - INFO - Arrived: 0 Broken: 0 Communication: 0.0
2023-09-20 14:56:01,267 - INFO - Episode 33 seed: 716
2023-09-20 14:56:07,552 - INFO - Arrived: 0 Broken: 0 Communication: 0.0
2023-09-20 14:56:07,553 - INFO - Episode 34 seed: 184
2023-09-20 14:56:13,954 - INFO - Arrived: 0 Broken: 0 Communication: 0.0
2023-09-20 14:56:13,954 - INFO - Episode 35 seed: 691
2023-09-20 14:56:20,356 - INFO - Arrived: 0 Broken: 0 Communication: 0.0
2023-09-20 14:56:20,356 - INFO - Episode 36 seed: 352
2023-09-20 14:56:26,906 - INFO - Arrived: 0 Broken: 0 Communication: 0.0
2023-09-20 14:56:26,906 - INFO - Episode 37 seed: 192
2023-09-20 14:56:32,711 - INFO - Arrived: 0 Broken: 0 Communication: 0.0
2023-09-20 14:56:32,711 - INFO - Episode 38 seed: 292
2023-09-20 14:56:39,018 - INFO - Arrived: 0 Broken: 0 Communication: 0.0
2023-09-20 14:56:39,018 - INFO - Episode 39 seed: 122
2023-09-20 14:56:45,448 - INFO - Arrived: 0 Broken: 0 Communication: 0.0
2023-09-20 14:56:45,449 - INFO - Episode 40 seed: 636
2023-09-20 14:56:51,079 - INFO - Arrived: 0 Broken: 0 Communication: 0.0
2023-09-20 14:56:51,080 - INFO - Episode 41 seed: 673
