2023-09-20 15:08:58,873 - INFO - 

learning_rate:0.001
gamma:0.8
tau:0.01
hsRNN:64
hsMixing:64
hsHyper:64
replace_cycle:500
agent_num:2
obs_size:20
msg_size:27
com_size:32
com_mode:3
state_size:40
action_size:6
q_mode:0
epoch:1
buffer_size:32
batch_size:16
seq_len:100
episode:3000
timestep:300
view_range:1
report_cycle:1
comm_cycle:1
row:8
col:8
height:3
risklevel:0.15
AoI_limit:3

2023-09-20 15:08:59,812 - INFO - 
Map size: 8 * 8 * 3 
At height 1 
[3, 0] [2, 2] [3, 1] [3, 4] is dangerous
At height 2 
[5, 2] [2, 1] [2, 6] [2, 4] is dangerous
UAVs are at:
[3, 5, 1] [3, 3, 1] 
Dest are at:
[0, 0] [0, 7] 
2023-09-20 15:08:59,820 - INFO - Episode 0 seed: 339
