2023-09-20 15:15:47,451 - INFO - 

learning_rate:0.001
gamma:0.8
tau:0.01
hsRNN:64
hsMixing:64
hsHyper:64
replace_cycle:500
agent_num:2
obs_size:20
msg_size:27
com_size:32
com_mode:3
state_size:40
action_size:6
q_mode:0
epoch:1
buffer_size:32
batch_size:16
seq_len:100
episode:3000
timestep:300
view_range:1
report_cycle:1
comm_cycle:1
row:8
col:8
height:3
risklevel:0.15
AoI_limit:3

2023-09-20 15:15:48,412 - INFO - 
Map size: 8 * 8 * 3 
At height 1 
[3, 0] [4, 3] [2, 6] [2, 1] is dangerous
At height 2 
[5, 7] [3, 6] [4, 4] [5, 4] is dangerous
UAVs are at:
[3, 5, 1] [3, 3, 1] 
Dest are at:
[0, 0] [0, 7] 
2023-09-20 15:15:48,418 - INFO - Episode 0 seed: 286
2023-09-20 15:15:52,681 - INFO - Arrived: 0 Broken: 0 Communication: 0.0
2023-09-20 15:15:52,681 - INFO - Episode 1 seed: 812
2023-09-20 15:15:56,715 - INFO - Arrived: 0 Broken: 1 Communication: 0.0
2023-09-20 15:15:56,715 - INFO - Episode 2 seed: 426
2023-09-20 15:16:01,858 - INFO - Arrived: 1 Broken: 0 Communication: 0.0
2023-09-20 15:16:01,859 - INFO - Episode 3 seed: 313
2023-09-20 15:16:07,198 - INFO - Arrived: 0 Broken: 0 Communication: 0.0
2023-09-20 15:16:07,198 - INFO - Episode 4 seed: 928
2023-09-20 15:16:12,726 - INFO - Arrived: 0 Broken: 0 Communication: 0.0
2023-09-20 15:16:12,726 - INFO - Episode 5 seed: 649
2023-09-20 15:16:17,016 - INFO - Arrived: 0 Broken: 0 Communication: 0.0
2023-09-20 15:16:17,017 - INFO - Episode 6 seed: 452
2023-09-20 15:16:21,093 - INFO - Arrived: 1 Broken: 0 Communication: 0.0
2023-09-20 15:16:21,093 - INFO - Episode 7 seed: 572
2023-09-20 15:16:26,155 - INFO - Arrived: 0 Broken: 0 Communication: 0.0
2023-09-20 15:16:26,156 - INFO - Episode 8 seed: 774
2023-09-20 15:16:31,513 - INFO - Arrived: 1 Broken: 0 Communication: 0.0
2023-09-20 15:16:31,514 - INFO - Episode 9 seed: 471
2023-09-20 15:16:37,216 - INFO - Arrived: 0 Broken: 0 Communication: 0.0
2023-09-20 15:16:37,216 - INFO - Episode 10 seed: 228
2023-09-20 15:16:42,584 - INFO - Arrived: 0 Broken: 0 Communication: 0.0
2023-09-20 15:16:42,584 - INFO - Episode 11 seed: 210
2023-09-20 15:16:48,162 - INFO - Arrived: 0 Broken: 0 Communication: 0.0
2023-09-20 15:16:48,162 - INFO - Episode 12 seed: 914
2023-09-20 15:16:53,355 - INFO - Arrived: 0 Broken: 0 Communication: 0.0
2023-09-20 15:16:53,355 - INFO - Episode 13 seed: 462
2023-09-20 15:16:59,165 - INFO - Arrived: 0 Broken: 0 Communication: 0.0
2023-09-20 15:16:59,166 - INFO - Episode 14 seed: 181
2023-09-20 15:17:04,640 - INFO - Arrived: 1 Broken: 0 Communication: 0.0
2023-09-20 15:17:04,640 - INFO - Episode 15 seed: 550
2023-09-20 15:17:10,473 - INFO - Arrived: 0 Broken: 0 Communication: 0.0
2023-09-20 15:17:10,473 - INFO - Episode 16 seed: 805
2023-09-20 15:17:16,699 - INFO - Arrived: 0 Broken: 0 Communication: 0.0
2023-09-20 15:17:16,699 - INFO - Episode 17 seed: 316
2023-09-20 15:17:22,274 - INFO - Arrived: 1 Broken: 0 Communication: 0.0
2023-09-20 15:17:22,275 - INFO - Episode 18 seed: 25
2023-09-20 15:17:27,023 - INFO - Arrived: 1 Broken: 0 Communication: 0.0
2023-09-20 15:17:27,024 - INFO - Episode 19 seed: 979
2023-09-20 15:17:31,705 - INFO - Arrived: 1 Broken: 0 Communication: 0.0
2023-09-20 15:17:31,705 - INFO - Episode 20 seed: 980
2023-09-20 15:17:37,387 - INFO - Arrived: 1 Broken: 0 Communication: 0.0
2023-09-20 15:17:37,387 - INFO - Episode 21 seed: 339
2023-09-20 15:17:41,655 - INFO - Arrived: 1 Broken: 0 Communication: 0.0
2023-09-20 15:17:41,655 - INFO - Episode 22 seed: 850
2023-09-20 15:17:46,835 - INFO - Arrived: 1 Broken: 0 Communication: 0.0
2023-09-20 15:17:46,835 - INFO - Episode 23 seed: 223
2023-09-20 15:17:52,668 - INFO - Arrived: 1 Broken: 0 Communication: 0.0
2023-09-20 15:17:52,668 - INFO - Episode 24 seed: 753
2023-09-20 15:17:58,677 - INFO - Arrived: 1 Broken: 0 Communication: 0.0
2023-09-20 15:17:58,678 - INFO - Episode 25 seed: 858
2023-09-20 15:18:04,694 - INFO - Arrived: 0 Broken: 0 Communication: 0.0
2023-09-20 15:18:04,694 - INFO - Episode 26 seed: 499
2023-09-20 15:18:10,632 - INFO - Arrived: 1 Broken: 0 Communication: 0.0
2023-09-20 15:18:10,633 - INFO - Episode 27 seed: 552
2023-09-20 15:18:16,729 - INFO - Arrived: 0 Broken: 0 Communication: 0.0
2023-09-20 15:18:16,729 - INFO - Episode 28 seed: 846
2023-09-20 15:18:22,687 - INFO - Arrived: 1 Broken: 0 Communication: 0.0
2023-09-20 15:18:22,687 - INFO - Episode 29 seed: 940
2023-09-20 15:18:28,670 - INFO - Arrived: 0 Broken: 0 Communication: 0.0
2023-09-20 15:18:28,670 - INFO - Episode 30 seed: 579
2023-09-20 15:18:34,412 - INFO - Arrived: 0 Broken: 1 Communication: 0.0
2023-09-20 15:18:34,412 - INFO - Episode 31 seed: 742
2023-09-20 15:18:34,974 - INFO - Episode 31 finished after 279 timesteps
2023-09-20 15:18:38,903 - INFO - Arrived: 1 Broken: 1 Communication: 0.0
2023-09-20 15:18:38,904 - INFO - Episode 32 seed: 676
2023-09-20 15:18:44,091 - INFO - Arrived: 0 Broken: 1 Communication: 0.0
2023-09-20 15:18:44,092 - INFO - Episode 33 seed: 439
2023-09-20 15:18:49,821 - INFO - Arrived: 0 Broken: 1 Communication: 0.0
2023-09-20 15:18:49,822 - INFO - Episode 34 seed: 950
2023-09-20 15:18:55,189 - INFO - Arrived: 0 Broken: 1 Communication: 0.0
2023-09-20 15:18:55,189 - INFO - Episode 35 seed: 922
2023-09-20 15:19:00,932 - INFO - Arrived: 0 Broken: 0 Communication: 0.0
2023-09-20 15:19:00,932 - INFO - Episode 36 seed: 767
2023-09-20 15:19:06,749 - INFO - Arrived: 0 Broken: 0 Communication: 0.0
2023-09-20 15:19:06,749 - INFO - Episode 37 seed: 779
2023-09-20 15:19:12,460 - INFO - Arrived: 1 Broken: 0 Communication: 0.0
2023-09-20 15:19:12,460 - INFO - Episode 38 seed: 247
2023-09-20 15:19:18,168 - INFO - Arrived: 0 Broken: 0 Communication: 0.0
2023-09-20 15:19:18,168 - INFO - Episode 39 seed: 81
2023-09-20 15:19:22,039 - INFO - Arrived: 0 Broken: 0 Communication: 0.0
2023-09-20 15:19:22,039 - INFO - Episode 40 seed: 399
2023-09-20 15:19:27,605 - INFO - Arrived: 0 Broken: 1 Communication: 0.0
2023-09-20 15:19:27,605 - INFO - Episode 41 seed: 608
2023-09-20 15:19:31,652 - INFO - Arrived: 1 Broken: 0 Communication: 0.0
2023-09-20 15:19:31,652 - INFO - Episode 42 seed: 795
2023-09-20 15:19:36,842 - INFO - Arrived: 1 Broken: 0 Communication: 0.0
2023-09-20 15:19:36,842 - INFO - Episode 43 seed: 882
2023-09-20 15:19:42,684 - INFO - Arrived: 0 Broken: 0 Communication: 0.0
2023-09-20 15:19:42,684 - INFO - Episode 44 seed: 518
2023-09-20 15:19:48,630 - INFO - Arrived: 1 Broken: 0 Communication: 0.0
2023-09-20 15:19:48,630 - INFO - Episode 45 seed: 265
2023-09-20 15:19:54,493 - INFO - Arrived: 1 Broken: 0 Communication: 0.0
2023-09-20 15:19:54,494 - INFO - Episode 46 seed: 115
2023-09-20 15:20:00,315 - INFO - Arrived: 0 Broken: 0 Communication: 0.0
2023-09-20 15:20:00,316 - INFO - Episode 47 seed: 791
2023-09-20 15:20:06,375 - INFO - Arrived: 1 Broken: 0 Communication: 0.0
2023-09-20 15:20:06,375 - INFO - Episode 48 seed: 762
2023-09-20 15:20:11,285 - INFO - Arrived: 1 Broken: 0 Communication: 0.0
2023-09-20 15:20:11,285 - INFO - Episode 49 seed: 415
2023-09-20 15:20:15,606 - INFO - Arrived: 1 Broken: 0 Communication: 0.0
2023-09-20 15:20:15,607 - INFO - Episode 50 seed: 714
2023-09-20 15:20:21,220 - INFO - Arrived: 0 Broken: 0 Communication: 0.0
2023-09-20 15:20:21,220 - INFO - Episode 51 seed: 116
2023-09-20 15:20:27,216 - INFO - Arrived: 1 Broken: 0 Communication: 0.0
2023-09-20 15:20:27,216 - INFO - Episode 52 seed: 646
2023-09-20 15:20:33,194 - INFO - Arrived: 0 Broken: 0 Communication: 0.0
2023-09-20 15:20:33,195 - INFO - Episode 53 seed: 311
2023-09-20 15:20:38,848 - INFO - Arrived: 1 Broken: 0 Communication: 0.0
2023-09-20 15:20:38,848 - INFO - Episode 54 seed: 564
2023-09-20 15:20:44,833 - INFO - Arrived: 1 Broken: 0 Communication: 0.0
2023-09-20 15:20:44,833 - INFO - Episode 55 seed: 391
2023-09-20 15:20:50,220 - INFO - Arrived: 1 Broken: 0 Communication: 0.0
2023-09-20 15:20:50,220 - INFO - Episode 56 seed: 790
2023-09-20 15:20:53,992 - INFO - Arrived: 0 Broken: 0 Communication: 0.0
2023-09-20 15:20:53,992 - INFO - Episode 57 seed: 749
2023-09-20 15:20:59,120 - INFO - Arrived: 1 Broken: 0 Communication: 0.0
2023-09-20 15:20:59,120 - INFO - Episode 58 seed: 110
2023-09-20 15:21:04,863 - INFO - Arrived: 0 Broken: 0 Communication: 0.0
2023-09-20 15:21:04,863 - INFO - Episode 59 seed: 48
2023-09-20 15:21:10,538 - INFO - Arrived: 0 Broken: 0 Communication: 0.0
2023-09-20 15:21:10,539 - INFO - Episode 60 seed: 781
2023-09-20 15:21:16,299 - INFO - Arrived: 0 Broken: 0 Communication: 0.0
2023-09-20 15:21:16,299 - INFO - Episode 61 seed: 625
2023-09-20 15:21:20,948 - INFO - Arrived: 1 Broken: 0 Communication: 0.0
2023-09-20 15:21:20,948 - INFO - Episode 62 seed: 26
2023-09-20 15:21:25,023 - INFO - Arrived: 1 Broken: 0 Communication: 0.0
2023-09-20 15:21:25,024 - INFO - Episode 63 seed: 810
2023-09-20 15:21:30,846 - INFO - Arrived: 1 Broken: 0 Communication: 0.0
2023-09-20 15:21:30,846 - INFO - Episode 64 seed: 198
2023-09-20 15:21:36,595 - INFO - Arrived: 1 Broken: 0 Communication: 0.0
2023-09-20 15:21:36,595 - INFO - Episode 65 seed: 78
2023-09-20 15:21:42,181 - INFO - Arrived: 0 Broken: 0 Communication: 0.0
2023-09-20 15:21:42,181 - INFO - Episode 66 seed: 280
2023-09-20 15:21:47,999 - INFO - Arrived: 0 Broken: 0 Communication: 0.0
2023-09-20 15:21:47,999 - INFO - Episode 67 seed: 304
2023-09-20 15:21:53,871 - INFO - Arrived: 1 Broken: 0 Communication: 0.0
2023-09-20 15:21:53,871 - INFO - Episode 68 seed: 43
2023-09-20 15:21:59,073 - INFO - Arrived: 0 Broken: 0 Communication: 0.0
2023-09-20 15:21:59,073 - INFO - Episode 69 seed: 195
2023-09-20 15:22:04,586 - INFO - Arrived: 1 Broken: 0 Communication: 0.0
2023-09-20 15:22:04,587 - INFO - Episode 70 seed: 880
2023-09-20 15:22:09,885 - INFO - Arrived: 1 Broken: 0 Communication: 0.0
2023-09-20 15:22:09,885 - INFO - Episode 71 seed: 370
2023-09-20 15:22:15,530 - INFO - Arrived: 0 Broken: 0 Communication: 0.0
2023-09-20 15:22:15,530 - INFO - Episode 72 seed: 663
2023-09-20 15:22:21,216 - INFO - Arrived: 1 Broken: 0 Communication: 0.0
2023-09-20 15:22:21,216 - INFO - Episode 73 seed: 953
2023-09-20 15:22:26,665 - INFO - Arrived: 1 Broken: 0 Communication: 0.0
2023-09-20 15:22:26,665 - INFO - Episode 74 seed: 645
2023-09-20 15:22:32,073 - INFO - Arrived: 1 Broken: 0 Communication: 0.0
2023-09-20 15:22:32,073 - INFO - Episode 75 seed: 853
2023-09-20 15:22:37,552 - INFO - Arrived: 1 Broken: 0 Communication: 0.0
2023-09-20 15:22:37,553 - INFO - Episode 76 seed: 156
2023-09-20 15:22:42,322 - INFO - Arrived: 0 Broken: 0 Communication: 0.0
2023-09-20 15:22:42,323 - INFO - Episode 77 seed: 459
2023-09-20 15:22:46,697 - INFO - Arrived: 1 Broken: 0 Communication: 0.0
2023-09-20 15:22:46,698 - INFO - Episode 78 seed: 895
2023-09-20 15:22:52,065 - INFO - Arrived: 1 Broken: 0 Communication: 0.0
2023-09-20 15:22:52,065 - INFO - Episode 79 seed: 383
2023-09-20 15:22:57,783 - INFO - Arrived: 1 Broken: 0 Communication: 0.0
2023-09-20 15:22:57,783 - INFO - Episode 80 seed: 953
2023-09-20 15:23:03,456 - INFO - Arrived: 1 Broken: 0 Communication: 0.0
2023-09-20 15:23:03,456 - INFO - Episode 81 seed: 256
2023-09-20 15:23:09,075 - INFO - Arrived: 1 Broken: 0 Communication: 0.0
2023-09-20 15:23:09,075 - INFO - Episode 82 seed: 914
2023-09-20 15:23:14,819 - INFO - Arrived: 1 Broken: 0 Communication: 0.0
2023-09-20 15:23:14,820 - INFO - Episode 83 seed: 407
2023-09-20 15:23:20,453 - INFO - Arrived: 0 Broken: 1 Communication: 0.0
2023-09-20 15:23:20,453 - INFO - Episode 84 seed: 202
2023-09-20 15:23:26,165 - INFO - Arrived: 0 Broken: 0 Communication: 0.0
2023-09-20 15:23:26,165 - INFO - Episode 85 seed: 666
2023-09-20 15:23:31,808 - INFO - Arrived: 0 Broken: 0 Communication: 0.0
2023-09-20 15:23:31,808 - INFO - Episode 86 seed: 276
2023-09-20 15:23:37,512 - INFO - Arrived: 1 Broken: 0 Communication: 0.0
2023-09-20 15:23:37,513 - INFO - Episode 87 seed: 109
2023-09-20 15:23:43,173 - INFO - Arrived: 0 Broken: 0 Communication: 0.0
2023-09-20 15:23:43,173 - INFO - Episode 88 seed: 391
2023-09-20 15:23:48,933 - INFO - Arrived: 1 Broken: 0 Communication: 0.0
2023-09-20 15:23:48,934 - INFO - Episode 89 seed: 792
2023-09-20 15:23:54,545 - INFO - Arrived: 1 Broken: 0 Communication: 0.0
2023-09-20 15:23:54,546 - INFO - Episode 90 seed: 717
2023-09-20 15:24:00,195 - INFO - Arrived: 1 Broken: 0 Communication: 0.0
2023-09-20 15:24:00,195 - INFO - Episode 91 seed: 852
2023-09-20 15:24:05,907 - INFO - Arrived: 1 Broken: 0 Communication: 0.0
2023-09-20 15:24:05,908 - INFO - Episode 92 seed: 701
2023-09-20 15:24:11,651 - INFO - Arrived: 1 Broken: 0 Communication: 0.0
2023-09-20 15:24:11,651 - INFO - Episode 93 seed: 228
2023-09-20 15:24:17,316 - INFO - Arrived: 0 Broken: 0 Communication: 0.0
2023-09-20 15:24:17,316 - INFO - Episode 94 seed: 944
2023-09-20 15:24:22,971 - INFO - Arrived: 0 Broken: 0 Communication: 0.0
2023-09-20 15:24:22,971 - INFO - Episode 95 seed: 62
2023-09-20 15:24:28,648 - INFO - Arrived: 0 Broken: 0 Communication: 0.0
2023-09-20 15:24:28,649 - INFO - Episode 96 seed: 355
2023-09-20 15:24:34,480 - INFO - Arrived: 1 Broken: 0 Communication: 0.0
2023-09-20 15:24:34,480 - INFO - Episode 97 seed: 946
2023-09-20 15:24:40,119 - INFO - Arrived: 0 Broken: 0 Communication: 0.0
2023-09-20 15:24:40,119 - INFO - Episode 98 seed: 651
2023-09-20 15:24:45,793 - INFO - Arrived: 1 Broken: 0 Communication: 0.0
2023-09-20 15:24:45,793 - INFO - Episode 99 seed: 352
2023-09-20 15:24:51,485 - INFO - Arrived: 0 Broken: 0 Communication: 0.0
2023-09-20 15:24:51,486 - INFO - Episode 100 seed: 700
2023-09-20 15:24:57,230 - INFO - Arrived: 1 Broken: 0 Communication: 0.0
2023-09-20 15:24:57,230 - INFO - Episode 101 seed: 925
2023-09-20 15:25:02,986 - INFO - Arrived: 0 Broken: 0 Communication: 0.0
2023-09-20 15:25:02,987 - INFO - Episode 102 seed: 386
2023-09-20 15:25:08,861 - INFO - Arrived: 1 Broken: 0 Communication: 0.0
2023-09-20 15:25:08,862 - INFO - Episode 103 seed: 933
2023-09-20 15:25:14,573 - INFO - Arrived: 0 Broken: 1 Communication: 0.0
2023-09-20 15:25:14,573 - INFO - Episode 104 seed: 991
2023-09-20 15:25:20,290 - INFO - Arrived: 0 Broken: 0 Communication: 0.0
2023-09-20 15:25:20,290 - INFO - Episode 105 seed: 875
2023-09-20 15:25:26,041 - INFO - Arrived: 1 Broken: 0 Communication: 0.0
2023-09-20 15:25:26,041 - INFO - Episode 106 seed: 624
2023-09-20 15:25:31,787 - INFO - Arrived: 0 Broken: 0 Communication: 0.0
2023-09-20 15:25:31,788 - INFO - Episode 107 seed: 824
2023-09-20 15:25:37,548 - INFO - Arrived: 1 Broken: 0 Communication: 0.0
2023-09-20 15:25:37,549 - INFO - Episode 108 seed: 671
2023-09-20 15:25:43,265 - INFO - Arrived: 1 Broken: 0 Communication: 0.0
2023-09-20 15:25:43,265 - INFO - Episode 109 seed: 287
2023-09-20 15:25:49,098 - INFO - Arrived: 1 Broken: 0 Communication: 0.0
2023-09-20 15:25:49,098 - INFO - Episode 110 seed: 898
2023-09-20 15:25:54,824 - INFO - Arrived: 1 Broken: 0 Communication: 0.0
2023-09-20 15:25:54,824 - INFO - Episode 111 seed: 32
2023-09-20 15:26:00,562 - INFO - Arrived: 1 Broken: 0 Communication: 0.0
2023-09-20 15:26:00,562 - INFO - Episode 112 seed: 113
2023-09-20 15:26:06,317 - INFO - Arrived: 1 Broken: 0 Communication: 0.0
2023-09-20 15:26:06,318 - INFO - Episode 113 seed: 481
2023-09-20 15:26:12,025 - INFO - Arrived: 0 Broken: 0 Communication: 0.0
2023-09-20 15:26:12,026 - INFO - Episode 114 seed: 182
2023-09-20 15:26:17,761 - INFO - Arrived: 0 Broken: 0 Communication: 0.0
2023-09-20 15:26:17,761 - INFO - Episode 115 seed: 150
2023-09-20 15:26:23,488 - INFO - Arrived: 1 Broken: 0 Communication: 0.0
2023-09-20 15:26:23,488 - INFO - Episode 116 seed: 124
2023-09-20 15:26:29,564 - INFO - Arrived: 1 Broken: 0 Communication: 0.0
2023-09-20 15:26:29,564 - INFO - Episode 117 seed: 701
2023-09-20 15:26:35,704 - INFO - Arrived: 1 Broken: 0 Communication: 0.0
2023-09-20 15:26:35,705 - INFO - Episode 118 seed: 45
2023-09-20 15:26:41,827 - INFO - Arrived: 0 Broken: 0 Communication: 0.0
2023-09-20 15:26:41,827 - INFO - Episode 119 seed: 501
2023-09-20 15:26:45,656 - INFO - Arrived: 1 Broken: 0 Communication: 0.0
2023-09-20 15:26:45,656 - INFO - Episode 120 seed: 606
2023-09-20 15:26:50,970 - INFO - Arrived: 1 Broken: 0 Communication: 0.0
2023-09-20 15:26:50,970 - INFO - Episode 121 seed: 321
2023-09-20 15:26:56,766 - INFO - Arrived: 0 Broken: 0 Communication: 0.0
2023-09-20 15:26:56,766 - INFO - Episode 122 seed: 622
2023-09-20 15:27:02,071 - INFO - Arrived: 1 Broken: 0 Communication: 0.0
2023-09-20 15:27:02,071 - INFO - Episode 123 seed: 813
2023-09-20 15:27:07,064 - INFO - Arrived: 0 Broken: 0 Communication: 0.0
2023-09-20 15:27:07,064 - INFO - Episode 124 seed: 775
2023-09-20 15:27:12,715 - INFO - Arrived: 1 Broken: 0 Communication: 0.0
2023-09-20 15:27:12,715 - INFO - Episode 125 seed: 359
2023-09-20 15:27:18,181 - INFO - Arrived: 0 Broken: 1 Communication: 0.0
2023-09-20 15:27:18,182 - INFO - Episode 126 seed: 576
2023-09-20 15:27:23,799 - INFO - Arrived: 0 Broken: 0 Communication: 0.0
2023-09-20 15:27:23,799 - INFO - Episode 127 seed: 666
2023-09-20 15:27:29,559 - INFO - Arrived: 1 Broken: 0 Communication: 0.0
2023-09-20 15:27:29,560 - INFO - Episode 128 seed: 644
2023-09-20 15:27:35,019 - INFO - Arrived: 1 Broken: 0 Communication: 0.0
2023-09-20 15:27:35,019 - INFO - Episode 129 seed: 135
2023-09-20 15:27:40,693 - INFO - Arrived: 1 Broken: 0 Communication: 0.0
2023-09-20 15:27:40,693 - INFO - Episode 130 seed: 799
2023-09-20 15:27:46,261 - INFO - Arrived: 0 Broken: 0 Communication: 0.0
2023-09-20 15:27:46,261 - INFO - Episode 131 seed: 921
2023-09-20 15:27:51,921 - INFO - Arrived: 1 Broken: 0 Communication: 0.0
2023-09-20 15:27:51,921 - INFO - Episode 132 seed: 536
2023-09-20 15:27:57,472 - INFO - Arrived: 0 Broken: 0 Communication: 0.0
2023-09-20 15:27:57,473 - INFO - Episode 133 seed: 462
2023-09-20 15:28:02,933 - INFO - Arrived: 0 Broken: 0 Communication: 0.0
2023-09-20 15:28:02,933 - INFO - Episode 134 seed: 556
2023-09-20 15:28:08,397 - INFO - Arrived: 1 Broken: 0 Communication: 0.0
2023-09-20 15:28:08,397 - INFO - Episode 135 seed: 510
2023-09-20 15:28:13,346 - INFO - Arrived: 1 Broken: 0 Communication: 0.0
2023-09-20 15:28:13,346 - INFO - Episode 136 seed: 830
2023-09-20 15:28:18,225 - INFO - Arrived: 0 Broken: 0 Communication: 0.0
2023-09-20 15:28:18,225 - INFO - Episode 137 seed: 556
2023-09-20 15:28:23,899 - INFO - Arrived: 0 Broken: 0 Communication: 0.0
2023-09-20 15:28:23,899 - INFO - Episode 138 seed: 405
2023-09-20 15:28:29,783 - INFO - Arrived: 1 Broken: 0 Communication: 0.0
2023-09-20 15:28:29,783 - INFO - Episode 139 seed: 531
2023-09-20 15:28:35,507 - INFO - Arrived: 1 Broken: 0 Communication: 0.0
2023-09-20 15:28:35,507 - INFO - Episode 140 seed: 796
2023-09-20 15:28:41,042 - INFO - Arrived: 1 Broken: 0 Communication: 0.0
2023-09-20 15:28:41,043 - INFO - Episode 141 seed: 830
2023-09-20 15:28:46,738 - INFO - Arrived: 1 Broken: 0 Communication: 0.0
2023-09-20 15:28:46,738 - INFO - Episode 142 seed: 59
2023-09-20 15:28:52,465 - INFO - Arrived: 0 Broken: 0 Communication: 0.0
2023-09-20 15:28:52,465 - INFO - Episode 143 seed: 122
2023-09-20 15:28:57,796 - INFO - Arrived: 1 Broken: 0 Communication: 0.0
2023-09-20 15:28:57,796 - INFO - Episode 144 seed: 838
2023-09-20 15:29:02,639 - INFO - Arrived: 0 Broken: 0 Communication: 0.0
2023-09-20 15:29:02,639 - INFO - Episode 145 seed: 406
2023-09-20 15:29:08,138 - INFO - Arrived: 1 Broken: 0 Communication: 0.0
2023-09-20 15:29:08,138 - INFO - Episode 146 seed: 862
2023-09-20 15:29:13,612 - INFO - Arrived: 1 Broken: 0 Communication: 0.0
2023-09-20 15:29:13,612 - INFO - Episode 147 seed: 484
2023-09-20 15:29:19,224 - INFO - Arrived: 1 Broken: 0 Communication: 0.0
2023-09-20 15:29:19,225 - INFO - Episode 148 seed: 85
2023-09-20 15:29:25,608 - INFO - Arrived: 1 Broken: 0 Communication: 0.0
2023-09-20 15:29:25,608 - INFO - Episode 149 seed: 245
2023-09-20 15:29:29,383 - INFO - Arrived: 1 Broken: 0 Communication: 0.0
2023-09-20 15:29:29,383 - INFO - Episode 150 seed: 773
2023-09-20 15:29:34,179 - INFO - Arrived: 1 Broken: 0 Communication: 0.0
2023-09-20 15:29:34,179 - INFO - Episode 151 seed: 417
2023-09-20 15:29:38,422 - INFO - Arrived: 0 Broken: 1 Communication: 0.0
2023-09-20 15:29:38,423 - INFO - Episode 152 seed: 767
2023-09-20 15:29:43,504 - INFO - Arrived: 1 Broken: 0 Communication: 0.0
2023-09-20 15:29:43,504 - INFO - Episode 153 seed: 488
2023-09-20 15:29:49,326 - INFO - Arrived: 0 Broken: 0 Communication: 0.0
2023-09-20 15:29:49,326 - INFO - Episode 154 seed: 53
2023-09-20 15:29:54,814 - INFO - Arrived: 1 Broken: 0 Communication: 0.0
2023-09-20 15:29:54,814 - INFO - Episode 155 seed: 124
2023-09-20 15:30:00,415 - INFO - Arrived: 1 Broken: 0 Communication: 0.0
2023-09-20 15:30:00,415 - INFO - Episode 156 seed: 156
2023-09-20 15:30:06,220 - INFO - Arrived: 1 Broken: 0 Communication: 0.0
2023-09-20 15:30:06,221 - INFO - Episode 157 seed: 854
2023-09-20 15:30:11,884 - INFO - Arrived: 1 Broken: 0 Communication: 0.0
2023-09-20 15:30:11,884 - INFO - Episode 158 seed: 683
2023-09-20 15:30:18,220 - INFO - Arrived: 1 Broken: 0 Communication: 0.0
2023-09-20 15:30:18,221 - INFO - Episode 159 seed: 375
2023-09-20 15:30:23,695 - INFO - Arrived: 0 Broken: 0 Communication: 0.0
2023-09-20 15:30:23,695 - INFO - Episode 160 seed: 836
2023-09-20 15:30:27,762 - INFO - Arrived: 1 Broken: 0 Communication: 0.0
2023-09-20 15:30:27,762 - INFO - Episode 161 seed: 514
2023-09-20 15:30:33,854 - INFO - Arrived: 1 Broken: 0 Communication: 0.0
2023-09-20 15:30:33,854 - INFO - Episode 162 seed: 414
2023-09-20 15:30:39,452 - INFO - Arrived: 0 Broken: 0 Communication: 0.0
2023-09-20 15:30:39,453 - INFO - Episode 163 seed: 517
2023-09-20 15:30:44,912 - INFO - Arrived: 1 Broken: 0 Communication: 0.0
2023-09-20 15:30:44,912 - INFO - Episode 164 seed: 715
2023-09-20 15:30:50,487 - INFO - Arrived: 0 Broken: 0 Communication: 0.0
2023-09-20 15:30:50,487 - INFO - Episode 165 seed: 931
2023-09-20 15:30:56,364 - INFO - Arrived: 0 Broken: 0 Communication: 0.0
2023-09-20 15:30:56,364 - INFO - Episode 166 seed: 335
2023-09-20 15:31:02,066 - INFO - Arrived: 1 Broken: 0 Communication: 0.0
2023-09-20 15:31:02,066 - INFO - Episode 167 seed: 50
2023-09-20 15:31:08,015 - INFO - Arrived: 1 Broken: 0 Communication: 0.0
2023-09-20 15:31:08,016 - INFO - Episode 168 seed: 132
2023-09-20 15:31:13,811 - INFO - Arrived: 1 Broken: 0 Communication: 0.0
2023-09-20 15:31:13,811 - INFO - Episode 169 seed: 795
2023-09-20 15:31:19,566 - INFO - Arrived: 1 Broken: 0 Communication: 0.0
2023-09-20 15:31:19,566 - INFO - Episode 170 seed: 883
2023-09-20 15:31:25,003 - INFO - Arrived: 0 Broken: 0 Communication: 0.0
2023-09-20 15:31:25,004 - INFO - Episode 171 seed: 191
2023-09-20 15:31:30,428 - INFO - Arrived: 1 Broken: 0 Communication: 0.0
2023-09-20 15:31:30,428 - INFO - Episode 172 seed: 354
2023-09-20 15:31:35,147 - INFO - Arrived: 1 Broken: 0 Communication: 0.0
2023-09-20 15:31:35,148 - INFO - Episode 173 seed: 403
2023-09-20 15:31:40,346 - INFO - Arrived: 1 Broken: 0 Communication: 0.0
2023-09-20 15:31:40,346 - INFO - Episode 174 seed: 165
2023-09-20 15:31:45,774 - INFO - Arrived: 0 Broken: 0 Communication: 0.0
2023-09-20 15:31:45,774 - INFO - Episode 175 seed: 563
2023-09-20 15:31:51,377 - INFO - Arrived: 0 Broken: 0 Communication: 0.0
2023-09-20 15:31:51,377 - INFO - Episode 176 seed: 433
2023-09-20 15:31:56,704 - INFO - Arrived: 0 Broken: 0 Communication: 0.0
2023-09-20 15:31:56,704 - INFO - Episode 177 seed: 510
2023-09-20 15:32:01,412 - INFO - Arrived: 1 Broken: 0 Communication: 0.0
2023-09-20 15:32:01,413 - INFO - Episode 178 seed: 112
2023-09-20 15:32:06,934 - INFO - Arrived: 0 Broken: 0 Communication: 0.0
2023-09-20 15:32:06,934 - INFO - Episode 179 seed: 762
2023-09-20 15:32:12,632 - INFO - Arrived: 1 Broken: 0 Communication: 0.0
2023-09-20 15:32:12,633 - INFO - Episode 180 seed: 560
2023-09-20 15:32:18,389 - INFO - Arrived: 0 Broken: 0 Communication: 0.0
2023-09-20 15:32:18,390 - INFO - Episode 181 seed: 780
2023-09-20 15:32:24,074 - INFO - Arrived: 0 Broken: 0 Communication: 0.0
2023-09-20 15:32:24,074 - INFO - Episode 182 seed: 362
2023-09-20 15:32:29,826 - INFO - Arrived: 0 Broken: 0 Communication: 0.0
2023-09-20 15:32:29,826 - INFO - Episode 183 seed: 996
2023-09-20 15:32:36,940 - INFO - Arrived: 1 Broken: 0 Communication: 0.0
2023-09-20 15:32:36,940 - INFO - Episode 184 seed: 797
2023-09-20 15:32:42,203 - INFO - Arrived: 1 Broken: 0 Communication: 0.0
2023-09-20 15:32:42,203 - INFO - Episode 185 seed: 303
2023-09-20 15:32:48,008 - INFO - Arrived: 1 Broken: 0 Communication: 0.0
2023-09-20 15:32:48,008 - INFO - Episode 186 seed: 616
2023-09-20 15:32:53,942 - INFO - Arrived: 1 Broken: 0 Communication: 0.0
2023-09-20 15:32:53,943 - INFO - Episode 187 seed: 935
2023-09-20 15:32:59,791 - INFO - Arrived: 1 Broken: 0 Communication: 0.0
2023-09-20 15:32:59,791 - INFO - Episode 188 seed: 570
2023-09-20 15:33:06,630 - INFO - Arrived: 1 Broken: 0 Communication: 0.0
2023-09-20 15:33:06,631 - INFO - Episode 189 seed: 722
2023-09-20 15:33:13,599 - INFO - Arrived: 1 Broken: 0 Communication: 0.0
2023-09-20 15:33:13,599 - INFO - Episode 190 seed: 411
2023-09-20 15:33:18,928 - INFO - Arrived: 1 Broken: 0 Communication: 0.0
2023-09-20 15:33:18,928 - INFO - Episode 191 seed: 528
2023-09-20 15:33:25,434 - INFO - Arrived: 0 Broken: 0 Communication: 0.0
2023-09-20 15:33:25,434 - INFO - Episode 192 seed: 306
2023-09-20 15:33:30,609 - INFO - Arrived: 1 Broken: 0 Communication: 0.0
2023-09-20 15:33:30,610 - INFO - Episode 193 seed: 649
2023-09-20 15:33:39,315 - INFO - Arrived: 0 Broken: 1 Communication: 0.0
2023-09-20 15:33:39,315 - INFO - Episode 194 seed: 136
2023-09-20 15:33:48,615 - INFO - Arrived: 1 Broken: 0 Communication: 0.0
2023-09-20 15:33:48,616 - INFO - Episode 195 seed: 946
2023-09-20 15:33:57,661 - INFO - Arrived: 1 Broken: 0 Communication: 0.0
2023-09-20 15:33:57,661 - INFO - Episode 196 seed: 130
2023-09-20 15:34:06,506 - INFO - Arrived: 1 Broken: 0 Communication: 0.0
2023-09-20 15:34:06,507 - INFO - Episode 197 seed: 138
2023-09-20 15:34:15,434 - INFO - Arrived: 0 Broken: 0 Communication: 0.0
2023-09-20 15:34:15,434 - INFO - Episode 198 seed: 120
2023-09-20 15:34:24,472 - INFO - Arrived: 1 Broken: 0 Communication: 0.0
2023-09-20 15:34:24,472 - INFO - Episode 199 seed: 419
2023-09-20 15:34:33,441 - INFO - Arrived: 1 Broken: 0 Communication: 0.0
2023-09-20 15:34:33,442 - INFO - Episode 200 seed: 192
2023-09-20 15:34:42,340 - INFO - Arrived: 0 Broken: 0 Communication: 0.0
2023-09-20 15:34:42,340 - INFO - Episode 201 seed: 731
2023-09-20 15:34:51,386 - INFO - Arrived: 1 Broken: 0 Communication: 0.0
2023-09-20 15:34:51,386 - INFO - Episode 202 seed: 510
2023-09-20 15:35:00,362 - INFO - Arrived: 0 Broken: 0 Communication: 0.0
2023-09-20 15:35:00,362 - INFO - Episode 203 seed: 984
2023-09-20 15:35:09,403 - INFO - Arrived: 1 Broken: 0 Communication: 0.0
2023-09-20 15:35:09,403 - INFO - Episode 204 seed: 183
2023-09-20 15:35:18,286 - INFO - Arrived: 1 Broken: 0 Communication: 0.0
2023-09-20 15:35:18,286 - INFO - Episode 205 seed: 13
2023-09-20 15:35:27,153 - INFO - Arrived: 1 Broken: 0 Communication: 0.0
2023-09-20 15:35:27,153 - INFO - Episode 206 seed: 164
2023-09-20 15:35:36,054 - INFO - Arrived: 0 Broken: 0 Communication: 0.0
2023-09-20 15:35:36,054 - INFO - Episode 207 seed: 271
2023-09-20 15:35:44,911 - INFO - Arrived: 0 Broken: 0 Communication: 0.0
2023-09-20 15:35:44,912 - INFO - Episode 208 seed: 929
2023-09-20 15:35:54,084 - INFO - Arrived: 1 Broken: 0 Communication: 0.0
2023-09-20 15:35:54,084 - INFO - Episode 209 seed: 470
2023-09-20 15:36:03,241 - INFO - Arrived: 1 Broken: 0 Communication: 0.0
2023-09-20 15:36:03,242 - INFO - Episode 210 seed: 36
2023-09-20 15:36:12,361 - INFO - Arrived: 0 Broken: 0 Communication: 0.0
2023-09-20 15:36:12,361 - INFO - Episode 211 seed: 591
2023-09-20 15:36:22,115 - INFO - Arrived: 1 Broken: 0 Communication: 0.0
2023-09-20 15:36:22,115 - INFO - Episode 212 seed: 865
2023-09-20 15:36:31,178 - INFO - Arrived: 0 Broken: 0 Communication: 0.0
2023-09-20 15:36:31,178 - INFO - Episode 213 seed: 119
2023-09-20 15:36:40,657 - INFO - Arrived: 0 Broken: 0 Communication: 0.0
2023-09-20 15:36:40,657 - INFO - Episode 214 seed: 134
2023-09-20 15:36:49,695 - INFO - Arrived: 1 Broken: 0 Communication: 0.0
2023-09-20 15:36:49,695 - INFO - Episode 215 seed: 112
2023-09-20 15:36:58,491 - INFO - Arrived: 1 Broken: 0 Communication: 0.0
2023-09-20 15:36:58,491 - INFO - Episode 216 seed: 596
2023-09-20 15:37:07,168 - INFO - Arrived: 0 Broken: 0 Communication: 0.0
2023-09-20 15:37:07,168 - INFO - Episode 217 seed: 816
2023-09-20 15:37:15,951 - INFO - Arrived: 0 Broken: 0 Communication: 0.0
2023-09-20 15:37:15,951 - INFO - Episode 218 seed: 993
2023-09-20 15:37:24,790 - INFO - Arrived: 1 Broken: 0 Communication: 0.0
2023-09-20 15:37:24,790 - INFO - Episode 219 seed: 987
2023-09-20 15:37:33,716 - INFO - Arrived: 1 Broken: 0 Communication: 0.0
2023-09-20 15:37:33,717 - INFO - Episode 220 seed: 384
2023-09-20 15:37:42,756 - INFO - Arrived: 0 Broken: 0 Communication: 0.0
2023-09-20 15:37:42,756 - INFO - Episode 221 seed: 669
2023-09-20 15:37:51,523 - INFO - Arrived: 1 Broken: 0 Communication: 0.0
2023-09-20 15:37:51,523 - INFO - Episode 222 seed: 749
2023-09-20 15:38:00,713 - INFO - Arrived: 1 Broken: 0 Communication: 0.0
2023-09-20 15:38:00,713 - INFO - Episode 223 seed: 641
2023-09-20 15:38:09,853 - INFO - Arrived: 0 Broken: 0 Communication: 0.0
2023-09-20 15:38:09,853 - INFO - Episode 224 seed: 640
2023-09-20 15:38:18,930 - INFO - Arrived: 1 Broken: 0 Communication: 0.0
2023-09-20 15:38:18,930 - INFO - Episode 225 seed: 819
2023-09-20 15:38:27,944 - INFO - Arrived: 0 Broken: 0 Communication: 0.0
2023-09-20 15:38:27,945 - INFO - Episode 226 seed: 3
2023-09-20 15:38:36,948 - INFO - Arrived: 1 Broken: 0 Communication: 0.0
2023-09-20 15:38:36,949 - INFO - Episode 227 seed: 618
2023-09-20 15:38:46,020 - INFO - Arrived: 0 Broken: 0 Communication: 0.0
2023-09-20 15:38:46,020 - INFO - Episode 228 seed: 403
2023-09-20 15:38:55,049 - INFO - Arrived: 1 Broken: 0 Communication: 0.0
2023-09-20 15:38:55,049 - INFO - Episode 229 seed: 93
2023-09-20 15:39:03,950 - INFO - Arrived: 0 Broken: 0 Communication: 0.0
2023-09-20 15:39:03,950 - INFO - Episode 230 seed: 976
2023-09-20 15:39:12,859 - INFO - Arrived: 0 Broken: 0 Communication: 0.0
2023-09-20 15:39:12,860 - INFO - Episode 231 seed: 385
2023-09-20 15:39:21,859 - INFO - Arrived: 0 Broken: 1 Communication: 0.0
2023-09-20 15:39:21,859 - INFO - Episode 232 seed: 971
2023-09-20 15:39:31,002 - INFO - Arrived: 0 Broken: 0 Communication: 0.0
2023-09-20 15:39:31,003 - INFO - Episode 233 seed: 30
2023-09-20 15:39:39,948 - INFO - Arrived: 1 Broken: 0 Communication: 0.0
2023-09-20 15:39:39,949 - INFO - Episode 234 seed: 759
2023-09-20 15:39:48,902 - INFO - Arrived: 0 Broken: 0 Communication: 0.0
2023-09-20 15:39:48,902 - INFO - Episode 235 seed: 990
2023-09-20 15:39:57,648 - INFO - Arrived: 1 Broken: 0 Communication: 0.0
2023-09-20 15:39:57,649 - INFO - Episode 236 seed: 642
2023-09-20 15:40:06,559 - INFO - Arrived: 1 Broken: 0 Communication: 0.0
2023-09-20 15:40:06,559 - INFO - Episode 237 seed: 721
2023-09-20 15:40:15,404 - INFO - Arrived: 1 Broken: 0 Communication: 0.0
2023-09-20 15:40:15,404 - INFO - Episode 238 seed: 350
2023-09-20 15:40:24,316 - INFO - Arrived: 0 Broken: 1 Communication: 0.0
2023-09-20 15:40:24,316 - INFO - Episode 239 seed: 370
2023-09-20 15:40:33,189 - INFO - Arrived: 1 Broken: 0 Communication: 0.0
2023-09-20 15:40:33,190 - INFO - Episode 240 seed: 634
2023-09-20 15:40:42,158 - INFO - Arrived: 0 Broken: 0 Communication: 0.0
2023-09-20 15:40:42,159 - INFO - Episode 241 seed: 520
2023-09-20 15:40:50,991 - INFO - Arrived: 0 Broken: 0 Communication: 0.0
2023-09-20 15:40:50,991 - INFO - Episode 242 seed: 139
2023-09-20 15:40:59,896 - INFO - Arrived: 0 Broken: 0 Communication: 0.0
2023-09-20 15:40:59,896 - INFO - Episode 243 seed: 372
2023-09-20 15:41:09,068 - INFO - Arrived: 1 Broken: 0 Communication: 0.0
2023-09-20 15:41:09,068 - INFO - Episode 244 seed: 46
2023-09-20 15:41:18,013 - INFO - Arrived: 1 Broken: 0 Communication: 0.0
2023-09-20 15:41:18,013 - INFO - Episode 245 seed: 191
2023-09-20 15:41:26,946 - INFO - Arrived: 0 Broken: 0 Communication: 0.0
2023-09-20 15:41:26,946 - INFO - Episode 246 seed: 703
2023-09-20 15:41:35,980 - INFO - Arrived: 0 Broken: 0 Communication: 0.0
2023-09-20 15:41:35,980 - INFO - Episode 247 seed: 648
2023-09-20 15:41:45,174 - INFO - Arrived: 1 Broken: 0 Communication: 0.0
2023-09-20 15:41:45,174 - INFO - Episode 248 seed: 117
2023-09-20 15:41:54,291 - INFO - Arrived: 1 Broken: 0 Communication: 0.0
2023-09-20 15:41:54,292 - INFO - Episode 249 seed: 282
2023-09-20 15:42:03,609 - INFO - Arrived: 1 Broken: 0 Communication: 0.0
2023-09-20 15:42:03,609 - INFO - Episode 250 seed: 859
2023-09-20 15:42:12,649 - INFO - Arrived: 1 Broken: 0 Communication: 0.0
2023-09-20 15:42:12,650 - INFO - Episode 251 seed: 242
2023-09-20 15:42:22,126 - INFO - Arrived: 1 Broken: 0 Communication: 0.0
2023-09-20 15:42:22,126 - INFO - Episode 252 seed: 206
2023-09-20 15:42:32,224 - INFO - Arrived: 0 Broken: 0 Communication: 0.0
2023-09-20 15:42:32,224 - INFO - Episode 253 seed: 521
2023-09-20 15:42:41,887 - INFO - Arrived: 1 Broken: 0 Communication: 0.0
2023-09-20 15:42:41,887 - INFO - Episode 254 seed: 775
2023-09-20 15:42:51,110 - INFO - Arrived: 1 Broken: 0 Communication: 0.0
2023-09-20 15:42:51,111 - INFO - Episode 255 seed: 783
2023-09-20 15:42:59,955 - INFO - Arrived: 1 Broken: 0 Communication: 0.0
2023-09-20 15:42:59,955 - INFO - Episode 256 seed: 855
2023-09-20 15:43:01,028 - INFO - Episode 256 finished after 291 timesteps
2023-09-20 15:43:09,244 - INFO - Arrived: 1 Broken: 1 Communication: 0.0
2023-09-20 15:43:09,244 - INFO - Episode 257 seed: 441
2023-09-20 15:43:18,095 - INFO - Arrived: 1 Broken: 0 Communication: 0.0
2023-09-20 15:43:18,096 - INFO - Episode 258 seed: 197
2023-09-20 15:43:26,951 - INFO - Arrived: 0 Broken: 0 Communication: 0.0
2023-09-20 15:43:26,951 - INFO - Episode 259 seed: 564
2023-09-20 15:43:35,792 - INFO - Arrived: 1 Broken: 0 Communication: 0.0
2023-09-20 15:43:35,792 - INFO - Episode 260 seed: 781
2023-09-20 15:43:44,663 - INFO - Arrived: 1 Broken: 0 Communication: 0.0
2023-09-20 15:43:44,663 - INFO - Episode 261 seed: 358
2023-09-20 15:43:54,505 - INFO - Arrived: 0 Broken: 0 Communication: 0.0
2023-09-20 15:43:54,505 - INFO - Episode 262 seed: 449
2023-09-20 15:44:03,805 - INFO - Arrived: 0 Broken: 0 Communication: 0.0
2023-09-20 15:44:03,805 - INFO - Episode 263 seed: 98
2023-09-20 15:44:13,101 - INFO - Arrived: 1 Broken: 0 Communication: 0.0
2023-09-20 15:44:13,101 - INFO - Episode 264 seed: 873
2023-09-20 15:44:22,197 - INFO - Arrived: 0 Broken: 1 Communication: 0.0
2023-09-20 15:44:22,197 - INFO - Episode 265 seed: 545
2023-09-20 15:44:31,662 - INFO - Arrived: 1 Broken: 0 Communication: 0.0
2023-09-20 15:44:31,662 - INFO - Episode 266 seed: 129
2023-09-20 15:44:40,797 - INFO - Arrived: 1 Broken: 0 Communication: 0.0
2023-09-20 15:44:40,798 - INFO - Episode 267 seed: 571
2023-09-20 15:44:49,825 - INFO - Arrived: 1 Broken: 0 Communication: 0.0
2023-09-20 15:44:49,826 - INFO - Episode 268 seed: 601
2023-09-20 15:44:58,645 - INFO - Arrived: 1 Broken: 0 Communication: 0.0
2023-09-20 15:44:58,645 - INFO - Episode 269 seed: 515
2023-09-20 15:45:07,527 - INFO - Arrived: 1 Broken: 0 Communication: 0.0
2023-09-20 15:45:07,528 - INFO - Episode 270 seed: 652
