2023-09-27 20:33:59,515 - INFO - 

learning_rate:0.001
gamma:0.8
tau:0.01
hsRNN:64
hsMixing:64
hsHyper:64
replace_cycle:500
agent_num:2
obs_size:5
msg_size:27
com_size:32
com_mode:3
state_size:7
action_size:6
epoch:1
buffer_size:32
batch_size:32
seq_len:100
episode:3000
timestep:200
view_range:1
report_cycle:1
comm_cycle:1
row:8
col:8
height:3
risklevel:0.1
risk_num:3
AoI_limit:3

2023-09-27 20:34:00,585 - INFO - 
Map size: 8 * 8 * 3
At height 1 
[7, 1] [6, 5] [1, 4] 
At height 2 
[6, 2] [6, 6] [2, 2] is dangerous
UAVs are at:
[3, 3, 1] [3, 5, 1] 
Dest are at:
[[0, 7], [0, 0]] [[7, 0], [7, 7]] 
2023-09-27 20:34:00,603 - INFO - Episode 0 seed: 299
2023-09-27 20:34:02,309 - INFO - Episode 0 finished after 176 timesteps
2023-09-27 20:34:03,256 - INFO - Arrived: 2 Broken: 0
2023-09-27 20:34:03,257 - INFO - Episode 1 seed: 299
2023-09-27 20:34:03,717 - INFO - Episode 1 finished after 132 timesteps
2023-09-27 20:34:04,571 - INFO - Arrived: 2 Broken: 0
2023-09-27 20:34:04,571 - INFO - Episode 2 seed: 299
2023-09-27 20:34:06,499 - INFO - Arrived: 1 Broken: 0
2023-09-27 20:34:06,499 - INFO - Episode 3 seed: 299
2023-09-27 20:34:07,104 - INFO - Episode 3 finished after 192 timesteps
2023-09-27 20:34:08,035 - INFO - Arrived: 2 Broken: 0
2023-09-27 20:34:08,035 - INFO - Episode 4 seed: 299
2023-09-27 20:34:08,537 - INFO - Episode 4 finished after 151 timesteps
2023-09-27 20:34:09,395 - INFO - Arrived: 2 Broken: 0
2023-09-27 20:34:09,396 - INFO - Episode 5 seed: 299
2023-09-27 20:34:11,212 - INFO - Arrived: 1 Broken: 0
2023-09-27 20:34:11,212 - INFO - Episode 6 seed: 299
2023-09-27 20:34:12,021 - INFO - Episode 6 finished after 241 timesteps
2023-09-27 20:34:12,803 - INFO - Arrived: 2 Broken: 0
2023-09-27 20:34:12,804 - INFO - Episode 7 seed: 299
2023-09-27 20:34:14,683 - INFO - Arrived: 1 Broken: 0
2023-09-27 20:34:14,684 - INFO - Episode 8 seed: 299
2023-09-27 20:34:16,656 - INFO - Arrived: 1 Broken: 0
2023-09-27 20:34:16,656 - INFO - Episode 9 seed: 299
2023-09-27 20:34:18,539 - INFO - Arrived: 1 Broken: 0
2023-09-27 20:34:18,539 - INFO - Episode 10 seed: 299
2023-09-27 20:34:19,040 - INFO - Episode 10 finished after 157 timesteps
2023-09-27 20:34:19,885 - INFO - Arrived: 2 Broken: 0
2023-09-27 20:34:19,885 - INFO - Episode 11 seed: 299
2023-09-27 20:34:20,823 - INFO - Episode 11 finished after 295 timesteps
2023-09-27 20:34:21,633 - INFO - Arrived: 2 Broken: 0
2023-09-27 20:34:21,633 - INFO - Episode 12 seed: 299
2023-09-27 20:34:23,509 - INFO - Arrived: 1 Broken: 0
2023-09-27 20:34:23,510 - INFO - Episode 13 seed: 299
2023-09-27 20:34:23,879 - INFO - Episode 13 finished after 111 timesteps
2023-09-27 20:34:24,758 - INFO - Arrived: 2 Broken: 0
2023-09-27 20:34:24,759 - INFO - Episode 14 seed: 299
2023-09-27 20:34:26,745 - INFO - Arrived: 1 Broken: 0
2023-09-27 20:34:26,745 - INFO - Episode 15 seed: 299
2023-09-27 20:34:28,568 - INFO - Arrived: 1 Broken: 0
2023-09-27 20:34:28,569 - INFO - Episode 16 seed: 299
2023-09-27 20:34:29,356 - INFO - Episode 16 finished after 247 timesteps
2023-09-27 20:34:30,231 - INFO - Arrived: 2 Broken: 0
2023-09-27 20:34:30,231 - INFO - Episode 17 seed: 299
2023-09-27 20:34:30,304 - INFO - Episode 17 finished after 43 timesteps
2023-09-27 20:34:31,258 - INFO - Arrived: 2 Broken: 0
2023-09-27 20:34:31,259 - INFO - Episode 18 seed: 299
2023-09-27 20:34:33,134 - INFO - Arrived: 1 Broken: 0
2023-09-27 20:34:33,134 - INFO - Episode 19 seed: 299
2023-09-27 20:34:33,520 - INFO - Episode 19 finished after 129 timesteps
2023-09-27 20:34:34,407 - INFO - Arrived: 2 Broken: 0
2023-09-27 20:34:34,408 - INFO - Episode 20 seed: 299
2023-09-27 20:34:36,284 - INFO - Arrived: 1 Broken: 0
2023-09-27 20:34:36,285 - INFO - Episode 21 seed: 299
2023-09-27 20:34:36,821 - INFO - Episode 21 finished after 171 timesteps
2023-09-27 20:34:37,791 - INFO - Arrived: 2 Broken: 0
2023-09-27 20:34:37,792 - INFO - Episode 22 seed: 299
2023-09-27 20:34:37,854 - INFO - Episode 22 finished after 19 timesteps
2023-09-27 20:34:38,697 - INFO - Arrived: 2 Broken: 0
2023-09-27 20:34:38,697 - INFO - Episode 23 seed: 299
2023-09-27 20:34:40,559 - INFO - Arrived: 1 Broken: 0
2023-09-27 20:34:40,559 - INFO - Episode 24 seed: 299
2023-09-27 20:34:42,450 - INFO - Arrived: 1 Broken: 0
2023-09-27 20:34:42,451 - INFO - Episode 25 seed: 299
2023-09-27 20:34:43,018 - INFO - Episode 25 finished after 161 timesteps
2023-09-27 20:34:43,890 - INFO - Arrived: 2 Broken: 0
2023-09-27 20:34:43,890 - INFO - Episode 26 seed: 299
2023-09-27 20:34:44,249 - INFO - Episode 26 finished after 125 timesteps
2023-09-27 20:34:45,186 - INFO - Arrived: 2 Broken: 0
2023-09-27 20:34:45,186 - INFO - Episode 27 seed: 299
2023-09-27 20:34:45,926 - INFO - Episode 27 finished after 252 timesteps
2023-09-27 20:34:46,721 - INFO - Arrived: 2 Broken: 0
2023-09-27 20:34:46,721 - INFO - Episode 28 seed: 299
2023-09-27 20:34:48,615 - INFO - Arrived: 1 Broken: 0
2023-09-27 20:34:48,616 - INFO - Episode 29 seed: 299
2023-09-27 20:34:49,247 - INFO - Episode 29 finished after 187 timesteps
2023-09-27 20:34:50,136 - INFO - Arrived: 2 Broken: 0
2023-09-27 20:34:50,136 - INFO - Episode 30 seed: 299
2023-09-27 20:34:50,903 - INFO - Episode 30 finished after 209 timesteps
2023-09-27 20:34:51,842 - INFO - Arrived: 2 Broken: 0
2023-09-27 20:34:51,842 - INFO - Episode 31 seed: 299
2023-09-27 20:34:52,499 - INFO - Episode 31 finished after 195 timesteps
2023-09-27 20:34:53,355 - INFO - Arrived: 2 Broken: 0
2023-09-27 20:34:53,355 - INFO - Episode 32 seed: 299
