2023-09-27 20:31:54,133 - INFO - 

learning_rate:0.001
gamma:0.8
tau:0.01
hsRNN:64
hsMixing:64
hsHyper:64
replace_cycle:500
agent_num:2
obs_size:5
msg_size:27
com_size:32
com_mode:3
state_size:7
action_size:6
epoch:1
buffer_size:32
batch_size:32
seq_len:100
episode:3000
timestep:200
view_range:1
report_cycle:1
comm_cycle:1
row:8
col:8
height:3
risklevel:0.1
risk_num:3
AoI_limit:3

2023-09-27 20:31:55,386 - INFO - 
Map size: 8 * 8 * 3
At height 1 
[0, 1] [1, 4] [6, 5] 
At height 2 
[6, 2] [2, 2] [2, 6] is dangerous
UAVs are at:
[3, 3, 1] [3, 5, 1] 
Dest are at:
[[0, 7], [0, 0]] [[7, 0], [7, 7]] 
2023-09-27 20:31:55,397 - INFO - Episode 0 seed: 666
2023-09-27 20:31:58,836 - INFO - Arrived: 1 Broken: 0
2023-09-27 20:31:58,836 - INFO - Episode 1 seed: 666
2023-09-27 20:32:00,093 - INFO - Arrived: 1 Broken: 0
2023-09-27 20:32:00,094 - INFO - Episode 2 seed: 666
2023-09-27 20:32:00,723 - INFO - Episode 2 finished after 205 timesteps
2023-09-27 20:32:01,161 - INFO - Arrived: 2 Broken: 0
2023-09-27 20:32:01,161 - INFO - Episode 3 seed: 666
2023-09-27 20:32:01,969 - INFO - Episode 3 finished after 260 timesteps
2023-09-27 20:32:02,422 - INFO - Arrived: 2 Broken: 0
2023-09-27 20:32:02,422 - INFO - Episode 4 seed: 666
2023-09-27 20:32:03,707 - INFO - Arrived: 1 Broken: 0
2023-09-27 20:32:03,707 - INFO - Episode 5 seed: 666
2023-09-27 20:32:04,393 - INFO - Episode 5 finished after 215 timesteps
2023-09-27 20:32:04,809 - INFO - Arrived: 2 Broken: 0
2023-09-27 20:32:04,809 - INFO - Episode 6 seed: 666
2023-09-27 20:32:05,434 - INFO - Episode 6 finished after 197 timesteps
2023-09-27 20:32:05,956 - INFO - Arrived: 2 Broken: 0
2023-09-27 20:32:05,956 - INFO - Episode 7 seed: 666
2023-09-27 20:32:07,267 - INFO - Arrived: 1 Broken: 0
2023-09-27 20:32:07,267 - INFO - Episode 8 seed: 666
2023-09-27 20:32:07,723 - INFO - Episode 8 finished after 134 timesteps
2023-09-27 20:32:08,157 - INFO - Arrived: 2 Broken: 0
2023-09-27 20:32:08,157 - INFO - Episode 9 seed: 666
2023-09-27 20:32:09,647 - INFO - Arrived: 1 Broken: 0
2023-09-27 20:32:09,647 - INFO - Episode 10 seed: 666
2023-09-27 20:32:11,218 - INFO - Arrived: 1 Broken: 0
2023-09-27 20:32:11,218 - INFO - Episode 11 seed: 666
2023-09-27 20:32:12,058 - INFO - Episode 11 finished after 253 timesteps
2023-09-27 20:32:12,613 - INFO - Arrived: 2 Broken: 0
2023-09-27 20:32:12,613 - INFO - Episode 12 seed: 666
2023-09-27 20:32:14,022 - INFO - Arrived: 1 Broken: 0
2023-09-27 20:32:14,022 - INFO - Episode 13 seed: 666
2023-09-27 20:32:14,677 - INFO - Episode 13 finished after 186 timesteps
2023-09-27 20:32:15,092 - INFO - Arrived: 2 Broken: 0
2023-09-27 20:32:15,092 - INFO - Episode 14 seed: 666
2023-09-27 20:32:16,516 - INFO - Arrived: 1 Broken: 0
2023-09-27 20:32:16,517 - INFO - Episode 15 seed: 666
2023-09-27 20:32:17,204 - INFO - Episode 15 finished after 220 timesteps
2023-09-27 20:32:17,647 - INFO - Arrived: 2 Broken: 0
2023-09-27 20:32:17,647 - INFO - Episode 16 seed: 666
2023-09-27 20:32:18,021 - INFO - Episode 16 finished after 118 timesteps
2023-09-27 20:32:18,424 - INFO - Arrived: 2 Broken: 0
2023-09-27 20:32:18,424 - INFO - Episode 17 seed: 666
2023-09-27 20:32:18,895 - INFO - Episode 17 finished after 158 timesteps
2023-09-27 20:32:19,319 - INFO - Arrived: 2 Broken: 0
2023-09-27 20:32:19,320 - INFO - Episode 18 seed: 666
2023-09-27 20:32:20,640 - INFO - Arrived: 1 Broken: 0
2023-09-27 20:32:20,641 - INFO - Episode 19 seed: 666
2023-09-27 20:32:20,779 - INFO - Episode 19 finished after 35 timesteps
2023-09-27 20:32:21,271 - INFO - Arrived: 2 Broken: 0
2023-09-27 20:32:21,271 - INFO - Episode 20 seed: 666
2023-09-27 20:32:22,596 - INFO - Arrived: 1 Broken: 0
2023-09-27 20:32:22,596 - INFO - Episode 21 seed: 666
2023-09-27 20:32:23,127 - INFO - Episode 21 finished after 182 timesteps
2023-09-27 20:32:23,526 - INFO - Arrived: 2 Broken: 0
2023-09-27 20:32:23,526 - INFO - Episode 22 seed: 666
2023-09-27 20:32:24,960 - INFO - Arrived: 0 Broken: 0
2023-09-27 20:32:24,961 - INFO - Episode 23 seed: 666
2023-09-27 20:32:26,314 - INFO - Arrived: 1 Broken: 0
2023-09-27 20:32:26,314 - INFO - Episode 24 seed: 666
2023-09-27 20:32:27,685 - INFO - Arrived: 1 Broken: 0
2023-09-27 20:32:27,686 - INFO - Episode 25 seed: 666
2023-09-27 20:32:27,715 - INFO - Episode 25 finished after 21 timesteps
2023-09-27 20:32:28,116 - INFO - Arrived: 2 Broken: 0
2023-09-27 20:32:28,117 - INFO - Episode 26 seed: 666
2023-09-27 20:32:28,665 - INFO - Episode 26 finished after 165 timesteps
2023-09-27 20:32:29,079 - INFO - Arrived: 2 Broken: 0
2023-09-27 20:32:29,080 - INFO - Episode 27 seed: 666
2023-09-27 20:32:29,354 - INFO - Episode 27 finished after 83 timesteps
2023-09-27 20:32:29,845 - INFO - Arrived: 2 Broken: 0
2023-09-27 20:32:29,845 - INFO - Episode 28 seed: 666
2023-09-27 20:32:31,198 - INFO - Arrived: 1 Broken: 0
2023-09-27 20:32:31,199 - INFO - Episode 29 seed: 666
2023-09-27 20:32:31,650 - INFO - Episode 29 finished after 141 timesteps
2023-09-27 20:32:32,071 - INFO - Arrived: 2 Broken: 0
2023-09-27 20:32:32,071 - INFO - Episode 30 seed: 666
2023-09-27 20:32:33,413 - INFO - Arrived: 1 Broken: 0
2023-09-27 20:32:33,413 - INFO - Episode 31 seed: 666
2023-09-27 20:32:34,882 - INFO - Arrived: 1 Broken: 0
2023-09-27 20:32:34,882 - INFO - Episode 32 seed: 666
