2023-09-27 20:38:27,300 - INFO - 

learning_rate:0.001
gamma:0.8
tau:0.01
hsRNN:64
hsMixing:64
hsHyper:64
replace_cycle:500
agent_num:2
obs_size:5
msg_size:27
com_size:32
com_mode:3
state_size:7
action_size:6
epoch:1
buffer_size:32
batch_size:32
seq_len:100
episode:3000
timestep:200
view_range:1
report_cycle:1
comm_cycle:1
row:8
col:8
height:3
risklevel:0.1
risk_num:3
AoI_limit:3

2023-09-27 20:38:28,378 - INFO - 
Map size: 8 * 8 * 3
At height 1 
[0, 1] [1, 4] [6, 5] 
At height 2 
[2, 6] [6, 2] [2, 2] is dangerous
UAVs are at:
[3, 3, 1] [3, 5, 1] 
Dest are at:
[[0, 7], [0, 0]] [[7, 0], [7, 7]] 
2023-09-27 20:38:28,400 - INFO - Episode 0 seed: 381
2023-09-27 20:38:31,364 - INFO - Arrived: 1 Broken: 0
2023-09-27 20:38:31,368 - INFO - Episode 1 seed: 381
2023-09-27 20:38:33,342 - INFO - Arrived: 1 Broken: 0
2023-09-27 20:38:33,342 - INFO - Episode 2 seed: 381
2023-09-27 20:38:35,223 - INFO - Arrived: 1 Broken: 0
2023-09-27 20:38:35,223 - INFO - Episode 3 seed: 381
2023-09-27 20:38:37,138 - INFO - Arrived: 1 Broken: 0
2023-09-27 20:38:37,139 - INFO - Episode 4 seed: 381
2023-09-27 20:38:37,619 - INFO - Episode 4 finished after 128 timesteps
2023-09-27 20:38:38,582 - INFO - Arrived: 2 Broken: 0
2023-09-27 20:38:38,583 - INFO - Episode 5 seed: 381
2023-09-27 20:38:40,643 - INFO - Arrived: 1 Broken: 0
2023-09-27 20:38:40,643 - INFO - Episode 6 seed: 381
2023-09-27 20:38:42,731 - INFO - Arrived: 1 Broken: 0
2023-09-27 20:38:42,731 - INFO - Episode 7 seed: 381
2023-09-27 20:38:43,773 - INFO - Episode 7 finished after 282 timesteps
2023-09-27 20:38:44,695 - INFO - Arrived: 2 Broken: 0
2023-09-27 20:38:44,695 - INFO - Episode 8 seed: 381
2023-09-27 20:38:45,553 - INFO - Episode 8 finished after 221 timesteps
2023-09-27 20:38:46,567 - INFO - Arrived: 2 Broken: 0
2023-09-27 20:38:46,567 - INFO - Episode 9 seed: 381
2023-09-27 20:38:48,439 - INFO - Arrived: 1 Broken: 0
2023-09-27 20:38:48,439 - INFO - Episode 10 seed: 381
2023-09-27 20:38:50,461 - INFO - Arrived: 1 Broken: 0
2023-09-27 20:38:50,461 - INFO - Episode 11 seed: 381
2023-09-27 20:38:52,512 - INFO - Arrived: 1 Broken: 0
2023-09-27 20:38:52,512 - INFO - Episode 12 seed: 381
2023-09-27 20:38:52,713 - INFO - Episode 12 finished after 51 timesteps
2023-09-27 20:38:53,766 - INFO - Arrived: 2 Broken: 0
2023-09-27 20:38:53,766 - INFO - Episode 13 seed: 381
2023-09-27 20:38:53,948 - INFO - Episode 13 finished after 43 timesteps
2023-09-27 20:38:54,771 - INFO - Arrived: 2 Broken: 0
2023-09-27 20:38:54,771 - INFO - Episode 14 seed: 381
2023-09-27 20:38:56,524 - INFO - Arrived: 1 Broken: 0
2023-09-27 20:38:56,524 - INFO - Episode 15 seed: 381
2023-09-27 20:38:58,313 - INFO - Arrived: 1 Broken: 0
2023-09-27 20:38:58,313 - INFO - Episode 16 seed: 381
2023-09-27 20:38:58,718 - INFO - Episode 16 finished after 119 timesteps
2023-09-27 20:38:59,695 - INFO - Arrived: 2 Broken: 0
2023-09-27 20:38:59,695 - INFO - Episode 17 seed: 381
2023-09-27 20:39:00,163 - INFO - Episode 17 finished after 134 timesteps
2023-09-27 20:39:00,983 - INFO - Arrived: 2 Broken: 0
2023-09-27 20:39:00,983 - INFO - Episode 18 seed: 381
2023-09-27 20:39:02,854 - INFO - Arrived: 1 Broken: 0
2023-09-27 20:39:02,854 - INFO - Episode 19 seed: 381
2023-09-27 20:39:04,682 - INFO - Arrived: 1 Broken: 0
2023-09-27 20:39:04,682 - INFO - Episode 20 seed: 381
2023-09-27 20:39:05,485 - INFO - Episode 20 finished after 260 timesteps
2023-09-27 20:39:06,315 - INFO - Arrived: 2 Broken: 0
2023-09-27 20:39:06,315 - INFO - Episode 21 seed: 381
2023-09-27 20:39:06,919 - INFO - Episode 21 finished after 208 timesteps
2023-09-27 20:39:07,790 - INFO - Arrived: 2 Broken: 0
2023-09-27 20:39:07,790 - INFO - Episode 22 seed: 381
2023-09-27 20:39:09,600 - INFO - Arrived: 1 Broken: 0
2023-09-27 20:39:09,600 - INFO - Episode 23 seed: 381
2023-09-27 20:39:11,586 - INFO - Arrived: 1 Broken: 0
2023-09-27 20:39:11,586 - INFO - Episode 24 seed: 381
2023-09-27 20:39:13,472 - INFO - Arrived: 1 Broken: 0
2023-09-27 20:39:13,473 - INFO - Episode 25 seed: 381
2023-09-27 20:39:15,239 - INFO - Arrived: 1 Broken: 0
2023-09-27 20:39:15,239 - INFO - Episode 26 seed: 381
2023-09-27 20:39:15,763 - INFO - Episode 26 finished after 147 timesteps
2023-09-27 20:39:16,708 - INFO - Arrived: 2 Broken: 0
2023-09-27 20:39:16,708 - INFO - Episode 27 seed: 381
2023-09-27 20:39:18,636 - INFO - Arrived: 1 Broken: 0
2023-09-27 20:39:18,637 - INFO - Episode 28 seed: 381
2023-09-27 20:39:19,600 - INFO - Episode 28 finished after 261 timesteps
2023-09-27 20:39:20,393 - INFO - Arrived: 2 Broken: 0
2023-09-27 20:39:20,394 - INFO - Episode 29 seed: 381
2023-09-27 20:39:22,191 - INFO - Arrived: 1 Broken: 0
2023-09-27 20:39:22,192 - INFO - Episode 30 seed: 381
2023-09-27 20:39:24,105 - INFO - Arrived: 1 Broken: 0
2023-09-27 20:39:24,105 - INFO - Episode 31 seed: 381
2023-09-27 20:39:26,050 - INFO - Arrived: 1 Broken: 0
2023-09-27 20:39:26,050 - INFO - Episode 32 seed: 381
