2023-09-27 20:48:14,311 - INFO - 

learning_rate:0.001
gamma:0.8
tau:0.01
hsRNN:64
hsMixing:64
hsHyper:64
replace_cycle:500
agent_num:2
obs_size:5
msg_size:27
com_size:32
com_mode:3
state_size:7
action_size:6
epoch:1
buffer_size:32
batch_size:32
seq_len:100
episode:3000
timestep:200
view_range:1
report_cycle:1
comm_cycle:1
row:8
col:8
height:3
risklevel:0.1
risk_num:3
AoI_limit:3

2023-09-27 20:48:15,483 - INFO - 
Map size: 8 * 8 * 3
At height 1 
[0, 1] [6, 5] [1, 4] 
At height 2 
[6, 2] [2, 2] [2, 6] is dangerous
UAVs are at:
[3, 3, 1] [3, 5, 1] 
Dest are at:
[[0, 7], [0, 0]] [[7, 0], [7, 7]] 
2023-09-27 20:48:15,492 - INFO - Episode 0 seed: 171
2023-09-27 20:48:37,538 - INFO - Arrived: 1 Broken: 0
2023-09-27 20:48:37,542 - INFO - Episode 1 seed: 171
2023-09-27 20:48:58,332 - INFO - Arrived: 1 Broken: 0
2023-09-27 20:48:58,333 - INFO - Episode 2 seed: 171
2023-09-27 20:48:59,191 - INFO - Episode 2 finished after 232 timesteps
2023-09-27 20:49:19,520 - INFO - Arrived: 2 Broken: 0
2023-09-27 20:49:19,520 - INFO - Episode 3 seed: 171
2023-09-27 20:49:20,224 - INFO - Episode 3 finished after 195 timesteps
2023-09-27 20:49:41,207 - INFO - Arrived: 2 Broken: 0
2023-09-27 20:49:41,207 - INFO - Episode 4 seed: 171
2023-09-27 20:49:42,084 - INFO - Episode 4 finished after 244 timesteps
