2023-09-27 20:43:08,068 - INFO - 

learning_rate:0.001
gamma:0.8
tau:0.01
hsRNN:64
hsMixing:64
hsHyper:64
replace_cycle:500
agent_num:2
obs_size:5
msg_size:27
com_size:32
com_mode:3
state_size:7
action_size:6
epoch:1
buffer_size:32
batch_size:32
seq_len:100
episode:3000
timestep:200
view_range:1
report_cycle:1
comm_cycle:1
row:8
col:8
height:3
risklevel:0.1
risk_num:3
AoI_limit:3

2023-09-27 20:43:09,127 - INFO - 
Map size: 8 * 8 * 3
At height 1 
[1, 4] [6, 5] [7, 1] 
At height 2 
[6, 2] [6, 6] [2, 6] is dangerous
UAVs are at:
[3, 3, 1] [3, 5, 1] 
Dest are at:
[[0, 7], [0, 0]] [[7, 0], [7, 7]] 
2023-09-27 20:43:09,139 - INFO - Episode 0 seed: 567
2023-09-27 20:43:11,975 - INFO - Arrived: 1 Broken: 0
2023-09-27 20:43:11,975 - INFO - Episode 1 seed: 567
2023-09-27 20:43:13,781 - INFO - Arrived: 1 Broken: 0
2023-09-27 20:43:13,782 - INFO - Episode 2 seed: 567
2023-09-27 20:43:15,687 - INFO - Arrived: 1 Broken: 0
2023-09-27 20:43:15,687 - INFO - Episode 3 seed: 567
2023-09-27 20:43:16,167 - INFO - Episode 3 finished after 139 timesteps
2023-09-27 20:43:17,102 - INFO - Arrived: 2 Broken: 0
2023-09-27 20:43:17,102 - INFO - Episode 4 seed: 567
2023-09-27 20:43:19,029 - INFO - Arrived: 1 Broken: 0
2023-09-27 20:43:19,029 - INFO - Episode 5 seed: 567
2023-09-27 20:43:19,490 - INFO - Episode 5 finished after 141 timesteps
2023-09-27 20:43:20,360 - INFO - Arrived: 2 Broken: 0
2023-09-27 20:43:20,360 - INFO - Episode 6 seed: 567
2023-09-27 20:43:22,242 - INFO - Arrived: 1 Broken: 0
2023-09-27 20:43:22,243 - INFO - Episode 7 seed: 567
2023-09-27 20:43:24,287 - INFO - Arrived: 1 Broken: 0
2023-09-27 20:43:24,288 - INFO - Episode 8 seed: 567
2023-09-27 20:43:26,231 - INFO - Arrived: 1 Broken: 0
2023-09-27 20:43:26,232 - INFO - Episode 9 seed: 567
2023-09-27 20:43:28,139 - INFO - Arrived: 1 Broken: 0
2023-09-27 20:43:28,140 - INFO - Episode 10 seed: 567
2023-09-27 20:43:30,075 - INFO - Arrived: 1 Broken: 0
2023-09-27 20:43:30,075 - INFO - Episode 11 seed: 567
2023-09-27 20:43:30,659 - INFO - Episode 11 finished after 200 timesteps
2023-09-27 20:43:31,603 - INFO - Arrived: 2 Broken: 0
2023-09-27 20:43:31,603 - INFO - Episode 12 seed: 567
2023-09-27 20:43:33,587 - INFO - Arrived: 1 Broken: 0
2023-09-27 20:43:33,588 - INFO - Episode 13 seed: 567
2023-09-27 20:43:35,348 - INFO - Arrived: 1 Broken: 0
2023-09-27 20:43:35,348 - INFO - Episode 14 seed: 567
2023-09-27 20:43:35,696 - INFO - Episode 14 finished after 94 timesteps
2023-09-27 20:43:36,594 - INFO - Arrived: 2 Broken: 0
2023-09-27 20:43:36,595 - INFO - Episode 15 seed: 567
2023-09-27 20:43:38,512 - INFO - Arrived: 1 Broken: 0
2023-09-27 20:43:38,512 - INFO - Episode 16 seed: 567
2023-09-27 20:43:38,770 - INFO - Episode 16 finished after 92 timesteps
2023-09-27 20:43:39,630 - INFO - Arrived: 2 Broken: 0
2023-09-27 20:43:39,630 - INFO - Episode 17 seed: 567
2023-09-27 20:43:41,475 - INFO - Arrived: 1 Broken: 0
2023-09-27 20:43:41,476 - INFO - Episode 18 seed: 567
2023-09-27 20:43:43,228 - INFO - Arrived: 1 Broken: 0
2023-09-27 20:43:43,228 - INFO - Episode 19 seed: 567
2023-09-27 20:43:44,980 - INFO - Arrived: 1 Broken: 0
2023-09-27 20:43:44,981 - INFO - Episode 20 seed: 567
2023-09-27 20:43:45,487 - INFO - Episode 20 finished after 181 timesteps
2023-09-27 20:43:46,369 - INFO - Arrived: 2 Broken: 0
2023-09-27 20:43:46,370 - INFO - Episode 21 seed: 567
2023-09-27 20:43:46,886 - INFO - Episode 21 finished after 149 timesteps
2023-09-27 20:43:47,775 - INFO - Arrived: 2 Broken: 0
2023-09-27 20:43:47,775 - INFO - Episode 22 seed: 567
2023-09-27 20:43:49,698 - INFO - Arrived: 1 Broken: 0
2023-09-27 20:43:49,698 - INFO - Episode 23 seed: 567
2023-09-27 20:43:51,518 - INFO - Arrived: 1 Broken: 0
2023-09-27 20:43:51,518 - INFO - Episode 24 seed: 567
2023-09-27 20:43:53,429 - INFO - Arrived: 1 Broken: 0
2023-09-27 20:43:53,429 - INFO - Episode 25 seed: 567
2023-09-27 20:43:55,298 - INFO - Arrived: 1 Broken: 0
2023-09-27 20:43:55,299 - INFO - Episode 26 seed: 567
2023-09-27 20:43:57,694 - INFO - Arrived: 1 Broken: 0
2023-09-27 20:43:57,694 - INFO - Episode 27 seed: 567
