2023-09-27 21:38:11,374 - INFO - 

learning_rate:0.001
gamma:0.8
tau:0.01
hsRNN:64
hsMixing:64
hsHyper:64
replace_cycle:500
agent_num:2
obs_size:5
msg_size:27
com_size:32
com_mode:3
state_size:7
action_size:6
epoch:1
buffer_size:32
batch_size:32
seq_len:100
episode:3000
timestep:200
view_range:1
report_cycle:1
comm_cycle:1
row:8
col:8
height:3
risklevel:0.1
risk_num:3
AoI_limit:3

2023-09-27 21:38:12,516 - INFO - 
Map size: 8 * 8 * 3
At height 1 
[1, 4] [7, 1] [0, 1] 
At height 2 
[2, 6] [6, 6] [6, 2] is dangerous
UAVs are at:
[3, 3, 1] [3, 5, 1] 
Dest are at:
[[0, 7], [0, 0]] [[7, 0], [7, 7]] 
2023-09-27 21:38:12,526 - INFO - Episode 0 seed: 511
2023-09-27 21:38:14,297 - INFO - Episode 0 finished after 201 timesteps
2023-09-27 21:38:28,862 - INFO - 

learning_rate:0.001
gamma:0.8
tau:0.01
hsRNN:64
hsMixing:64
hsHyper:64
replace_cycle:500
agent_num:2
obs_size:5
msg_size:27
com_size:32
com_mode:3
state_size:7
action_size:6
epoch:1
buffer_size:32
batch_size:32
seq_len:100
episode:3000
timestep:200
view_range:1
report_cycle:1
comm_cycle:1
row:8
col:8
height:3
risklevel:0.1
risk_num:3
AoI_limit:3

2023-09-27 21:38:29,983 - INFO - 
Map size: 8 * 8 * 3
At height 1 
[6, 5] [0, 1] [7, 1] 
At height 2 
[6, 2] [6, 6] [2, 6] is dangerous
UAVs are at:
[3, 3, 1] [3, 5, 1] 
Dest are at:
[[0, 7], [0, 0]] [[7, 0], [7, 7]] 
2023-09-27 21:38:29,993 - INFO - Episode 0 seed: 264
2023-09-27 21:38:34,944 - INFO - 

learning_rate:0.001
gamma:0.8
tau:0.01
hsRNN:64
hsMixing:64
hsHyper:64
replace_cycle:500
agent_num:2
obs_size:5
msg_size:27
com_size:32
com_mode:3
state_size:7
action_size:6
epoch:1
buffer_size:32
batch_size:32
seq_len:100
episode:3000
timestep:200
view_range:1
report_cycle:1
comm_cycle:1
row:8
col:8
height:3
risklevel:0.1
risk_num:3
AoI_limit:3

2023-09-27 21:38:36,002 - INFO - 
Map size: 8 * 8 * 3
At height 1 
[6, 5] [0, 1] [7, 1] 
At height 2 
[2, 6] [6, 2] [6, 6] is dangerous
UAVs are at:
[3, 3, 1] [3, 5, 1] 
Dest are at:
[[0, 7], [0, 0]] [[7, 0], [7, 7]] 
2023-09-27 21:38:36,019 - INFO - Episode 0 seed: 395
2023-09-27 21:38:52,788 - INFO - Arrived: 1 Broken: 0
2023-09-27 21:38:52,789 - INFO - Episode 1 seed: 395
2023-09-27 21:39:08,814 - INFO - Arrived: 1 Broken: 0
2023-09-27 21:39:08,814 - INFO - Episode 2 seed: 395
2023-09-27 21:39:09,729 - INFO - Episode 2 finished after 261 timesteps
2023-09-27 21:39:25,348 - INFO - Arrived: 2 Broken: 0
2023-09-27 21:39:25,348 - INFO - Episode 3 seed: 395
2023-09-27 21:39:26,009 - INFO - Episode 3 finished after 191 timesteps
2023-09-27 21:39:41,674 - INFO - Arrived: 2 Broken: 0
2023-09-27 21:39:41,674 - INFO - Episode 4 seed: 395
2023-09-27 21:39:41,844 - INFO - Episode 4 finished after 68 timesteps
2023-09-27 21:39:58,049 - INFO - Arrived: 2 Broken: 0
2023-09-27 21:39:58,049 - INFO - Episode 5 seed: 395
2023-09-27 21:39:58,704 - INFO - Episode 5 finished after 195 timesteps
2023-09-27 21:40:15,423 - INFO - Arrived: 2 Broken: 0
2023-09-27 21:40:15,423 - INFO - Episode 6 seed: 395
2023-09-27 21:40:15,746 - INFO - Episode 6 finished after 90 timesteps
2023-09-27 21:40:33,110 - INFO - Arrived: 2 Broken: 0
2023-09-27 21:40:33,111 - INFO - Episode 7 seed: 395
2023-09-27 21:40:51,501 - INFO - Arrived: 1 Broken: 0
2023-09-27 21:40:51,501 - INFO - Episode 8 seed: 395
2023-09-27 21:41:09,540 - INFO - Arrived: 1 Broken: 0
2023-09-27 21:41:09,540 - INFO - Episode 9 seed: 395
2023-09-27 21:41:10,200 - INFO - Episode 9 finished after 196 timesteps
2023-09-27 21:41:27,646 - INFO - Arrived: 2 Broken: 0
2023-09-27 21:41:27,646 - INFO - Episode 10 seed: 395
2023-09-27 21:41:46,462 - INFO - Arrived: 1 Broken: 0
2023-09-27 21:41:46,462 - INFO - Episode 11 seed: 395
2023-09-27 21:41:46,698 - INFO - Episode 11 finished after 77 timesteps
2023-09-27 21:42:05,327 - INFO - Arrived: 2 Broken: 0
2023-09-27 21:42:05,327 - INFO - Episode 12 seed: 395
