2023-09-21 17:17:00,375 - INFO - 

learning_rate:0.001
gamma:0.8
tau:0.01
hsRNN:64
hsMixing:64
hsHyper:64
replace_cycle:500
agent_num:2
obs_size:21
msg_size:27
com_size:32
com_mode:3
state_size:42
action_size:6
q_mode:0
epoch:1
buffer_size:32
batch_size:16
seq_len:100
episode:3000
timestep:300
view_range:1
report_cycle:1
comm_cycle:1
row:8
col:8
height:3
risklevel:0.1
AoI_limit:3

2023-09-21 17:17:01,351 - INFO - 
Map size: 8 * 8 * 3 
At height 1 
[4, 3] [3, 6] [5, 7] is dangerous
At height 2 
[5, 5] [3, 2] [5, 6] is dangerous
UAVs are at:
[3, 5, 1] [3, 3, 1] 
Dest are at:
[0, 7] [7, 0] 
2023-09-21 17:17:01,359 - INFO - Episode 0 seed: 474
2023-09-21 17:17:02,447 - INFO - Episode 0 finished after 253 timesteps
2023-09-21 17:17:05,104 - INFO - Arrived: 0 Broken: 2 Communication: 0.0
2023-09-21 17:17:05,104 - INFO - Episode 1 seed: 857
2023-09-21 17:17:05,467 - INFO - Episode 1 finished after 259 timesteps
2023-09-21 17:17:08,407 - INFO - Arrived: 0 Broken: 2 Communication: 0.0
2023-09-21 17:17:08,408 - INFO - Episode 2 seed: 549
2023-09-21 17:17:08,885 - INFO - Episode 2 finished after 233 timesteps
2023-09-21 17:17:12,729 - INFO - Arrived: 1 Broken: 1 Communication: 0.0
2023-09-21 17:17:12,729 - INFO - Episode 3 seed: 754
2023-09-21 17:17:13,317 - INFO - Episode 3 finished after 240 timesteps
2023-09-21 17:17:17,300 - INFO - Arrived: 0 Broken: 2 Communication: 0.0
2023-09-21 17:17:17,301 - INFO - Episode 4 seed: 886
2023-09-21 17:17:17,906 - INFO - Episode 4 finished after 257 timesteps
2023-09-21 17:17:22,197 - INFO - Arrived: 1 Broken: 1 Communication: 0.0
2023-09-21 17:17:22,197 - INFO - Episode 5 seed: 530
2023-09-21 17:17:22,751 - INFO - Episode 5 finished after 241 timesteps
2023-09-21 17:17:26,791 - INFO - Arrived: 0 Broken: 2 Communication: 0.0
2023-09-21 17:17:26,791 - INFO - Episode 6 seed: 822
2023-09-21 17:17:27,383 - INFO - Episode 6 finished after 235 timesteps
2023-09-21 17:17:30,485 - INFO - Arrived: 0 Broken: 2 Communication: 0.0
2023-09-21 17:17:30,486 - INFO - Episode 7 seed: 125
2023-09-21 17:17:30,875 - INFO - Episode 7 finished after 254 timesteps
2023-09-21 17:17:35,229 - INFO - Arrived: 0 Broken: 2 Communication: 0.0
2023-09-21 17:17:35,230 - INFO - Episode 8 seed: 829
2023-09-21 17:17:35,751 - INFO - Episode 8 finished after 235 timesteps
2023-09-21 17:17:39,606 - INFO - Arrived: 1 Broken: 1 Communication: 0.0
2023-09-21 17:17:39,607 - INFO - Episode 9 seed: 81
2023-09-21 17:17:39,994 - INFO - Episode 9 finished after 235 timesteps
2023-09-21 17:17:43,992 - INFO - Arrived: 0 Broken: 2 Communication: 0.0
2023-09-21 17:17:43,992 - INFO - Episode 10 seed: 862
2023-09-21 17:17:44,408 - INFO - Episode 10 finished after 228 timesteps
2023-09-21 17:17:48,529 - INFO - Arrived: 0 Broken: 2 Communication: 0.0
2023-09-21 17:17:48,529 - INFO - Episode 11 seed: 673
2023-09-21 17:17:49,011 - INFO - Episode 11 finished after 261 timesteps
2023-09-21 17:17:53,182 - INFO - Arrived: 0 Broken: 2 Communication: 0.0
2023-09-21 17:17:53,183 - INFO - Episode 12 seed: 881
2023-09-21 17:17:53,699 - INFO - Episode 12 finished after 246 timesteps
2023-09-21 17:17:57,962 - INFO - Arrived: 0 Broken: 2 Communication: 0.0
2023-09-21 17:17:57,962 - INFO - Episode 13 seed: 224
2023-09-21 17:17:58,446 - INFO - Episode 13 finished after 255 timesteps
2023-09-21 17:18:02,705 - INFO - Arrived: 1 Broken: 1 Communication: 0.0
2023-09-21 17:18:02,705 - INFO - Episode 14 seed: 648
2023-09-21 17:18:03,130 - INFO - Episode 14 finished after 226 timesteps
2023-09-21 17:18:07,383 - INFO - Arrived: 1 Broken: 1 Communication: 0.0
2023-09-21 17:18:07,383 - INFO - Episode 15 seed: 459
2023-09-21 17:18:07,844 - INFO - Episode 15 finished after 249 timesteps
2023-09-21 17:18:12,133 - INFO - Arrived: 0 Broken: 2 Communication: 0.0
2023-09-21 17:18:12,134 - INFO - Episode 16 seed: 982
2023-09-21 17:18:12,584 - INFO - Episode 16 finished after 234 timesteps
2023-09-21 17:18:16,983 - INFO - Arrived: 0 Broken: 2 Communication: 0.0
2023-09-21 17:18:16,983 - INFO - Episode 17 seed: 752
2023-09-21 17:18:17,415 - INFO - Episode 17 finished after 221 timesteps
2023-09-21 17:18:21,913 - INFO - Arrived: 0 Broken: 2 Communication: 0.0
2023-09-21 17:18:21,913 - INFO - Episode 18 seed: 756
2023-09-21 17:18:22,343 - INFO - Episode 18 finished after 235 timesteps
2023-09-21 17:18:27,256 - INFO - Arrived: 0 Broken: 2 Communication: 0.0
2023-09-21 17:18:27,256 - INFO - Episode 19 seed: 914
2023-09-21 17:18:27,783 - INFO - Episode 19 finished after 264 timesteps
2023-09-21 17:18:32,574 - INFO - Arrived: 0 Broken: 2 Communication: 0.0
2023-09-21 17:18:32,574 - INFO - Episode 20 seed: 526
2023-09-21 17:18:33,298 - INFO - Episode 20 finished after 250 timesteps
2023-09-21 17:18:38,281 - INFO - Arrived: 0 Broken: 2 Communication: 0.0
2023-09-21 17:18:38,281 - INFO - Episode 21 seed: 365
2023-09-21 17:18:38,775 - INFO - Episode 21 finished after 271 timesteps
2023-09-21 17:18:43,976 - INFO - Arrived: 0 Broken: 2 Communication: 0.0
2023-09-21 17:18:43,976 - INFO - Episode 22 seed: 931
2023-09-21 17:18:44,376 - INFO - Episode 22 finished after 203 timesteps
2023-09-21 17:18:49,360 - INFO - Arrived: 0 Broken: 2 Communication: 0.0
2023-09-21 17:18:49,361 - INFO - Episode 23 seed: 765
2023-09-21 17:18:49,830 - INFO - Episode 23 finished after 234 timesteps
2023-09-21 17:18:55,243 - INFO - Arrived: 0 Broken: 2 Communication: 0.0
2023-09-21 17:18:55,243 - INFO - Episode 24 seed: 975
2023-09-21 17:18:55,746 - INFO - Episode 24 finished after 230 timesteps
2023-09-21 17:19:01,269 - INFO - Arrived: 0 Broken: 2 Communication: 0.0
2023-09-21 17:19:01,270 - INFO - Episode 25 seed: 12
2023-09-21 17:19:01,719 - INFO - Episode 25 finished after 240 timesteps
2023-09-21 17:19:06,724 - INFO - Arrived: 0 Broken: 2 Communication: 0.0
2023-09-21 17:19:06,724 - INFO - Episode 26 seed: 398
2023-09-21 17:19:07,291 - INFO - Episode 26 finished after 251 timesteps
2023-09-21 17:19:12,227 - INFO - Arrived: 1 Broken: 1 Communication: 0.0
2023-09-21 17:19:12,227 - INFO - Episode 27 seed: 970
2023-09-21 17:19:12,690 - INFO - Episode 27 finished after 236 timesteps
2023-09-21 17:19:18,013 - INFO - Arrived: 0 Broken: 2 Communication: 0.0
2023-09-21 17:19:18,014 - INFO - Episode 28 seed: 226
2023-09-21 17:19:18,508 - INFO - Episode 28 finished after 244 timesteps
2023-09-21 17:19:23,806 - INFO - Arrived: 0 Broken: 2 Communication: 0.0
2023-09-21 17:19:23,806 - INFO - Episode 29 seed: 629
2023-09-21 17:19:24,299 - INFO - Episode 29 finished after 260 timesteps
2023-09-21 17:19:29,245 - INFO - Arrived: 0 Broken: 2 Communication: 0.0
2023-09-21 17:19:29,246 - INFO - Episode 30 seed: 612
2023-09-21 17:19:29,693 - INFO - Episode 30 finished after 236 timesteps
2023-09-21 17:19:34,718 - INFO - Arrived: 0 Broken: 2 Communication: 0.0
2023-09-21 17:19:34,718 - INFO - Episode 31 seed: 643
2023-09-21 17:19:35,193 - INFO - Episode 31 finished after 242 timesteps
2023-09-21 17:19:40,837 - INFO - Arrived: 1 Broken: 1 Communication: 0.0
2023-09-21 17:19:40,838 - INFO - Episode 32 seed: 753
2023-09-21 17:19:41,349 - INFO - Episode 32 finished after 236 timesteps
2023-09-21 17:19:46,640 - INFO - Arrived: 0 Broken: 2 Communication: 0.0
2023-09-21 17:19:46,641 - INFO - Episode 33 seed: 543
2023-09-21 17:19:47,145 - INFO - Episode 33 finished after 246 timesteps
2023-09-21 17:19:52,486 - INFO - Arrived: 0 Broken: 2 Communication: 0.0
2023-09-21 17:19:52,486 - INFO - Episode 34 seed: 952
2023-09-21 17:19:52,998 - INFO - Episode 34 finished after 246 timesteps
2023-09-21 17:19:58,276 - INFO - Arrived: 0 Broken: 2 Communication: 0.0
2023-09-21 17:19:58,276 - INFO - Episode 35 seed: 436
2023-09-21 17:19:58,877 - INFO - Episode 35 finished after 283 timesteps
2023-09-21 17:20:04,430 - INFO - Arrived: 0 Broken: 2 Communication: 0.0
2023-09-21 17:20:04,430 - INFO - Episode 36 seed: 868
2023-09-21 17:20:04,967 - INFO - Episode 36 finished after 272 timesteps
2023-09-21 17:20:10,410 - INFO - Arrived: 0 Broken: 2 Communication: 0.0
2023-09-21 17:20:10,411 - INFO - Episode 37 seed: 83
2023-09-21 17:20:10,886 - INFO - Episode 37 finished after 230 timesteps
2023-09-21 17:20:16,445 - INFO - Arrived: 1 Broken: 1 Communication: 0.0
2023-09-21 17:20:16,445 - INFO - Episode 38 seed: 785
2023-09-21 17:20:16,947 - INFO - Episode 38 finished after 252 timesteps
2023-09-21 17:20:22,492 - INFO - Arrived: 0 Broken: 2 Communication: 0.0
2023-09-21 17:20:22,493 - INFO - Episode 39 seed: 876
2023-09-21 17:20:22,999 - INFO - Episode 39 finished after 253 timesteps
2023-09-21 17:20:28,499 - INFO - Arrived: 0 Broken: 2 Communication: 0.0
2023-09-21 17:20:28,499 - INFO - Episode 40 seed: 462
2023-09-21 17:20:29,086 - INFO - Episode 40 finished after 263 timesteps
2023-09-21 17:20:34,473 - INFO - Arrived: 0 Broken: 2 Communication: 0.0
2023-09-21 17:20:34,473 - INFO - Episode 41 seed: 211
2023-09-21 17:20:41,038 - INFO - Arrived: 0 Broken: 1 Communication: 0.0
2023-09-21 17:20:41,039 - INFO - Episode 42 seed: 604
2023-09-21 17:20:41,622 - INFO - Episode 42 finished after 242 timesteps
2023-09-21 17:20:47,107 - INFO - Arrived: 0 Broken: 2 Communication: 0.0
2023-09-21 17:20:47,107 - INFO - Episode 43 seed: 394
2023-09-21 17:20:53,429 - INFO - Arrived: 0 Broken: 0 Communication: 0.0
2023-09-21 17:20:53,429 - INFO - Episode 44 seed: 148
2023-09-21 17:20:53,953 - INFO - Episode 44 finished after 249 timesteps
2023-09-21 17:21:00,051 - INFO - Arrived: 1 Broken: 1 Communication: 0.0
2023-09-21 17:21:00,051 - INFO - Episode 45 seed: 626
2023-09-21 17:21:06,810 - INFO - Arrived: 1 Broken: 0 Communication: 0.0
2023-09-21 17:21:06,810 - INFO - Episode 46 seed: 424
2023-09-21 17:21:07,469 - INFO - Episode 46 finished after 250 timesteps
2023-09-21 17:21:13,676 - INFO - Arrived: 1 Broken: 1 Communication: 0.0
2023-09-21 17:21:13,677 - INFO - Episode 47 seed: 661
2023-09-21 17:21:14,197 - INFO - Episode 47 finished after 233 timesteps
