2023-09-21 17:21:19,696 - INFO - 

learning_rate:0.001
gamma:0.8
tau:0.01
hsRNN:64
hsMixing:64
hsHyper:64
replace_cycle:500
agent_num:2
obs_size:21
msg_size:27
com_size:32
com_mode:3
state_size:42
action_size:6
q_mode:0
epoch:1
buffer_size:32
batch_size:16
seq_len:100
episode:3000
timestep:300
view_range:1
report_cycle:1
comm_cycle:1
row:8
col:8
height:3
risklevel:0.1
AoI_limit:3

2023-09-21 17:21:20,664 - INFO - 
Map size: 8 * 8 * 3 
At height 1 
[2, 7] [2, 2] [3, 2] is dangerous
At height 2 
[2, 6] [5, 0] [3, 7] is dangerous
UAVs are at:
[3, 5, 1] [3, 3, 1] 
Dest are at:
[0, 7] [7, 0] 
2023-09-21 17:21:20,670 - INFO - Episode 0 seed: 789
2023-09-21 17:21:21,749 - INFO - Episode 0 finished after 241 timesteps
2023-09-21 17:21:24,310 - INFO - Arrived: 0 Broken: 2 Communication: 0.0
2023-09-21 17:21:24,310 - INFO - Episode 1 seed: 753
2023-09-21 17:21:24,642 - INFO - Episode 1 finished after 246 timesteps
2023-09-21 17:21:27,235 - INFO - Arrived: 1 Broken: 1 Communication: 0.0
2023-09-21 17:21:27,235 - INFO - Episode 2 seed: 265
2023-09-21 17:21:27,644 - INFO - Episode 2 finished after 236 timesteps
2023-09-21 17:21:31,207 - INFO - Arrived: 0 Broken: 2 Communication: 0.0
2023-09-21 17:21:31,207 - INFO - Episode 3 seed: 101
2023-09-21 17:21:31,685 - INFO - Episode 3 finished after 202 timesteps
2023-09-21 17:21:35,440 - INFO - Arrived: 0 Broken: 2 Communication: 0.0
2023-09-21 17:21:35,440 - INFO - Episode 4 seed: 741
2023-09-21 17:21:36,010 - INFO - Episode 4 finished after 227 timesteps
2023-09-21 17:21:39,845 - INFO - Arrived: 0 Broken: 2 Communication: 0.0
2023-09-21 17:21:39,846 - INFO - Episode 5 seed: 386
2023-09-21 17:21:40,246 - INFO - Episode 5 finished after 173 timesteps
2023-09-21 17:21:44,131 - INFO - Arrived: 0 Broken: 2 Communication: 0.0
2023-09-21 17:21:44,132 - INFO - Episode 6 seed: 294
2023-09-21 17:21:44,720 - INFO - Episode 6 finished after 236 timesteps
2023-09-21 17:21:48,610 - INFO - Arrived: 0 Broken: 2 Communication: 0.0
2023-09-21 17:21:48,610 - INFO - Episode 7 seed: 115
2023-09-21 17:21:49,178 - INFO - Episode 7 finished after 228 timesteps
2023-09-21 17:21:53,214 - INFO - Arrived: 0 Broken: 2 Communication: 0.0
2023-09-21 17:21:53,214 - INFO - Episode 8 seed: 951
2023-09-21 17:21:53,628 - INFO - Episode 8 finished after 195 timesteps
2023-09-21 17:21:57,656 - INFO - Arrived: 0 Broken: 2 Communication: 0.0
2023-09-21 17:21:57,657 - INFO - Episode 9 seed: 948
2023-09-21 17:21:58,227 - INFO - Episode 9 finished after 237 timesteps
2023-09-21 17:22:02,401 - INFO - Arrived: 0 Broken: 2 Communication: 0.0
2023-09-21 17:22:02,402 - INFO - Episode 10 seed: 424
2023-09-21 17:22:03,062 - INFO - Episode 10 finished after 259 timesteps
2023-09-21 17:22:07,518 - INFO - Arrived: 0 Broken: 2 Communication: 0.0
2023-09-21 17:22:07,518 - INFO - Episode 11 seed: 634
2023-09-21 17:22:07,960 - INFO - Episode 11 finished after 249 timesteps
2023-09-21 17:22:12,270 - INFO - Arrived: 1 Broken: 1 Communication: 0.0
2023-09-21 17:22:12,270 - INFO - Episode 12 seed: 475
2023-09-21 17:22:12,750 - INFO - Episode 12 finished after 253 timesteps
2023-09-21 17:22:17,473 - INFO - Arrived: 1 Broken: 1 Communication: 0.0
2023-09-21 17:22:17,473 - INFO - Episode 13 seed: 920
2023-09-21 17:22:18,002 - INFO - Episode 13 finished after 258 timesteps
