2023-09-21 17:22:24,354 - INFO - 

learning_rate:0.001
gamma:0.8
tau:0.01
hsRNN:64
hsMixing:64
hsHyper:64
replace_cycle:500
agent_num:2
obs_size:21
msg_size:27
com_size:32
com_mode:3
state_size:42
action_size:6
q_mode:0
epoch:1
buffer_size:32
batch_size:16
seq_len:100
episode:3000
timestep:300
view_range:1
report_cycle:1
comm_cycle:1
row:8
col:8
height:3
risklevel:0.1
AoI_limit:3

2023-09-21 17:22:25,315 - INFO - 
Map size: 8 * 8 * 3 
At height 1 
[5, 4] [3, 7] [3, 6] is dangerous
At height 2 
[4, 4] [2, 2] [5, 6] is dangerous
UAVs are at:
[3, 5, 1] [3, 3, 1] 
Dest are at:
[0, 7] [7, 0] 
2023-09-21 17:22:25,321 - INFO - Episode 0 seed: 236
2023-09-21 17:22:29,558 - INFO - Arrived: 1 Broken: 0 Communication: 0.0
2023-09-21 17:22:29,558 - INFO - Episode 1 seed: 980
2023-09-21 17:22:29,902 - INFO - Episode 1 finished after 257 timesteps
2023-09-21 17:22:33,549 - INFO - Arrived: 1 Broken: 1 Communication: 0.0
2023-09-21 17:22:33,549 - INFO - Episode 2 seed: 753
2023-09-21 17:22:34,099 - INFO - Episode 2 finished after 238 timesteps
2023-09-21 17:22:38,607 - INFO - Arrived: 1 Broken: 1 Communication: 0.0
2023-09-21 17:22:38,607 - INFO - Episode 3 seed: 154
2023-09-21 17:22:39,345 - INFO - Episode 3 finished after 286 timesteps
2023-09-21 17:22:43,963 - INFO - Arrived: 0 Broken: 2 Communication: 0.0
2023-09-21 17:22:43,963 - INFO - Episode 4 seed: 648
2023-09-21 17:22:44,359 - INFO - Episode 4 finished after 240 timesteps
2023-09-21 17:22:48,597 - INFO - Arrived: 0 Broken: 2 Communication: 0.0
2023-09-21 17:22:48,598 - INFO - Episode 5 seed: 342
2023-09-21 17:22:49,056 - INFO - Episode 5 finished after 248 timesteps
2023-09-21 17:22:54,019 - INFO - Arrived: 0 Broken: 2 Communication: 0.0
2023-09-21 17:22:54,020 - INFO - Episode 6 seed: 652
2023-09-21 17:22:54,577 - INFO - Episode 6 finished after 259 timesteps
