2023-09-21 17:23:01,779 - INFO - 

learning_rate:0.001
gamma:0.8
tau:0.01
hsRNN:64
hsMixing:64
hsHyper:64
replace_cycle:500
agent_num:2
obs_size:21
msg_size:27
com_size:32
com_mode:3
state_size:42
action_size:6
q_mode:0
epoch:1
buffer_size:32
batch_size:16
seq_len:100
episode:3000
timestep:300
view_range:1
report_cycle:1
comm_cycle:1
row:8
col:8
height:3
risklevel:0.1
AoI_limit:3

2023-09-21 17:23:02,751 - INFO - 
Map size: 8 * 8 * 3 
At height 1 
[3, 2] [3, 4] [2, 7] is dangerous
At height 2 
[4, 5] [2, 5] [2, 4] is dangerous
UAVs are at:
[3, 5, 1] [3, 3, 1] 
Dest are at:
[0, 7] [7, 0] 
2023-09-21 17:23:02,756 - INFO - Episode 0 seed: 84
2023-09-21 17:23:03,842 - INFO - Episode 0 finished after 237 timesteps
2023-09-21 17:23:06,346 - INFO - Arrived: 1 Broken: 1 Communication: 0.0
2023-09-21 17:23:06,346 - INFO - Episode 1 seed: 28
2023-09-21 17:23:06,689 - INFO - Episode 1 finished after 252 timesteps
2023-09-21 17:23:09,370 - INFO - Arrived: 0 Broken: 2 Communication: 0.0
2023-09-21 17:23:09,370 - INFO - Episode 2 seed: 69
2023-09-21 17:23:09,789 - INFO - Episode 2 finished after 240 timesteps
2023-09-21 17:23:13,442 - INFO - Arrived: 0 Broken: 2 Communication: 0.0
2023-09-21 17:23:13,442 - INFO - Episode 3 seed: 497
2023-09-21 17:23:14,017 - INFO - Episode 3 finished after 239 timesteps
2023-09-21 17:23:17,897 - INFO - Arrived: 0 Broken: 2 Communication: 0.0
2023-09-21 17:23:17,897 - INFO - Episode 4 seed: 257
2023-09-21 17:23:18,515 - INFO - Episode 4 finished after 255 timesteps
2023-09-21 17:23:22,541 - INFO - Arrived: 0 Broken: 2 Communication: 0.0
2023-09-21 17:23:22,542 - INFO - Episode 5 seed: 255
2023-09-21 17:23:23,124 - INFO - Episode 5 finished after 242 timesteps
2023-09-21 17:23:27,064 - INFO - Arrived: 0 Broken: 2 Communication: 0.0
2023-09-21 17:23:27,064 - INFO - Episode 6 seed: 892
2023-09-21 17:23:27,696 - INFO - Episode 6 finished after 257 timesteps
2023-09-21 17:23:31,729 - INFO - Arrived: 0 Broken: 2 Communication: 0.0
2023-09-21 17:23:31,729 - INFO - Episode 7 seed: 348
2023-09-21 17:23:32,304 - INFO - Episode 7 finished after 242 timesteps
2023-09-21 17:23:36,340 - INFO - Arrived: 0 Broken: 2 Communication: 0.0
2023-09-21 17:23:36,340 - INFO - Episode 8 seed: 684
2023-09-21 17:23:36,941 - INFO - Episode 8 finished after 251 timesteps
2023-09-21 17:23:40,976 - INFO - Arrived: 0 Broken: 2 Communication: 0.0
2023-09-21 17:23:40,976 - INFO - Episode 9 seed: 389
2023-09-21 17:23:41,583 - INFO - Episode 9 finished after 245 timesteps
2023-09-21 17:23:45,597 - INFO - Arrived: 0 Broken: 2 Communication: 0.0
2023-09-21 17:23:45,597 - INFO - Episode 10 seed: 707
2023-09-21 17:23:46,208 - INFO - Episode 10 finished after 260 timesteps
2023-09-21 17:23:50,275 - INFO - Arrived: 0 Broken: 2 Communication: 0.0
2023-09-21 17:23:50,275 - INFO - Episode 11 seed: 673
2023-09-21 17:23:50,899 - INFO - Episode 11 finished after 256 timesteps
2023-09-21 17:23:55,096 - INFO - Arrived: 0 Broken: 2 Communication: 0.0
2023-09-21 17:23:55,096 - INFO - Episode 12 seed: 629
2023-09-21 17:23:55,683 - INFO - Episode 12 finished after 240 timesteps
2023-09-21 17:23:59,866 - INFO - Arrived: 0 Broken: 2 Communication: 0.0
2023-09-21 17:23:59,866 - INFO - Episode 13 seed: 653
2023-09-21 17:24:00,449 - INFO - Episode 13 finished after 239 timesteps
2023-09-21 17:24:04,669 - INFO - Arrived: 0 Broken: 2 Communication: 0.0
2023-09-21 17:24:04,669 - INFO - Episode 14 seed: 587
2023-09-21 17:24:05,271 - INFO - Episode 14 finished after 241 timesteps
2023-09-21 17:24:09,478 - INFO - Arrived: 0 Broken: 2 Communication: 0.0
2023-09-21 17:24:09,478 - INFO - Episode 15 seed: 330
2023-09-21 17:24:10,074 - INFO - Episode 15 finished after 241 timesteps
2023-09-21 17:24:14,348 - INFO - Arrived: 0 Broken: 2 Communication: 0.0
2023-09-21 17:24:14,349 - INFO - Episode 16 seed: 989
2023-09-21 17:24:14,918 - INFO - Episode 16 finished after 230 timesteps
2023-09-21 17:24:19,223 - INFO - Arrived: 0 Broken: 2 Communication: 0.0
2023-09-21 17:24:19,223 - INFO - Episode 17 seed: 99
2023-09-21 17:24:19,824 - INFO - Episode 17 finished after 251 timesteps
2023-09-21 17:24:24,160 - INFO - Arrived: 0 Broken: 2 Communication: 0.0
2023-09-21 17:24:24,161 - INFO - Episode 18 seed: 496
2023-09-21 17:24:24,739 - INFO - Episode 18 finished after 241 timesteps
2023-09-21 17:24:29,058 - INFO - Arrived: 0 Broken: 2 Communication: 0.0
2023-09-21 17:24:29,058 - INFO - Episode 19 seed: 977
2023-09-21 17:24:29,661 - INFO - Episode 19 finished after 239 timesteps
2023-09-21 17:24:34,107 - INFO - Arrived: 1 Broken: 1 Communication: 0.0
2023-09-21 17:24:34,107 - INFO - Episode 20 seed: 150
2023-09-21 17:24:34,717 - INFO - Episode 20 finished after 250 timesteps
2023-09-21 17:24:39,099 - INFO - Arrived: 0 Broken: 2 Communication: 0.0
2023-09-21 17:24:39,100 - INFO - Episode 21 seed: 697
2023-09-21 17:24:39,658 - INFO - Episode 21 finished after 230 timesteps
2023-09-21 17:24:44,011 - INFO - Arrived: 1 Broken: 1 Communication: 0.0
2023-09-21 17:24:44,011 - INFO - Episode 22 seed: 345
2023-09-21 17:24:44,571 - INFO - Episode 22 finished after 228 timesteps
2023-09-21 17:24:49,049 - INFO - Arrived: 0 Broken: 2 Communication: 0.0
2023-09-21 17:24:49,049 - INFO - Episode 23 seed: 287
2023-09-21 17:24:49,650 - INFO - Episode 23 finished after 243 timesteps
2023-09-21 17:24:54,102 - INFO - Arrived: 0 Broken: 2 Communication: 0.0
2023-09-21 17:24:54,102 - INFO - Episode 24 seed: 854
2023-09-21 17:24:54,710 - INFO - Episode 24 finished after 253 timesteps
2023-09-21 17:24:59,176 - INFO - Arrived: 0 Broken: 2 Communication: 0.0
2023-09-21 17:24:59,176 - INFO - Episode 25 seed: 432
2023-09-21 17:24:59,786 - INFO - Episode 25 finished after 253 timesteps
2023-09-21 17:25:04,230 - INFO - Arrived: 0 Broken: 2 Communication: 0.0
2023-09-21 17:25:04,230 - INFO - Episode 26 seed: 733
2023-09-21 17:25:04,816 - INFO - Episode 26 finished after 234 timesteps
2023-09-21 17:25:09,317 - INFO - Arrived: 0 Broken: 2 Communication: 0.0
2023-09-21 17:25:09,317 - INFO - Episode 27 seed: 744
2023-09-21 17:25:09,905 - INFO - Episode 27 finished after 239 timesteps
2023-09-21 17:25:14,363 - INFO - Arrived: 1 Broken: 1 Communication: 0.0
2023-09-21 17:25:14,364 - INFO - Episode 28 seed: 381
2023-09-21 17:25:14,952 - INFO - Episode 28 finished after 248 timesteps
2023-09-21 17:25:19,461 - INFO - Arrived: 1 Broken: 1 Communication: 0.0
2023-09-21 17:25:19,461 - INFO - Episode 29 seed: 381
2023-09-21 17:25:20,061 - INFO - Episode 29 finished after 251 timesteps
2023-09-21 17:25:24,714 - INFO - Arrived: 0 Broken: 2 Communication: 0.0
2023-09-21 17:25:24,714 - INFO - Episode 30 seed: 170
2023-09-21 17:25:25,302 - INFO - Episode 30 finished after 240 timesteps
2023-09-21 17:25:29,853 - INFO - Arrived: 0 Broken: 2 Communication: 0.0
2023-09-21 17:25:29,853 - INFO - Episode 31 seed: 882
2023-09-21 17:25:30,469 - INFO - Episode 31 finished after 238 timesteps
2023-09-21 17:25:35,012 - INFO - Arrived: 0 Broken: 2 Communication: 0.0
2023-09-21 17:25:35,012 - INFO - Episode 32 seed: 446
2023-09-21 17:25:35,610 - INFO - Episode 32 finished after 246 timesteps
2023-09-21 17:25:40,187 - INFO - Arrived: 0 Broken: 2 Communication: 0.0
2023-09-21 17:25:40,188 - INFO - Episode 33 seed: 157
2023-09-21 17:25:40,871 - INFO - Episode 33 finished after 269 timesteps
2023-09-21 17:25:45,706 - INFO - Arrived: 0 Broken: 2 Communication: 0.0
2023-09-21 17:25:45,707 - INFO - Episode 34 seed: 840
2023-09-21 17:25:46,286 - INFO - Episode 34 finished after 240 timesteps
2023-09-21 17:25:51,095 - INFO - Arrived: 0 Broken: 2 Communication: 0.0
2023-09-21 17:25:51,096 - INFO - Episode 35 seed: 883
2023-09-21 17:25:51,801 - INFO - Episode 35 finished after 243 timesteps
2023-09-21 17:25:56,667 - INFO - Arrived: 0 Broken: 2 Communication: 0.0
2023-09-21 17:25:56,667 - INFO - Episode 36 seed: 539
2023-09-21 17:25:57,248 - INFO - Episode 36 finished after 223 timesteps
2023-09-21 17:26:02,117 - INFO - Arrived: 0 Broken: 2 Communication: 0.0
2023-09-21 17:26:02,117 - INFO - Episode 37 seed: 631
2023-09-21 17:26:02,716 - INFO - Episode 37 finished after 244 timesteps
2023-09-21 17:26:07,603 - INFO - Arrived: 0 Broken: 2 Communication: 0.0
2023-09-21 17:26:07,604 - INFO - Episode 38 seed: 524
2023-09-21 17:26:08,184 - INFO - Episode 38 finished after 233 timesteps
2023-09-21 17:26:13,064 - INFO - Arrived: 1 Broken: 1 Communication: 0.0
2023-09-21 17:26:13,064 - INFO - Episode 39 seed: 478
2023-09-21 17:26:13,670 - INFO - Episode 39 finished after 251 timesteps
2023-09-21 17:26:18,582 - INFO - Arrived: 0 Broken: 2 Communication: 0.0
2023-09-21 17:26:18,582 - INFO - Episode 40 seed: 957
2023-09-21 17:26:19,208 - INFO - Episode 40 finished after 255 timesteps
2023-09-21 17:26:24,127 - INFO - Arrived: 0 Broken: 2 Communication: 0.0
2023-09-21 17:26:24,127 - INFO - Episode 41 seed: 785
2023-09-21 17:26:24,719 - INFO - Episode 41 finished after 241 timesteps
2023-09-21 17:26:29,320 - INFO - Arrived: 0 Broken: 2 Communication: 0.0
2023-09-21 17:26:29,320 - INFO - Episode 42 seed: 269
2023-09-21 17:26:29,901 - INFO - Episode 42 finished after 235 timesteps
2023-09-21 17:26:34,348 - INFO - Arrived: 1 Broken: 1 Communication: 0.0
2023-09-21 17:26:34,348 - INFO - Episode 43 seed: 84
2023-09-21 17:26:34,945 - INFO - Episode 43 finished after 248 timesteps
2023-09-21 17:26:39,924 - INFO - Arrived: 1 Broken: 1 Communication: 0.0
2023-09-21 17:26:39,925 - INFO - Episode 44 seed: 430
2023-09-21 17:26:40,362 - INFO - Episode 44 finished after 242 timesteps
2023-09-21 17:26:45,486 - INFO - Arrived: 0 Broken: 2 Communication: 0.0
2023-09-21 17:26:45,486 - INFO - Episode 45 seed: 67
2023-09-21 17:26:45,985 - INFO - Episode 45 finished after 259 timesteps
2023-09-21 17:26:51,091 - INFO - Arrived: 0 Broken: 2 Communication: 0.0
2023-09-21 17:26:51,092 - INFO - Episode 46 seed: 688
2023-09-21 17:26:51,696 - INFO - Episode 46 finished after 255 timesteps
2023-09-21 17:26:54,981 - INFO - Arrived: 0 Broken: 2 Communication: 0.0
2023-09-21 17:26:54,981 - INFO - Episode 47 seed: 889
2023-09-21 17:26:55,375 - INFO - Episode 47 finished after 244 timesteps
2023-09-21 17:26:59,586 - INFO - Arrived: 0 Broken: 2 Communication: 0.0
2023-09-21 17:26:59,586 - INFO - Episode 48 seed: 867
2023-09-21 17:27:00,052 - INFO - Episode 48 finished after 247 timesteps
2023-09-21 17:27:04,964 - INFO - Arrived: 0 Broken: 2 Communication: 0.0
2023-09-21 17:27:04,964 - INFO - Episode 49 seed: 21
2023-09-21 17:27:05,426 - INFO - Episode 49 finished after 244 timesteps
2023-09-21 17:27:10,223 - INFO - Arrived: 0 Broken: 2 Communication: 0.0
2023-09-21 17:27:10,224 - INFO - Episode 50 seed: 344
2023-09-21 17:27:10,718 - INFO - Episode 50 finished after 248 timesteps
2023-09-21 17:27:15,600 - INFO - Arrived: 0 Broken: 2 Communication: 0.0
2023-09-21 17:27:15,600 - INFO - Episode 51 seed: 988
2023-09-21 17:27:16,048 - INFO - Episode 51 finished after 235 timesteps
2023-09-21 17:27:20,768 - INFO - Arrived: 0 Broken: 2 Communication: 0.0
2023-09-21 17:27:20,768 - INFO - Episode 52 seed: 350
2023-09-21 17:27:21,340 - INFO - Episode 52 finished after 241 timesteps
2023-09-21 17:27:26,297 - INFO - Arrived: 1 Broken: 1 Communication: 0.0
2023-09-21 17:27:26,297 - INFO - Episode 53 seed: 100
2023-09-21 17:27:27,008 - INFO - Episode 53 finished after 252 timesteps
2023-09-21 17:27:31,753 - INFO - Arrived: 0 Broken: 2 Communication: 0.0
2023-09-21 17:27:31,753 - INFO - Episode 54 seed: 77
2023-09-21 17:27:32,378 - INFO - Episode 54 finished after 254 timesteps
2023-09-21 17:27:37,518 - INFO - Arrived: 0 Broken: 2 Communication: 0.0
2023-09-21 17:27:37,518 - INFO - Episode 55 seed: 399
2023-09-21 17:27:38,157 - INFO - Episode 55 finished after 271 timesteps
2023-09-21 17:27:43,074 - INFO - Arrived: 0 Broken: 2 Communication: 0.0
2023-09-21 17:27:43,074 - INFO - Episode 56 seed: 760
2023-09-21 17:27:43,617 - INFO - Episode 56 finished after 250 timesteps
2023-09-21 17:27:48,571 - INFO - Arrived: 0 Broken: 2 Communication: 0.0
2023-09-21 17:27:48,571 - INFO - Episode 57 seed: 386
2023-09-21 17:27:48,944 - INFO - Episode 57 finished after 180 timesteps
2023-09-21 17:27:53,952 - INFO - Arrived: 1 Broken: 1 Communication: 0.0
2023-09-21 17:27:53,952 - INFO - Episode 58 seed: 13
2023-09-21 17:27:54,485 - INFO - Episode 58 finished after 245 timesteps
2023-09-21 17:27:59,422 - INFO - Arrived: 0 Broken: 2 Communication: 0.0
2023-09-21 17:27:59,423 - INFO - Episode 59 seed: 716
2023-09-21 17:27:59,897 - INFO - Episode 59 finished after 227 timesteps
2023-09-21 17:28:04,954 - INFO - Arrived: 0 Broken: 2 Communication: 0.0
2023-09-21 17:28:04,954 - INFO - Episode 60 seed: 906
2023-09-21 17:28:05,513 - INFO - Episode 60 finished after 257 timesteps
2023-09-21 17:28:10,452 - INFO - Arrived: 0 Broken: 2 Communication: 0.0
2023-09-21 17:28:10,452 - INFO - Episode 61 seed: 657
2023-09-21 17:28:10,932 - INFO - Episode 61 finished after 231 timesteps
2023-09-21 17:28:15,898 - INFO - Arrived: 1 Broken: 1 Communication: 0.0
2023-09-21 17:28:15,898 - INFO - Episode 62 seed: 258
2023-09-21 17:28:16,465 - INFO - Episode 62 finished after 258 timesteps
2023-09-21 17:28:21,435 - INFO - Arrived: 0 Broken: 2 Communication: 0.0
2023-09-21 17:28:21,435 - INFO - Episode 63 seed: 434
2023-09-21 17:28:21,918 - INFO - Episode 63 finished after 234 timesteps
2023-09-21 17:28:26,891 - INFO - Arrived: 1 Broken: 1 Communication: 0.0
2023-09-21 17:28:26,891 - INFO - Episode 64 seed: 698
2023-09-21 17:28:27,457 - INFO - Episode 64 finished after 256 timesteps
2023-09-21 17:28:32,480 - INFO - Arrived: 0 Broken: 2 Communication: 0.0
2023-09-21 17:28:32,480 - INFO - Episode 65 seed: 160
2023-09-21 17:28:33,031 - INFO - Episode 65 finished after 251 timesteps
2023-09-21 17:28:37,680 - INFO - Arrived: 0 Broken: 2 Communication: 0.0
2023-09-21 17:28:37,680 - INFO - Episode 66 seed: 595
2023-09-21 17:28:38,211 - INFO - Episode 66 finished after 245 timesteps
2023-09-21 17:28:43,293 - INFO - Arrived: 0 Broken: 2 Communication: 0.0
2023-09-21 17:28:43,293 - INFO - Episode 67 seed: 873
2023-09-21 17:28:49,718 - INFO - Arrived: 0 Broken: 1 Communication: 0.0
2023-09-21 17:28:49,719 - INFO - Episode 68 seed: 437
2023-09-21 17:28:56,293 - INFO - Arrived: 1 Broken: 0 Communication: 0.0
2023-09-21 17:28:56,293 - INFO - Episode 69 seed: 262
2023-09-21 17:28:56,979 - INFO - Episode 69 finished after 290 timesteps
2023-09-21 17:29:02,837 - INFO - Arrived: 0 Broken: 2 Communication: 0.0
2023-09-21 17:29:02,837 - INFO - Episode 70 seed: 381
2023-09-21 17:29:09,316 - INFO - Arrived: 0 Broken: 1 Communication: 0.0
2023-09-21 17:29:09,316 - INFO - Episode 71 seed: 792
2023-09-21 17:29:15,901 - INFO - Arrived: 0 Broken: 1 Communication: 0.0
2023-09-21 17:29:15,901 - INFO - Episode 72 seed: 350
2023-09-21 17:29:22,325 - INFO - Arrived: 0 Broken: 0 Communication: 0.0
2023-09-21 17:29:22,325 - INFO - Episode 73 seed: 850
2023-09-21 17:29:28,612 - INFO - Arrived: 0 Broken: 1 Communication: 0.0
2023-09-21 17:29:28,612 - INFO - Episode 74 seed: 798
2023-09-21 17:29:29,238 - INFO - Episode 74 finished after 287 timesteps
2023-09-21 17:29:34,814 - INFO - Arrived: 1 Broken: 1 Communication: 0.0
2023-09-21 17:29:34,814 - INFO - Episode 75 seed: 719
2023-09-21 17:29:41,048 - INFO - Arrived: 0 Broken: 0 Communication: 0.0
2023-09-21 17:29:41,049 - INFO - Episode 76 seed: 942
2023-09-21 17:29:41,598 - INFO - Episode 76 finished after 254 timesteps
2023-09-21 17:29:47,098 - INFO - Arrived: 1 Broken: 1 Communication: 0.0
2023-09-21 17:29:47,099 - INFO - Episode 77 seed: 973
2023-09-21 17:29:47,727 - INFO - Episode 77 finished after 250 timesteps
2023-09-21 17:29:53,339 - INFO - Arrived: 1 Broken: 1 Communication: 0.0
2023-09-21 17:29:53,339 - INFO - Episode 78 seed: 49
2023-09-21 17:29:53,864 - INFO - Episode 78 finished after 254 timesteps
2023-09-21 17:29:59,483 - INFO - Arrived: 1 Broken: 1 Communication: 0.0
2023-09-21 17:29:59,483 - INFO - Episode 79 seed: 922
2023-09-21 17:29:59,956 - INFO - Episode 79 finished after 226 timesteps
2023-09-21 17:30:05,609 - INFO - Arrived: 1 Broken: 1 Communication: 0.0
2023-09-21 17:30:05,609 - INFO - Episode 80 seed: 404
2023-09-21 17:30:06,162 - INFO - Episode 80 finished after 254 timesteps
2023-09-21 17:30:11,736 - INFO - Arrived: 1 Broken: 1 Communication: 0.0
2023-09-21 17:30:11,737 - INFO - Episode 81 seed: 93
2023-09-21 17:30:12,288 - INFO - Episode 81 finished after 261 timesteps
2023-09-21 17:30:17,921 - INFO - Arrived: 1 Broken: 1 Communication: 0.0
2023-09-21 17:30:17,922 - INFO - Episode 82 seed: 869
2023-09-21 17:30:18,477 - INFO - Episode 82 finished after 258 timesteps
2023-09-21 17:30:24,073 - INFO - Arrived: 1 Broken: 1 Communication: 0.0
2023-09-21 17:30:24,073 - INFO - Episode 83 seed: 440
2023-09-21 17:30:24,683 - INFO - Episode 83 finished after 238 timesteps
2023-09-21 17:30:30,378 - INFO - Arrived: 1 Broken: 1 Communication: 0.0
2023-09-21 17:30:30,378 - INFO - Episode 84 seed: 120
2023-09-21 17:30:30,885 - INFO - Episode 84 finished after 242 timesteps
2023-09-21 17:30:36,505 - INFO - Arrived: 1 Broken: 1 Communication: 0.0
2023-09-21 17:30:36,505 - INFO - Episode 85 seed: 455
2023-09-21 17:30:36,978 - INFO - Episode 85 finished after 230 timesteps
2023-09-21 17:30:42,539 - INFO - Arrived: 1 Broken: 1 Communication: 0.0
2023-09-21 17:30:42,539 - INFO - Episode 86 seed: 779
2023-09-21 17:30:43,072 - INFO - Episode 86 finished after 249 timesteps
2023-09-21 17:30:48,642 - INFO - Arrived: 1 Broken: 1 Communication: 0.0
2023-09-21 17:30:48,642 - INFO - Episode 87 seed: 478
2023-09-21 17:30:49,192 - INFO - Episode 87 finished after 256 timesteps
2023-09-21 17:30:54,819 - INFO - Arrived: 0 Broken: 2 Communication: 0.0
2023-09-21 17:30:54,819 - INFO - Episode 88 seed: 585
2023-09-21 17:30:55,390 - INFO - Episode 88 finished after 266 timesteps
2023-09-21 17:31:00,939 - INFO - Arrived: 0 Broken: 2 Communication: 0.0
2023-09-21 17:31:00,939 - INFO - Episode 89 seed: 268
2023-09-21 17:31:01,457 - INFO - Episode 89 finished after 240 timesteps
2023-09-21 17:31:07,200 - INFO - Arrived: 1 Broken: 1 Communication: 0.0
2023-09-21 17:31:07,200 - INFO - Episode 90 seed: 108
2023-09-21 17:31:07,730 - INFO - Episode 90 finished after 242 timesteps
2023-09-21 17:31:13,302 - INFO - Arrived: 1 Broken: 1 Communication: 0.0
2023-09-21 17:31:13,302 - INFO - Episode 91 seed: 202
2023-09-21 17:31:13,861 - INFO - Episode 91 finished after 260 timesteps
2023-09-21 17:31:19,515 - INFO - Arrived: 0 Broken: 2 Communication: 0.0
2023-09-21 17:31:19,516 - INFO - Episode 92 seed: 673
2023-09-21 17:31:20,085 - INFO - Episode 92 finished after 245 timesteps
2023-09-21 17:31:25,720 - INFO - Arrived: 1 Broken: 1 Communication: 0.0
2023-09-21 17:31:25,720 - INFO - Episode 93 seed: 605
2023-09-21 17:31:26,236 - INFO - Episode 93 finished after 243 timesteps
2023-09-21 17:31:31,823 - INFO - Arrived: 1 Broken: 1 Communication: 0.0
2023-09-21 17:31:31,823 - INFO - Episode 94 seed: 740
2023-09-21 17:31:32,345 - INFO - Episode 94 finished after 251 timesteps
2023-09-21 17:31:37,737 - INFO - Arrived: 0 Broken: 2 Communication: 0.0
2023-09-21 17:31:37,737 - INFO - Episode 95 seed: 771
2023-09-21 17:31:38,291 - INFO - Episode 95 finished after 252 timesteps
2023-09-21 17:31:43,969 - INFO - Arrived: 0 Broken: 2 Communication: 0.0
2023-09-21 17:31:43,970 - INFO - Episode 96 seed: 678
2023-09-21 17:31:44,523 - INFO - Episode 96 finished after 256 timesteps
2023-09-21 17:31:50,125 - INFO - Arrived: 0 Broken: 2 Communication: 0.0
2023-09-21 17:31:50,125 - INFO - Episode 97 seed: 552
2023-09-21 17:31:50,670 - INFO - Episode 97 finished after 253 timesteps
2023-09-21 17:31:56,294 - INFO - Arrived: 1 Broken: 1 Communication: 0.0
2023-09-21 17:31:56,294 - INFO - Episode 98 seed: 434
2023-09-21 17:31:56,804 - INFO - Episode 98 finished after 239 timesteps
2023-09-21 17:32:02,427 - INFO - Arrived: 1 Broken: 1 Communication: 0.0
2023-09-21 17:32:02,427 - INFO - Episode 99 seed: 167
2023-09-21 17:32:02,986 - INFO - Episode 99 finished after 259 timesteps
2023-09-21 17:32:08,570 - INFO - Arrived: 0 Broken: 2 Communication: 0.0
2023-09-21 17:32:08,570 - INFO - Episode 100 seed: 816
2023-09-21 17:32:09,107 - INFO - Episode 100 finished after 250 timesteps
2023-09-21 17:32:14,771 - INFO - Arrived: 1 Broken: 1 Communication: 0.0
2023-09-21 17:32:14,771 - INFO - Episode 101 seed: 363
2023-09-21 17:32:15,290 - INFO - Episode 101 finished after 247 timesteps
2023-09-21 17:32:20,932 - INFO - Arrived: 0 Broken: 2 Communication: 0.0
2023-09-21 17:32:20,932 - INFO - Episode 102 seed: 454
2023-09-21 17:32:21,474 - INFO - Episode 102 finished after 255 timesteps
2023-09-21 17:32:27,269 - INFO - Arrived: 0 Broken: 2 Communication: 0.0
2023-09-21 17:32:27,269 - INFO - Episode 103 seed: 819
2023-09-21 17:32:27,812 - INFO - Episode 103 finished after 246 timesteps
2023-09-21 17:32:33,491 - INFO - Arrived: 1 Broken: 1 Communication: 0.0
2023-09-21 17:32:33,491 - INFO - Episode 104 seed: 790
2023-09-21 17:32:34,010 - INFO - Episode 104 finished after 230 timesteps
2023-09-21 17:32:39,786 - INFO - Arrived: 1 Broken: 1 Communication: 0.0
2023-09-21 17:32:39,786 - INFO - Episode 105 seed: 977
2023-09-21 17:32:40,239 - INFO - Episode 105 finished after 222 timesteps
2023-09-21 17:32:45,719 - INFO - Arrived: 1 Broken: 1 Communication: 0.0
2023-09-21 17:32:45,719 - INFO - Episode 106 seed: 461
2023-09-21 17:32:46,258 - INFO - Episode 106 finished after 246 timesteps
2023-09-21 17:32:51,976 - INFO - Arrived: 1 Broken: 1 Communication: 0.0
2023-09-21 17:32:51,976 - INFO - Episode 107 seed: 967
2023-09-21 17:32:52,541 - INFO - Episode 107 finished after 261 timesteps
2023-09-21 17:32:57,312 - INFO - Arrived: 1 Broken: 1 Communication: 0.0
2023-09-21 17:32:57,312 - INFO - Episode 108 seed: 169
2023-09-21 17:32:57,830 - INFO - Episode 108 finished after 246 timesteps
2023-09-21 17:33:02,458 - INFO - Arrived: 1 Broken: 1 Communication: 0.0
2023-09-21 17:33:02,458 - INFO - Episode 109 seed: 937
2023-09-21 17:33:03,041 - INFO - Episode 109 finished after 270 timesteps
2023-09-21 17:33:08,019 - INFO - Arrived: 1 Broken: 1 Communication: 0.0
2023-09-21 17:33:08,019 - INFO - Episode 110 seed: 428
2023-09-21 17:33:08,570 - INFO - Episode 110 finished after 256 timesteps
2023-09-21 17:33:13,461 - INFO - Arrived: 1 Broken: 1 Communication: 0.0
2023-09-21 17:33:13,461 - INFO - Episode 111 seed: 473
2023-09-21 17:33:14,017 - INFO - Episode 111 finished after 261 timesteps
2023-09-21 17:33:18,853 - INFO - Arrived: 0 Broken: 2 Communication: 0.0
2023-09-21 17:33:18,853 - INFO - Episode 112 seed: 313
2023-09-21 17:33:19,332 - INFO - Episode 112 finished after 230 timesteps
2023-09-21 17:33:24,181 - INFO - Arrived: 1 Broken: 1 Communication: 0.0
2023-09-21 17:33:24,181 - INFO - Episode 113 seed: 352
2023-09-21 17:33:24,284 - INFO - Episode 113 finished after 53 timesteps
2023-09-21 17:33:29,459 - INFO - Arrived: 2 Broken: 0 Communication: 0.0
2023-09-21 17:33:29,460 - INFO - Episode 114 seed: 883
2023-09-21 17:33:29,993 - INFO - Episode 114 finished after 249 timesteps
2023-09-21 17:33:34,992 - INFO - Arrived: 0 Broken: 2 Communication: 0.0
2023-09-21 17:33:34,992 - INFO - Episode 115 seed: 122
2023-09-21 17:33:35,535 - INFO - Episode 115 finished after 257 timesteps
2023-09-21 17:33:40,567 - INFO - Arrived: 1 Broken: 1 Communication: 0.0
2023-09-21 17:33:40,567 - INFO - Episode 116 seed: 772
2023-09-21 17:33:41,063 - INFO - Episode 116 finished after 238 timesteps
2023-09-21 17:33:46,051 - INFO - Arrived: 1 Broken: 1 Communication: 0.0
2023-09-21 17:33:46,051 - INFO - Episode 117 seed: 277
2023-09-21 17:33:46,592 - INFO - Episode 117 finished after 253 timesteps
2023-09-21 17:33:51,633 - INFO - Arrived: 1 Broken: 1 Communication: 0.0
2023-09-21 17:33:51,634 - INFO - Episode 118 seed: 996
2023-09-21 17:33:52,165 - INFO - Episode 118 finished after 251 timesteps
2023-09-21 17:33:57,153 - INFO - Arrived: 0 Broken: 2 Communication: 0.0
2023-09-21 17:33:57,154 - INFO - Episode 119 seed: 309
2023-09-21 17:33:57,337 - INFO - Episode 119 finished after 94 timesteps
2023-09-21 17:34:02,400 - INFO - Arrived: 2 Broken: 0 Communication: 0.0
2023-09-21 17:34:02,400 - INFO - Episode 120 seed: 8
2023-09-21 17:34:02,936 - INFO - Episode 120 finished after 254 timesteps
2023-09-21 17:34:08,073 - INFO - Arrived: 0 Broken: 2 Communication: 0.0
2023-09-21 17:34:08,073 - INFO - Episode 121 seed: 683
2023-09-21 17:34:08,591 - INFO - Episode 121 finished after 249 timesteps
2023-09-21 17:34:13,421 - INFO - Arrived: 1 Broken: 1 Communication: 0.0
2023-09-21 17:34:13,421 - INFO - Episode 122 seed: 739
2023-09-21 17:34:13,942 - INFO - Episode 122 finished after 243 timesteps
2023-09-21 17:34:18,910 - INFO - Arrived: 1 Broken: 1 Communication: 0.0
2023-09-21 17:34:18,911 - INFO - Episode 123 seed: 106
2023-09-21 17:34:19,429 - INFO - Episode 123 finished after 246 timesteps
2023-09-21 17:34:24,436 - INFO - Arrived: 1 Broken: 1 Communication: 0.0
2023-09-21 17:34:24,436 - INFO - Episode 124 seed: 104
2023-09-21 17:34:24,973 - INFO - Episode 124 finished after 244 timesteps
2023-09-21 17:34:30,201 - INFO - Arrived: 0 Broken: 2 Communication: 0.0
2023-09-21 17:34:30,202 - INFO - Episode 125 seed: 491
2023-09-21 17:34:30,742 - INFO - Episode 125 finished after 251 timesteps
2023-09-21 17:34:35,866 - INFO - Arrived: 0 Broken: 2 Communication: 0.0
2023-09-21 17:34:35,866 - INFO - Episode 126 seed: 496
2023-09-21 17:34:36,471 - INFO - Episode 126 finished after 280 timesteps
2023-09-21 17:34:41,496 - INFO - Arrived: 0 Broken: 2 Communication: 0.0
2023-09-21 17:34:41,496 - INFO - Episode 127 seed: 60
2023-09-21 17:34:42,007 - INFO - Episode 127 finished after 238 timesteps
2023-09-21 17:34:47,212 - INFO - Arrived: 0 Broken: 2 Communication: 0.0
2023-09-21 17:34:47,213 - INFO - Episode 128 seed: 144
2023-09-21 17:34:47,763 - INFO - Episode 128 finished after 252 timesteps
2023-09-21 17:34:53,343 - INFO - Arrived: 1 Broken: 1 Communication: 0.0
2023-09-21 17:34:53,343 - INFO - Episode 129 seed: 773
2023-09-21 17:34:53,639 - INFO - Episode 129 finished after 143 timesteps
2023-09-21 17:34:58,599 - INFO - Arrived: 2 Broken: 0 Communication: 0.0
2023-09-21 17:34:58,599 - INFO - Episode 130 seed: 960
2023-09-21 17:34:59,031 - INFO - Episode 130 finished after 211 timesteps
2023-09-21 17:35:04,672 - INFO - Arrived: 1 Broken: 1 Communication: 0.0
2023-09-21 17:35:04,673 - INFO - Episode 131 seed: 338
2023-09-21 17:35:05,202 - INFO - Episode 131 finished after 239 timesteps
2023-09-21 17:35:10,972 - INFO - Arrived: 0 Broken: 2 Communication: 0.0
2023-09-21 17:35:10,972 - INFO - Episode 132 seed: 340
2023-09-21 17:35:11,555 - INFO - Episode 132 finished after 261 timesteps
2023-09-21 17:35:16,705 - INFO - Arrived: 0 Broken: 2 Communication: 0.0
2023-09-21 17:35:16,705 - INFO - Episode 133 seed: 88
2023-09-21 17:35:17,284 - INFO - Episode 133 finished after 264 timesteps
2023-09-21 17:35:22,881 - INFO - Arrived: 0 Broken: 2 Communication: 0.0
2023-09-21 17:35:22,881 - INFO - Episode 134 seed: 38
2023-09-21 17:35:23,440 - INFO - Episode 134 finished after 262 timesteps
2023-09-21 17:35:29,249 - INFO - Arrived: 0 Broken: 2 Communication: 0.0
2023-09-21 17:35:29,249 - INFO - Episode 135 seed: 682
2023-09-21 17:35:29,828 - INFO - Episode 135 finished after 251 timesteps
2023-09-21 17:35:35,421 - INFO - Arrived: 0 Broken: 2 Communication: 0.0
2023-09-21 17:35:35,421 - INFO - Episode 136 seed: 18
2023-09-21 17:35:35,970 - INFO - Episode 136 finished after 239 timesteps
2023-09-21 17:35:41,460 - INFO - Arrived: 1 Broken: 1 Communication: 0.0
2023-09-21 17:35:41,460 - INFO - Episode 137 seed: 843
2023-09-21 17:35:42,027 - INFO - Episode 137 finished after 256 timesteps
2023-09-21 17:35:47,747 - INFO - Arrived: 1 Broken: 1 Communication: 0.0
2023-09-21 17:35:47,748 - INFO - Episode 138 seed: 277
2023-09-21 17:35:48,273 - INFO - Episode 138 finished after 237 timesteps
2023-09-21 17:35:54,187 - INFO - Arrived: 1 Broken: 1 Communication: 0.0
2023-09-21 17:35:54,187 - INFO - Episode 139 seed: 744
2023-09-21 17:35:54,668 - INFO - Episode 139 finished after 245 timesteps
2023-09-21 17:35:59,774 - INFO - Arrived: 0 Broken: 2 Communication: 0.0
2023-09-21 17:35:59,775 - INFO - Episode 140 seed: 924
2023-09-21 17:36:00,177 - INFO - Episode 140 finished after 190 timesteps
2023-09-21 17:36:05,673 - INFO - Arrived: 1 Broken: 1 Communication: 0.0
2023-09-21 17:36:05,673 - INFO - Episode 141 seed: 25
2023-09-21 17:36:06,214 - INFO - Episode 141 finished after 254 timesteps
2023-09-21 17:36:11,660 - INFO - Arrived: 0 Broken: 2 Communication: 0.0
2023-09-21 17:36:11,660 - INFO - Episode 142 seed: 900
2023-09-21 17:36:11,815 - INFO - Episode 142 finished after 79 timesteps
2023-09-21 17:36:17,807 - INFO - Arrived: 2 Broken: 0 Communication: 0.0
2023-09-21 17:36:17,807 - INFO - Episode 143 seed: 196
2023-09-21 17:36:18,275 - INFO - Episode 143 finished after 243 timesteps
2023-09-21 17:36:23,538 - INFO - Arrived: 1 Broken: 1 Communication: 0.0
2023-09-21 17:36:23,539 - INFO - Episode 144 seed: 670
2023-09-21 17:36:24,061 - INFO - Episode 144 finished after 263 timesteps
2023-09-21 17:36:29,209 - INFO - Arrived: 0 Broken: 2 Communication: 0.0
2023-09-21 17:36:29,209 - INFO - Episode 145 seed: 616
2023-09-21 17:36:29,741 - INFO - Episode 145 finished after 259 timesteps
2023-09-21 17:36:35,586 - INFO - Arrived: 0 Broken: 2 Communication: 0.0
2023-09-21 17:36:35,587 - INFO - Episode 146 seed: 334
2023-09-21 17:36:36,259 - INFO - Episode 146 finished after 272 timesteps
2023-09-21 17:36:41,506 - INFO - Arrived: 0 Broken: 2 Communication: 0.0
2023-09-21 17:36:41,507 - INFO - Episode 147 seed: 5
2023-09-21 17:36:42,133 - INFO - Episode 147 finished after 264 timesteps
