2023-09-17 20:53:03,485 - INFO - 

learning_rate:0.001
gamma:0.9
tau:0.01
hsRNN:64
hsMixing:64
hsHyper:64
replace_cycle:500
agent_num:2
obs_size:21
msg_size:27
com_size:32
com_mode:3
state_size:42
action_size:6
epoch:1
buffer_size:12
batch_size:6
seq_len:100
episode:1000
timestep:300
view_range:1
report_cycle:1
comm_cycle:1
row:8
col:8
height:3
risklevel:0.1
AoI_limit:3

2023-09-17 20:53:04,476 - INFO - 
Map size: 8 * 8 * 3 
At height 1 
[1, 4] [0, 2] [6, 5] is dangerous
At height 2 
[2, 5] [2, 3] [4, 2] is dangerous
UAVs are at:
[5, 5, 1] [3, 3, 1] 
Dest are at:
[0, 0] [0, 7] 
2023-09-17 20:53:04,483 - INFO - Episode 0 seed: 71
2023-09-17 20:53:17,691 - INFO - Arrived: 0 Broken: 0 Communication: 0.0
2023-09-17 20:53:17,696 - INFO - Episode 1 seed: 923
2023-09-17 20:53:32,364 - INFO - Arrived: 0 Broken: 0 Communication: 0.0
2023-09-17 20:53:32,365 - INFO - Episode 2 seed: 552
2023-09-17 20:53:46,948 - INFO - Arrived: 0 Broken: 0 Communication: 0.0
2023-09-17 20:53:46,949 - INFO - Episode 3 seed: 174
2023-09-17 20:54:01,131 - INFO - Arrived: 0 Broken: 0 Communication: 0.0
2023-09-17 20:54:01,131 - INFO - Episode 4 seed: 726
2023-09-17 20:54:14,854 - INFO - Arrived: 0 Broken: 0 Communication: 0.0
2023-09-17 20:54:14,855 - INFO - Episode 5 seed: 118
2023-09-17 20:54:29,185 - INFO - Arrived: 0 Broken: 0 Communication: 0.0
2023-09-17 20:54:29,185 - INFO - Episode 6 seed: 478
2023-09-17 20:54:43,529 - INFO - Arrived: 0 Broken: 0 Communication: 0.0
2023-09-17 20:54:43,530 - INFO - Episode 7 seed: 430
2023-09-17 20:54:57,793 - INFO - Arrived: 0 Broken: 0 Communication: 0.0
2023-09-17 20:54:57,794 - INFO - Episode 8 seed: 267
2023-09-17 20:55:12,079 - INFO - Arrived: 0 Broken: 0 Communication: 0.0
2023-09-17 20:55:12,079 - INFO - Episode 9 seed: 572
2023-09-17 20:55:27,120 - INFO - Arrived: 0 Broken: 0 Communication: 0.0
2023-09-17 20:55:27,120 - INFO - Episode 10 seed: 943
2023-09-17 20:55:41,921 - INFO - Arrived: 0 Broken: 0 Communication: 0.0
2023-09-17 20:55:41,921 - INFO - Episode 11 seed: 900
2023-09-17 20:55:56,467 - INFO - Arrived: 0 Broken: 0 Communication: 0.0
2023-09-17 20:55:56,467 - INFO - Episode 12 seed: 824
2023-09-17 20:56:10,279 - INFO - Arrived: 0 Broken: 0 Communication: 0.0
2023-09-17 20:56:10,279 - INFO - Episode 13 seed: 764
2023-09-17 20:56:24,411 - INFO - Arrived: 0 Broken: 0 Communication: 0.0
2023-09-17 20:56:24,411 - INFO - Episode 14 seed: 853
2023-09-17 20:56:38,773 - INFO - Arrived: 0 Broken: 0 Communication: 0.0
2023-09-17 20:56:38,773 - INFO - Episode 15 seed: 80
2023-09-17 20:56:53,559 - INFO - Arrived: 0 Broken: 0 Communication: 0.0
2023-09-17 20:56:53,560 - INFO - Episode 16 seed: 128
2023-09-17 20:57:08,149 - INFO - Arrived: 0 Broken: 0 Communication: 0.0
2023-09-17 20:57:08,149 - INFO - Episode 17 seed: 235
2023-09-17 20:57:22,745 - INFO - Arrived: 0 Broken: 1 Communication: 0.0
2023-09-17 20:57:22,745 - INFO - Episode 18 seed: 179
2023-09-17 20:57:36,951 - INFO - Arrived: 0 Broken: 0 Communication: 0.0
2023-09-17 20:57:36,951 - INFO - Episode 19 seed: 535
2023-09-17 20:57:51,955 - INFO - Arrived: 0 Broken: 0 Communication: 0.0
2023-09-17 20:57:51,955 - INFO - Episode 20 seed: 820
2023-09-17 20:58:06,432 - INFO - Arrived: 0 Broken: 0 Communication: 0.0
2023-09-17 20:58:06,432 - INFO - Episode 21 seed: 908
2023-09-17 20:58:18,409 - INFO - Arrived: 0 Broken: 0 Communication: 0.0
2023-09-17 20:58:18,409 - INFO - Episode 22 seed: 669
2023-09-17 20:58:32,681 - INFO - Arrived: 0 Broken: 0 Communication: 0.0
2023-09-17 20:58:32,682 - INFO - Episode 23 seed: 666
2023-09-17 20:58:47,189 - INFO - Arrived: 0 Broken: 0 Communication: 0.0
2023-09-17 20:58:47,189 - INFO - Episode 24 seed: 9
2023-09-17 20:59:01,505 - INFO - Arrived: 0 Broken: 0 Communication: 0.0
2023-09-17 20:59:01,505 - INFO - Episode 25 seed: 442
