2023-09-17 21:13:52,673 - INFO - 

learning_rate:0.001
gamma:0.9
tau:0.01
hsRNN:64
hsMixing:64
hsHyper:64
replace_cycle:500
agent_num:2
obs_size:21
msg_size:27
com_size:32
com_mode:3
state_size:42
action_size:6
epoch:1
buffer_size:12
batch_size:6
seq_len:100
episode:1000
timestep:300
view_range:1
report_cycle:1
comm_cycle:1
row:8
col:8
height:3
risklevel:0.1
AoI_limit:3

2023-09-17 21:13:53,612 - INFO - 
Map size: 8 * 8 * 3 
At height 1 
[0, 4] [3, 7] [4, 7] is dangerous
At height 2 
[3, 5] [1, 2] [0, 5] is dangerous
UAVs are at:
[5, 5, 1] [3, 3, 1] 
Dest are at:
[0, 0] [0, 7] 
2023-09-17 21:13:53,619 - INFO - Episode 0 seed: 573
2023-09-17 21:14:06,360 - INFO - Arrived: 0 Broken: 0 Communication: 0.0
2023-09-17 21:14:06,361 - INFO - Episode 1 seed: 805
2023-09-17 21:14:20,093 - INFO - Arrived: 0 Broken: 0 Communication: 0.0
2023-09-17 21:14:20,093 - INFO - Episode 2 seed: 988
2023-09-17 21:14:34,401 - INFO - Arrived: 0 Broken: 0 Communication: 0.0
2023-09-17 21:14:34,401 - INFO - Episode 3 seed: 849
2023-09-17 21:14:46,710 - INFO - Arrived: 0 Broken: 0 Communication: 0.0
2023-09-17 21:14:46,711 - INFO - Episode 4 seed: 386
2023-09-17 21:15:00,581 - INFO - Arrived: 0 Broken: 0 Communication: 0.0
2023-09-17 21:15:00,582 - INFO - Episode 5 seed: 396
