2023-09-21 22:56:05,269 - INFO - 

learning_rate:0.001
gamma:0.8
tau:0.01
hsRNN:64
hsMixing:64
hsHyper:64
replace_cycle:500
agent_num:2
obs_size:21
msg_size:27
com_size:32
com_mode:3
state_size:42
action_size:6
q_mode:0
epoch:1
buffer_size:32
batch_size:32
seq_len:100
episode:3000
timestep:300
view_range:1
report_cycle:1
comm_cycle:1
row:8
col:8
height:3
risklevel:0.1
AoI_limit:3

2023-09-21 22:56:06,247 - INFO - 
Map size: 8 * 8 * 3 
At height 1 
[2, 4] [4, 3] [2, 6] is dangerous
At height 2 
[4, 0] [2, 1] [2, 0] is dangerous
UAVs are at:
[3, 5, 1] [3, 3, 1] 
Dest are at:
[0, 7] [7, 0] 
2023-09-21 22:56:06,252 - INFO - Episode 0 seed: 251
2023-09-21 22:56:07,330 - INFO - Episode 0 finished after 240 timesteps
2023-09-21 22:56:09,770 - INFO - Arrived: 0 Broken: 2 Communication: 0.0
2023-09-21 22:56:09,770 - INFO - Episode 1 seed: 392
2023-09-21 22:56:10,090 - INFO - Episode 1 finished after 253 timesteps
2023-09-21 22:56:12,705 - INFO - Arrived: 0 Broken: 2 Communication: 0.0
2023-09-21 22:56:12,705 - INFO - Episode 2 seed: 747
2023-09-21 22:56:13,147 - INFO - Episode 2 finished after 249 timesteps
2023-09-21 22:56:17,143 - INFO - Arrived: 1 Broken: 1 Communication: 0.0
2023-09-21 22:56:17,143 - INFO - Episode 3 seed: 736
2023-09-21 22:56:17,753 - INFO - Episode 3 finished after 249 timesteps
2023-09-21 22:56:21,468 - INFO - Arrived: 1 Broken: 1 Communication: 0.0
2023-09-21 22:56:21,468 - INFO - Episode 4 seed: 373
2023-09-21 22:56:22,059 - INFO - Episode 4 finished after 255 timesteps
2023-09-21 22:56:25,145 - INFO - Arrived: 1 Broken: 1 Communication: 0.0
2023-09-21 22:56:25,145 - INFO - Episode 5 seed: 18
2023-09-21 22:56:25,470 - INFO - Episode 5 finished after 254 timesteps
2023-09-21 22:56:28,668 - INFO - Arrived: 0 Broken: 2 Communication: 0.0
2023-09-21 22:56:28,668 - INFO - Episode 6 seed: 759
2023-09-21 22:56:29,172 - INFO - Episode 6 finished after 229 timesteps
2023-09-21 22:56:32,948 - INFO - Arrived: 1 Broken: 1 Communication: 0.0
2023-09-21 22:56:32,948 - INFO - Episode 7 seed: 256
2023-09-21 22:56:33,281 - INFO - Episode 7 finished after 256 timesteps
2023-09-21 22:56:36,617 - INFO - Arrived: 1 Broken: 1 Communication: 0.0
2023-09-21 22:56:36,617 - INFO - Episode 8 seed: 242
2023-09-21 22:56:37,088 - INFO - Episode 8 finished after 254 timesteps
2023-09-21 22:56:40,775 - INFO - Arrived: 1 Broken: 1 Communication: 0.0
2023-09-21 22:56:40,776 - INFO - Episode 9 seed: 811
2023-09-21 22:56:41,377 - INFO - Episode 9 finished after 254 timesteps
2023-09-21 22:56:44,939 - INFO - Arrived: 1 Broken: 1 Communication: 0.0
2023-09-21 22:56:44,939 - INFO - Episode 10 seed: 725
2023-09-21 22:56:45,430 - INFO - Episode 10 finished after 259 timesteps
2023-09-21 22:56:49,278 - INFO - Arrived: 0 Broken: 2 Communication: 0.0
2023-09-21 22:56:49,278 - INFO - Episode 11 seed: 983
2023-09-21 22:56:49,702 - INFO - Episode 11 finished after 240 timesteps
2023-09-21 22:56:53,508 - INFO - Arrived: 0 Broken: 2 Communication: 0.0
2023-09-21 22:56:53,508 - INFO - Episode 12 seed: 25
2023-09-21 22:56:53,780 - INFO - Episode 12 finished after 234 timesteps
2023-09-21 22:56:57,061 - INFO - Arrived: 1 Broken: 1 Communication: 0.0
2023-09-21 22:56:57,061 - INFO - Episode 13 seed: 465
2023-09-21 22:56:57,660 - INFO - Episode 13 finished after 246 timesteps
2023-09-21 22:57:01,037 - INFO - Arrived: 0 Broken: 2 Communication: 0.0
2023-09-21 22:57:01,037 - INFO - Episode 14 seed: 349
2023-09-21 22:57:01,335 - INFO - Episode 14 finished after 239 timesteps
2023-09-21 22:57:04,784 - INFO - Arrived: 1 Broken: 1 Communication: 0.0
2023-09-21 22:57:04,784 - INFO - Episode 15 seed: 373
2023-09-21 22:57:05,190 - INFO - Episode 15 finished after 231 timesteps
2023-09-21 22:57:09,116 - INFO - Arrived: 0 Broken: 2 Communication: 0.0
2023-09-21 22:57:09,116 - INFO - Episode 16 seed: 961
2023-09-21 22:57:09,561 - INFO - Episode 16 finished after 241 timesteps
2023-09-21 22:57:14,004 - INFO - Arrived: 0 Broken: 2 Communication: 0.0
2023-09-21 22:57:14,004 - INFO - Episode 17 seed: 18
2023-09-21 22:57:14,494 - INFO - Episode 17 finished after 238 timesteps
2023-09-21 22:57:18,686 - INFO - Arrived: 0 Broken: 2 Communication: 0.0
2023-09-21 22:57:18,686 - INFO - Episode 18 seed: 808
2023-09-21 22:57:19,119 - INFO - Episode 18 finished after 239 timesteps
2023-09-21 22:57:23,452 - INFO - Arrived: 0 Broken: 2 Communication: 0.0
2023-09-21 22:57:23,452 - INFO - Episode 19 seed: 351
2023-09-21 22:57:23,941 - INFO - Episode 19 finished after 245 timesteps
2023-09-21 22:57:28,163 - INFO - Arrived: 0 Broken: 2 Communication: 0.0
2023-09-21 22:57:28,163 - INFO - Episode 20 seed: 158
2023-09-21 22:57:28,451 - INFO - Episode 20 finished after 229 timesteps
2023-09-21 22:57:31,632 - INFO - Arrived: 1 Broken: 1 Communication: 0.0
2023-09-21 22:57:31,633 - INFO - Episode 21 seed: 176
2023-09-21 22:57:32,112 - INFO - Episode 21 finished after 260 timesteps
2023-09-21 22:57:36,147 - INFO - Arrived: 0 Broken: 2 Communication: 0.0
2023-09-21 22:57:36,147 - INFO - Episode 22 seed: 363
2023-09-21 22:57:36,639 - INFO - Episode 22 finished after 252 timesteps
2023-09-21 22:57:40,909 - INFO - Arrived: 0 Broken: 2 Communication: 0.0
2023-09-21 22:57:40,909 - INFO - Episode 23 seed: 951
2023-09-21 22:57:41,403 - INFO - Episode 23 finished after 248 timesteps
2023-09-21 22:57:45,874 - INFO - Arrived: 1 Broken: 1 Communication: 0.0
2023-09-21 22:57:45,875 - INFO - Episode 24 seed: 252
2023-09-21 22:57:46,405 - INFO - Episode 24 finished after 250 timesteps
2023-09-21 22:57:50,950 - INFO - Arrived: 1 Broken: 1 Communication: 0.0
2023-09-21 22:57:50,951 - INFO - Episode 25 seed: 51
2023-09-21 22:57:51,553 - INFO - Episode 25 finished after 247 timesteps
2023-09-21 22:57:55,926 - INFO - Arrived: 0 Broken: 2 Communication: 0.0
2023-09-21 22:57:55,926 - INFO - Episode 26 seed: 873
2023-09-21 22:57:56,551 - INFO - Episode 26 finished after 261 timesteps
2023-09-21 22:58:00,614 - INFO - Arrived: 0 Broken: 2 Communication: 0.0
2023-09-21 22:58:00,614 - INFO - Episode 27 seed: 571
2023-09-21 22:58:01,168 - INFO - Episode 27 finished after 254 timesteps
2023-09-21 22:58:05,328 - INFO - Arrived: 0 Broken: 2 Communication: 0.0
2023-09-21 22:58:05,328 - INFO - Episode 28 seed: 449
2023-09-21 22:58:05,850 - INFO - Episode 28 finished after 261 timesteps
2023-09-21 22:58:10,237 - INFO - Arrived: 0 Broken: 2 Communication: 0.0
2023-09-21 22:58:10,238 - INFO - Episode 29 seed: 659
2023-09-21 22:58:10,710 - INFO - Episode 29 finished after 237 timesteps
2023-09-21 22:58:15,072 - INFO - Arrived: 1 Broken: 1 Communication: 0.0
2023-09-21 22:58:15,072 - INFO - Episode 30 seed: 41
2023-09-21 22:58:15,585 - INFO - Episode 30 finished after 244 timesteps
2023-09-21 22:58:20,071 - INFO - Arrived: 0 Broken: 2 Communication: 0.0
2023-09-21 22:58:20,071 - INFO - Episode 31 seed: 67
2023-09-21 22:58:20,593 - INFO - Episode 31 finished after 263 timesteps
2023-09-21 22:58:25,207 - INFO - Arrived: 0 Broken: 2 Communication: 0.0
2023-09-21 22:58:25,208 - INFO - Episode 32 seed: 786
2023-09-21 22:58:25,682 - INFO - Episode 32 finished after 254 timesteps
2023-09-21 22:58:30,236 - INFO - Arrived: 1 Broken: 1 Communication: 0.0
2023-09-21 22:58:30,237 - INFO - Episode 33 seed: 469
2023-09-21 22:58:30,708 - INFO - Episode 33 finished after 262 timesteps
2023-09-21 22:58:35,135 - INFO - Arrived: 0 Broken: 2 Communication: 0.0
2023-09-21 22:58:35,135 - INFO - Episode 34 seed: 632
2023-09-21 22:58:35,612 - INFO - Episode 34 finished after 262 timesteps
2023-09-21 22:58:39,943 - INFO - Arrived: 0 Broken: 2 Communication: 0.0
2023-09-21 22:58:39,944 - INFO - Episode 35 seed: 75
2023-09-21 22:58:40,407 - INFO - Episode 35 finished after 255 timesteps
2023-09-21 22:58:44,790 - INFO - Arrived: 0 Broken: 2 Communication: 0.0
2023-09-21 22:58:44,790 - INFO - Episode 36 seed: 318
2023-09-21 22:58:45,228 - INFO - Episode 36 finished after 242 timesteps
2023-09-21 22:58:49,599 - INFO - Arrived: 1 Broken: 1 Communication: 0.0
2023-09-21 22:58:49,599 - INFO - Episode 37 seed: 114
2023-09-21 22:58:50,052 - INFO - Episode 37 finished after 239 timesteps
2023-09-21 22:58:54,361 - INFO - Arrived: 0 Broken: 2 Communication: 0.0
2023-09-21 22:58:54,362 - INFO - Episode 38 seed: 570
2023-09-21 22:58:54,821 - INFO - Episode 38 finished after 247 timesteps
2023-09-21 22:58:59,767 - INFO - Arrived: 1 Broken: 1 Communication: 0.0
2023-09-21 22:58:59,768 - INFO - Episode 39 seed: 868
2023-09-21 22:59:00,162 - INFO - Episode 39 finished after 255 timesteps
2023-09-21 22:59:03,160 - INFO - Arrived: 0 Broken: 2 Communication: 0.0
2023-09-21 22:59:03,161 - INFO - Episode 40 seed: 852
2023-09-21 22:59:03,457 - INFO - Episode 40 finished after 248 timesteps
2023-09-21 22:59:07,335 - INFO - Arrived: 0 Broken: 2 Communication: 0.0
2023-09-21 22:59:07,335 - INFO - Episode 41 seed: 338
2023-09-21 22:59:07,798 - INFO - Episode 41 finished after 250 timesteps
2023-09-21 22:59:12,362 - INFO - Arrived: 0 Broken: 2 Communication: 0.0
2023-09-21 22:59:12,362 - INFO - Episode 42 seed: 854
2023-09-21 22:59:12,813 - INFO - Episode 42 finished after 238 timesteps
2023-09-21 22:59:17,713 - INFO - Arrived: 0 Broken: 2 Communication: 0.0
2023-09-21 22:59:17,714 - INFO - Episode 43 seed: 37
2023-09-21 22:59:18,212 - INFO - Episode 43 finished after 262 timesteps
2023-09-21 22:59:23,082 - INFO - Arrived: 1 Broken: 1 Communication: 0.0
2023-09-21 22:59:23,082 - INFO - Episode 44 seed: 588
2023-09-21 22:59:23,600 - INFO - Episode 44 finished after 263 timesteps
2023-09-21 22:59:28,423 - INFO - Arrived: 0 Broken: 2 Communication: 0.0
2023-09-21 22:59:28,423 - INFO - Episode 45 seed: 63
2023-09-21 22:59:28,891 - INFO - Episode 45 finished after 240 timesteps
2023-09-21 22:59:33,768 - INFO - Arrived: 0 Broken: 2 Communication: 0.0
2023-09-21 22:59:33,768 - INFO - Episode 46 seed: 706
2023-09-21 22:59:34,220 - INFO - Episode 46 finished after 242 timesteps
2023-09-21 22:59:38,747 - INFO - Arrived: 0 Broken: 2 Communication: 0.0
2023-09-21 22:59:38,747 - INFO - Episode 47 seed: 712
2023-09-21 22:59:39,208 - INFO - Episode 47 finished after 243 timesteps
2023-09-21 22:59:43,959 - INFO - Arrived: 1 Broken: 1 Communication: 0.0
2023-09-21 22:59:43,959 - INFO - Episode 48 seed: 927
2023-09-21 22:59:44,460 - INFO - Episode 48 finished after 256 timesteps
2023-09-21 22:59:49,349 - INFO - Arrived: 0 Broken: 2 Communication: 0.0
2023-09-21 22:59:49,350 - INFO - Episode 49 seed: 190
2023-09-21 22:59:49,843 - INFO - Episode 49 finished after 236 timesteps
2023-09-21 22:59:54,597 - INFO - Arrived: 0 Broken: 2 Communication: 0.0
2023-09-21 22:59:54,597 - INFO - Episode 50 seed: 976
2023-09-21 22:59:55,083 - INFO - Episode 50 finished after 252 timesteps
2023-09-21 22:59:59,743 - INFO - Arrived: 1 Broken: 1 Communication: 0.0
2023-09-21 22:59:59,743 - INFO - Episode 51 seed: 906
2023-09-21 23:00:00,215 - INFO - Episode 51 finished after 239 timesteps
2023-09-21 23:00:05,088 - INFO - Arrived: 0 Broken: 2 Communication: 0.0
2023-09-21 23:00:05,089 - INFO - Episode 52 seed: 80
2023-09-21 23:00:05,691 - INFO - Episode 52 finished after 256 timesteps
2023-09-21 23:00:10,218 - INFO - Arrived: 0 Broken: 2 Communication: 0.0
2023-09-21 23:00:10,218 - INFO - Episode 53 seed: 740
2023-09-21 23:00:10,692 - INFO - Episode 53 finished after 248 timesteps
2023-09-21 23:00:14,092 - INFO - Arrived: 1 Broken: 1 Communication: 0.0
2023-09-21 23:00:14,092 - INFO - Episode 54 seed: 242
2023-09-21 23:00:14,377 - INFO - Episode 54 finished after 234 timesteps
2023-09-21 23:00:18,389 - INFO - Arrived: 1 Broken: 1 Communication: 0.0
2023-09-21 23:00:18,389 - INFO - Episode 55 seed: 218
2023-09-21 23:00:18,873 - INFO - Episode 55 finished after 248 timesteps
2023-09-21 23:00:23,590 - INFO - Arrived: 0 Broken: 2 Communication: 0.0
2023-09-21 23:00:23,590 - INFO - Episode 56 seed: 347
2023-09-21 23:00:24,121 - INFO - Episode 56 finished after 247 timesteps
2023-09-21 23:00:27,408 - INFO - Arrived: 1 Broken: 1 Communication: 0.0
2023-09-21 23:00:27,408 - INFO - Episode 57 seed: 944
2023-09-21 23:00:27,751 - INFO - Episode 57 finished after 254 timesteps
2023-09-21 23:00:31,112 - INFO - Arrived: 0 Broken: 2 Communication: 0.0
2023-09-21 23:00:31,112 - INFO - Episode 58 seed: 653
2023-09-21 23:00:31,480 - INFO - Episode 58 finished after 245 timesteps
2023-09-21 23:00:35,954 - INFO - Arrived: 0 Broken: 2 Communication: 0.0
2023-09-21 23:00:35,955 - INFO - Episode 59 seed: 981
2023-09-21 23:00:36,432 - INFO - Episode 59 finished after 257 timesteps
2023-09-21 23:00:41,321 - INFO - Arrived: 0 Broken: 2 Communication: 0.0
2023-09-21 23:00:41,321 - INFO - Episode 60 seed: 187
2023-09-21 23:00:41,782 - INFO - Episode 60 finished after 235 timesteps
2023-09-21 23:00:46,701 - INFO - Arrived: 1 Broken: 1 Communication: 0.0
2023-09-21 23:00:46,701 - INFO - Episode 61 seed: 971
2023-09-21 23:00:47,170 - INFO - Episode 61 finished after 246 timesteps
2023-09-21 23:00:52,077 - INFO - Arrived: 1 Broken: 1 Communication: 0.0
2023-09-21 23:00:52,078 - INFO - Episode 62 seed: 633
2023-09-21 23:00:52,542 - INFO - Episode 62 finished after 248 timesteps
2023-09-21 23:00:57,298 - INFO - Arrived: 0 Broken: 2 Communication: 0.0
2023-09-21 23:00:57,298 - INFO - Episode 63 seed: 809
2023-09-21 23:00:57,811 - INFO - Episode 63 finished after 258 timesteps
2023-09-21 23:01:02,691 - INFO - Arrived: 0 Broken: 2 Communication: 0.0
2023-09-21 23:01:02,691 - INFO - Episode 64 seed: 162
2023-09-21 23:01:03,153 - INFO - Episode 64 finished after 244 timesteps
2023-09-21 23:01:08,094 - INFO - Arrived: 0 Broken: 2 Communication: 0.0
2023-09-21 23:01:08,094 - INFO - Episode 65 seed: 446
2023-09-21 23:01:08,508 - INFO - Episode 65 finished after 250 timesteps
2023-09-21 23:01:13,043 - INFO - Arrived: 1 Broken: 1 Communication: 0.0
2023-09-21 23:01:13,043 - INFO - Episode 66 seed: 381
2023-09-21 23:01:13,499 - INFO - Episode 66 finished after 246 timesteps
2023-09-21 23:01:18,410 - INFO - Arrived: 0 Broken: 2 Communication: 0.0
2023-09-21 23:01:18,410 - INFO - Episode 67 seed: 535
2023-09-21 23:01:18,898 - INFO - Episode 67 finished after 251 timesteps
2023-09-21 23:01:23,795 - INFO - Arrived: 0 Broken: 2 Communication: 0.0
2023-09-21 23:01:23,796 - INFO - Episode 68 seed: 556
2023-09-21 23:01:24,289 - INFO - Episode 68 finished after 232 timesteps
2023-09-21 23:01:28,828 - INFO - Arrived: 1 Broken: 1 Communication: 0.0
2023-09-21 23:01:28,828 - INFO - Episode 69 seed: 856
2023-09-21 23:01:29,322 - INFO - Episode 69 finished after 255 timesteps
2023-09-21 23:01:34,231 - INFO - Arrived: 0 Broken: 2 Communication: 0.0
2023-09-21 23:01:34,231 - INFO - Episode 70 seed: 794
2023-09-21 23:01:34,750 - INFO - Episode 70 finished after 244 timesteps
2023-09-21 23:01:39,947 - INFO - Arrived: 0 Broken: 2 Communication: 0.0
2023-09-21 23:01:39,948 - INFO - Episode 71 seed: 834
2023-09-21 23:01:40,462 - INFO - Episode 71 finished after 251 timesteps
2023-09-21 23:01:45,409 - INFO - Arrived: 0 Broken: 2 Communication: 0.0
2023-09-21 23:01:45,409 - INFO - Episode 72 seed: 631
2023-09-21 23:01:45,842 - INFO - Episode 72 finished after 241 timesteps
2023-09-21 23:01:50,163 - INFO - Arrived: 0 Broken: 2 Communication: 0.0
2023-09-21 23:01:50,163 - INFO - Episode 73 seed: 922
2023-09-21 23:01:50,718 - INFO - Episode 73 finished after 237 timesteps
2023-09-21 23:01:55,293 - INFO - Arrived: 1 Broken: 1 Communication: 0.0
2023-09-21 23:01:55,293 - INFO - Episode 74 seed: 415
2023-09-21 23:01:55,740 - INFO - Episode 74 finished after 238 timesteps
2023-09-21 23:02:00,259 - INFO - Arrived: 0 Broken: 2 Communication: 0.0
2023-09-21 23:02:00,259 - INFO - Episode 75 seed: 294
2023-09-21 23:02:00,849 - INFO - Episode 75 finished after 227 timesteps
2023-09-21 23:02:05,178 - INFO - Arrived: 1 Broken: 1 Communication: 0.0
2023-09-21 23:02:05,178 - INFO - Episode 76 seed: 221
2023-09-21 23:02:05,798 - INFO - Episode 76 finished after 244 timesteps
2023-09-21 23:02:10,188 - INFO - Arrived: 0 Broken: 2 Communication: 0.0
2023-09-21 23:02:10,188 - INFO - Episode 77 seed: 362
2023-09-21 23:02:10,660 - INFO - Episode 77 finished after 255 timesteps
2023-09-21 23:02:14,884 - INFO - Arrived: 0 Broken: 2 Communication: 0.0
2023-09-21 23:02:14,884 - INFO - Episode 78 seed: 499
2023-09-21 23:02:15,334 - INFO - Episode 78 finished after 238 timesteps
2023-09-21 23:02:19,787 - INFO - Arrived: 0 Broken: 2 Communication: 0.0
2023-09-21 23:02:19,787 - INFO - Episode 79 seed: 559
2023-09-21 23:02:20,288 - INFO - Episode 79 finished after 230 timesteps
2023-09-21 23:02:25,003 - INFO - Arrived: 1 Broken: 1 Communication: 0.0
2023-09-21 23:02:25,003 - INFO - Episode 80 seed: 964
2023-09-21 23:02:25,453 - INFO - Episode 80 finished after 240 timesteps
2023-09-21 23:02:29,754 - INFO - Arrived: 0 Broken: 2 Communication: 0.0
2023-09-21 23:02:29,754 - INFO - Episode 81 seed: 644
2023-09-21 23:02:30,215 - INFO - Episode 81 finished after 252 timesteps
2023-09-21 23:02:34,106 - INFO - Arrived: 1 Broken: 1 Communication: 0.0
2023-09-21 23:02:34,106 - INFO - Episode 82 seed: 327
2023-09-21 23:02:34,438 - INFO - Episode 82 finished after 235 timesteps
2023-09-21 23:02:38,125 - INFO - Arrived: 0 Broken: 2 Communication: 0.0
2023-09-21 23:02:38,126 - INFO - Episode 83 seed: 612
2023-09-21 23:02:38,628 - INFO - Episode 83 finished after 245 timesteps
2023-09-21 23:02:42,883 - INFO - Arrived: 1 Broken: 1 Communication: 0.0
2023-09-21 23:02:42,883 - INFO - Episode 84 seed: 733
2023-09-21 23:02:43,321 - INFO - Episode 84 finished after 244 timesteps
2023-09-21 23:02:47,021 - INFO - Arrived: 0 Broken: 2 Communication: 0.0
2023-09-21 23:02:47,021 - INFO - Episode 85 seed: 900
2023-09-21 23:02:47,350 - INFO - Episode 85 finished after 261 timesteps
2023-09-21 23:02:50,638 - INFO - Arrived: 1 Broken: 1 Communication: 0.0
2023-09-21 23:02:50,638 - INFO - Episode 86 seed: 312
2023-09-21 23:02:51,046 - INFO - Episode 86 finished after 244 timesteps
2023-09-21 23:02:55,292 - INFO - Arrived: 0 Broken: 2 Communication: 0.0
2023-09-21 23:02:55,292 - INFO - Episode 87 seed: 620
2023-09-21 23:02:55,681 - INFO - Episode 87 finished after 227 timesteps
2023-09-21 23:03:00,060 - INFO - Arrived: 1 Broken: 1 Communication: 0.0
2023-09-21 23:03:00,061 - INFO - Episode 88 seed: 297
2023-09-21 23:03:00,493 - INFO - Episode 88 finished after 241 timesteps
2023-09-21 23:03:04,978 - INFO - Arrived: 0 Broken: 2 Communication: 0.0
2023-09-21 23:03:04,979 - INFO - Episode 89 seed: 484
2023-09-21 23:03:05,386 - INFO - Episode 89 finished after 226 timesteps
2023-09-21 23:03:09,868 - INFO - Arrived: 0 Broken: 2 Communication: 0.0
2023-09-21 23:03:09,868 - INFO - Episode 90 seed: 481
2023-09-21 23:03:10,337 - INFO - Episode 90 finished after 258 timesteps
2023-09-21 23:03:14,832 - INFO - Arrived: 0 Broken: 2 Communication: 0.0
2023-09-21 23:03:14,832 - INFO - Episode 91 seed: 32
2023-09-21 23:03:15,338 - INFO - Episode 91 finished after 247 timesteps
2023-09-21 23:03:20,109 - INFO - Arrived: 1 Broken: 1 Communication: 0.0
2023-09-21 23:03:20,109 - INFO - Episode 92 seed: 483
2023-09-21 23:03:20,544 - INFO - Episode 92 finished after 239 timesteps
2023-09-21 23:03:25,178 - INFO - Arrived: 0 Broken: 2 Communication: 0.0
2023-09-21 23:03:25,179 - INFO - Episode 93 seed: 117
2023-09-21 23:03:25,655 - INFO - Episode 93 finished after 256 timesteps
2023-09-21 23:03:30,414 - INFO - Arrived: 0 Broken: 2 Communication: 0.0
2023-09-21 23:03:30,414 - INFO - Episode 94 seed: 558
2023-09-21 23:03:30,973 - INFO - Episode 94 finished after 247 timesteps
