2023-09-21 22:55:17,103 - INFO - 

learning_rate:0.001
gamma:0.8
tau:0.01
hsRNN:64
hsMixing:64
hsHyper:64
replace_cycle:500
agent_num:2
obs_size:21
msg_size:27
com_size:32
com_mode:3
state_size:42
action_size:6
q_mode:0
epoch:1
buffer_size:32
batch_size:32
seq_len:100
episode:3000
timestep:300
view_range:1
report_cycle:1
comm_cycle:1
row:8
col:8
height:3
risklevel:0.1
AoI_limit:3

2023-09-21 22:55:19,984 - INFO - 
Map size: 8 * 8 * 3 
At height 1 
[2, 1] [5, 6] [3, 4] is dangerous
At height 2 
[5, 5] [4, 5] [4, 1] is dangerous
UAVs are at:
[3, 5, 1] [3, 3, 1] 
Dest are at:
[0, 7] [7, 0] 
2023-09-21 22:55:19,991 - INFO - Episode 0 seed: 212
2023-09-21 22:55:22,825 - INFO - Episode 0 finished after 244 timesteps
2023-09-21 22:55:36,352 - INFO - 

learning_rate:0.001
gamma:0.8
tau:0.01
hsRNN:64
hsMixing:64
hsHyper:64
replace_cycle:500
agent_num:2
obs_size:21
msg_size:27
com_size:32
com_mode:3
state_size:42
action_size:6
q_mode:0
epoch:1
buffer_size:32
batch_size:32
seq_len:100
episode:3000
timestep:300
view_range:1
report_cycle:1
comm_cycle:1
row:8
col:8
height:3
risklevel:0.1
AoI_limit:3

2023-09-21 22:55:37,811 - INFO - 
Map size: 8 * 8 * 3 
At height 1 
[3, 6] [4, 3] [4, 0] is dangerous
At height 2 
[5, 3] [4, 4] [2, 2] is dangerous
UAVs are at:
[3, 5, 1] [3, 3, 1] 
Dest are at:
[0, 7] [7, 0] 
2023-09-21 22:55:37,818 - INFO - Episode 0 seed: 721
2023-09-21 22:55:39,598 - INFO - Episode 0 finished after 257 timesteps
