2023-09-27 22:13:04,299 - INFO - 

learning_rate:0.001
gamma:0.8
tau:0.01
hsRNN:64
hsMixing:64
hsHyper:64
replace_cycle:500
agent_num:2
obs_size:5
msg_size:27
com_size:32
com_mode:3
state_size:7
action_size:6
epoch:1
buffer_size:32
batch_size:32
seq_len:100
episode:3000
timestep:200
view_range:1
report_cycle:1
comm_cycle:1
row:8
col:8
height:3
risklevel:0.1
risk_num:3
AoI_limit:3

2023-09-27 22:13:05,419 - INFO - 
Map size: 8 * 8 * 3
At height 1 
[0, 1] [7, 1] [6, 5] 
At height 2 
[6, 2] [2, 2] [2, 6] is dangerous
UAVs are at:
[3, 3, 1] [3, 5, 1] 
Dest are at:
[[0, 7], [0, 0]] [[7, 0], [7, 7]] 
2023-09-27 22:13:05,435 - INFO - Episode 0 seed: 108
2023-09-27 22:13:06,823 - INFO - Episode 0 finished after 85 timesteps
2023-09-27 22:13:07,321 - INFO - Arrived: 2 Broken: 0
2023-09-27 22:13:07,321 - INFO - Episode 1 seed: 108
2023-09-27 22:13:08,052 - INFO - Episode 1 finished after 256 timesteps
2023-09-27 22:13:08,446 - INFO - Arrived: 2 Broken: 0
2023-09-27 22:13:08,446 - INFO - Episode 2 seed: 108
2023-09-27 22:13:09,849 - INFO - Arrived: 1 Broken: 0
2023-09-27 22:13:09,849 - INFO - Episode 3 seed: 108
2023-09-27 22:13:11,259 - INFO - Arrived: 0 Broken: 0
2023-09-27 22:13:11,259 - INFO - Episode 4 seed: 108
2023-09-27 22:13:12,602 - INFO - Arrived: 1 Broken: 0
2023-09-27 22:13:12,602 - INFO - Episode 5 seed: 108
2023-09-27 22:13:13,199 - INFO - Episode 5 finished after 176 timesteps
2023-09-27 22:13:13,610 - INFO - Arrived: 2 Broken: 0
2023-09-27 22:13:13,610 - INFO - Episode 6 seed: 108
2023-09-27 22:13:14,094 - INFO - Episode 6 finished after 154 timesteps
2023-09-27 22:13:14,512 - INFO - Arrived: 2 Broken: 0
2023-09-27 22:13:14,512 - INFO - Episode 7 seed: 108
2023-09-27 22:13:15,157 - INFO - Episode 7 finished after 209 timesteps
2023-09-27 22:13:15,671 - INFO - Arrived: 2 Broken: 0
2023-09-27 22:13:15,671 - INFO - Episode 8 seed: 108
2023-09-27 22:13:17,064 - INFO - Arrived: 1 Broken: 0
2023-09-27 22:13:17,065 - INFO - Episode 9 seed: 108
2023-09-27 22:13:18,105 - INFO - Episode 9 finished after 268 timesteps
2023-09-27 22:13:18,585 - INFO - Arrived: 2 Broken: 0
2023-09-27 22:13:18,585 - INFO - Episode 10 seed: 108
2023-09-27 22:13:18,840 - INFO - Episode 10 finished after 67 timesteps
2023-09-27 22:13:19,265 - INFO - Arrived: 2 Broken: 0
2023-09-27 22:13:19,265 - INFO - Episode 11 seed: 108
2023-09-27 22:13:19,561 - INFO - Episode 11 finished after 85 timesteps
2023-09-27 22:13:20,090 - INFO - Arrived: 2 Broken: 0
2023-09-27 22:13:20,090 - INFO - Episode 12 seed: 108
2023-09-27 22:13:20,225 - INFO - Episode 12 finished after 53 timesteps
2023-09-27 22:13:20,621 - INFO - Arrived: 2 Broken: 0
2023-09-27 22:13:20,622 - INFO - Episode 13 seed: 108
2023-09-27 22:13:21,343 - INFO - Episode 13 finished after 217 timesteps
2023-09-27 22:13:21,737 - INFO - Arrived: 2 Broken: 0
2023-09-27 22:13:21,737 - INFO - Episode 14 seed: 108
2023-09-27 22:13:23,268 - INFO - Arrived: 1 Broken: 0
2023-09-27 22:13:23,269 - INFO - Episode 15 seed: 108
2023-09-27 22:13:24,856 - INFO - Arrived: 0 Broken: 0
2023-09-27 22:13:24,856 - INFO - Episode 16 seed: 108
2023-09-27 22:13:26,316 - INFO - Arrived: 1 Broken: 0
2023-09-27 22:13:26,316 - INFO - Episode 17 seed: 108
2023-09-27 22:13:26,857 - INFO - Episode 17 finished after 193 timesteps
2023-09-27 22:13:27,253 - INFO - Arrived: 2 Broken: 0
2023-09-27 22:13:27,254 - INFO - Episode 18 seed: 108
2023-09-27 22:13:28,852 - INFO - Arrived: 1 Broken: 0
2023-09-27 22:13:28,852 - INFO - Episode 19 seed: 108
2023-09-27 22:13:30,225 - INFO - Arrived: 1 Broken: 0
2023-09-27 22:13:30,225 - INFO - Episode 20 seed: 108
2023-09-27 22:13:31,739 - INFO - Arrived: 1 Broken: 0
2023-09-27 22:13:31,740 - INFO - Episode 21 seed: 108
2023-09-27 22:13:32,244 - INFO - Episode 21 finished after 166 timesteps
2023-09-27 22:13:32,615 - INFO - Arrived: 2 Broken: 0
2023-09-27 22:13:32,615 - INFO - Episode 22 seed: 108
2023-09-27 22:13:32,655 - INFO - Episode 22 finished after 20 timesteps
2023-09-27 22:13:33,048 - INFO - Arrived: 2 Broken: 0
2023-09-27 22:13:33,048 - INFO - Episode 23 seed: 108
2023-09-27 22:13:34,510 - INFO - Arrived: 1 Broken: 0
2023-09-27 22:13:34,511 - INFO - Episode 24 seed: 108
2023-09-27 22:13:36,061 - INFO - Arrived: 1 Broken: 0
2023-09-27 22:13:36,062 - INFO - Episode 25 seed: 108
2023-09-27 22:13:37,502 - INFO - Arrived: 1 Broken: 0
2023-09-27 22:13:37,502 - INFO - Episode 26 seed: 108
2023-09-27 22:13:38,649 - INFO - Arrived: 1 Broken: 0
2023-09-27 22:13:38,649 - INFO - Episode 27 seed: 108
2023-09-27 22:13:40,121 - INFO - Arrived: 1 Broken: 0
2023-09-27 22:13:40,121 - INFO - Episode 28 seed: 108
2023-09-27 22:13:41,457 - INFO - Arrived: 1 Broken: 0
2023-09-27 22:13:41,457 - INFO - Episode 29 seed: 108
2023-09-27 22:13:42,633 - INFO - Arrived: 1 Broken: 0
2023-09-27 22:13:42,633 - INFO - Episode 30 seed: 108
2023-09-27 22:13:43,948 - INFO - Arrived: 1 Broken: 0
2023-09-27 22:13:43,948 - INFO - Episode 31 seed: 108
2023-09-27 22:13:44,530 - INFO - Episode 31 finished after 202 timesteps
2023-09-27 22:13:44,937 - INFO - Arrived: 2 Broken: 0
2023-09-27 22:13:44,937 - INFO - Episode 32 seed: 108
2023-09-27 22:14:06,452 - INFO - Arrived: 1 Broken: 0
2023-09-27 22:14:06,452 - INFO - Episode 33 seed: 108
2023-09-27 22:14:06,819 - INFO - Episode 33 finished after 100 timesteps
2023-09-27 22:14:28,174 - INFO - Arrived: 2 Broken: 0
2023-09-27 22:14:28,174 - INFO - Episode 34 seed: 108
2023-09-27 22:14:28,242 - INFO - Episode 34 finished after 24 timesteps
2023-09-27 22:14:50,569 - INFO - Arrived: 2 Broken: 0
2023-09-27 22:14:50,569 - INFO - Episode 35 seed: 108
2023-09-27 22:14:51,578 - INFO - Episode 35 finished after 255 timesteps
2023-09-27 22:15:13,486 - INFO - Arrived: 1 Broken: 1
2023-09-27 22:15:13,487 - INFO - Episode 36 seed: 108
2023-09-27 22:15:14,145 - INFO - Episode 36 finished after 221 timesteps
2023-09-27 22:15:37,238 - INFO - Arrived: 1 Broken: 1
2023-09-27 22:15:37,238 - INFO - Episode 37 seed: 108
2023-09-27 22:15:37,956 - INFO - Episode 37 finished after 260 timesteps
2023-09-27 22:15:55,648 - INFO - Arrived: 1 Broken: 1
2023-09-27 22:15:55,648 - INFO - Episode 38 seed: 108
2023-09-27 22:15:56,290 - INFO - Episode 38 finished after 256 timesteps
2023-09-27 22:16:12,402 - INFO - Arrived: 1 Broken: 1
2023-09-27 22:16:12,402 - INFO - Episode 39 seed: 108
2023-09-27 22:16:13,266 - INFO - Episode 39 finished after 292 timesteps
2023-09-27 22:16:29,820 - INFO - Arrived: 1 Broken: 1
2023-09-27 22:16:29,820 - INFO - Episode 40 seed: 108
2023-09-27 22:16:30,430 - INFO - Episode 40 finished after 257 timesteps
