2023-09-27 22:25:23,245 - INFO - 

learning_rate:0.001
gamma:0.8
tau:0.01
hsRNN:64
hsMixing:64
hsHyper:64
replace_cycle:500
agent_num:2
obs_size:5
msg_size:27
com_size:32
com_mode:3
state_size:7
action_size:6
epoch:1
buffer_size:32
batch_size:32
seq_len:100
episode:3000
timestep:300
view_range:1
report_cycle:1
comm_cycle:1
row:8
col:8
height:3
risklevel:0.1
risk_num:3
AoI_limit:3

2023-09-27 22:25:24,452 - INFO - 
Map size: 8 * 8 * 3
At height 1 
[6, 5] [7, 1] [1, 4] 
At height 2 
[2, 2] [6, 6] [6, 2] is dangerous
UAVs are at:
[3, 3, 1] [3, 5, 1] 
Dest are at:
[[0, 7], [0, 0]] [[7, 0], [7, 7]] 
2023-09-27 22:25:24,458 - INFO - Episode 0 seed: 710
2023-09-27 22:25:26,610 - INFO - Arrived: 1 Broken: 0
2023-09-27 22:25:26,611 - INFO - Episode 1 seed: 710
2023-09-27 22:25:27,070 - INFO - Episode 1 finished after 208 timesteps
2023-09-27 22:25:27,442 - INFO - Arrived: 2 Broken: 0
2023-09-27 22:25:27,442 - INFO - Episode 2 seed: 710
2023-09-27 22:25:27,701 - INFO - Episode 2 finished after 132 timesteps
2023-09-27 22:25:28,126 - INFO - Arrived: 2 Broken: 0
2023-09-27 22:25:28,126 - INFO - Episode 3 seed: 710
2023-09-27 22:25:28,886 - INFO - Episode 3 finished after 248 timesteps
2023-09-27 22:25:29,358 - INFO - Arrived: 2 Broken: 0
2023-09-27 22:25:29,358 - INFO - Episode 4 seed: 710
2023-09-27 22:25:30,351 - INFO - Arrived: 1 Broken: 0
2023-09-27 22:25:30,351 - INFO - Episode 5 seed: 710
2023-09-27 22:25:30,378 - INFO - Episode 5 finished after 21 timesteps
2023-09-27 22:25:30,770 - INFO - Arrived: 2 Broken: 0
2023-09-27 22:25:30,770 - INFO - Episode 6 seed: 710
2023-09-27 22:25:31,049 - INFO - Episode 6 finished after 139 timesteps
2023-09-27 22:25:31,451 - INFO - Arrived: 2 Broken: 0
2023-09-27 22:25:31,451 - INFO - Episode 7 seed: 710
2023-09-27 22:25:32,556 - INFO - Arrived: 1 Broken: 0
2023-09-27 22:25:32,556 - INFO - Episode 8 seed: 710
2023-09-27 22:25:33,050 - INFO - Episode 8 finished after 225 timesteps
2023-09-27 22:25:33,443 - INFO - Arrived: 2 Broken: 0
2023-09-27 22:25:33,443 - INFO - Episode 9 seed: 710
2023-09-27 22:25:33,815 - INFO - Episode 9 finished after 181 timesteps
2023-09-27 22:25:34,183 - INFO - Arrived: 2 Broken: 0
2023-09-27 22:25:34,184 - INFO - Episode 10 seed: 710
2023-09-27 22:25:34,422 - INFO - Episode 10 finished after 131 timesteps
2023-09-27 22:25:34,869 - INFO - Arrived: 2 Broken: 0
2023-09-27 22:25:34,869 - INFO - Episode 11 seed: 710
2023-09-27 22:25:35,408 - INFO - Episode 11 finished after 269 timesteps
2023-09-27 22:25:35,787 - INFO - Arrived: 2 Broken: 0
2023-09-27 22:25:35,787 - INFO - Episode 12 seed: 710
2023-09-27 22:25:36,282 - INFO - Episode 12 finished after 234 timesteps
2023-09-27 22:25:36,645 - INFO - Arrived: 2 Broken: 0
2023-09-27 22:25:36,645 - INFO - Episode 13 seed: 710
2023-09-27 22:25:37,686 - INFO - Arrived: 1 Broken: 0
2023-09-27 22:25:37,687 - INFO - Episode 14 seed: 710
2023-09-27 22:25:38,799 - INFO - Arrived: 1 Broken: 0
2023-09-27 22:25:38,799 - INFO - Episode 15 seed: 710
2023-09-27 22:25:39,177 - INFO - Episode 15 finished after 178 timesteps
2023-09-27 22:25:39,581 - INFO - Arrived: 2 Broken: 0
2023-09-27 22:25:39,581 - INFO - Episode 16 seed: 710
2023-09-27 22:25:40,141 - INFO - Episode 16 finished after 252 timesteps
2023-09-27 22:25:40,524 - INFO - Arrived: 2 Broken: 0
2023-09-27 22:25:40,524 - INFO - Episode 17 seed: 710
2023-09-27 22:25:40,973 - INFO - Episode 17 finished after 229 timesteps
2023-09-27 22:25:41,370 - INFO - Arrived: 2 Broken: 0
2023-09-27 22:25:41,370 - INFO - Episode 18 seed: 710
2023-09-27 22:25:42,516 - INFO - Arrived: 1 Broken: 0
2023-09-27 22:25:42,516 - INFO - Episode 19 seed: 710
2023-09-27 22:25:43,485 - INFO - Arrived: 1 Broken: 0
2023-09-27 22:25:43,485 - INFO - Episode 20 seed: 710
2023-09-27 22:25:44,564 - INFO - Arrived: 1 Broken: 0
2023-09-27 22:25:44,564 - INFO - Episode 21 seed: 710
2023-09-27 22:25:45,526 - INFO - Arrived: 1 Broken: 0
2023-09-27 22:25:45,527 - INFO - Episode 22 seed: 710
2023-09-27 22:25:46,574 - INFO - Arrived: 1 Broken: 0
2023-09-27 22:25:46,574 - INFO - Episode 23 seed: 710
2023-09-27 22:25:46,722 - INFO - Episode 23 finished after 101 timesteps
2023-09-27 22:25:47,220 - INFO - Arrived: 2 Broken: 0
2023-09-27 22:25:47,220 - INFO - Episode 24 seed: 710
2023-09-27 22:25:47,465 - INFO - Episode 24 finished after 133 timesteps
2023-09-27 22:25:47,860 - INFO - Arrived: 2 Broken: 0
2023-09-27 22:25:47,860 - INFO - Episode 25 seed: 710
2023-09-27 22:25:48,015 - INFO - Episode 25 finished after 93 timesteps
2023-09-27 22:25:48,403 - INFO - Arrived: 2 Broken: 0
2023-09-27 22:25:48,403 - INFO - Episode 26 seed: 710
2023-09-27 22:25:48,590 - INFO - Episode 26 finished after 90 timesteps
2023-09-27 22:25:48,986 - INFO - Arrived: 2 Broken: 0
2023-09-27 22:25:48,986 - INFO - Episode 27 seed: 710
2023-09-27 22:25:49,421 - INFO - Episode 27 finished after 199 timesteps
2023-09-27 22:25:49,911 - INFO - Arrived: 2 Broken: 0
2023-09-27 22:25:49,912 - INFO - Episode 28 seed: 710
2023-09-27 22:25:50,143 - INFO - Episode 28 finished after 109 timesteps
2023-09-27 22:25:50,545 - INFO - Arrived: 2 Broken: 0
2023-09-27 22:25:50,545 - INFO - Episode 29 seed: 710
2023-09-27 22:25:51,036 - INFO - Episode 29 finished after 234 timesteps
2023-09-27 22:25:51,430 - INFO - Arrived: 2 Broken: 0
2023-09-27 22:25:51,430 - INFO - Episode 30 seed: 710
2023-09-27 22:25:51,765 - INFO - Episode 30 finished after 154 timesteps
2023-09-27 22:25:52,164 - INFO - Arrived: 2 Broken: 0
2023-09-27 22:25:52,164 - INFO - Episode 31 seed: 710
2023-09-27 22:25:53,193 - INFO - Arrived: 1 Broken: 0
2023-09-27 22:25:53,194 - INFO - Episode 32 seed: 710
2023-09-27 22:25:53,215 - INFO - Episode 32 finished after 15 timesteps
2023-09-27 22:26:11,313 - INFO - Arrived: 2 Broken: 0
2023-09-27 22:26:11,314 - INFO - Episode 33 seed: 710
2023-09-27 22:26:11,609 - INFO - Episode 33 finished after 132 timesteps
2023-09-27 22:26:30,367 - INFO - Arrived: 2 Broken: 0
2023-09-27 22:26:30,367 - INFO - Episode 34 seed: 710
2023-09-27 22:26:30,943 - INFO - Episode 34 finished after 261 timesteps
2023-09-27 22:26:49,469 - INFO - Arrived: 1 Broken: 1
2023-09-27 22:26:49,470 - INFO - Episode 35 seed: 710
2023-09-27 22:27:08,394 - INFO - Arrived: 1 Broken: 0
2023-09-27 22:27:08,394 - INFO - Episode 36 seed: 710
2023-09-27 22:27:26,977 - INFO - Arrived: 1 Broken: 0
2023-09-27 22:27:26,978 - INFO - Episode 37 seed: 710
2023-09-27 22:27:27,167 - INFO - Episode 37 finished after 83 timesteps
2023-09-27 22:27:45,178 - INFO - Arrived: 2 Broken: 0
2023-09-27 22:27:45,179 - INFO - Episode 38 seed: 710
2023-09-27 22:27:45,842 - INFO - Episode 38 finished after 277 timesteps
2023-09-27 22:28:02,935 - INFO - Arrived: 1 Broken: 1
2023-09-27 22:28:02,936 - INFO - Episode 39 seed: 710
2023-09-27 22:28:21,598 - INFO - Arrived: 1 Broken: 0
2023-09-27 22:28:21,598 - INFO - Episode 40 seed: 710
2023-09-27 22:28:22,082 - INFO - Episode 40 finished after 229 timesteps
2023-09-27 22:28:39,837 - INFO - Arrived: 1 Broken: 1
2023-09-27 22:28:39,837 - INFO - Episode 41 seed: 710
2023-09-27 22:28:57,506 - INFO - Arrived: 1 Broken: 0
2023-09-27 22:28:57,506 - INFO - Episode 42 seed: 710
2023-09-27 22:28:58,057 - INFO - Episode 42 finished after 228 timesteps
2023-09-27 22:29:14,649 - INFO - Arrived: 1 Broken: 1
2023-09-27 22:29:14,650 - INFO - Episode 43 seed: 710
2023-09-27 22:29:15,395 - INFO - Episode 43 finished after 297 timesteps
2023-09-27 22:29:31,460 - INFO - Arrived: 1 Broken: 1
2023-09-27 22:29:31,461 - INFO - Episode 44 seed: 710
2023-09-27 22:29:49,228 - INFO - Arrived: 1 Broken: 0
2023-09-27 22:29:49,229 - INFO - Episode 45 seed: 710
2023-09-27 22:30:06,871 - INFO - Arrived: 1 Broken: 0
2023-09-27 22:30:06,871 - INFO - Episode 46 seed: 710
2023-09-27 22:30:07,446 - INFO - Episode 46 finished after 259 timesteps
2023-09-27 22:30:24,245 - INFO - Arrived: 1 Broken: 1
2023-09-27 22:30:24,246 - INFO - Episode 47 seed: 710
2023-09-27 22:30:40,118 - INFO - Arrived: 1 Broken: 0
2023-09-27 22:30:40,118 - INFO - Episode 48 seed: 710
2023-09-27 22:30:57,135 - INFO - Arrived: 1 Broken: 0
2023-09-27 22:30:57,136 - INFO - Episode 49 seed: 710
2023-09-27 22:31:13,651 - INFO - Arrived: 1 Broken: 0
2023-09-27 22:31:13,651 - INFO - Episode 50 seed: 710
2023-09-27 22:31:13,680 - INFO - Episode 50 finished after 8 timesteps
2023-09-27 22:31:29,753 - INFO - Arrived: 2 Broken: 0
2023-09-27 22:31:29,753 - INFO - Episode 51 seed: 710
2023-09-27 22:31:47,763 - INFO - Arrived: 1 Broken: 0
2023-09-27 22:31:47,764 - INFO - Episode 52 seed: 710
2023-09-27 22:31:47,777 - INFO - Episode 52 finished after 9 timesteps
2023-09-27 22:32:05,780 - INFO - Arrived: 2 Broken: 0
2023-09-27 22:32:05,780 - INFO - Episode 53 seed: 710
2023-09-27 22:32:05,833 - INFO - Episode 53 finished after 30 timesteps
2023-09-27 22:32:23,496 - INFO - Arrived: 2 Broken: 0
2023-09-27 22:32:23,496 - INFO - Episode 54 seed: 710
2023-09-27 22:32:42,265 - INFO - Arrived: 1 Broken: 0
2023-09-27 22:32:42,266 - INFO - Episode 55 seed: 710
2023-09-27 22:32:42,395 - INFO - Episode 55 finished after 49 timesteps
2023-09-27 22:33:00,053 - INFO - Arrived: 2 Broken: 0
2023-09-27 22:33:00,053 - INFO - Episode 56 seed: 710
2023-09-27 22:33:00,198 - INFO - Episode 56 finished after 68 timesteps
2023-09-27 22:33:18,395 - INFO - Arrived: 2 Broken: 0
2023-09-27 22:33:18,395 - INFO - Episode 57 seed: 710
2023-09-27 22:33:40,312 - INFO - Arrived: 1 Broken: 0
2023-09-27 22:33:40,313 - INFO - Episode 58 seed: 710
2023-09-27 22:33:40,361 - INFO - Episode 58 finished after 9 timesteps
2023-09-27 22:34:00,633 - INFO - Arrived: 2 Broken: 0
2023-09-27 22:34:00,633 - INFO - Episode 59 seed: 710
2023-09-27 22:34:00,888 - INFO - Episode 59 finished after 58 timesteps
2023-09-27 22:34:21,233 - INFO - Arrived: 2 Broken: 0
2023-09-27 22:34:21,233 - INFO - Episode 60 seed: 710
2023-09-27 22:34:21,407 - INFO - Episode 60 finished after 75 timesteps
2023-09-27 22:34:39,480 - INFO - Arrived: 2 Broken: 0
2023-09-27 22:34:39,481 - INFO - Episode 61 seed: 710
2023-09-27 22:34:39,955 - INFO - Episode 61 finished after 207 timesteps
2023-09-27 22:34:56,040 - INFO - Arrived: 2 Broken: 0
2023-09-27 22:34:56,041 - INFO - Episode 62 seed: 710
2023-09-27 22:34:56,584 - INFO - Episode 62 finished after 249 timesteps
2023-09-27 22:35:17,980 - INFO - Arrived: 1 Broken: 1
2023-09-27 22:35:17,980 - INFO - Episode 63 seed: 710
2023-09-27 22:35:18,159 - INFO - Episode 63 finished after 73 timesteps
2023-09-27 22:35:39,974 - INFO - Arrived: 2 Broken: 0
2023-09-27 22:35:39,974 - INFO - Episode 64 seed: 710
2023-09-27 22:35:40,823 - INFO - Episode 64 finished after 251 timesteps
2023-09-27 22:36:02,334 - INFO - Arrived: 1 Broken: 1
2023-09-27 22:36:02,334 - INFO - Episode 65 seed: 710
2023-09-27 22:36:02,349 - INFO - Episode 65 finished after 9 timesteps
2023-09-27 22:36:22,022 - INFO - Arrived: 2 Broken: 0
2023-09-27 22:36:22,022 - INFO - Episode 66 seed: 710
2023-09-27 22:36:22,050 - INFO - Episode 66 finished after 9 timesteps
2023-09-27 22:36:39,679 - INFO - Arrived: 2 Broken: 0
2023-09-27 22:36:39,679 - INFO - Episode 67 seed: 710
2023-09-27 22:36:39,801 - INFO - Episode 67 finished after 49 timesteps
2023-09-27 22:37:00,435 - INFO - Arrived: 2 Broken: 0
2023-09-27 22:37:00,435 - INFO - Episode 68 seed: 710
2023-09-27 22:37:00,689 - INFO - Episode 68 finished after 100 timesteps
2023-09-27 22:37:23,242 - INFO - Arrived: 2 Broken: 0
2023-09-27 22:37:23,243 - INFO - Episode 69 seed: 710
2023-09-27 22:37:23,422 - INFO - Episode 69 finished after 69 timesteps
2023-09-27 22:37:50,626 - INFO - Arrived: 2 Broken: 0
2023-09-27 22:37:50,626 - INFO - Episode 70 seed: 710
2023-09-27 22:37:50,664 - INFO - Episode 70 finished after 9 timesteps
2023-09-27 22:38:19,698 - INFO - Arrived: 2 Broken: 0
2023-09-27 22:38:19,698 - INFO - Episode 71 seed: 710
2023-09-27 22:38:20,721 - INFO - Episode 71 finished after 289 timesteps
2023-09-27 22:38:46,922 - INFO - Arrived: 1 Broken: 1
2023-09-27 22:38:46,923 - INFO - Episode 72 seed: 710
2023-09-27 22:38:47,084 - INFO - Episode 72 finished after 54 timesteps
2023-09-27 22:39:16,788 - INFO - Arrived: 2 Broken: 0
2023-09-27 22:39:16,788 - INFO - Episode 73 seed: 710
2023-09-27 22:39:16,990 - INFO - Episode 73 finished after 71 timesteps
2023-09-27 22:39:46,125 - INFO - Arrived: 2 Broken: 0
2023-09-27 22:39:46,126 - INFO - Episode 74 seed: 710
2023-09-27 22:39:46,142 - INFO - Episode 74 finished after 9 timesteps
2023-09-27 22:40:14,545 - INFO - Arrived: 2 Broken: 0
2023-09-27 22:40:14,546 - INFO - Episode 75 seed: 710
2023-09-27 22:40:15,124 - INFO - Episode 75 finished after 176 timesteps
2023-09-27 22:40:43,787 - INFO - Arrived: 2 Broken: 0
2023-09-27 22:40:43,787 - INFO - Episode 76 seed: 710
2023-09-27 22:41:14,287 - INFO - Arrived: 1 Broken: 0
2023-09-27 22:41:14,287 - INFO - Episode 77 seed: 710
2023-09-27 22:41:44,493 - INFO - Arrived: 1 Broken: 0
2023-09-27 22:41:44,493 - INFO - Episode 78 seed: 710
2023-09-27 22:42:14,507 - INFO - Arrived: 1 Broken: 0
2023-09-27 22:42:14,507 - INFO - Episode 79 seed: 710
2023-09-27 22:42:14,557 - INFO - Episode 79 finished after 9 timesteps
2023-09-27 22:42:44,573 - INFO - Arrived: 2 Broken: 0
2023-09-27 22:42:44,573 - INFO - Episode 80 seed: 710
2023-09-27 22:42:45,547 - INFO - Episode 80 finished after 279 timesteps
2023-09-27 22:43:15,778 - INFO - Arrived: 1 Broken: 1
2023-09-27 22:43:15,778 - INFO - Episode 81 seed: 710
2023-09-27 22:43:16,102 - INFO - Episode 81 finished after 115 timesteps
2023-09-27 22:43:46,210 - INFO - Arrived: 2 Broken: 0
2023-09-27 22:43:46,210 - INFO - Episode 82 seed: 710
