2023-09-13 22:58:04,549 - INFO - 

learning_rate:0.001
gamma:0.9
tau:0.01
hsRNN:64
hsMixing:64
hsHyper:64
replace_cycle:500
agent_num:2
state_size:60
action_size:6
obs_size:30
msg_size:27
com_size:27
com_mode:3
epoch:1
buffer_size:12
batch_size:6
seq_len:100
episode:1000
timestep:300
view_range:1
report_cycle:1
comm_cycle:1
row:10
col:10
height:3
risklevel:0.2
AoI_limit:3

2023-09-13 22:58:20,225 - INFO - 

learning_rate:0.001
gamma:0.9
tau:0.01
hsRNN:64
hsMixing:64
hsHyper:64
replace_cycle:500
agent_num:2
state_size:60
action_size:6
obs_size:30
msg_size:27
com_size:27
com_mode:3
epoch:1
buffer_size:12
batch_size:6
seq_len:100
episode:1000
timestep:300
view_range:1
report_cycle:1
comm_cycle:1
row:10
col:10
height:3
risklevel:0.2
AoI_limit:3

2023-09-13 22:58:31,042 - INFO - 

learning_rate:0.001
gamma:0.9
tau:0.01
hsRNN:64
hsMixing:64
hsHyper:64
replace_cycle:500
agent_num:2
state_size:60
action_size:6
obs_size:30
msg_size:27
com_size:27
com_mode:3
epoch:1
buffer_size:12
batch_size:6
seq_len:100
episode:1000
timestep:300
view_range:1
report_cycle:1
comm_cycle:1
row:10
col:10
height:3
risklevel:0.2
AoI_limit:3

2023-09-13 22:58:32,944 - INFO - 
Map size: 10 * 10 * 3 
At height 1 
[3, 9] [1, 6] [7, 3] [4, 3] [4, 8] [9, 6] [1, 5] [5, 6] [2, 7] [3, 5] is dangerous
At height 2 
[7, 2] [5, 5] [0, 6] [1, 8] [5, 7] [4, 6] [3, 4] [1, 9] [1, 0] [6, 7] is dangerous
UAVs are at:
[0, 0, 1] [0, 9, 1] 
Dest are at:
[6, 0] [7, 1] 
2023-09-13 22:58:32,953 - INFO - Episode 0 seed: 969
2023-09-13 22:58:43,531 - INFO - 

learning_rate:0.001
gamma:0.9
tau:0.01
hsRNN:64
hsMixing:64
hsHyper:64
replace_cycle:500
agent_num:2
state_size:60
action_size:6
obs_size:30
msg_size:27
com_size:27
com_mode:3
epoch:1
buffer_size:12
batch_size:6
seq_len:100
episode:1000
timestep:300
view_range:1
report_cycle:1
comm_cycle:1
row:10
col:10
height:3
risklevel:0.2
AoI_limit:3

2023-09-13 22:58:45,048 - INFO - 
Map size: 10 * 10 * 3 
At height 1 
[6, 2] [7, 0] [1, 2] [5, 1] [1, 0] [2, 3] [4, 3] [2, 8] [0, 4] [6, 8] is dangerous
At height 2 
[6, 9] [4, 9] [7, 4] [9, 7] [9, 8] [7, 3] [9, 0] [9, 4] [9, 6] [2, 9] is dangerous
UAVs are at:
[0, 0, 1] [0, 9, 1] 
Dest are at:
[6, 3] [6, 7] 
2023-09-13 22:58:45,055 - INFO - Episode 0 seed: 497
2023-09-13 22:59:00,120 - INFO - Arrived: 0 Broken: 1
2023-09-13 22:59:00,121 - INFO - Episode 1 seed: 357
2023-09-13 22:59:14,216 - INFO - Arrived: 0 Broken: 1
2023-09-13 22:59:14,216 - INFO - Episode 2 seed: 593
2023-09-13 22:59:29,867 - INFO - Arrived: 0 Broken: 1
2023-09-13 22:59:29,868 - INFO - Episode 3 seed: 840
2023-09-13 22:59:44,956 - INFO - Arrived: 0 Broken: 1
2023-09-13 22:59:44,957 - INFO - Episode 4 seed: 420
2023-09-13 22:59:59,701 - INFO - Arrived: 0 Broken: 0
2023-09-13 22:59:59,701 - INFO - Episode 5 seed: 306
2023-09-13 23:00:14,792 - INFO - Arrived: 0 Broken: 1
2023-09-13 23:00:14,792 - INFO - Episode 6 seed: 60
2023-09-13 23:00:29,832 - INFO - Arrived: 0 Broken: 1
2023-09-13 23:00:29,832 - INFO - Episode 7 seed: 697
2023-09-13 23:00:44,547 - INFO - Arrived: 0 Broken: 1
2023-09-13 23:00:44,548 - INFO - Episode 8 seed: 818
2023-09-13 23:00:59,519 - INFO - Arrived: 0 Broken: 1
2023-09-13 23:00:59,520 - INFO - Episode 9 seed: 413
2023-09-13 23:01:00,140 - INFO - Episode 9 finished after 264 timesteps
2023-09-13 23:01:14,643 - INFO - Arrived: 0 Broken: 2
2023-09-13 23:01:14,643 - INFO - Episode 10 seed: 704
2023-09-13 23:01:15,442 - INFO - Episode 10 finished after 275 timesteps
2023-09-13 23:01:29,629 - INFO - Arrived: 0 Broken: 2
2023-09-13 23:01:29,630 - INFO - Episode 11 seed: 152
2023-09-13 23:01:30,191 - INFO - Episode 11 finished after 242 timesteps
2023-09-13 23:01:44,453 - INFO - Arrived: 0 Broken: 2
2023-09-13 23:01:44,454 - INFO - Episode 12 seed: 644
2023-09-13 23:02:13,392 - INFO - Arrived: 0 Broken: 1
2023-09-13 23:02:13,392 - INFO - Episode 13 seed: 186
2023-09-13 23:02:56,120 - INFO - Arrived: 0 Broken: 1
2023-09-13 23:02:56,120 - INFO - Episode 14 seed: 356
2023-09-13 23:03:37,034 - INFO - Arrived: 0 Broken: 1
2023-09-13 23:03:37,034 - INFO - Episode 15 seed: 793
2023-09-13 23:03:37,557 - INFO - Episode 15 finished after 238 timesteps
2023-09-13 23:04:31,560 - INFO - Arrived: 0 Broken: 2
2023-09-13 23:04:31,560 - INFO - Episode 16 seed: 319
2023-09-13 23:05:35,005 - INFO - Arrived: 0 Broken: 1
2023-09-13 23:05:35,005 - INFO - Episode 17 seed: 704
2023-09-13 23:06:51,622 - INFO - Arrived: 0 Broken: 1
2023-09-13 23:06:51,622 - INFO - Episode 18 seed: 161
2023-09-13 23:06:52,132 - INFO - Episode 18 finished after 264 timesteps
2023-09-13 23:08:11,774 - INFO - Arrived: 0 Broken: 2
2023-09-13 23:08:11,775 - INFO - Episode 19 seed: 523
2023-09-13 23:09:44,845 - INFO - Arrived: 0 Broken: 1
2023-09-13 23:09:44,846 - INFO - Episode 20 seed: 53
2023-09-13 23:11:31,902 - INFO - Arrived: 0 Broken: 1
2023-09-13 23:11:31,902 - INFO - Episode 21 seed: 526
2023-09-13 23:13:19,618 - INFO - Arrived: 0 Broken: 1
2023-09-13 23:13:19,618 - INFO - Episode 22 seed: 122
2023-09-13 23:15:20,517 - INFO - Arrived: 0 Broken: 1
2023-09-13 23:15:20,518 - INFO - Episode 23 seed: 593
2023-09-13 23:15:20,989 - INFO - Episode 23 finished after 249 timesteps
2023-09-13 23:17:18,199 - INFO - Arrived: 0 Broken: 2
2023-09-13 23:17:18,199 - INFO - Episode 24 seed: 381
2023-09-13 23:17:18,687 - INFO - Episode 24 finished after 246 timesteps
2023-09-13 23:19:26,173 - INFO - Arrived: 0 Broken: 2
2023-09-13 23:19:26,173 - INFO - Episode 25 seed: 326
2023-09-13 23:21:47,336 - INFO - Arrived: 0 Broken: 1
2023-09-13 23:21:47,336 - INFO - Episode 26 seed: 24
2023-09-13 23:24:21,705 - INFO - Arrived: 0 Broken: 1
2023-09-13 23:24:21,705 - INFO - Episode 27 seed: 569
2023-09-13 23:27:10,981 - INFO - Arrived: 0 Broken: 1
2023-09-13 23:27:10,982 - INFO - Episode 28 seed: 772
2023-09-13 23:29:59,937 - INFO - Arrived: 0 Broken: 1
2023-09-13 23:29:59,937 - INFO - Episode 29 seed: 833
2023-09-13 23:33:03,019 - INFO - Arrived: 0 Broken: 1
2023-09-13 23:33:03,020 - INFO - Episode 30 seed: 967
2023-09-13 23:36:13,139 - INFO - Arrived: 0 Broken: 1
2023-09-13 23:36:13,139 - INFO - Episode 31 seed: 336
2023-09-13 23:39:39,700 - INFO - Arrived: 0 Broken: 1
2023-09-13 23:39:39,700 - INFO - Episode 32 seed: 520
2023-09-13 23:43:13,812 - INFO - Arrived: 0 Broken: 1
2023-09-13 23:43:13,812 - INFO - Episode 33 seed: 383
2023-09-13 23:43:14,262 - INFO - Episode 33 finished after 230 timesteps
2023-09-13 23:46:53,535 - INFO - Arrived: 0 Broken: 2
2023-09-13 23:46:53,535 - INFO - Episode 34 seed: 64
2023-09-13 23:50:36,877 - INFO - Arrived: 0 Broken: 1
2023-09-13 23:50:36,878 - INFO - Episode 35 seed: 590
2023-09-13 23:54:42,962 - INFO - Arrived: 0 Broken: 1
2023-09-13 23:54:42,963 - INFO - Episode 36 seed: 205
2023-09-13 23:54:43,455 - INFO - Episode 36 finished after 248 timesteps
2023-09-13 23:58:29,281 - INFO - Arrived: 0 Broken: 2
2023-09-13 23:58:29,282 - INFO - Episode 37 seed: 405
2023-09-13 23:58:29,753 - INFO - Episode 37 finished after 257 timesteps
2023-09-14 00:02:12,626 - INFO - Arrived: 0 Broken: 2
2023-09-14 00:02:12,626 - INFO - Episode 38 seed: 597
2023-09-14 00:02:13,094 - INFO - Episode 38 finished after 244 timesteps
2023-09-14 00:06:07,196 - INFO - Arrived: 0 Broken: 2
2023-09-14 00:06:07,197 - INFO - Episode 39 seed: 259
2023-09-14 00:10:13,973 - INFO - Arrived: 0 Broken: 1
2023-09-14 00:10:13,974 - INFO - Episode 40 seed: 217
2023-09-14 00:14:36,792 - INFO - Arrived: 0 Broken: 1
2023-09-14 00:14:36,793 - INFO - Episode 41 seed: 462
2023-09-14 00:19:44,573 - INFO - Arrived: 0 Broken: 1
2023-09-14 00:19:44,573 - INFO - Episode 42 seed: 481
2023-09-14 00:24:56,620 - INFO - Arrived: 0 Broken: 0
2023-09-14 00:24:56,621 - INFO - Episode 43 seed: 803
2023-09-14 00:24:57,240 - INFO - Episode 43 finished after 276 timesteps
2023-09-14 09:18:07,810 - INFO - Arrived: 0 Broken: 2
2023-09-14 09:18:07,810 - INFO - Episode 44 seed: 167
2023-09-14 09:22:52,289 - INFO - Arrived: 0 Broken: 1
2023-09-14 09:22:52,289 - INFO - Episode 45 seed: 233
2023-09-14 09:27:35,971 - INFO - Arrived: 0 Broken: 1
2023-09-14 09:27:35,972 - INFO - Episode 46 seed: 237
2023-09-14 09:32:37,743 - INFO - Arrived: 0 Broken: 1
2023-09-14 09:32:37,743 - INFO - Episode 47 seed: 244
2023-09-14 09:37:40,916 - INFO - Arrived: 0 Broken: 1
2023-09-14 09:37:40,917 - INFO - Episode 48 seed: 930
2023-09-14 09:42:45,335 - INFO - Arrived: 0 Broken: 1
2023-09-14 09:42:45,336 - INFO - Episode 49 seed: 817
2023-09-14 09:48:06,231 - INFO - Arrived: 0 Broken: 0
2023-09-14 09:48:06,231 - INFO - Episode 50 seed: 968
2023-09-14 09:53:26,883 - INFO - Arrived: 0 Broken: 1
2023-09-14 09:53:26,883 - INFO - Episode 51 seed: 654
2023-09-14 09:59:08,961 - INFO - Arrived: 0 Broken: 1
2023-09-14 09:59:08,961 - INFO - Episode 52 seed: 390
2023-09-14 10:04:55,400 - INFO - Arrived: 0 Broken: 1
2023-09-14 10:04:55,400 - INFO - Episode 53 seed: 987
2023-09-14 10:10:31,365 - INFO - Arrived: 0 Broken: 1
2023-09-14 10:10:31,365 - INFO - Episode 54 seed: 880
2023-09-14 10:16:26,650 - INFO - Arrived: 0 Broken: 1
2023-09-14 10:16:26,651 - INFO - Episode 55 seed: 25
2023-09-14 10:22:46,583 - INFO - Arrived: 0 Broken: 1
2023-09-14 10:22:46,583 - INFO - Episode 56 seed: 994
2023-09-14 10:29:12,117 - INFO - Arrived: 0 Broken: 1
2023-09-14 10:29:12,117 - INFO - Episode 57 seed: 228
2023-09-14 10:35:36,693 - INFO - Arrived: 0 Broken: 0
2023-09-14 10:35:36,693 - INFO - Episode 58 seed: 837
2023-09-14 10:42:33,523 - INFO - Arrived: 0 Broken: 1
2023-09-14 10:42:33,524 - INFO - Episode 59 seed: 532
2023-09-14 10:49:14,287 - INFO - Arrived: 0 Broken: 0
2023-09-14 10:49:14,287 - INFO - Episode 60 seed: 603
2023-09-14 10:58:47,308 - INFO - Arrived: 0 Broken: 1
2023-09-14 10:58:47,308 - INFO - Episode 61 seed: 876
2023-09-14 11:09:09,682 - INFO - Arrived: 0 Broken: 1
2023-09-14 11:09:09,682 - INFO - Episode 62 seed: 930
2023-09-14 11:19:46,595 - INFO - Arrived: 0 Broken: 1
2023-09-14 11:19:46,596 - INFO - Episode 63 seed: 629
2023-09-14 11:30:17,191 - INFO - Arrived: 0 Broken: 0
2023-09-14 11:30:17,191 - INFO - Episode 64 seed: 867
2023-09-14 11:40:38,156 - INFO - Arrived: 0 Broken: 1
2023-09-14 11:40:38,157 - INFO - Episode 65 seed: 228
2023-09-14 11:51:33,131 - INFO - Arrived: 0 Broken: 1
2023-09-14 11:51:33,131 - INFO - Episode 66 seed: 440
2023-09-14 12:02:22,278 - INFO - Arrived: 0 Broken: 1
2023-09-14 12:02:22,278 - INFO - Episode 67 seed: 348
2023-09-14 12:13:31,138 - INFO - Arrived: 0 Broken: 1
2023-09-14 12:13:31,138 - INFO - Episode 68 seed: 453
2023-09-14 12:24:36,872 - INFO - Arrived: 0 Broken: 1
2023-09-14 12:24:36,872 - INFO - Episode 69 seed: 125
2023-09-14 12:36:03,680 - INFO - Arrived: 0 Broken: 1
2023-09-14 12:36:03,680 - INFO - Episode 70 seed: 133
2023-09-14 12:47:46,063 - INFO - Arrived: 0 Broken: 0
2023-09-14 12:47:46,063 - INFO - Episode 71 seed: 490
2023-09-14 12:59:33,237 - INFO - Arrived: 0 Broken: 1
2023-09-14 12:59:33,237 - INFO - Episode 72 seed: 853
2023-09-14 13:11:39,332 - INFO - Arrived: 0 Broken: 0
2023-09-14 13:11:39,332 - INFO - Episode 73 seed: 250
2023-09-14 13:24:07,766 - INFO - Arrived: 0 Broken: 0
2023-09-14 13:24:07,766 - INFO - Episode 74 seed: 827
2023-09-14 13:36:36,635 - INFO - Arrived: 0 Broken: 1
2023-09-14 13:36:36,635 - INFO - Episode 75 seed: 145
2023-09-14 13:49:34,022 - INFO - Arrived: 0 Broken: 0
2023-09-14 13:49:34,023 - INFO - Episode 76 seed: 731
2023-09-14 14:02:48,214 - INFO - Arrived: 0 Broken: 1
2023-09-14 14:02:48,214 - INFO - Episode 77 seed: 343
2023-09-14 14:16:18,045 - INFO - Arrived: 0 Broken: 1
2023-09-14 14:16:18,046 - INFO - Episode 78 seed: 447
