2023-09-12 10:19:32,498 - INFO - team_reward is the mean reward of all agents
Remove timestep
learning_rate:0.001
buffer_size:32
gamma:0.9
tau:0.01
hsRNN:64
hsMixing:64
hsHyper:64
replace_cycle:300
agent_num:2
state_size:60
action_size:6
obs_size:30
comm_size:27
epoch:1
batch_size:16
seq_len:100
episode:1000
timestep:100
view_range:1
report_cycle:1
comm_cycle:1
row:10
col:10
height:3
risklevel:0.2
AoI_limit:3

2023-09-12 10:19:32,499 - INFO - 
Map size: 10 * 10 * 3 
At height 1 
[9, 9] [9, 2] [0, 5] [5, 4] [2, 2] [7, 1] [5, 0] [6, 4] [8, 5] [3, 7] is dangerous
At height 2 
[5, 5] [2, 1] [2, 3] [4, 7] [2, 5] [3, 5] [8, 2] [4, 6] [1, 5] [8, 1] is dangerous
UAVs are at:
[0, 0, 1] [0, 9, 1] 
Dest are at:
[9, 4] [7, 8] 
2023-09-12 10:19:32,728 - INFO - Episode 0 seed: 884
2023-09-12 10:19:45,649 - INFO - Episode 1 seed: 306
2023-09-12 10:19:58,396 - INFO - Episode 2 seed: 880
2023-09-12 10:20:10,976 - INFO - Episode 3 seed: 521
2023-09-12 10:20:24,069 - INFO - Episode 4 seed: 504
2023-09-12 10:20:36,855 - INFO - Episode 5 seed: 395
2023-09-12 10:20:49,053 - INFO - Episode 6 seed: 459
2023-09-12 10:21:01,536 - INFO - Episode 7 seed: 713
2023-09-12 10:21:14,113 - INFO - Episode 8 seed: 438
2023-09-12 10:21:27,070 - INFO - Episode 9 seed: 183
2023-09-12 10:21:39,691 - INFO - Episode 10 seed: 361
2023-09-12 10:21:52,233 - INFO - Episode 11 seed: 904
2023-09-12 10:22:05,049 - INFO - Episode 12 seed: 721
2023-09-12 10:22:17,560 - INFO - Episode 13 seed: 481
2023-09-12 10:22:30,495 - INFO - Episode 14 seed: 759
2023-09-12 10:22:43,367 - INFO - Episode 15 seed: 994
2023-09-12 10:22:56,024 - INFO - Episode 16 seed: 772
2023-09-12 10:23:08,262 - INFO - Episode 17 seed: 685
2023-09-12 10:23:21,284 - INFO - Episode 18 seed: 303
2023-09-12 10:23:34,385 - INFO - Episode 19 seed: 630
2023-09-12 10:23:47,091 - INFO - Episode 20 seed: 719
2023-09-12 10:23:59,580 - INFO - Episode 21 seed: 815
2023-09-12 10:24:12,053 - INFO - Episode 22 seed: 1
2023-09-12 10:24:24,922 - INFO - Episode 23 seed: 689
2023-09-12 10:24:37,667 - INFO - Episode 24 seed: 348
2023-09-12 10:24:50,599 - INFO - Episode 25 seed: 615
2023-09-12 10:25:03,470 - INFO - Episode 26 seed: 411
2023-09-12 10:25:16,404 - INFO - Episode 27 seed: 117
2023-09-12 10:25:28,502 - INFO - Episode 28 seed: 442
2023-09-12 10:25:41,299 - INFO - Episode 29 seed: 980
2023-09-12 10:25:53,827 - INFO - Episode 30 seed: 591
2023-09-12 10:26:07,569 - INFO - Episode 31 seed: 639
2023-09-12 10:26:20,944 - INFO - Episode 32 seed: 247
2023-09-12 10:26:46,559 - INFO - Episode 33 seed: 249
2023-09-12 10:27:24,256 - INFO - Episode 34 seed: 603
2023-09-12 10:28:13,974 - INFO - Episode 35 seed: 310
2023-09-12 10:29:15,095 - INFO - Episode 36 seed: 438
2023-09-12 10:30:28,033 - INFO - Episode 37 seed: 285
2023-09-12 10:31:52,561 - INFO - Episode 38 seed: 257
2023-09-12 10:33:28,724 - INFO - Episode 39 seed: 670
2023-09-12 10:35:18,182 - INFO - Episode 40 seed: 125
2023-09-12 10:37:19,008 - INFO - Episode 41 seed: 387
2023-09-12 10:38:25,264 - INFO - Episode 42 seed: 506
2023-09-12 10:39:16,169 - INFO - Episode 43 seed: 300
2023-09-12 10:40:13,493 - INFO - Episode 44 seed: 775
2023-09-12 10:41:29,909 - INFO - Episode 45 seed: 496
2023-09-12 10:42:53,663 - INFO - Episode 46 seed: 556
2023-09-12 10:44:33,685 - INFO - Episode 47 seed: 789
2023-09-12 10:46:46,858 - INFO - Episode 48 seed: 795
2023-09-12 10:49:11,072 - INFO - Episode 49 seed: 94
2023-09-12 10:51:33,547 - INFO - Episode 50 seed: 465
2023-09-12 10:54:06,442 - INFO - Episode 51 seed: 583
2023-09-12 10:56:38,348 - INFO - Episode 52 seed: 39
2023-09-12 10:59:11,038 - INFO - Episode 53 seed: 80
2023-09-12 11:01:52,872 - INFO - Episode 54 seed: 554
2023-09-12 11:04:34,450 - INFO - Episode 55 seed: 140
2023-09-12 11:07:26,726 - INFO - Episode 56 seed: 924
2023-09-12 11:10:28,332 - INFO - Episode 57 seed: 462
2023-09-12 11:13:38,878 - INFO - Episode 58 seed: 136
2023-09-12 11:16:56,810 - INFO - Episode 59 seed: 660
2023-09-12 11:20:16,701 - INFO - Episode 60 seed: 662
2023-09-12 11:23:34,372 - INFO - Episode 61 seed: 738
2023-09-12 11:26:52,616 - INFO - Episode 62 seed: 38
2023-09-12 11:30:11,000 - INFO - Episode 63 seed: 37
2023-09-12 11:33:39,941 - INFO - Episode 64 seed: 173
2023-09-12 11:37:07,229 - INFO - Episode 65 seed: 709
2023-09-12 11:40:45,186 - INFO - Episode 66 seed: 780
2023-09-12 11:44:22,003 - INFO - Episode 67 seed: 799
2023-09-12 11:48:04,938 - INFO - Episode 68 seed: 918
2023-09-12 11:51:58,196 - INFO - Episode 69 seed: 975
2023-09-12 11:55:57,149 - INFO - Episode 70 seed: 668
2023-09-12 12:00:48,527 - INFO - Episode 71 seed: 621
2023-09-12 12:06:23,983 - INFO - Episode 72 seed: 665
2023-09-12 12:12:10,827 - INFO - Episode 73 seed: 141
2023-09-12 12:17:55,411 - INFO - Episode 74 seed: 577
2023-09-12 12:23:40,297 - INFO - Episode 75 seed: 691
2023-09-12 12:29:36,601 - INFO - Episode 76 seed: 626
2023-09-12 12:35:45,122 - INFO - Episode 77 seed: 377
2023-09-12 12:42:04,648 - INFO - Episode 78 seed: 931
2023-09-12 12:48:35,832 - INFO - Episode 79 seed: 341
2023-09-12 12:55:08,277 - INFO - Episode 80 seed: 358
2023-09-12 13:01:39,816 - INFO - Episode 81 seed: 824
2023-09-12 13:08:23,765 - INFO - Episode 82 seed: 241
2023-09-12 13:15:19,936 - INFO - Episode 83 seed: 265
2023-09-12 13:22:16,291 - INFO - Episode 84 seed: 332
2023-09-12 13:29:15,261 - INFO - Episode 85 seed: 416
2023-09-12 13:36:27,095 - INFO - Episode 86 seed: 746
2023-09-12 13:43:35,609 - INFO - Episode 87 seed: 871
2023-09-12 13:50:56,951 - INFO - Episode 88 seed: 756
2023-09-12 13:58:16,935 - INFO - Episode 89 seed: 18
2023-09-12 14:05:36,193 - INFO - Episode 90 seed: 474
2023-09-12 14:13:09,180 - INFO - Episode 91 seed: 328
2023-09-12 14:20:52,025 - INFO - Episode 92 seed: 548
2023-09-12 14:28:32,832 - INFO - Episode 93 seed: 4
2023-09-12 14:36:27,051 - INFO - Episode 94 seed: 38
2023-09-12 14:44:21,474 - INFO - Episode 95 seed: 349
2023-09-12 14:52:18,335 - INFO - Episode 96 seed: 260
2023-09-12 15:00:26,636 - INFO - Episode 97 seed: 286
2023-09-12 15:08:45,845 - INFO - Episode 98 seed: 407
2023-09-12 15:17:17,560 - INFO - Episode 99 seed: 528
2023-09-12 15:25:52,479 - INFO - Episode 100 seed: 337
2023-09-12 15:34:35,071 - INFO - Episode 101 seed: 603
2023-09-12 15:43:19,163 - INFO - Episode 102 seed: 115
2023-09-12 15:52:16,287 - INFO - Episode 103 seed: 687
2023-09-12 16:01:28,245 - INFO - Episode 104 seed: 354
2023-09-12 16:10:36,304 - INFO - Episode 105 seed: 398
2023-09-12 16:19:56,536 - INFO - Episode 106 seed: 610
2023-09-12 16:29:29,301 - INFO - Episode 107 seed: 242
2023-09-12 16:39:01,145 - INFO - Episode 108 seed: 224
2023-09-12 16:48:31,742 - INFO - Episode 109 seed: 271
2023-09-12 16:58:17,684 - INFO - Episode 110 seed: 332
2023-09-12 17:08:00,613 - INFO - Episode 111 seed: 921
2023-09-12 17:17:54,188 - INFO - Episode 112 seed: 550
2023-09-12 17:27:58,949 - INFO - Episode 113 seed: 993
2023-09-12 17:38:06,544 - INFO - Episode 114 seed: 515
2023-09-12 17:48:24,003 - INFO - Episode 115 seed: 106
2023-09-12 17:58:53,227 - INFO - Episode 116 seed: 5
2023-09-12 18:09:23,775 - INFO - Episode 117 seed: 962
2023-09-12 18:20:05,758 - INFO - Episode 118 seed: 174
2023-09-12 18:30:48,068 - INFO - Episode 119 seed: 788
2023-09-12 18:41:59,305 - INFO - Episode 120 seed: 66
2023-09-12 18:53:08,068 - INFO - Episode 121 seed: 623
2023-09-12 19:04:38,148 - INFO - Episode 122 seed: 755
