2023-09-15 18:17:34,732 - INFO - 

learning_rate:0.001
gamma:0.9
tau:0.01
hsRNN:64
hsMixing:64
hsHyper:64
replace_cycle:500
agent_num:2
obs_size:30
msg_size:27
com_size:32
com_mode:3
state_size:61
action_size:6
epoch:1
buffer_size:12
batch_size:6
seq_len:100
episode:1000
timestep:300
view_range:1
report_cycle:1
comm_cycle:1
row:10
col:10
height:3
risklevel:0.2
AoI_limit:3

2023-09-15 18:17:36,035 - INFO - 
Map size: 10 * 10 * 3 
At height 1 
[6, 3] [7, 3] [6, 0] [6, 8] [1, 0] [5, 0] [7, 1] [9, 3] [3, 9] [7, 4] is dangerous
At height 2 
[0, 8] [4, 2] [0, 1] [2, 2] [3, 8] [9, 8] [7, 0] [2, 6] [5, 9] [5, 7] is dangerous
UAVs are at:
[0, 0, 1] [0, 9, 1] 
Dest are at:
[5, 8] [5, 3] 
2023-09-15 18:17:36,062 - INFO - Episode 0 seed: 385
2023-09-15 18:17:39,701 - INFO - Episode 0 finished after 262 timesteps
2023-09-15 18:18:17,382 - INFO - Arrived: 0 Broken: 2 Communication: 187.0
2023-09-15 18:18:17,565 - INFO - Episode 1 seed: 763
2023-09-15 18:19:19,808 - INFO - Arrived: 0 Broken: 1 Communication: 205.0
2023-09-15 18:19:19,998 - INFO - Episode 2 seed: 133
2023-09-15 18:19:22,593 - INFO - Episode 2 finished after 299 timesteps
2023-09-15 18:21:08,366 - INFO - Arrived: 0 Broken: 2 Communication: 88.0
2023-09-15 18:21:08,566 - INFO - Episode 3 seed: 504
2023-09-15 18:22:01,926 - INFO - Arrived: 0 Broken: 1 Communication: 288.0
2023-09-15 18:22:02,135 - INFO - Episode 4 seed: 597
2023-09-15 18:23:47,128 - INFO - Arrived: 0 Broken: 1 Communication: 62.0
2023-09-15 18:23:47,326 - INFO - Episode 5 seed: 6
2023-09-15 18:23:49,637 - INFO - Episode 5 finished after 244 timesteps
2023-09-15 18:25:14,274 - INFO - Arrived: 0 Broken: 2 Communication: 168.0
2023-09-15 18:25:14,446 - INFO - Episode 6 seed: 500
2023-09-15 18:25:16,475 - INFO - Episode 6 finished after 241 timesteps
2023-09-15 19:23:25,087 - INFO - Arrived: 0 Broken: 2 Communication: 13.0
2023-09-15 19:23:25,407 - INFO - Episode 7 seed: 840
2023-09-15 19:23:27,377 - INFO - Episode 7 finished after 225 timesteps
2023-09-15 19:24:08,666 - INFO - Arrived: 0 Broken: 2 Communication: 183.0
2023-09-15 19:24:08,863 - INFO - Episode 8 seed: 157
2023-09-15 19:25:08,490 - INFO - Arrived: 0 Broken: 1 Communication: 42.0
2023-09-15 19:25:08,680 - INFO - Episode 9 seed: 428
2023-09-15 19:25:10,707 - INFO - Episode 9 finished after 227 timesteps
2023-09-15 19:25:45,375 - INFO - Arrived: 0 Broken: 2 Communication: 195.0
2023-09-15 19:25:45,543 - INFO - Episode 10 seed: 880
2023-09-15 19:28:49,907 - INFO - Arrived: 0 Broken: 1 Communication: 179.0
2023-09-15 19:28:50,089 - INFO - Episode 11 seed: 488
2023-09-15 19:28:52,285 - INFO - Episode 11 finished after 261 timesteps
2023-09-15 19:29:26,985 - INFO - Arrived: 0 Broken: 2 Communication: 189.0
2023-09-15 19:29:27,201 - INFO - Episode 12 seed: 524
