2023-09-19 11:59:42,754 - INFO - 

learning_rate:0.001
gamma:0.8
tau:0.01
hsRNN:64
hsMixing:64
hsHyper:64
replace_cycle:500
agent_num:2
obs_size:20
msg_size:27
com_size:32
com_mode:3
state_size:40
action_size:6
epoch:1
buffer_size:32
batch_size:16
seq_len:100
episode:1000
timestep:300
view_range:1
report_cycle:1
comm_cycle:1
row:8
col:8
height:3
risklevel:0.2
AoI_limit:3

2023-09-19 11:59:44,144 - INFO - 
Map size: 8 * 8 * 3 
At height 1 
[5, 6] [3, 7] [3, 6] [5, 7] [4, 2] [4, 4] is dangerous
At height 2 
[5, 1] [3, 3] [5, 0] [3, 2] [4, 1] [3, 4] is dangerous
UAVs are at:
[5, 5, 1] [5, 3, 1] 
Dest are at:
[0, 0] [0, 7] 
2023-09-19 11:59:44,167 - INFO - Episode 0 seed: 730
2023-09-19 11:59:53,350 - INFO - Arrived: 0 Broken: 0 Communication: 0.0
2023-09-19 11:59:53,351 - INFO - Episode 1 seed: 653
2023-09-19 11:59:54,227 - INFO - Episode 1 finished after 241 timesteps
2023-09-19 12:00:00,966 - INFO - Arrived: 0 Broken: 2 Communication: 0.0
2023-09-19 12:00:00,966 - INFO - Episode 2 seed: 901
2023-09-19 12:00:01,769 - INFO - Episode 2 finished after 221 timesteps
2023-09-19 12:00:08,953 - INFO - Arrived: 1 Broken: 1 Communication: 0.0
2023-09-19 12:00:08,954 - INFO - Episode 3 seed: 115
2023-09-19 12:00:09,959 - INFO - Episode 3 finished after 281 timesteps
2023-09-19 12:00:17,300 - INFO - Arrived: 0 Broken: 2 Communication: 0.0
2023-09-19 12:00:17,300 - INFO - Episode 4 seed: 591
2023-09-19 12:00:18,301 - INFO - Episode 4 finished after 261 timesteps
2023-09-19 12:00:25,616 - INFO - Arrived: 0 Broken: 2 Communication: 0.0
2023-09-19 12:00:25,616 - INFO - Episode 5 seed: 151
2023-09-19 12:00:26,718 - INFO - Episode 5 finished after 272 timesteps
2023-09-19 12:00:34,283 - INFO - Arrived: 0 Broken: 2 Communication: 0.0
2023-09-19 12:00:34,284 - INFO - Episode 6 seed: 357
2023-09-19 12:00:35,303 - INFO - Episode 6 finished after 298 timesteps
2023-09-19 12:00:42,811 - INFO - Arrived: 0 Broken: 2 Communication: 0.0
2023-09-19 12:00:42,811 - INFO - Episode 7 seed: 676
2023-09-19 12:00:51,088 - INFO - Arrived: 0 Broken: 0 Communication: 0.0
2023-09-19 12:00:51,088 - INFO - Episode 8 seed: 787
2023-09-19 12:00:59,432 - INFO - Arrived: 0 Broken: 1 Communication: 0.0
2023-09-19 12:00:59,433 - INFO - Episode 9 seed: 728
2023-09-19 12:01:00,161 - INFO - Episode 9 finished after 277 timesteps
2023-09-19 12:01:07,847 - INFO - Arrived: 0 Broken: 2 Communication: 0.0
2023-09-19 12:01:07,847 - INFO - Episode 10 seed: 114
2023-09-19 12:01:16,718 - INFO - Arrived: 0 Broken: 1 Communication: 0.0
2023-09-19 12:01:16,718 - INFO - Episode 11 seed: 100
