2023-09-19 12:01:35,114 - INFO - 

learning_rate:0.001
gamma:0.8
tau:0.01
hsRNN:64
hsMixing:64
hsHyper:64
replace_cycle:500
agent_num:2
obs_size:20
msg_size:27
com_size:32
com_mode:3
state_size:40
action_size:6
epoch:1
buffer_size:32
batch_size:16
seq_len:100
episode:1000
timestep:300
view_range:1
report_cycle:1
comm_cycle:1
row:8
col:8
height:3
risklevel:0.2
AoI_limit:3

2023-09-19 12:01:36,165 - INFO - 
Map size: 8 * 8 * 3 
At height 1 
[5, 2] [2, 4] [4, 7] [5, 0] [2, 0] [3, 3] is dangerous
At height 2 
[3, 6] [3, 1] [5, 7] [3, 2] [2, 3] [4, 4] is dangerous
UAVs are at:
[5, 5, 1] [5, 3, 1] 
Dest are at:
[0, 0] [0, 7] 
2023-09-19 12:01:36,185 - INFO - Episode 0 seed: 408
2023-09-19 12:01:37,909 - INFO - Episode 0 finished after 222 timesteps
2023-09-19 12:01:43,191 - INFO - Arrived: 1 Broken: 1 Communication: 0.0
2023-09-19 12:01:43,192 - INFO - Episode 1 seed: 843
2023-09-19 12:01:44,009 - INFO - Episode 1 finished after 228 timesteps
2023-09-19 12:01:50,134 - INFO - Arrived: 0 Broken: 2 Communication: 0.0
2023-09-19 12:01:50,135 - INFO - Episode 2 seed: 942
2023-09-19 12:01:50,893 - INFO - Episode 2 finished after 241 timesteps
2023-09-19 12:01:57,220 - INFO - Arrived: 0 Broken: 2 Communication: 0.0
2023-09-19 12:01:57,220 - INFO - Episode 3 seed: 415
2023-09-19 12:01:58,257 - INFO - Episode 3 finished after 259 timesteps
2023-09-19 12:02:04,518 - INFO - Arrived: 0 Broken: 2 Communication: 0.0
2023-09-19 12:02:04,519 - INFO - Episode 4 seed: 153
2023-09-19 12:02:05,496 - INFO - Episode 4 finished after 254 timesteps
2023-09-19 12:02:11,686 - INFO - Arrived: 0 Broken: 2 Communication: 0.0
2023-09-19 12:02:11,687 - INFO - Episode 5 seed: 336
2023-09-19 12:02:12,654 - INFO - Episode 5 finished after 286 timesteps
2023-09-19 12:02:19,516 - INFO - Arrived: 0 Broken: 2 Communication: 0.0
2023-09-19 12:02:19,516 - INFO - Episode 6 seed: 64
2023-09-19 12:02:20,493 - INFO - Episode 6 finished after 283 timesteps
2023-09-19 12:02:27,388 - INFO - Arrived: 0 Broken: 2 Communication: 0.0
2023-09-19 12:02:27,388 - INFO - Episode 7 seed: 803
2023-09-19 12:02:35,600 - INFO - Arrived: 0 Broken: 1 Communication: 0.0
2023-09-19 12:02:35,600 - INFO - Episode 8 seed: 354
2023-09-19 12:02:36,397 - INFO - Episode 8 finished after 237 timesteps
2023-09-19 12:02:43,519 - INFO - Arrived: 0 Broken: 2 Communication: 0.0
2023-09-19 12:02:43,519 - INFO - Episode 9 seed: 946
2023-09-19 12:02:44,363 - INFO - Episode 9 finished after 246 timesteps
2023-09-19 12:02:51,534 - INFO - Arrived: 0 Broken: 2 Communication: 0.0
2023-09-19 12:02:51,534 - INFO - Episode 10 seed: 569
2023-09-19 12:02:52,355 - INFO - Episode 10 finished after 241 timesteps
2023-09-19 12:02:59,540 - INFO - Arrived: 0 Broken: 2 Communication: 0.0
2023-09-19 12:02:59,540 - INFO - Episode 11 seed: 708
2023-09-19 12:03:00,410 - INFO - Episode 11 finished after 255 timesteps
2023-09-19 12:03:07,857 - INFO - Arrived: 0 Broken: 2 Communication: 0.0
2023-09-19 12:03:07,857 - INFO - Episode 12 seed: 141
2023-09-19 12:03:08,427 - INFO - Episode 12 finished after 251 timesteps
2023-09-19 12:03:15,997 - INFO - Arrived: 0 Broken: 2 Communication: 0.0
2023-09-19 12:03:15,997 - INFO - Episode 13 seed: 823
2023-09-19 12:03:24,418 - INFO - Arrived: 0 Broken: 1 Communication: 0.0
2023-09-19 12:03:24,418 - INFO - Episode 14 seed: 868
2023-09-19 12:03:33,402 - INFO - Arrived: 0 Broken: 1 Communication: 0.0
2023-09-19 12:03:33,402 - INFO - Episode 15 seed: 226
2023-09-19 12:03:42,049 - INFO - Arrived: 0 Broken: 0 Communication: 0.0
2023-09-19 12:03:42,049 - INFO - Episode 16 seed: 872
2023-09-19 12:03:50,964 - INFO - Arrived: 0 Broken: 0 Communication: 0.0
2023-09-19 12:03:50,964 - INFO - Episode 17 seed: 445
2023-09-19 12:04:00,001 - INFO - Arrived: 0 Broken: 0 Communication: 0.0
2023-09-19 12:04:00,001 - INFO - Episode 18 seed: 598
2023-09-19 12:04:09,132 - INFO - Arrived: 0 Broken: 1 Communication: 0.0
2023-09-19 12:04:09,132 - INFO - Episode 19 seed: 804
2023-09-19 12:04:18,363 - INFO - Arrived: 0 Broken: 0 Communication: 0.0
2023-09-19 12:04:18,364 - INFO - Episode 20 seed: 136
2023-09-19 12:04:27,554 - INFO - Arrived: 0 Broken: 0 Communication: 0.0
2023-09-19 12:04:27,554 - INFO - Episode 21 seed: 761
2023-09-19 12:04:36,771 - INFO - Arrived: 0 Broken: 0 Communication: 0.0
2023-09-19 12:04:36,772 - INFO - Episode 22 seed: 586
2023-09-19 12:04:45,856 - INFO - Arrived: 0 Broken: 0 Communication: 0.0
2023-09-19 12:04:45,856 - INFO - Episode 23 seed: 987
2023-09-19 12:04:54,990 - INFO - Arrived: 0 Broken: 0 Communication: 0.0
2023-09-19 12:04:54,990 - INFO - Episode 24 seed: 243
2023-09-19 12:05:03,384 - INFO - Arrived: 0 Broken: 0 Communication: 0.0
2023-09-19 12:05:03,384 - INFO - Episode 25 seed: 993
2023-09-19 12:05:11,764 - INFO - Arrived: 0 Broken: 0 Communication: 0.0
2023-09-19 12:05:11,764 - INFO - Episode 26 seed: 294
2023-09-19 12:05:20,282 - INFO - Arrived: 0 Broken: 0 Communication: 0.0
2023-09-19 12:05:20,282 - INFO - Episode 27 seed: 22
2023-09-19 12:05:28,727 - INFO - Arrived: 0 Broken: 0 Communication: 0.0
2023-09-19 12:05:28,727 - INFO - Episode 28 seed: 322
2023-09-19 12:05:37,168 - INFO - Arrived: 0 Broken: 0 Communication: 0.0
2023-09-19 12:05:37,169 - INFO - Episode 29 seed: 855
2023-09-19 12:05:45,643 - INFO - Arrived: 0 Broken: 0 Communication: 0.0
2023-09-19 12:05:45,643 - INFO - Episode 30 seed: 999
2023-09-19 12:05:54,061 - INFO - Arrived: 0 Broken: 0 Communication: 0.0
2023-09-19 12:05:54,061 - INFO - Episode 31 seed: 302
2023-09-19 12:06:02,640 - INFO - Arrived: 0 Broken: 0 Communication: 0.0
2023-09-19 12:06:02,640 - INFO - Episode 32 seed: 882
2023-09-19 12:06:11,071 - INFO - Arrived: 0 Broken: 0 Communication: 0.0
2023-09-19 12:06:11,072 - INFO - Episode 33 seed: 68
2023-09-19 12:06:19,584 - INFO - Arrived: 0 Broken: 0 Communication: 0.0
2023-09-19 12:06:19,585 - INFO - Episode 34 seed: 251
2023-09-19 12:06:28,190 - INFO - Arrived: 0 Broken: 0 Communication: 0.0
2023-09-19 12:06:28,190 - INFO - Episode 35 seed: 535
2023-09-19 12:06:36,552 - INFO - Arrived: 0 Broken: 0 Communication: 0.0
2023-09-19 12:06:36,552 - INFO - Episode 36 seed: 42
2023-09-19 12:06:45,511 - INFO - Arrived: 0 Broken: 0 Communication: 0.0
2023-09-19 12:06:45,511 - INFO - Episode 37 seed: 591
2023-09-19 12:06:54,215 - INFO - Arrived: 0 Broken: 0 Communication: 0.0
2023-09-19 12:06:54,215 - INFO - Episode 38 seed: 610
2023-09-19 12:07:02,935 - INFO - Arrived: 0 Broken: 0 Communication: 0.0
2023-09-19 12:07:02,935 - INFO - Episode 39 seed: 147
2023-09-19 12:07:11,630 - INFO - Arrived: 0 Broken: 0 Communication: 0.0
2023-09-19 12:07:11,630 - INFO - Episode 40 seed: 682
2023-09-19 12:07:20,260 - INFO - Arrived: 0 Broken: 0 Communication: 0.0
2023-09-19 12:07:20,260 - INFO - Episode 41 seed: 602
2023-09-19 12:07:29,337 - INFO - Arrived: 0 Broken: 0 Communication: 0.0
2023-09-19 12:07:29,337 - INFO - Episode 42 seed: 143
2023-09-19 12:07:38,002 - INFO - Arrived: 0 Broken: 0 Communication: 0.0
2023-09-19 12:07:38,002 - INFO - Episode 43 seed: 207
2023-09-19 12:07:46,918 - INFO - Arrived: 0 Broken: 0 Communication: 0.0
2023-09-19 12:07:46,918 - INFO - Episode 44 seed: 224
2023-09-19 12:07:55,893 - INFO - Arrived: 0 Broken: 0 Communication: 0.0
2023-09-19 12:07:55,893 - INFO - Episode 45 seed: 152
2023-09-19 12:08:04,782 - INFO - Arrived: 0 Broken: 0 Communication: 0.0
2023-09-19 12:08:04,783 - INFO - Episode 46 seed: 611
2023-09-19 12:08:13,809 - INFO - Arrived: 0 Broken: 0 Communication: 0.0
2023-09-19 12:08:13,809 - INFO - Episode 47 seed: 529
2023-09-19 12:08:22,231 - INFO - Arrived: 0 Broken: 0 Communication: 0.0
2023-09-19 12:08:22,231 - INFO - Episode 48 seed: 393
2023-09-19 12:08:30,902 - INFO - Arrived: 0 Broken: 0 Communication: 0.0
2023-09-19 12:08:30,902 - INFO - Episode 49 seed: 251
2023-09-19 12:08:39,556 - INFO - Arrived: 0 Broken: 0 Communication: 0.0
2023-09-19 12:08:39,556 - INFO - Episode 50 seed: 781
2023-09-19 12:08:48,206 - INFO - Arrived: 0 Broken: 0 Communication: 0.0
2023-09-19 12:08:48,207 - INFO - Episode 51 seed: 868
2023-09-19 12:08:56,906 - INFO - Arrived: 0 Broken: 0 Communication: 0.0
2023-09-19 12:08:56,906 - INFO - Episode 52 seed: 200
2023-09-19 12:09:05,609 - INFO - Arrived: 0 Broken: 0 Communication: 0.0
2023-09-19 12:09:05,609 - INFO - Episode 53 seed: 238
2023-09-19 12:09:14,199 - INFO - Arrived: 0 Broken: 0 Communication: 0.0
2023-09-19 12:09:14,199 - INFO - Episode 54 seed: 613
2023-09-19 12:09:22,825 - INFO - Arrived: 0 Broken: 0 Communication: 0.0
2023-09-19 12:09:22,825 - INFO - Episode 55 seed: 299
2023-09-19 12:09:31,468 - INFO - Arrived: 0 Broken: 0 Communication: 0.0
2023-09-19 12:09:31,468 - INFO - Episode 56 seed: 879
2023-09-19 12:09:39,986 - INFO - Arrived: 0 Broken: 0 Communication: 0.0
2023-09-19 12:09:39,986 - INFO - Episode 57 seed: 882
2023-09-19 12:09:48,611 - INFO - Arrived: 0 Broken: 0 Communication: 0.0
2023-09-19 12:09:48,611 - INFO - Episode 58 seed: 570
2023-09-19 12:09:57,148 - INFO - Arrived: 0 Broken: 0 Communication: 0.0
2023-09-19 12:09:57,148 - INFO - Episode 59 seed: 340
2023-09-19 12:10:05,299 - INFO - Arrived: 0 Broken: 0 Communication: 0.0
2023-09-19 12:10:05,300 - INFO - Episode 60 seed: 55
2023-09-19 12:10:13,756 - INFO - Arrived: 0 Broken: 0 Communication: 0.0
2023-09-19 12:10:13,756 - INFO - Episode 61 seed: 492
2023-09-19 12:10:22,258 - INFO - Arrived: 0 Broken: 0 Communication: 0.0
2023-09-19 12:10:22,258 - INFO - Episode 62 seed: 248
2023-09-19 12:10:30,759 - INFO - Arrived: 0 Broken: 0 Communication: 0.0
2023-09-19 12:10:30,759 - INFO - Episode 63 seed: 375
2023-09-19 12:10:39,353 - INFO - Arrived: 0 Broken: 0 Communication: 0.0
2023-09-19 12:10:39,354 - INFO - Episode 64 seed: 173
2023-09-19 12:10:47,799 - INFO - Arrived: 0 Broken: 0 Communication: 0.0
2023-09-19 12:10:47,799 - INFO - Episode 65 seed: 501
2023-09-19 12:10:56,234 - INFO - Arrived: 0 Broken: 0 Communication: 0.0
2023-09-19 12:10:56,235 - INFO - Episode 66 seed: 792
2023-09-19 12:11:04,738 - INFO - Arrived: 0 Broken: 0 Communication: 0.0
2023-09-19 12:11:04,738 - INFO - Episode 67 seed: 632
2023-09-19 12:11:13,112 - INFO - Arrived: 0 Broken: 0 Communication: 0.0
2023-09-19 12:11:13,112 - INFO - Episode 68 seed: 914
