2023-09-27 22:37:16,575 - INFO - 

learning_rate:0.001
gamma:0.8
tau:0.01
hsRNN:64
hsMixing:64
hsHyper:64
replace_cycle:500
agent_num:2
obs_size:5
msg_size:27
com_size:32
com_mode:3
state_size:7
action_size:6
epoch:1
buffer_size:32
batch_size:32
seq_len:100
episode:3000
timestep:300
view_range:1
report_cycle:1
comm_cycle:1
row:8
col:8
height:3
risklevel:0.1
risk_num:3
AoI_limit:3

2023-09-27 22:37:17,648 - INFO - 
Map size: 8 * 8 * 3
At height 1 
[1, 4] [0, 1] [6, 5] 
At height 2 
[2, 6] [2, 2] [6, 2] is dangerous
UAVs are at:
[3, 3, 1] [3, 5, 1] 
Dest are at:
[[0, 7], [0, 0]] [[7, 0], [7, 7]] 
2023-09-27 22:37:17,668 - INFO - Episode 0 seed: 843
2023-09-27 22:37:19,035 - INFO - Episode 0 finished after 149 timesteps
2023-09-27 22:37:19,557 - INFO - Arrived: 2 Broken: 0
2023-09-27 22:37:19,557 - INFO - Episode 1 seed: 843
2023-09-27 22:37:20,666 - INFO - Episode 1 finished after 298 timesteps
2023-09-27 22:37:21,058 - INFO - Arrived: 0 Broken: 2
2023-09-27 22:37:21,060 - INFO - Episode 2 seed: 843
2023-09-27 22:37:21,126 - INFO - Episode 2 finished after 29 timesteps
2023-09-27 22:37:21,517 - INFO - Arrived: 2 Broken: 0
2023-09-27 22:37:21,517 - INFO - Episode 3 seed: 843
2023-09-27 22:37:21,936 - INFO - Episode 3 finished after 125 timesteps
2023-09-27 22:37:22,398 - INFO - Arrived: 2 Broken: 0
2023-09-27 22:37:22,399 - INFO - Episode 4 seed: 843
2023-09-27 22:37:23,213 - INFO - Episode 4 finished after 270 timesteps
2023-09-27 22:37:23,643 - INFO - Arrived: 1 Broken: 1
2023-09-27 22:37:23,644 - INFO - Episode 5 seed: 843
2023-09-27 22:37:25,009 - INFO - Arrived: 1 Broken: 0
2023-09-27 22:37:25,010 - INFO - Episode 6 seed: 843
2023-09-27 22:37:25,102 - INFO - Episode 6 finished after 26 timesteps
2023-09-27 22:37:25,469 - INFO - Arrived: 2 Broken: 0
2023-09-27 22:37:25,469 - INFO - Episode 7 seed: 843
2023-09-27 22:37:26,404 - INFO - Episode 7 finished after 279 timesteps
2023-09-27 22:37:26,849 - INFO - Arrived: 1 Broken: 1
2023-09-27 22:37:26,850 - INFO - Episode 8 seed: 843
2023-09-27 22:37:27,345 - INFO - Episode 8 finished after 151 timesteps
2023-09-27 22:37:27,741 - INFO - Arrived: 2 Broken: 0
2023-09-27 22:37:27,741 - INFO - Episode 9 seed: 843
2023-09-27 22:37:28,157 - INFO - Episode 9 finished after 120 timesteps
2023-09-27 22:37:28,518 - INFO - Arrived: 2 Broken: 0
2023-09-27 22:37:28,518 - INFO - Episode 10 seed: 843
2023-09-27 22:37:28,834 - INFO - Episode 10 finished after 91 timesteps
2023-09-27 22:37:29,212 - INFO - Arrived: 2 Broken: 0
2023-09-27 22:37:29,212 - INFO - Episode 11 seed: 843
2023-09-27 22:37:30,280 - INFO - Episode 11 finished after 275 timesteps
2023-09-27 22:37:30,735 - INFO - Arrived: 1 Broken: 1
2023-09-27 22:37:30,736 - INFO - Episode 12 seed: 843
2023-09-27 22:37:31,655 - INFO - Episode 12 finished after 257 timesteps
2023-09-27 22:37:32,054 - INFO - Arrived: 1 Broken: 1
2023-09-27 22:37:32,054 - INFO - Episode 13 seed: 843
2023-09-27 22:37:33,056 - INFO - Episode 13 finished after 291 timesteps
2023-09-27 22:37:33,416 - INFO - Arrived: 1 Broken: 1
2023-09-27 22:37:33,416 - INFO - Episode 14 seed: 843
2023-09-27 22:37:33,601 - INFO - Episode 14 finished after 41 timesteps
2023-09-27 22:37:33,980 - INFO - Arrived: 2 Broken: 0
2023-09-27 22:37:33,981 - INFO - Episode 15 seed: 843
2023-09-27 22:37:34,644 - INFO - Episode 15 finished after 165 timesteps
2023-09-27 22:37:35,097 - INFO - Arrived: 2 Broken: 0
2023-09-27 22:37:35,097 - INFO - Episode 16 seed: 843
2023-09-27 22:37:35,997 - INFO - Episode 16 finished after 266 timesteps
2023-09-27 22:37:36,401 - INFO - Arrived: 2 Broken: 0
2023-09-27 22:37:36,401 - INFO - Episode 17 seed: 843
2023-09-27 22:37:37,199 - INFO - Episode 17 finished after 214 timesteps
2023-09-27 22:37:37,576 - INFO - Arrived: 2 Broken: 0
2023-09-27 22:37:37,577 - INFO - Episode 18 seed: 843
2023-09-27 22:37:38,427 - INFO - Episode 18 finished after 281 timesteps
2023-09-27 22:37:38,827 - INFO - Arrived: 1 Broken: 1
2023-09-27 22:37:38,827 - INFO - Episode 19 seed: 843
2023-09-27 22:37:40,377 - INFO - Arrived: 1 Broken: 0
2023-09-27 22:37:40,378 - INFO - Episode 20 seed: 843
2023-09-27 22:37:40,646 - INFO - Episode 20 finished after 69 timesteps
2023-09-27 22:37:41,054 - INFO - Arrived: 2 Broken: 0
2023-09-27 22:37:41,054 - INFO - Episode 21 seed: 843
2023-09-27 22:37:41,724 - INFO - Episode 21 finished after 189 timesteps
2023-09-27 22:37:42,141 - INFO - Arrived: 2 Broken: 0
2023-09-27 22:37:42,141 - INFO - Episode 22 seed: 843
2023-09-27 22:37:43,095 - INFO - Episode 22 finished after 221 timesteps
2023-09-27 22:37:43,462 - INFO - Arrived: 1 Broken: 1
2023-09-27 22:37:43,462 - INFO - Episode 23 seed: 843
2023-09-27 22:37:43,579 - INFO - Episode 23 finished after 41 timesteps
2023-09-27 22:37:44,029 - INFO - Arrived: 2 Broken: 0
2023-09-27 22:37:44,029 - INFO - Episode 24 seed: 843
2023-09-27 22:37:44,585 - INFO - Episode 24 finished after 149 timesteps
2023-09-27 22:37:44,972 - INFO - Arrived: 2 Broken: 0
2023-09-27 22:37:44,972 - INFO - Episode 25 seed: 843
2023-09-27 22:37:45,596 - INFO - Episode 25 finished after 182 timesteps
2023-09-27 22:37:46,009 - INFO - Arrived: 2 Broken: 0
2023-09-27 22:37:46,009 - INFO - Episode 26 seed: 843
2023-09-27 22:37:47,501 - INFO - Arrived: 1 Broken: 0
2023-09-27 22:37:47,501 - INFO - Episode 27 seed: 843
2023-09-27 22:37:47,829 - INFO - Episode 27 finished after 97 timesteps
2023-09-27 22:37:48,213 - INFO - Arrived: 2 Broken: 0
2023-09-27 22:37:48,214 - INFO - Episode 28 seed: 843
2023-09-27 22:37:48,647 - INFO - Episode 28 finished after 124 timesteps
2023-09-27 22:37:49,115 - INFO - Arrived: 2 Broken: 0
2023-09-27 22:37:49,115 - INFO - Episode 29 seed: 843
2023-09-27 22:37:50,138 - INFO - Episode 29 finished after 292 timesteps
2023-09-27 22:37:50,532 - INFO - Arrived: 2 Broken: 0
2023-09-27 22:37:50,532 - INFO - Episode 30 seed: 843
2023-09-27 22:37:50,674 - INFO - Episode 30 finished after 46 timesteps
2023-09-27 22:37:51,090 - INFO - Arrived: 2 Broken: 0
2023-09-27 22:37:51,090 - INFO - Episode 31 seed: 843
2023-09-27 22:37:52,086 - INFO - Episode 31 finished after 291 timesteps
2023-09-27 22:37:52,471 - INFO - Arrived: 1 Broken: 1
2023-09-27 22:37:52,471 - INFO - Episode 32 seed: 843
2023-09-27 22:37:53,095 - INFO - Episode 32 finished after 184 timesteps
2023-09-27 22:38:33,409 - INFO - Arrived: 2 Broken: 0
2023-09-27 22:38:33,410 - INFO - Episode 33 seed: 843
2023-09-27 22:38:34,263 - INFO - Episode 33 finished after 243 timesteps
2023-09-27 22:39:15,865 - INFO - Arrived: 0 Broken: 2
2023-09-27 22:39:15,865 - INFO - Episode 34 seed: 843
2023-09-27 22:39:16,620 - INFO - Episode 34 finished after 246 timesteps
2023-09-27 22:39:57,257 - INFO - Arrived: 0 Broken: 2
2023-09-27 22:39:57,258 - INFO - Episode 35 seed: 843
2023-09-27 22:39:58,104 - INFO - Episode 35 finished after 244 timesteps
2023-09-27 22:40:37,972 - INFO - Arrived: 2 Broken: 0
2023-09-27 22:40:37,972 - INFO - Episode 36 seed: 843
2023-09-27 22:40:38,872 - INFO - Episode 36 finished after 238 timesteps
2023-09-27 22:41:19,088 - INFO - Arrived: 0 Broken: 2
2023-09-27 22:41:19,089 - INFO - Episode 37 seed: 843
2023-09-27 22:41:19,468 - INFO - Episode 37 finished after 94 timesteps
2023-09-27 22:41:59,432 - INFO - Arrived: 2 Broken: 0
2023-09-27 22:41:59,432 - INFO - Episode 38 seed: 843
2023-09-27 22:42:00,347 - INFO - Episode 38 finished after 264 timesteps
2023-09-27 22:42:38,906 - INFO - Arrived: 1 Broken: 1
2023-09-27 22:42:38,906 - INFO - Episode 39 seed: 843
2023-09-27 22:42:39,743 - INFO - Episode 39 finished after 246 timesteps
2023-09-27 22:43:23,343 - INFO - Arrived: 1 Broken: 1
2023-09-27 22:43:23,343 - INFO - Episode 40 seed: 843
2023-09-27 22:43:24,269 - INFO - Episode 40 finished after 247 timesteps
