2023-09-26 21:19:45,165 - INFO - 

learning_rate:0.001
gamma:0.8
tau:0.01
hsRNN:64
hsMixing:64
hsHyper:64
replace_cycle:500
agent_num:2
obs_size:5
msg_size:27
com_size:32
com_mode:3
state_size:7
action_size:6
q_mode:0
epoch:1
buffer_size:32
batch_size:32
seq_len:100
episode:3000
timestep:200
view_range:1
report_cycle:1
comm_cycle:1
row:8
col:8
height:3
risklevel:0.1
risk_num:2
AoI_limit:3

2023-09-26 21:19:46,508 - INFO - 
Map size: 8 * 8 * 3 
At height 1 
At height 2 
[6, 6] [2, 2] is dangerous
UAVs are at:
[3, 5, 1] [3, 3, 1] 
Dest are at:
[0, 7] [7, 0] 
2023-09-26 21:19:46,527 - INFO - Episode 0 seed: 714
2023-09-26 21:19:49,238 - INFO - Arrived: 1 Broken: 0 Communication: 0.0
2023-09-26 21:19:49,238 - INFO - Episode 1 seed: 714
2023-09-26 21:19:49,492 - INFO - Episode 1 finished after 96 timesteps
2023-09-26 21:19:49,909 - INFO - Arrived: 2 Broken: 0 Communication: 0.0
2023-09-26 21:19:49,909 - INFO - Episode 2 seed: 714
2023-09-26 21:19:51,265 - INFO - Arrived: 1 Broken: 0 Communication: 0.0
2023-09-26 21:19:51,265 - INFO - Episode 3 seed: 714
2023-09-26 21:19:51,755 - INFO - Episode 3 finished after 202 timesteps
2023-09-26 21:19:52,199 - INFO - Arrived: 2 Broken: 0 Communication: 0.0
2023-09-26 21:19:52,200 - INFO - Episode 4 seed: 714
2023-09-26 21:19:53,513 - INFO - Arrived: 1 Broken: 0 Communication: 0.0
2023-09-26 21:19:53,513 - INFO - Episode 5 seed: 714
2023-09-26 21:19:53,814 - INFO - Episode 5 finished after 87 timesteps
2023-09-26 21:19:54,235 - INFO - Arrived: 2 Broken: 0 Communication: 0.0
2023-09-26 21:19:54,235 - INFO - Episode 6 seed: 714
2023-09-26 21:19:54,911 - INFO - Episode 6 finished after 219 timesteps
2023-09-26 21:19:55,305 - INFO - Arrived: 2 Broken: 0 Communication: 0.0
2023-09-26 21:19:55,305 - INFO - Episode 7 seed: 714
2023-09-26 21:19:55,480 - INFO - Episode 7 finished after 58 timesteps
2023-09-26 21:19:56,014 - INFO - Arrived: 2 Broken: 0 Communication: 0.0
2023-09-26 21:19:56,014 - INFO - Episode 8 seed: 714
2023-09-26 21:19:56,372 - INFO - Episode 8 finished after 138 timesteps
2023-09-26 21:19:56,770 - INFO - Arrived: 2 Broken: 0 Communication: 0.0
2023-09-26 21:19:56,770 - INFO - Episode 9 seed: 714
2023-09-26 21:19:57,107 - INFO - Episode 9 finished after 98 timesteps
2023-09-26 21:19:57,492 - INFO - Arrived: 2 Broken: 0 Communication: 0.0
2023-09-26 21:19:57,493 - INFO - Episode 10 seed: 714
2023-09-26 21:19:58,711 - INFO - Arrived: 1 Broken: 0 Communication: 0.0
2023-09-26 21:19:58,711 - INFO - Episode 11 seed: 714
2023-09-26 21:20:00,124 - INFO - Arrived: 1 Broken: 0 Communication: 0.0
2023-09-26 21:20:00,124 - INFO - Episode 12 seed: 714
2023-09-26 21:20:00,812 - INFO - Episode 12 finished after 228 timesteps
2023-09-26 21:20:01,220 - INFO - Arrived: 2 Broken: 0 Communication: 0.0
2023-09-26 21:20:01,220 - INFO - Episode 13 seed: 714
2023-09-26 21:20:02,540 - INFO - Arrived: 1 Broken: 0 Communication: 0.0
2023-09-26 21:20:02,540 - INFO - Episode 14 seed: 714
2023-09-26 21:20:03,836 - INFO - Arrived: 0 Broken: 0 Communication: 0.0
2023-09-26 21:20:03,837 - INFO - Episode 15 seed: 714
2023-09-26 21:20:04,561 - INFO - Episode 15 finished after 247 timesteps
2023-09-26 21:20:04,953 - INFO - Arrived: 2 Broken: 0 Communication: 0.0
2023-09-26 21:20:04,954 - INFO - Episode 16 seed: 714
2023-09-26 21:20:05,834 - INFO - Episode 16 finished after 293 timesteps
2023-09-26 21:20:06,369 - INFO - Arrived: 2 Broken: 0 Communication: 0.0
2023-09-26 21:20:06,369 - INFO - Episode 17 seed: 714
2023-09-26 21:20:06,774 - INFO - Episode 17 finished after 143 timesteps
2023-09-26 21:20:07,186 - INFO - Arrived: 2 Broken: 0 Communication: 0.0
2023-09-26 21:20:07,186 - INFO - Episode 18 seed: 714
2023-09-26 21:20:07,314 - INFO - Episode 18 finished after 50 timesteps
2023-09-26 21:20:07,711 - INFO - Arrived: 2 Broken: 0 Communication: 0.0
2023-09-26 21:20:07,712 - INFO - Episode 19 seed: 714
2023-09-26 21:20:07,951 - INFO - Episode 19 finished after 79 timesteps
2023-09-26 21:20:08,389 - INFO - Arrived: 2 Broken: 0 Communication: 0.0
2023-09-26 21:20:08,389 - INFO - Episode 20 seed: 714
2023-09-26 21:20:08,564 - INFO - Episode 20 finished after 72 timesteps
2023-09-26 21:20:08,982 - INFO - Arrived: 2 Broken: 0 Communication: 0.0
2023-09-26 21:20:08,982 - INFO - Episode 21 seed: 714
2023-09-26 21:20:10,380 - INFO - Arrived: 1 Broken: 0 Communication: 0.0
2023-09-26 21:20:10,380 - INFO - Episode 22 seed: 714
2023-09-26 21:20:11,197 - INFO - Episode 22 finished after 256 timesteps
2023-09-26 21:20:11,727 - INFO - Arrived: 2 Broken: 0 Communication: 0.0
2023-09-26 21:20:11,727 - INFO - Episode 23 seed: 714
2023-09-26 21:20:13,051 - INFO - Arrived: 1 Broken: 0 Communication: 0.0
2023-09-26 21:20:13,051 - INFO - Episode 24 seed: 714
2023-09-26 21:20:13,636 - INFO - Episode 24 finished after 183 timesteps
2023-09-26 21:20:14,048 - INFO - Arrived: 2 Broken: 0 Communication: 0.0
2023-09-26 21:20:14,048 - INFO - Episode 25 seed: 714
2023-09-26 21:20:14,361 - INFO - Episode 25 finished after 106 timesteps
2023-09-26 21:20:14,834 - INFO - Arrived: 2 Broken: 0 Communication: 0.0
2023-09-26 21:20:14,834 - INFO - Episode 26 seed: 714
2023-09-26 21:20:15,761 - INFO - Episode 26 finished after 285 timesteps
2023-09-26 21:20:16,173 - INFO - Arrived: 2 Broken: 0 Communication: 0.0
2023-09-26 21:20:16,173 - INFO - Episode 27 seed: 714
2023-09-26 21:20:16,434 - INFO - Episode 27 finished after 98 timesteps
2023-09-26 21:20:16,819 - INFO - Arrived: 2 Broken: 0 Communication: 0.0
2023-09-26 21:20:16,819 - INFO - Episode 28 seed: 714
2023-09-26 21:20:18,138 - INFO - Arrived: 1 Broken: 0 Communication: 0.0
2023-09-26 21:20:18,138 - INFO - Episode 29 seed: 714
2023-09-26 21:20:18,469 - INFO - Episode 29 finished after 102 timesteps
2023-09-26 21:20:18,863 - INFO - Arrived: 2 Broken: 0 Communication: 0.0
2023-09-26 21:20:18,863 - INFO - Episode 30 seed: 714
2023-09-26 21:20:19,156 - INFO - Episode 30 finished after 82 timesteps
2023-09-26 21:20:19,663 - INFO - Arrived: 2 Broken: 0 Communication: 0.0
2023-09-26 21:20:19,663 - INFO - Episode 31 seed: 714
2023-09-26 21:20:19,987 - INFO - Episode 31 finished after 113 timesteps
2023-09-26 21:20:20,415 - INFO - Arrived: 2 Broken: 0 Communication: 0.0
2023-09-26 21:20:20,416 - INFO - Episode 32 seed: 714
2023-09-26 21:20:21,020 - INFO - Episode 32 finished after 215 timesteps
2023-09-26 21:21:01,672 - INFO - Arrived: 2 Broken: 0 Communication: 0.0
2023-09-26 21:21:01,672 - INFO - Episode 33 seed: 714
2023-09-26 21:21:02,606 - INFO - Episode 33 finished after 248 timesteps
2023-09-26 21:21:42,207 - INFO - Arrived: 1 Broken: 1 Communication: 0.0
2023-09-26 21:21:42,207 - INFO - Episode 34 seed: 714
2023-09-26 21:21:43,128 - INFO - Episode 34 finished after 262 timesteps
2023-09-26 21:22:24,281 - INFO - Arrived: 1 Broken: 1 Communication: 0.0
2023-09-26 21:22:24,281 - INFO - Episode 35 seed: 714
2023-09-26 21:22:25,032 - INFO - Episode 35 finished after 242 timesteps
2023-09-26 21:23:03,814 - INFO - Arrived: 1 Broken: 1 Communication: 0.0
2023-09-26 21:23:03,814 - INFO - Episode 36 seed: 714
2023-09-26 21:23:04,672 - INFO - Episode 36 finished after 256 timesteps
2023-09-26 21:23:45,010 - INFO - Arrived: 0 Broken: 2 Communication: 0.0
2023-09-26 21:23:45,011 - INFO - Episode 37 seed: 714
2023-09-26 21:23:45,757 - INFO - Episode 37 finished after 254 timesteps
2023-09-26 21:24:26,487 - INFO - Arrived: 0 Broken: 2 Communication: 0.0
2023-09-26 21:24:26,487 - INFO - Episode 38 seed: 714
2023-09-26 21:24:27,306 - INFO - Episode 38 finished after 236 timesteps
2023-09-26 21:25:06,535 - INFO - Arrived: 2 Broken: 0 Communication: 0.0
2023-09-26 21:25:06,535 - INFO - Episode 39 seed: 714
2023-09-26 21:25:07,216 - INFO - Episode 39 finished after 225 timesteps
