2023-09-27 15:05:13,789 - INFO - 

learning_rate:0.001
gamma:0.8
tau:0.01
hsRNN:64
hsMixing:64
hsHyper:64
replace_cycle:500
agent_num:2
obs_size:5
msg_size:27
com_size:32
com_mode:3
state_size:7
action_size:6
q_mode:0
epoch:1
buffer_size:32
batch_size:32
seq_len:100
episode:3000
timestep:200
view_range:1
report_cycle:1
comm_cycle:1
row:8
col:8
height:3
risklevel:0.1
risk_num:2
AoI_limit:3

2023-09-27 15:05:14,868 - INFO - 
Map size: 8 * 8 * 3 
At height 1 
At height 2 
[2, 6] [6, 6] is dangerous
UAVs are at:
[3, 5, 1] [3, 3, 1] 
Dest are at:
[0, 7] [7, 0] 
2023-09-27 15:05:14,886 - INFO - Episode 0 seed: 409
2023-09-27 15:05:16,561 - INFO - Episode 0 finished after 271 timesteps
2023-09-27 15:05:17,455 - INFO - Arrived: 2 Broken: 0
2023-09-27 15:05:17,456 - INFO - Episode 1 seed: 409
2023-09-27 15:05:19,297 - INFO - Arrived: 1 Broken: 0
2023-09-27 15:05:19,298 - INFO - Episode 2 seed: 409
2023-09-27 15:05:21,110 - INFO - Arrived: 1 Broken: 0
2023-09-27 15:05:21,110 - INFO - Episode 3 seed: 409
2023-09-27 15:05:21,726 - INFO - Episode 3 finished after 201 timesteps
2023-09-27 15:05:22,906 - INFO - Arrived: 2 Broken: 0
2023-09-27 15:05:22,907 - INFO - Episode 4 seed: 409
2023-09-27 15:05:24,985 - INFO - Arrived: 0 Broken: 0
2023-09-27 15:05:24,986 - INFO - Episode 5 seed: 409
2023-09-27 15:05:25,970 - INFO - Episode 5 finished after 266 timesteps
2023-09-27 15:05:26,831 - INFO - Arrived: 2 Broken: 0
2023-09-27 15:05:26,831 - INFO - Episode 6 seed: 409
2023-09-27 15:05:27,501 - INFO - Episode 6 finished after 199 timesteps
2023-09-27 15:05:28,361 - INFO - Arrived: 2 Broken: 0
2023-09-27 15:05:28,362 - INFO - Episode 7 seed: 409
2023-09-27 15:05:28,915 - INFO - Episode 7 finished after 172 timesteps
2023-09-27 15:05:29,771 - INFO - Arrived: 2 Broken: 0
2023-09-27 15:05:29,771 - INFO - Episode 8 seed: 409
2023-09-27 15:05:31,712 - INFO - Arrived: 0 Broken: 0
2023-09-27 15:05:31,713 - INFO - Episode 9 seed: 409
2023-09-27 15:05:32,199 - INFO - Episode 9 finished after 166 timesteps
2023-09-27 15:05:32,947 - INFO - Arrived: 2 Broken: 0
2023-09-27 15:05:32,947 - INFO - Episode 10 seed: 409
2023-09-27 15:05:34,676 - INFO - Arrived: 1 Broken: 0
2023-09-27 15:05:34,676 - INFO - Episode 11 seed: 409
2023-09-27 15:05:36,489 - INFO - Arrived: 0 Broken: 0
2023-09-27 15:05:36,489 - INFO - Episode 12 seed: 409
2023-09-27 15:05:38,381 - INFO - Arrived: 0 Broken: 0
2023-09-27 15:05:38,381 - INFO - Episode 13 seed: 409
2023-09-27 15:05:40,222 - INFO - Arrived: 1 Broken: 0
2023-09-27 15:05:40,222 - INFO - Episode 14 seed: 409
2023-09-27 15:05:40,666 - INFO - Episode 14 finished after 140 timesteps
2023-09-27 15:05:41,420 - INFO - Arrived: 2 Broken: 0
2023-09-27 15:05:41,420 - INFO - Episode 15 seed: 409
2023-09-27 15:05:43,146 - INFO - Arrived: 1 Broken: 0
2023-09-27 15:05:43,147 - INFO - Episode 16 seed: 409
2023-09-27 15:05:44,939 - INFO - Arrived: 1 Broken: 0
2023-09-27 15:05:44,939 - INFO - Episode 17 seed: 409
2023-09-27 15:05:46,609 - INFO - Arrived: 1 Broken: 0
2023-09-27 15:05:46,609 - INFO - Episode 18 seed: 409
2023-09-27 15:05:48,285 - INFO - Arrived: 1 Broken: 0
2023-09-27 15:05:48,285 - INFO - Episode 19 seed: 409
2023-09-27 15:05:48,830 - INFO - Episode 19 finished after 176 timesteps
2023-09-27 15:05:49,644 - INFO - Arrived: 2 Broken: 0
2023-09-27 15:05:49,644 - INFO - Episode 20 seed: 409
2023-09-27 15:05:51,443 - INFO - Arrived: 0 Broken: 0
2023-09-27 15:05:51,443 - INFO - Episode 21 seed: 409
2023-09-27 15:05:53,056 - INFO - Arrived: 1 Broken: 0
2023-09-27 15:05:53,057 - INFO - Episode 22 seed: 409
2023-09-27 15:05:53,470 - INFO - Episode 22 finished after 132 timesteps
2023-09-27 15:05:54,303 - INFO - Arrived: 2 Broken: 0
2023-09-27 15:05:54,303 - INFO - Episode 23 seed: 409
2023-09-27 15:05:56,018 - INFO - Arrived: 1 Broken: 0
2023-09-27 15:05:56,018 - INFO - Episode 24 seed: 409
2023-09-27 15:05:56,732 - INFO - Episode 24 finished after 254 timesteps
2023-09-27 15:05:57,517 - INFO - Arrived: 2 Broken: 0
2023-09-27 15:05:57,518 - INFO - Episode 25 seed: 409
2023-09-27 15:05:59,199 - INFO - Arrived: 0 Broken: 0
2023-09-27 15:05:59,199 - INFO - Episode 26 seed: 409
2023-09-27 15:05:59,691 - INFO - Episode 26 finished after 160 timesteps
2023-09-27 15:06:00,483 - INFO - Arrived: 2 Broken: 0
2023-09-27 15:06:00,484 - INFO - Episode 27 seed: 409
2023-09-27 15:06:01,267 - INFO - Episode 27 finished after 249 timesteps
2023-09-27 15:06:01,992 - INFO - Arrived: 2 Broken: 0
2023-09-27 15:06:01,993 - INFO - Episode 28 seed: 409
2023-09-27 15:06:03,994 - INFO - Arrived: 0 Broken: 0
2023-09-27 15:06:03,994 - INFO - Episode 29 seed: 409
2023-09-27 15:06:05,919 - INFO - Arrived: 0 Broken: 0
2023-09-27 15:06:05,920 - INFO - Episode 30 seed: 409
2023-09-27 15:06:07,908 - INFO - Arrived: 1 Broken: 0
2023-09-27 15:06:07,909 - INFO - Episode 31 seed: 409
2023-09-27 15:06:09,760 - INFO - Arrived: 1 Broken: 0
2023-09-27 15:06:09,760 - INFO - Episode 32 seed: 409
