2023-09-27 15:25:14,377 - INFO - 

learning_rate:0.001
gamma:0.8
tau:0.01
hsRNN:64
hsMixing:64
hsHyper:64
replace_cycle:500
agent_num:2
obs_size:5
msg_size:27
com_size:32
com_mode:3
state_size:7
action_size:6
q_mode:0
epoch:1
buffer_size:32
batch_size:32
seq_len:100
episode:3000
timestep:200
view_range:1
report_cycle:1
comm_cycle:1
row:8
col:8
height:3
risklevel:0.1
risk_num:2
AoI_limit:3

2023-09-27 15:25:15,470 - INFO - 
Map size: 8 * 8 * 3 
At height 1 
At height 2 
[6, 2] [2, 2] is dangerous
UAVs are at:
[3, 5, 1] [3, 3, 1] 
Dest are at:
[[0, 0], [7, 7]] [[0, 7], [0, 0]] 
2023-09-27 15:25:15,486 - INFO - Episode 0 seed: 666
2023-09-27 15:25:17,135 - INFO - Episode 0 finished after 184 timesteps
2023-09-27 15:25:18,120 - INFO - Arrived: 2 Broken: 0
2023-09-27 15:25:18,120 - INFO - Episode 1 seed: 666
2023-09-27 15:25:20,130 - INFO - Arrived: 1 Broken: 0
2023-09-27 15:25:20,130 - INFO - Episode 2 seed: 666
2023-09-27 15:25:22,177 - INFO - Arrived: 0 Broken: 0
2023-09-27 15:25:22,177 - INFO - Episode 3 seed: 666
2023-09-27 15:25:22,835 - INFO - Episode 3 finished after 180 timesteps
2023-09-27 15:25:23,779 - INFO - Arrived: 2 Broken: 0
2023-09-27 15:25:23,779 - INFO - Episode 4 seed: 666
2023-09-27 15:25:25,796 - INFO - Arrived: 1 Broken: 0
2023-09-27 15:25:25,796 - INFO - Episode 5 seed: 666
2023-09-27 15:25:27,806 - INFO - Arrived: 1 Broken: 0
2023-09-27 15:25:27,806 - INFO - Episode 6 seed: 666
2023-09-27 15:25:29,780 - INFO - Arrived: 1 Broken: 0
2023-09-27 15:25:29,780 - INFO - Episode 7 seed: 666
2023-09-27 15:25:31,824 - INFO - Arrived: 0 Broken: 0
2023-09-27 15:25:31,825 - INFO - Episode 8 seed: 666
2023-09-27 15:25:33,762 - INFO - Arrived: 1 Broken: 0
2023-09-27 15:25:33,762 - INFO - Episode 9 seed: 666
2023-09-27 15:25:35,600 - INFO - Arrived: 1 Broken: 0
2023-09-27 15:25:35,601 - INFO - Episode 10 seed: 666
2023-09-27 15:25:35,997 - INFO - Episode 10 finished after 115 timesteps
2023-09-27 15:25:36,750 - INFO - Arrived: 2 Broken: 0
2023-09-27 15:25:36,750 - INFO - Episode 11 seed: 666
2023-09-27 15:25:37,684 - INFO - Episode 11 finished after 283 timesteps
2023-09-27 15:25:38,432 - INFO - Arrived: 2 Broken: 0
2023-09-27 15:25:38,432 - INFO - Episode 12 seed: 666
2023-09-27 15:25:40,381 - INFO - Arrived: 1 Broken: 0
2023-09-27 15:25:40,381 - INFO - Episode 13 seed: 666
2023-09-27 15:25:42,175 - INFO - Arrived: 1 Broken: 0
2023-09-27 15:25:42,175 - INFO - Episode 14 seed: 666
2023-09-27 15:25:43,999 - INFO - Arrived: 0 Broken: 0
2023-09-27 15:25:43,999 - INFO - Episode 15 seed: 666
2023-09-27 15:25:45,779 - INFO - Arrived: 1 Broken: 0
2023-09-27 15:25:45,779 - INFO - Episode 16 seed: 666
2023-09-27 15:25:47,589 - INFO - Arrived: 1 Broken: 0
2023-09-27 15:25:47,589 - INFO - Episode 17 seed: 666
2023-09-27 15:25:49,479 - INFO - Arrived: 0 Broken: 0
2023-09-27 15:25:49,480 - INFO - Episode 18 seed: 666
2023-09-27 15:25:51,332 - INFO - Arrived: 0 Broken: 0
2023-09-27 15:25:51,333 - INFO - Episode 19 seed: 666
2023-09-27 15:25:51,825 - INFO - Episode 19 finished after 139 timesteps
2023-09-27 15:25:52,660 - INFO - Arrived: 2 Broken: 0
2023-09-27 15:25:52,660 - INFO - Episode 20 seed: 666
2023-09-27 15:25:54,453 - INFO - Arrived: 0 Broken: 0
2023-09-27 15:25:54,454 - INFO - Episode 21 seed: 666
2023-09-27 15:25:56,197 - INFO - Arrived: 1 Broken: 0
2023-09-27 15:25:56,198 - INFO - Episode 22 seed: 666
2023-09-27 15:25:58,229 - INFO - Arrived: 1 Broken: 0
2023-09-27 15:25:58,229 - INFO - Episode 23 seed: 666
2023-09-27 15:26:00,127 - INFO - Arrived: 1 Broken: 0
2023-09-27 15:26:00,127 - INFO - Episode 24 seed: 666
2023-09-27 15:26:02,103 - INFO - Arrived: 1 Broken: 0
2023-09-27 15:26:02,103 - INFO - Episode 25 seed: 666
2023-09-27 15:26:04,186 - INFO - Arrived: 0 Broken: 0
2023-09-27 15:26:04,187 - INFO - Episode 26 seed: 666
2023-09-27 15:26:06,156 - INFO - Arrived: 1 Broken: 0
2023-09-27 15:26:06,156 - INFO - Episode 27 seed: 666
2023-09-27 15:26:07,036 - INFO - Episode 27 finished after 214 timesteps
2023-09-27 15:26:07,985 - INFO - Arrived: 2 Broken: 0
2023-09-27 15:26:07,985 - INFO - Episode 28 seed: 666
2023-09-27 15:26:09,832 - INFO - Arrived: 1 Broken: 0
2023-09-27 15:26:09,832 - INFO - Episode 29 seed: 666
2023-09-27 15:26:10,533 - INFO - Episode 29 finished after 221 timesteps
2023-09-27 15:26:11,453 - INFO - Arrived: 2 Broken: 0
2023-09-27 15:26:11,454 - INFO - Episode 30 seed: 666
2023-09-27 15:26:13,365 - INFO - Arrived: 1 Broken: 0
2023-09-27 15:26:13,365 - INFO - Episode 31 seed: 666
2023-09-27 15:26:13,918 - INFO - Episode 31 finished after 155 timesteps
2023-09-27 15:26:14,704 - INFO - Arrived: 2 Broken: 0
2023-09-27 15:26:14,705 - INFO - Episode 32 seed: 666
2023-09-27 15:26:58,094 - INFO - Arrived: 1 Broken: 0
2023-09-27 15:26:58,094 - INFO - Episode 33 seed: 666
2023-09-27 15:26:58,940 - INFO - Episode 33 finished after 224 timesteps
2023-09-27 15:27:40,396 - INFO - Arrived: 1 Broken: 1
2023-09-27 15:27:40,397 - INFO - Episode 34 seed: 666
2023-09-27 15:27:41,247 - INFO - Episode 34 finished after 221 timesteps
2023-09-27 15:28:23,529 - INFO - Arrived: 1 Broken: 1
2023-09-27 15:28:23,530 - INFO - Episode 35 seed: 666
2023-09-27 15:28:24,475 - INFO - Episode 35 finished after 246 timesteps
2023-09-27 15:29:07,577 - INFO - Arrived: 0 Broken: 2
2023-09-27 15:29:07,577 - INFO - Episode 36 seed: 666
