2023-09-27 15:57:03,428 - INFO - 

learning_rate:0.001
gamma:0.8
tau:0.01
hsRNN:64
hsMixing:64
hsHyper:64
replace_cycle:500
agent_num:2
obs_size:5
msg_size:27
com_size:32
com_mode:3
state_size:7
action_size:6
q_mode:0
epoch:1
buffer_size:32
batch_size:32
seq_len:100
episode:3000
timestep:200
view_range:1
report_cycle:1
comm_cycle:1
row:8
col:8
height:3
risklevel:0.1
risk_num:3
AoI_limit:3

2023-09-27 15:57:04,514 - INFO - 
Map size: 8 * 8 * 3 
At height 1 
At height 2 
[2, 2] [6, 2] [2, 6] is dangerous
UAVs are at:
[3, 3, 1] [3, 5, 1] 
Dest are at:
[[0, 7], [0, 0]] [[7, 0], [7, 7]] 
2023-09-27 15:57:04,524 - INFO - Episode 0 seed: 507
2023-09-27 15:57:12,902 - INFO - Episode 0 finished after 150 timesteps
2023-09-27 15:57:14,033 - INFO - Arrived: 2 Broken: 0
2023-09-27 15:57:14,036 - INFO - Episode 1 seed: 507
2023-09-27 15:57:14,177 - INFO - Episode 1 finished after 37 timesteps
2023-09-27 15:57:15,148 - INFO - Arrived: 2 Broken: 0
2023-09-27 15:57:15,151 - INFO - Episode 2 seed: 507
2023-09-27 15:57:17,324 - INFO - Arrived: 1 Broken: 0
2023-09-27 15:57:17,327 - INFO - Episode 3 seed: 507
2023-09-27 15:57:17,544 - INFO - Episode 3 finished after 69 timesteps
2023-09-27 15:57:18,595 - INFO - Arrived: 2 Broken: 0
2023-09-27 15:57:18,598 - INFO - Episode 4 seed: 507
2023-09-27 15:57:20,855 - INFO - Arrived: 1 Broken: 0
2023-09-27 15:57:20,858 - INFO - Episode 5 seed: 507
2023-09-27 15:57:22,918 - INFO - Arrived: 1 Broken: 0
2023-09-27 15:57:22,920 - INFO - Episode 6 seed: 507
2023-09-27 15:57:23,389 - INFO - Episode 6 finished after 144 timesteps
2023-09-27 15:57:24,335 - INFO - Arrived: 2 Broken: 0
2023-09-27 15:57:24,337 - INFO - Episode 7 seed: 507
2023-09-27 15:57:26,394 - INFO - Arrived: 1 Broken: 0
2023-09-27 15:57:26,397 - INFO - Episode 8 seed: 507
2023-09-27 15:57:28,513 - INFO - Arrived: 1 Broken: 0
2023-09-27 15:57:28,515 - INFO - Episode 9 seed: 507
2023-09-27 15:57:30,364 - INFO - Arrived: 1 Broken: 0
2023-09-27 15:57:30,366 - INFO - Episode 10 seed: 507
2023-09-27 15:57:30,875 - INFO - Episode 10 finished after 149 timesteps
2023-09-27 15:57:31,863 - INFO - Arrived: 2 Broken: 0
2023-09-27 15:57:31,866 - INFO - Episode 11 seed: 507
2023-09-27 15:57:33,933 - INFO - Arrived: 1 Broken: 0
2023-09-27 15:57:33,939 - INFO - Episode 12 seed: 507
2023-09-27 15:57:34,785 - INFO - Episode 12 finished after 188 timesteps
2023-09-27 15:57:35,995 - INFO - Arrived: 2 Broken: 0
2023-09-27 15:57:35,997 - INFO - Episode 13 seed: 507
2023-09-27 15:57:37,908 - INFO - Arrived: 0 Broken: 0
2023-09-27 15:57:37,911 - INFO - Episode 14 seed: 507
2023-09-27 15:57:38,702 - INFO - Episode 14 finished after 242 timesteps
2023-09-27 15:57:39,796 - INFO - Arrived: 2 Broken: 0
2023-09-27 15:57:39,798 - INFO - Episode 15 seed: 507
2023-09-27 15:57:41,760 - INFO - Arrived: 1 Broken: 0
2023-09-27 15:57:41,763 - INFO - Episode 16 seed: 507
2023-09-27 15:57:43,820 - INFO - Arrived: 1 Broken: 0
2023-09-27 15:57:43,823 - INFO - Episode 17 seed: 507
2023-09-27 15:57:44,774 - INFO - Episode 17 finished after 290 timesteps
2023-09-27 15:57:45,871 - INFO - Arrived: 2 Broken: 0
2023-09-27 15:57:45,874 - INFO - Episode 18 seed: 507
2023-09-27 15:57:47,798 - INFO - Arrived: 0 Broken: 0
2023-09-27 15:57:47,801 - INFO - Episode 19 seed: 507
2023-09-27 15:57:47,965 - INFO - Episode 19 finished after 47 timesteps
2023-09-27 15:57:48,909 - INFO - Arrived: 2 Broken: 0
2023-09-27 15:57:48,912 - INFO - Episode 20 seed: 507
2023-09-27 15:57:49,273 - INFO - Episode 20 finished after 103 timesteps
2023-09-27 15:57:50,341 - INFO - Arrived: 2 Broken: 0
2023-09-27 15:57:50,344 - INFO - Episode 21 seed: 507
2023-09-27 15:57:52,278 - INFO - Arrived: 0 Broken: 0
2023-09-27 15:57:52,297 - INFO - Episode 22 seed: 507
2023-09-27 15:57:53,189 - INFO - Episode 22 finished after 240 timesteps
2023-09-27 15:57:54,308 - INFO - Arrived: 2 Broken: 0
2023-09-27 15:57:54,319 - INFO - Episode 23 seed: 507
