2023-09-27 16:14:24,241 - INFO - 

learning_rate:0.001
gamma:0.8
tau:0.01
hsRNN:64
hsMixing:64
hsHyper:64
replace_cycle:500
agent_num:2
obs_size:5
msg_size:27
com_size:32
com_mode:3
state_size:7
action_size:6
q_mode:0
epoch:1
buffer_size:32
batch_size:32
seq_len:100
episode:3000
timestep:200
view_range:1
report_cycle:1
comm_cycle:1
row:8
col:8
height:3
risklevel:0.1
risk_num:3
AoI_limit:3

2023-09-27 16:14:25,434 - INFO - 
Map size: 8 * 8 * 3 
At height 1 
At height 2 
[6, 6] [6, 2] [2, 6] is dangerous
UAVs are at:
[3, 3, 1] [3, 5, 1] 
Dest are at:
[[0, 7], [0, 0]] [[7, 0], [7, 7]] 
2023-09-27 16:14:25,445 - INFO - Episode 0 seed: 651
2023-09-27 16:14:27,296 - INFO - Episode 0 finished after 257 timesteps
2023-09-27 16:14:28,314 - INFO - Arrived: 2 Broken: 0
2023-09-27 16:14:28,315 - INFO - Episode 1 seed: 651
2023-09-27 16:14:30,356 - INFO - Arrived: 1 Broken: 0
2023-09-27 16:14:30,357 - INFO - Episode 2 seed: 651
2023-09-27 16:14:31,114 - INFO - Episode 2 finished after 212 timesteps
2023-09-27 16:14:31,913 - INFO - Arrived: 2 Broken: 0
2023-09-27 16:14:31,913 - INFO - Episode 3 seed: 651
2023-09-27 16:14:32,509 - INFO - Episode 3 finished after 172 timesteps
2023-09-27 16:14:33,428 - INFO - Arrived: 2 Broken: 0
2023-09-27 16:14:33,429 - INFO - Episode 4 seed: 651
2023-09-27 16:14:35,316 - INFO - Arrived: 1 Broken: 0
2023-09-27 16:14:35,316 - INFO - Episode 5 seed: 651
2023-09-27 16:14:37,133 - INFO - Arrived: 1 Broken: 0
2023-09-27 16:14:37,134 - INFO - Episode 6 seed: 651
2023-09-27 16:14:39,057 - INFO - Arrived: 0 Broken: 0
2023-09-27 16:14:39,057 - INFO - Episode 7 seed: 651
2023-09-27 16:14:41,139 - INFO - Arrived: 1 Broken: 0
2023-09-27 16:14:41,140 - INFO - Episode 8 seed: 651
2023-09-27 16:14:42,903 - INFO - Arrived: 1 Broken: 0
2023-09-27 16:14:42,903 - INFO - Episode 9 seed: 651
2023-09-27 16:14:43,335 - INFO - Episode 9 finished after 137 timesteps
2023-09-27 16:14:44,165 - INFO - Arrived: 2 Broken: 0
2023-09-27 16:14:44,166 - INFO - Episode 10 seed: 651
2023-09-27 16:14:45,024 - INFO - Episode 10 finished after 265 timesteps
2023-09-27 16:14:45,855 - INFO - Arrived: 2 Broken: 0
2023-09-27 16:14:45,855 - INFO - Episode 11 seed: 651
2023-09-27 16:14:46,474 - INFO - Episode 11 finished after 194 timesteps
2023-09-27 16:14:47,360 - INFO - Arrived: 2 Broken: 0
2023-09-27 16:14:47,360 - INFO - Episode 12 seed: 651
2023-09-27 16:14:47,802 - INFO - Episode 12 finished after 129 timesteps
2023-09-27 16:14:48,891 - INFO - Arrived: 2 Broken: 0
2023-09-27 16:14:48,891 - INFO - Episode 13 seed: 651
2023-09-27 16:14:50,693 - INFO - Arrived: 1 Broken: 0
2023-09-27 16:14:50,694 - INFO - Episode 14 seed: 651
2023-09-27 16:14:51,547 - INFO - Episode 14 finished after 249 timesteps
2023-09-27 16:14:52,320 - INFO - Arrived: 2 Broken: 0
2023-09-27 16:14:52,320 - INFO - Episode 15 seed: 651
2023-09-27 16:14:54,198 - INFO - Arrived: 0 Broken: 0
2023-09-27 16:14:54,198 - INFO - Episode 16 seed: 651
2023-09-27 16:14:55,967 - INFO - Arrived: 1 Broken: 0
2023-09-27 16:14:55,968 - INFO - Episode 17 seed: 651
2023-09-27 16:14:57,971 - INFO - Arrived: 1 Broken: 0
2023-09-27 16:14:57,972 - INFO - Episode 18 seed: 651
2023-09-27 16:14:59,729 - INFO - Arrived: 1 Broken: 0
2023-09-27 16:14:59,729 - INFO - Episode 19 seed: 651
2023-09-27 16:15:00,649 - INFO - Episode 19 finished after 279 timesteps
2023-09-27 16:15:01,481 - INFO - Arrived: 2 Broken: 0
2023-09-27 16:15:01,481 - INFO - Episode 20 seed: 651
2023-09-27 16:15:03,335 - INFO - Arrived: 1 Broken: 0
2023-09-27 16:15:03,336 - INFO - Episode 21 seed: 651
2023-09-27 16:15:05,233 - INFO - Arrived: 0 Broken: 0
2023-09-27 16:15:05,233 - INFO - Episode 22 seed: 651
2023-09-27 16:15:06,961 - INFO - Arrived: 1 Broken: 0
2023-09-27 16:15:06,962 - INFO - Episode 23 seed: 651
2023-09-27 16:15:08,754 - INFO - Arrived: 1 Broken: 0
2023-09-27 16:15:08,754 - INFO - Episode 24 seed: 651
2023-09-27 16:15:08,900 - INFO - Episode 24 finished after 49 timesteps
2023-09-27 16:15:09,719 - INFO - Arrived: 2 Broken: 0
2023-09-27 16:15:09,719 - INFO - Episode 25 seed: 651
2023-09-27 16:15:11,543 - INFO - Arrived: 0 Broken: 0
2023-09-27 16:15:11,544 - INFO - Episode 26 seed: 651
2023-09-27 16:15:13,531 - INFO - Arrived: 1 Broken: 0
2023-09-27 16:15:13,531 - INFO - Episode 27 seed: 651
2023-09-27 16:15:15,363 - INFO - Arrived: 1 Broken: 0
2023-09-27 16:15:15,364 - INFO - Episode 28 seed: 651
2023-09-27 16:15:15,953 - INFO - Episode 28 finished after 167 timesteps
2023-09-27 16:15:16,770 - INFO - Arrived: 2 Broken: 0
2023-09-27 16:15:16,771 - INFO - Episode 29 seed: 651
2023-09-27 16:15:18,560 - INFO - Arrived: 1 Broken: 0
2023-09-27 16:15:18,560 - INFO - Episode 30 seed: 651
2023-09-27 16:15:18,802 - INFO - Episode 30 finished after 71 timesteps
2023-09-27 16:15:19,663 - INFO - Arrived: 2 Broken: 0
2023-09-27 16:15:19,663 - INFO - Episode 31 seed: 651
2023-09-27 16:15:21,491 - INFO - Arrived: 1 Broken: 0
2023-09-27 16:15:21,491 - INFO - Episode 32 seed: 651
2023-09-27 16:16:07,270 - INFO - Arrived: 1 Broken: 0
2023-09-27 16:16:07,272 - INFO - Episode 33 seed: 651
2023-09-27 16:16:07,910 - INFO - Episode 33 finished after 181 timesteps
2023-09-27 16:16:52,200 - INFO - Arrived: 1 Broken: 1
2023-09-27 16:16:52,200 - INFO - Episode 34 seed: 651
2023-09-27 16:16:52,257 - INFO - Episode 34 finished after 19 timesteps
2023-09-27 16:17:38,498 - INFO - Arrived: 2 Broken: 0
2023-09-27 16:17:38,498 - INFO - Episode 35 seed: 651
2023-09-27 16:17:39,261 - INFO - Episode 35 finished after 223 timesteps
2023-09-27 16:18:25,930 - INFO - Arrived: 0 Broken: 2
2023-09-27 16:18:25,930 - INFO - Episode 36 seed: 651
2023-09-27 16:18:26,764 - INFO - Episode 36 finished after 230 timesteps
2023-09-27 16:19:12,837 - INFO - Arrived: 0 Broken: 2
2023-09-27 16:19:12,838 - INFO - Episode 37 seed: 651
2023-09-27 16:19:13,346 - INFO - Episode 37 finished after 144 timesteps
2023-09-27 16:20:00,170 - INFO - Arrived: 1 Broken: 1
2023-09-27 16:20:00,170 - INFO - Episode 38 seed: 651
2023-09-27 16:20:00,767 - INFO - Episode 38 finished after 155 timesteps
2023-09-27 16:20:49,874 - INFO - Arrived: 1 Broken: 1
2023-09-27 16:20:49,874 - INFO - Episode 39 seed: 651
2023-09-27 16:20:49,998 - INFO - Episode 39 finished after 29 timesteps
2023-09-27 16:21:39,513 - INFO - Arrived: 2 Broken: 0
2023-09-27 16:21:39,513 - INFO - Episode 40 seed: 651
2023-09-27 16:21:39,932 - INFO - Episode 40 finished after 127 timesteps
2023-09-27 16:22:29,842 - INFO - Arrived: 2 Broken: 0
2023-09-27 16:22:29,842 - INFO - Episode 41 seed: 651
2023-09-27 16:22:30,193 - INFO - Episode 41 finished after 115 timesteps
