2023-09-27 16:10:36,051 - INFO - 

learning_rate:0.001
gamma:0.8
tau:0.01
hsRNN:64
hsMixing:64
hsHyper:64
replace_cycle:500
agent_num:2
obs_size:5
msg_size:27
com_size:32
com_mode:3
state_size:7
action_size:6
q_mode:0
epoch:1
buffer_size:32
batch_size:32
seq_len:100
episode:3000
timestep:200
view_range:1
report_cycle:1
comm_cycle:1
row:8
col:8
height:3
risklevel:0.1
risk_num:3
AoI_limit:3

2023-09-27 16:10:37,133 - INFO - 
Map size: 8 * 8 * 3 
At height 1 
At height 2 
[6, 2] [2, 2] [2, 6] is dangerous
UAVs are at:
[3, 3, 1] [3, 5, 1] 
Dest are at:
[[0, 7], [0, 0]] [[7, 0], [7, 7]] 
2023-09-27 16:10:37,150 - INFO - Episode 0 seed: 441
2023-09-27 16:10:38,470 - INFO - Episode 0 finished after 168 timesteps
2023-09-27 16:10:39,462 - INFO - Arrived: 2 Broken: 0
2023-09-27 16:10:39,462 - INFO - Episode 1 seed: 441
2023-09-27 16:10:40,027 - INFO - Episode 1 finished after 176 timesteps
2023-09-27 16:10:40,815 - INFO - Arrived: 2 Broken: 0
2023-09-27 16:10:40,815 - INFO - Episode 2 seed: 441
2023-09-27 16:10:42,736 - INFO - Arrived: 1 Broken: 0
2023-09-27 16:10:42,736 - INFO - Episode 3 seed: 441
2023-09-27 16:10:44,716 - INFO - Arrived: 1 Broken: 0
2023-09-27 16:10:44,716 - INFO - Episode 4 seed: 441
2023-09-27 16:10:46,463 - INFO - Arrived: 1 Broken: 0
2023-09-27 16:10:46,464 - INFO - Episode 5 seed: 441
2023-09-27 16:10:46,619 - INFO - Episode 5 finished after 52 timesteps
2023-09-27 16:10:47,449 - INFO - Arrived: 2 Broken: 0
2023-09-27 16:10:47,450 - INFO - Episode 6 seed: 441
2023-09-27 16:10:47,763 - INFO - Episode 6 finished after 94 timesteps
2023-09-27 16:10:48,574 - INFO - Arrived: 2 Broken: 0
2023-09-27 16:10:48,575 - INFO - Episode 7 seed: 441
2023-09-27 16:10:49,087 - INFO - Episode 7 finished after 162 timesteps
2023-09-27 16:10:50,006 - INFO - Arrived: 2 Broken: 0
2023-09-27 16:10:50,006 - INFO - Episode 8 seed: 441
2023-09-27 16:10:50,664 - INFO - Episode 8 finished after 186 timesteps
2023-09-27 16:10:51,609 - INFO - Arrived: 2 Broken: 0
2023-09-27 16:10:51,609 - INFO - Episode 9 seed: 441
2023-09-27 16:10:53,545 - INFO - Arrived: 0 Broken: 0
2023-09-27 16:10:53,546 - INFO - Episode 10 seed: 441
2023-09-27 16:10:55,526 - INFO - Arrived: 1 Broken: 0
2023-09-27 16:10:55,527 - INFO - Episode 11 seed: 441
2023-09-27 16:10:57,411 - INFO - Arrived: 1 Broken: 0
2023-09-27 16:10:57,411 - INFO - Episode 12 seed: 441
2023-09-27 16:10:59,308 - INFO - Arrived: 1 Broken: 0
2023-09-27 16:10:59,309 - INFO - Episode 13 seed: 441
2023-09-27 16:11:00,226 - INFO - Episode 13 finished after 272 timesteps
2023-09-27 16:11:01,095 - INFO - Arrived: 2 Broken: 0
2023-09-27 16:11:01,096 - INFO - Episode 14 seed: 441
2023-09-27 16:11:01,591 - INFO - Episode 14 finished after 143 timesteps
2023-09-27 16:11:02,465 - INFO - Arrived: 2 Broken: 0
2023-09-27 16:11:02,465 - INFO - Episode 15 seed: 441
2023-09-27 16:11:04,412 - INFO - Arrived: 1 Broken: 0
2023-09-27 16:11:04,412 - INFO - Episode 16 seed: 441
2023-09-27 16:11:05,238 - INFO - Episode 16 finished after 249 timesteps
2023-09-27 16:11:06,159 - INFO - Arrived: 2 Broken: 0
2023-09-27 16:11:06,160 - INFO - Episode 17 seed: 441
2023-09-27 16:11:08,240 - INFO - Arrived: 1 Broken: 0
2023-09-27 16:11:08,240 - INFO - Episode 18 seed: 441
2023-09-27 16:11:08,898 - INFO - Episode 18 finished after 139 timesteps
2023-09-27 16:11:10,038 - INFO - Arrived: 2 Broken: 0
2023-09-27 16:11:10,038 - INFO - Episode 19 seed: 441
2023-09-27 16:11:10,547 - INFO - Episode 19 finished after 136 timesteps
2023-09-27 16:11:11,551 - INFO - Arrived: 2 Broken: 0
2023-09-27 16:11:11,552 - INFO - Episode 20 seed: 441
2023-09-27 16:11:13,330 - INFO - Arrived: 1 Broken: 0
2023-09-27 16:11:13,330 - INFO - Episode 21 seed: 441
2023-09-27 16:11:15,274 - INFO - Arrived: 1 Broken: 0
2023-09-27 16:11:15,274 - INFO - Episode 22 seed: 441
2023-09-27 16:11:17,147 - INFO - Arrived: 1 Broken: 0
2023-09-27 16:11:17,148 - INFO - Episode 23 seed: 441
2023-09-27 16:11:18,844 - INFO - Arrived: 1 Broken: 0
2023-09-27 16:11:18,845 - INFO - Episode 24 seed: 441
2023-09-27 16:11:20,948 - INFO - Arrived: 0 Broken: 0
2023-09-27 16:11:20,948 - INFO - Episode 25 seed: 441
2023-09-27 16:11:22,894 - INFO - Arrived: 1 Broken: 0
2023-09-27 16:11:22,895 - INFO - Episode 26 seed: 441
2023-09-27 16:11:24,697 - INFO - Arrived: 1 Broken: 0
2023-09-27 16:11:24,697 - INFO - Episode 27 seed: 441
2023-09-27 16:11:25,371 - INFO - Episode 27 finished after 232 timesteps
2023-09-27 16:11:26,322 - INFO - Arrived: 2 Broken: 0
2023-09-27 16:11:26,323 - INFO - Episode 28 seed: 441
2023-09-27 16:11:28,109 - INFO - Arrived: 1 Broken: 0
2023-09-27 16:11:28,109 - INFO - Episode 29 seed: 441
2023-09-27 16:11:29,950 - INFO - Arrived: 1 Broken: 0
2023-09-27 16:11:29,950 - INFO - Episode 30 seed: 441
2023-09-27 16:11:30,528 - INFO - Episode 30 finished after 177 timesteps
2023-09-27 16:11:31,389 - INFO - Arrived: 2 Broken: 0
2023-09-27 16:11:31,389 - INFO - Episode 31 seed: 441
2023-09-27 16:11:33,368 - INFO - Arrived: 1 Broken: 0
2023-09-27 16:11:33,368 - INFO - Episode 32 seed: 441
2023-09-27 16:12:18,879 - INFO - Arrived: 1 Broken: 0
2023-09-27 16:12:18,879 - INFO - Episode 33 seed: 441
2023-09-27 16:12:19,647 - INFO - Episode 33 finished after 219 timesteps
2023-09-27 16:13:05,322 - INFO - Arrived: 1 Broken: 1
2023-09-27 16:13:05,322 - INFO - Episode 34 seed: 441
2023-09-27 16:13:06,127 - INFO - Episode 34 finished after 228 timesteps
2023-09-27 16:13:51,482 - INFO - Arrived: 1 Broken: 1
2023-09-27 16:13:51,483 - INFO - Episode 35 seed: 441
2023-09-27 16:13:52,083 - INFO - Episode 35 finished after 193 timesteps
