2023-09-27 16:23:26,132 - INFO - 

learning_rate:0.001
gamma:0.8
tau:0.01
hsRNN:64
hsMixing:64
hsHyper:64
replace_cycle:500
agent_num:2
obs_size:5
msg_size:27
com_size:32
com_mode:3
state_size:7
action_size:6
q_mode:0
epoch:1
buffer_size:32
batch_size:32
seq_len:100
episode:3000
timestep:200
view_range:1
report_cycle:1
comm_cycle:1
row:8
col:8
height:3
risklevel:0.1
risk_num:3
AoI_limit:3

2023-09-27 16:23:27,203 - INFO - 
Map size: 8 * 8 * 3 
At height 1 
At height 2 
[2, 2] [6, 2] [2, 6] is dangerous
UAVs are at:
[3, 3, 1] [3, 5, 1] 
Dest are at:
[[0, 7], [0, 0]] [[7, 0], [7, 7]] 
2023-09-27 16:23:27,212 - INFO - Episode 0 seed: 174
2023-09-27 16:23:30,129 - INFO - Arrived: 1 Broken: 0
2023-09-27 16:23:30,129 - INFO - Episode 1 seed: 174
2023-09-27 16:23:31,949 - INFO - Arrived: 1 Broken: 0
2023-09-27 16:23:31,949 - INFO - Episode 2 seed: 174
2023-09-27 16:23:33,823 - INFO - Arrived: 0 Broken: 0
2023-09-27 16:23:33,824 - INFO - Episode 3 seed: 174
2023-09-27 16:23:35,841 - INFO - Arrived: 1 Broken: 0
2023-09-27 16:23:35,841 - INFO - Episode 4 seed: 174
2023-09-27 16:23:37,742 - INFO - Arrived: 1 Broken: 0
2023-09-27 16:23:37,742 - INFO - Episode 5 seed: 174
2023-09-27 16:23:39,596 - INFO - Arrived: 1 Broken: 0
2023-09-27 16:23:39,597 - INFO - Episode 6 seed: 174
2023-09-27 16:23:40,187 - INFO - Episode 6 finished after 185 timesteps
2023-09-27 16:23:41,037 - INFO - Arrived: 2 Broken: 0
2023-09-27 16:23:41,037 - INFO - Episode 7 seed: 174
2023-09-27 16:23:41,784 - INFO - Episode 7 finished after 238 timesteps
2023-09-27 16:23:42,700 - INFO - Arrived: 2 Broken: 0
2023-09-27 16:23:42,700 - INFO - Episode 8 seed: 174
2023-09-27 16:23:44,637 - INFO - Arrived: 1 Broken: 0
2023-09-27 16:23:44,637 - INFO - Episode 9 seed: 174
2023-09-27 16:23:45,327 - INFO - Episode 9 finished after 197 timesteps
2023-09-27 16:23:46,187 - INFO - Arrived: 2 Broken: 0
2023-09-27 16:23:46,188 - INFO - Episode 10 seed: 174
2023-09-27 16:23:48,093 - INFO - Arrived: 1 Broken: 0
2023-09-27 16:23:48,093 - INFO - Episode 11 seed: 174
2023-09-27 16:23:50,085 - INFO - Arrived: 1 Broken: 0
2023-09-27 16:23:50,085 - INFO - Episode 12 seed: 174
2023-09-27 16:23:50,973 - INFO - Episode 12 finished after 232 timesteps
2023-09-27 16:23:51,859 - INFO - Arrived: 2 Broken: 0
2023-09-27 16:23:51,859 - INFO - Episode 13 seed: 174
2023-09-27 16:23:53,674 - INFO - Arrived: 1 Broken: 0
2023-09-27 16:23:53,675 - INFO - Episode 14 seed: 174
2023-09-27 16:23:54,222 - INFO - Episode 14 finished after 160 timesteps
2023-09-27 16:23:55,089 - INFO - Arrived: 2 Broken: 0
2023-09-27 16:23:55,089 - INFO - Episode 15 seed: 174
2023-09-27 16:23:57,009 - INFO - Arrived: 1 Broken: 0
2023-09-27 16:23:57,009 - INFO - Episode 16 seed: 174
2023-09-27 16:23:58,900 - INFO - Arrived: 0 Broken: 0
2023-09-27 16:23:58,901 - INFO - Episode 17 seed: 174
2023-09-27 16:24:00,885 - INFO - Arrived: 1 Broken: 0
2023-09-27 16:24:00,885 - INFO - Episode 18 seed: 174
2023-09-27 16:24:01,742 - INFO - Episode 18 finished after 242 timesteps
2023-09-27 16:24:02,613 - INFO - Arrived: 2 Broken: 0
2023-09-27 16:24:02,613 - INFO - Episode 19 seed: 174
2023-09-27 16:24:04,623 - INFO - Arrived: 0 Broken: 0
2023-09-27 16:24:04,624 - INFO - Episode 20 seed: 174
2023-09-27 16:24:05,487 - INFO - Episode 20 finished after 250 timesteps
2023-09-27 16:24:06,485 - INFO - Arrived: 2 Broken: 0
2023-09-27 16:24:06,486 - INFO - Episode 21 seed: 174
2023-09-27 16:24:08,337 - INFO - Arrived: 1 Broken: 0
2023-09-27 16:24:08,337 - INFO - Episode 22 seed: 174
2023-09-27 16:24:10,153 - INFO - Arrived: 1 Broken: 0
2023-09-27 16:24:10,153 - INFO - Episode 23 seed: 174
2023-09-27 16:24:10,280 - INFO - Episode 23 finished after 41 timesteps
2023-09-27 16:24:11,254 - INFO - Arrived: 2 Broken: 0
2023-09-27 16:24:11,255 - INFO - Episode 24 seed: 174
2023-09-27 16:24:11,742 - INFO - Episode 24 finished after 151 timesteps
2023-09-27 16:24:12,573 - INFO - Arrived: 2 Broken: 0
2023-09-27 16:24:12,573 - INFO - Episode 25 seed: 174
2023-09-27 16:24:13,119 - INFO - Episode 25 finished after 187 timesteps
2023-09-27 16:24:13,972 - INFO - Arrived: 2 Broken: 0
2023-09-27 16:24:13,972 - INFO - Episode 26 seed: 174
2023-09-27 16:24:14,245 - INFO - Episode 26 finished after 80 timesteps
2023-09-27 16:24:15,138 - INFO - Arrived: 2 Broken: 0
2023-09-27 16:24:15,138 - INFO - Episode 27 seed: 174
2023-09-27 16:24:16,909 - INFO - Arrived: 1 Broken: 0
2023-09-27 16:24:16,909 - INFO - Episode 28 seed: 174
2023-09-27 16:24:17,283 - INFO - Episode 28 finished after 104 timesteps
2023-09-27 16:24:18,226 - INFO - Arrived: 2 Broken: 0
2023-09-27 16:24:18,226 - INFO - Episode 29 seed: 174
2023-09-27 16:24:20,040 - INFO - Arrived: 1 Broken: 0
2023-09-27 16:24:20,040 - INFO - Episode 30 seed: 174
2023-09-27 16:24:21,909 - INFO - Arrived: 1 Broken: 0
2023-09-27 16:24:21,909 - INFO - Episode 31 seed: 174
2023-09-27 16:24:23,790 - INFO - Arrived: 1 Broken: 0
2023-09-27 16:24:23,791 - INFO - Episode 32 seed: 174
2023-09-27 16:25:10,786 - INFO - Arrived: 1 Broken: 0
2023-09-27 16:25:10,786 - INFO - Episode 33 seed: 174
2023-09-27 16:25:11,715 - INFO - Episode 33 finished after 237 timesteps
