2023-09-27 16:25:30,892 - INFO - 

learning_rate:0.001
gamma:0.8
tau:0.01
hsRNN:64
hsMixing:64
hsHyper:64
replace_cycle:500
agent_num:2
obs_size:5
msg_size:27
com_size:32
com_mode:3
state_size:7
action_size:6
q_mode:0
epoch:1
buffer_size:32
batch_size:32
seq_len:100
episode:3000
timestep:200
view_range:1
report_cycle:1
comm_cycle:1
row:8
col:8
height:3
risklevel:0.1
risk_num:3
AoI_limit:3

2023-09-27 16:25:31,986 - INFO - 
Map size: 8 * 8 * 3 
At height 1 
At height 2 
[6, 2] [2, 2] [2, 6] is dangerous
UAVs are at:
[3, 3, 1] [3, 5, 1] 
Dest are at:
[[0, 7], [0, 0]] [[7, 0], [7, 7]] 
2023-09-27 16:25:32,002 - INFO - Episode 0 seed: 870
2023-09-27 16:25:33,592 - INFO - Episode 0 finished after 210 timesteps
2023-09-27 16:25:34,546 - INFO - Arrived: 2 Broken: 0
2023-09-27 16:25:34,546 - INFO - Episode 1 seed: 870
2023-09-27 16:25:35,177 - INFO - Episode 1 finished after 186 timesteps
2023-09-27 16:25:36,074 - INFO - Arrived: 2 Broken: 0
2023-09-27 16:25:36,075 - INFO - Episode 2 seed: 870
2023-09-27 16:25:36,568 - INFO - Episode 2 finished after 136 timesteps
2023-09-27 16:25:37,483 - INFO - Arrived: 2 Broken: 0
2023-09-27 16:25:37,483 - INFO - Episode 3 seed: 870
2023-09-27 16:25:37,836 - INFO - Episode 3 finished after 102 timesteps
2023-09-27 16:25:38,790 - INFO - Arrived: 2 Broken: 0
2023-09-27 16:25:38,791 - INFO - Episode 4 seed: 870
2023-09-27 16:25:39,666 - INFO - Episode 4 finished after 228 timesteps
2023-09-27 16:25:40,635 - INFO - Arrived: 2 Broken: 0
2023-09-27 16:25:40,636 - INFO - Episode 5 seed: 870
2023-09-27 16:25:42,495 - INFO - Arrived: 1 Broken: 0
2023-09-27 16:25:42,495 - INFO - Episode 6 seed: 870
2023-09-27 16:25:44,376 - INFO - Arrived: 1 Broken: 0
2023-09-27 16:25:44,377 - INFO - Episode 7 seed: 870
2023-09-27 16:25:45,374 - INFO - Episode 7 finished after 300 timesteps
2023-09-27 16:25:46,207 - INFO - Arrived: 2 Broken: 0
2023-09-27 16:25:46,207 - INFO - Episode 8 seed: 870
2023-09-27 16:25:48,259 - INFO - Arrived: 1 Broken: 0
2023-09-27 16:25:48,259 - INFO - Episode 9 seed: 870
2023-09-27 16:25:50,098 - INFO - Arrived: 1 Broken: 0
2023-09-27 16:25:50,098 - INFO - Episode 10 seed: 870
2023-09-27 16:25:52,110 - INFO - Arrived: 1 Broken: 0
2023-09-27 16:25:52,111 - INFO - Episode 11 seed: 870
2023-09-27 16:25:54,077 - INFO - Arrived: 1 Broken: 0
2023-09-27 16:25:54,078 - INFO - Episode 12 seed: 870
2023-09-27 16:25:56,127 - INFO - Arrived: 1 Broken: 0
2023-09-27 16:25:56,127 - INFO - Episode 13 seed: 870
2023-09-27 16:25:57,829 - INFO - Arrived: 1 Broken: 0
2023-09-27 16:25:57,829 - INFO - Episode 14 seed: 870
2023-09-27 16:25:57,970 - INFO - Episode 14 finished after 49 timesteps
2023-09-27 16:25:58,799 - INFO - Arrived: 2 Broken: 0
2023-09-27 16:25:58,799 - INFO - Episode 15 seed: 870
2023-09-27 16:26:00,549 - INFO - Arrived: 1 Broken: 0
2023-09-27 16:26:00,549 - INFO - Episode 16 seed: 870
2023-09-27 16:26:02,379 - INFO - Arrived: 1 Broken: 0
2023-09-27 16:26:02,379 - INFO - Episode 17 seed: 870
2023-09-27 16:26:04,362 - INFO - Arrived: 1 Broken: 0
2023-09-27 16:26:04,363 - INFO - Episode 18 seed: 870
2023-09-27 16:26:05,347 - INFO - Episode 18 finished after 292 timesteps
2023-09-27 16:26:06,241 - INFO - Arrived: 2 Broken: 0
2023-09-27 16:26:06,242 - INFO - Episode 19 seed: 870
2023-09-27 16:26:08,220 - INFO - Arrived: 1 Broken: 0
2023-09-27 16:26:08,220 - INFO - Episode 20 seed: 870
2023-09-27 16:26:09,255 - INFO - Episode 20 finished after 288 timesteps
2023-09-27 16:26:10,202 - INFO - Arrived: 2 Broken: 0
2023-09-27 16:26:10,203 - INFO - Episode 21 seed: 870
2023-09-27 16:26:12,076 - INFO - Arrived: 1 Broken: 0
2023-09-27 16:26:12,076 - INFO - Episode 22 seed: 870
2023-09-27 16:26:14,206 - INFO - Arrived: 1 Broken: 0
2023-09-27 16:26:14,206 - INFO - Episode 23 seed: 870
2023-09-27 16:26:16,219 - INFO - Arrived: 1 Broken: 0
2023-09-27 16:26:16,219 - INFO - Episode 24 seed: 870
2023-09-27 16:26:18,347 - INFO - Arrived: 0 Broken: 0
2023-09-27 16:26:18,348 - INFO - Episode 25 seed: 870
2023-09-27 16:26:20,180 - INFO - Arrived: 0 Broken: 0
2023-09-27 16:26:20,180 - INFO - Episode 26 seed: 870
2023-09-27 16:26:20,996 - INFO - Episode 26 finished after 279 timesteps
2023-09-27 16:26:21,805 - INFO - Arrived: 2 Broken: 0
2023-09-27 16:26:21,805 - INFO - Episode 27 seed: 870
2023-09-27 16:26:23,566 - INFO - Arrived: 1 Broken: 0
2023-09-27 16:26:23,566 - INFO - Episode 28 seed: 870
2023-09-27 16:26:25,290 - INFO - Arrived: 1 Broken: 0
2023-09-27 16:26:25,290 - INFO - Episode 29 seed: 870
2023-09-27 16:26:27,038 - INFO - Arrived: 1 Broken: 0
2023-09-27 16:26:27,038 - INFO - Episode 30 seed: 870
2023-09-27 16:26:28,903 - INFO - Arrived: 1 Broken: 0
2023-09-27 16:26:28,903 - INFO - Episode 31 seed: 870
2023-09-27 16:26:29,234 - INFO - Episode 31 finished after 104 timesteps
2023-09-27 16:26:30,038 - INFO - Arrived: 2 Broken: 0
2023-09-27 16:26:30,039 - INFO - Episode 32 seed: 870
2023-09-27 16:27:13,459 - INFO - Arrived: 1 Broken: 0
2023-09-27 16:27:13,459 - INFO - Episode 33 seed: 870
2023-09-27 16:27:13,943 - INFO - Episode 33 finished after 152 timesteps
2023-09-27 16:27:56,608 - INFO - Arrived: 2 Broken: 0
2023-09-27 16:27:56,608 - INFO - Episode 34 seed: 870
2023-09-27 16:27:57,429 - INFO - Episode 34 finished after 257 timesteps
2023-09-27 16:28:39,788 - INFO - Arrived: 0 Broken: 2
2023-09-27 16:28:39,789 - INFO - Episode 35 seed: 870
2023-09-27 16:28:40,493 - INFO - Episode 35 finished after 243 timesteps
2023-09-27 16:29:23,472 - INFO - Arrived: 0 Broken: 2
2023-09-27 16:29:23,473 - INFO - Episode 36 seed: 870
2023-09-27 16:29:24,099 - INFO - Episode 36 finished after 222 timesteps
2023-09-27 16:30:08,675 - INFO - Arrived: 1 Broken: 1
2023-09-27 16:30:08,675 - INFO - Episode 37 seed: 870
2023-09-27 16:30:09,222 - INFO - Episode 37 finished after 151 timesteps
2023-09-27 16:30:53,379 - INFO - Arrived: 1 Broken: 1
2023-09-27 16:30:53,380 - INFO - Episode 38 seed: 870
2023-09-27 16:40:18,850 - INFO - Episode 38 finished after 238 timesteps
2023-09-27 16:41:03,679 - INFO - Arrived: 0 Broken: 2
2023-09-27 16:41:03,681 - INFO - Episode 39 seed: 870
2023-09-27 16:41:04,543 - INFO - Episode 39 finished after 235 timesteps
2023-09-27 16:41:49,430 - INFO - Arrived: 0 Broken: 2
2023-09-27 16:41:49,432 - INFO - Episode 40 seed: 870
2023-09-27 16:41:50,209 - INFO - Episode 40 finished after 229 timesteps
2023-09-27 16:42:35,044 - INFO - Arrived: 1 Broken: 1
2023-09-27 16:42:35,046 - INFO - Episode 41 seed: 870
2023-09-27 16:42:35,900 - INFO - Episode 41 finished after 237 timesteps
2023-09-27 16:43:21,338 - INFO - Arrived: 1 Broken: 1
2023-09-27 16:43:21,341 - INFO - Episode 42 seed: 870
2023-09-27 16:43:21,952 - INFO - Episode 42 finished after 157 timesteps
2023-09-27 16:44:07,658 - INFO - Arrived: 1 Broken: 1
2023-09-27 16:44:07,661 - INFO - Episode 43 seed: 870
2023-09-27 16:44:08,539 - INFO - Episode 43 finished after 234 timesteps
2023-09-27 16:44:52,466 - INFO - Arrived: 1 Broken: 1
2023-09-27 16:44:52,469 - INFO - Episode 44 seed: 870
2023-09-27 16:44:53,139 - INFO - Episode 44 finished after 230 timesteps
2023-09-27 16:45:39,444 - INFO - Arrived: 2 Broken: 0
2023-09-27 16:45:39,446 - INFO - Episode 45 seed: 870
2023-09-27 16:45:39,960 - INFO - Episode 45 finished after 137 timesteps
2023-09-27 16:46:28,953 - INFO - Arrived: 2 Broken: 0
2023-09-27 16:46:28,956 - INFO - Episode 46 seed: 870
2023-09-27 16:46:29,597 - INFO - Episode 46 finished after 174 timesteps
2023-09-27 16:47:16,966 - INFO - Arrived: 1 Broken: 1
2023-09-27 16:47:16,968 - INFO - Episode 47 seed: 870
2023-09-27 16:47:17,611 - INFO - Episode 47 finished after 183 timesteps
2023-09-27 16:48:06,334 - INFO - Arrived: 2 Broken: 0
2023-09-27 16:48:06,337 - INFO - Episode 48 seed: 870
2023-09-27 16:48:07,450 - INFO - Episode 48 finished after 269 timesteps
2023-09-27 16:48:55,950 - INFO - Arrived: 0 Broken: 2
2023-09-27 16:48:55,953 - INFO - Episode 49 seed: 870
2023-09-27 16:48:56,795 - INFO - Episode 49 finished after 219 timesteps
2023-09-27 16:49:45,566 - INFO - Arrived: 1 Broken: 1
2023-09-27 16:49:45,568 - INFO - Episode 50 seed: 870
2023-09-27 16:49:45,944 - INFO - Episode 50 finished after 110 timesteps
2023-09-27 16:50:35,854 - INFO - Arrived: 2 Broken: 0
2023-09-27 16:50:35,856 - INFO - Episode 51 seed: 870
2023-09-27 16:51:25,562 - INFO - Arrived: 1 Broken: 0
2023-09-27 16:51:25,566 - INFO - Episode 52 seed: 870
2023-09-27 16:52:12,436 - INFO - Arrived: 1 Broken: 0
2023-09-27 16:52:12,439 - INFO - Episode 53 seed: 870
2023-09-27 16:52:13,293 - INFO - Episode 53 finished after 252 timesteps
2023-09-27 16:53:01,229 - INFO - Arrived: 1 Broken: 1
2023-09-27 16:53:01,231 - INFO - Episode 54 seed: 870
2023-09-27 16:53:02,134 - INFO - Episode 54 finished after 232 timesteps
2023-09-27 16:53:51,401 - INFO - Arrived: 1 Broken: 1
2023-09-27 16:53:51,403 - INFO - Episode 55 seed: 870
2023-09-27 16:53:52,203 - INFO - Episode 55 finished after 221 timesteps
2023-09-27 16:54:40,876 - INFO - Arrived: 1 Broken: 1
2023-09-27 16:54:40,882 - INFO - Episode 56 seed: 870
2023-09-27 16:54:41,700 - INFO - Episode 56 finished after 232 timesteps
2023-09-27 16:55:29,238 - INFO - Arrived: 1 Broken: 1
2023-09-27 16:55:29,241 - INFO - Episode 57 seed: 870
2023-09-27 16:56:17,439 - INFO - Arrived: 1 Broken: 0
2023-09-27 16:56:17,442 - INFO - Episode 58 seed: 870
2023-09-27 16:56:18,248 - INFO - Episode 58 finished after 232 timesteps
2023-09-27 16:57:05,909 - INFO - Arrived: 1 Broken: 1
2023-09-27 16:57:05,912 - INFO - Episode 59 seed: 870
2023-09-27 16:57:06,255 - INFO - Episode 59 finished after 141 timesteps
2023-09-27 16:57:53,157 - INFO - Arrived: 1 Broken: 1
2023-09-27 16:57:53,159 - INFO - Episode 60 seed: 870
2023-09-27 16:57:53,473 - INFO - Episode 60 finished after 129 timesteps
2023-09-27 16:58:42,757 - INFO - Arrived: 1 Broken: 1
2023-09-27 16:58:42,760 - INFO - Episode 61 seed: 870
2023-09-27 16:58:43,305 - INFO - Episode 61 finished after 146 timesteps
2023-09-27 16:59:34,061 - INFO - Arrived: 1 Broken: 1
2023-09-27 16:59:34,063 - INFO - Episode 62 seed: 870
2023-09-27 16:59:34,545 - INFO - Episode 62 finished after 135 timesteps
2023-09-27 17:00:23,143 - INFO - Arrived: 1 Broken: 1
2023-09-27 17:00:23,146 - INFO - Episode 63 seed: 870
2023-09-27 17:00:23,890 - INFO - Episode 63 finished after 190 timesteps
2023-09-27 17:01:12,595 - INFO - Arrived: 1 Broken: 1
2023-09-27 17:01:12,598 - INFO - Episode 64 seed: 870
2023-09-27 17:01:13,109 - INFO - Episode 64 finished after 146 timesteps
2023-09-27 17:02:03,204 - INFO - Arrived: 1 Broken: 1
2023-09-27 17:02:03,206 - INFO - Episode 65 seed: 870
2023-09-27 17:02:03,691 - INFO - Episode 65 finished after 140 timesteps
2023-09-27 17:02:53,755 - INFO - Arrived: 1 Broken: 1
2023-09-27 17:02:53,757 - INFO - Episode 66 seed: 870
2023-09-27 17:02:54,600 - INFO - Episode 66 finished after 233 timesteps
2023-09-27 17:03:44,556 - INFO - Arrived: 1 Broken: 1
2023-09-27 17:03:44,558 - INFO - Episode 67 seed: 870
2023-09-27 17:04:36,598 - INFO - Arrived: 1 Broken: 0
2023-09-27 17:04:36,600 - INFO - Episode 68 seed: 870
2023-09-27 17:04:37,352 - INFO - Episode 68 finished after 216 timesteps
2023-09-27 17:05:26,246 - INFO - Arrived: 1 Broken: 1
2023-09-27 17:05:26,248 - INFO - Episode 69 seed: 870
2023-09-27 17:05:27,264 - INFO - Episode 69 finished after 267 timesteps
2023-09-27 17:06:18,575 - INFO - Arrived: 1 Broken: 1
2023-09-27 17:06:18,577 - INFO - Episode 70 seed: 870
2023-09-27 17:06:19,403 - INFO - Episode 70 finished after 225 timesteps
2023-09-27 17:07:08,609 - INFO - Arrived: 1 Broken: 1
2023-09-27 17:07:08,611 - INFO - Episode 71 seed: 870
2023-09-27 17:07:09,421 - INFO - Episode 71 finished after 223 timesteps
2023-09-27 17:08:00,747 - INFO - Arrived: 0 Broken: 2
2023-09-27 17:08:00,749 - INFO - Episode 72 seed: 870
2023-09-27 17:08:01,741 - INFO - Episode 72 finished after 255 timesteps
2023-09-27 17:08:51,781 - INFO - Arrived: 1 Broken: 1
2023-09-27 17:08:51,783 - INFO - Episode 73 seed: 870
2023-09-27 17:08:52,548 - INFO - Episode 73 finished after 213 timesteps
2023-09-27 17:09:42,145 - INFO - Arrived: 1 Broken: 1
2023-09-27 17:09:42,148 - INFO - Episode 74 seed: 870
2023-09-27 17:09:43,109 - INFO - Episode 74 finished after 258 timesteps
2023-09-27 17:10:31,745 - INFO - Arrived: 1 Broken: 1
2023-09-27 17:10:31,747 - INFO - Episode 75 seed: 870
2023-09-27 17:10:32,600 - INFO - Episode 75 finished after 230 timesteps
2023-09-27 17:11:25,097 - INFO - Arrived: 2 Broken: 0
2023-09-27 17:11:25,100 - INFO - Episode 76 seed: 870
2023-09-27 17:11:26,004 - INFO - Episode 76 finished after 236 timesteps
2023-09-27 17:12:14,520 - INFO - Arrived: 1 Broken: 1
2023-09-27 17:12:14,523 - INFO - Episode 77 seed: 870
2023-09-27 17:17:31,283 - INFO - Episode 77 finished after 156 timesteps
2023-09-27 17:18:21,198 - INFO - Arrived: 2 Broken: 0
2023-09-27 17:18:21,200 - INFO - Episode 78 seed: 870
2023-09-27 17:18:22,064 - INFO - Episode 78 finished after 236 timesteps
2023-09-27 17:19:09,627 - INFO - Arrived: 1 Broken: 1
2023-09-27 17:19:09,630 - INFO - Episode 79 seed: 870
2023-09-27 17:19:10,481 - INFO - Episode 79 finished after 220 timesteps
2023-09-27 17:20:03,982 - INFO - Arrived: 1 Broken: 1
2023-09-27 17:20:03,984 - INFO - Episode 80 seed: 870
2023-09-27 17:20:04,897 - INFO - Episode 80 finished after 244 timesteps
2023-09-27 17:20:55,468 - INFO - Arrived: 1 Broken: 1
2023-09-27 17:20:55,471 - INFO - Episode 81 seed: 870
2023-09-27 17:20:56,408 - INFO - Episode 81 finished after 261 timesteps
2023-09-27 17:21:46,192 - INFO - Arrived: 1 Broken: 1
2023-09-27 17:21:46,195 - INFO - Episode 82 seed: 870
2023-09-27 17:21:47,013 - INFO - Episode 82 finished after 238 timesteps
2023-09-27 17:22:38,057 - INFO - Arrived: 1 Broken: 1
2023-09-27 17:22:38,060 - INFO - Episode 83 seed: 870
2023-09-27 17:22:39,006 - INFO - Episode 83 finished after 273 timesteps
2023-09-27 17:23:29,068 - INFO - Arrived: 1 Broken: 1
2023-09-27 17:23:29,072 - INFO - Episode 84 seed: 870
2023-09-27 17:23:30,034 - INFO - Episode 84 finished after 282 timesteps
2023-09-27 17:24:18,998 - INFO - Arrived: 1 Broken: 1
2023-09-27 17:24:18,999 - INFO - Episode 85 seed: 870
2023-09-27 17:24:19,999 - INFO - Episode 85 finished after 260 timesteps
2023-09-27 17:25:08,869 - INFO - Arrived: 1 Broken: 1
2023-09-27 17:25:08,871 - INFO - Episode 86 seed: 870
2023-09-27 17:25:09,694 - INFO - Episode 86 finished after 241 timesteps
2023-09-27 17:25:57,484 - INFO - Arrived: 1 Broken: 1
2023-09-27 17:25:57,487 - INFO - Episode 87 seed: 870
2023-09-27 17:25:58,405 - INFO - Episode 87 finished after 257 timesteps
