2023-09-24 16:28:13,610 - INFO - 

learning_rate:0.001
gamma:0.8
tau:0.01
hsRNN:64
hsMixing:64
hsHyper:64
replace_cycle:500
agent_num:2
obs_size:5
msg_size:27
com_size:32
com_mode:3
state_size:7
action_size:6
q_mode:0
epoch:1
buffer_size:32
batch_size:32
seq_len:100
episode:3000
timestep:200
view_range:1
report_cycle:1
comm_cycle:1
row:8
col:8
height:3
risklevel:0.1
AoI_limit:3

2023-09-24 16:28:14,687 - INFO - Episode 0 seed: 517
2023-09-24 16:31:02,903 - INFO - Episode 1 seed: 873
2023-09-24 16:33:23,098 - INFO - Episode 2 seed: 604
2023-09-24 16:35:10,505 - INFO - Episode 3 seed: 939
2023-09-24 16:38:03,043 - INFO - Episode 4 seed: 938
2023-09-24 16:40:59,333 - INFO - Episode 5 seed: 526
2023-09-24 16:43:49,530 - INFO - Episode 6 seed: 582
2023-09-24 16:46:46,060 - INFO - Episode 7 seed: 71
2023-09-24 16:49:13,394 - INFO - Episode 8 seed: 45
2023-09-24 16:51:44,003 - INFO - Episode 9 seed: 978
2023-09-24 16:54:40,418 - INFO - Episode 10 seed: 793
2023-09-24 16:57:33,125 - INFO - Episode 11 seed: 493
2023-09-24 17:00:28,692 - INFO - Episode 12 seed: 707
2023-09-24 17:03:25,336 - INFO - Episode 13 seed: 50
2023-09-24 17:06:23,228 - INFO - Episode 14 seed: 271
2023-09-24 17:09:24,276 - INFO - Episode 15 seed: 56
2023-09-24 17:12:26,732 - INFO - Episode 16 seed: 177
2023-09-24 17:15:21,431 - INFO - Episode 17 seed: 615
2023-09-24 17:18:18,537 - INFO - Episode 18 seed: 400
2023-09-24 17:21:16,300 - INFO - Episode 19 seed: 970
2023-09-24 17:24:14,161 - INFO - Episode 20 seed: 599
2023-09-24 17:27:10,419 - INFO - Episode 21 seed: 250
2023-09-24 17:30:03,454 - INFO - Episode 22 seed: 511
2023-09-24 17:33:03,253 - INFO - Episode 23 seed: 191
2023-09-24 17:35:54,730 - INFO - Episode 24 seed: 295
2023-09-24 17:38:59,951 - INFO - Episode 25 seed: 889
2023-09-24 17:41:57,034 - INFO - Episode 26 seed: 175
2023-09-24 17:44:50,441 - INFO - Episode 27 seed: 493
2023-09-24 17:47:50,740 - INFO - Episode 28 seed: 293
2023-09-24 17:50:49,995 - INFO - Episode 29 seed: 267
2023-09-24 17:53:46,721 - INFO - Episode 30 seed: 265
2023-09-24 17:56:43,605 - INFO - Episode 31 seed: 535
2023-09-24 17:59:40,324 - INFO - Episode 32 seed: 762
2023-09-24 18:02:33,183 - INFO - Episode 33 seed: 705
2023-09-24 18:05:28,864 - INFO - Episode 34 seed: 221
2023-09-24 18:08:20,575 - INFO - Episode 35 seed: 674
2023-09-24 18:11:17,519 - INFO - Episode 36 seed: 932
2023-09-24 18:14:14,924 - INFO - Episode 37 seed: 931
2023-09-24 18:17:08,911 - INFO - Episode 38 seed: 835
2023-09-24 18:20:04,596 - INFO - Episode 39 seed: 781
2023-09-24 18:22:58,016 - INFO - Episode 40 seed: 91
2023-09-24 18:25:48,623 - INFO - Episode 41 seed: 98
2023-09-24 18:28:44,096 - INFO - Episode 42 seed: 54
2023-09-24 18:31:30,378 - INFO - Episode 43 seed: 368
2023-09-24 18:34:20,454 - INFO - Episode 44 seed: 641
2023-09-24 18:37:16,912 - INFO - Episode 45 seed: 596
2023-09-24 18:40:08,630 - INFO - Episode 46 seed: 190
2023-09-24 18:43:03,490 - INFO - Episode 47 seed: 818
2023-09-24 18:45:46,506 - INFO - Episode 48 seed: 362
2023-09-24 18:48:36,818 - INFO - Episode 49 seed: 26
2023-09-24 18:51:36,556 - INFO - Episode 50 seed: 417
2023-09-24 18:54:34,405 - INFO - Episode 51 seed: 478
2023-09-24 18:57:27,866 - INFO - Episode 52 seed: 248
2023-09-24 19:00:23,907 - INFO - Episode 53 seed: 30
2023-09-24 19:03:15,414 - INFO - Episode 54 seed: 432
2023-09-24 19:06:13,073 - INFO - Episode 55 seed: 128
2023-09-24 19:09:06,581 - INFO - Episode 56 seed: 518
2023-09-24 19:12:08,699 - INFO - Episode 57 seed: 559
2023-09-24 19:15:18,253 - INFO - Episode 58 seed: 228
2023-09-24 19:18:16,250 - INFO - Episode 59 seed: 942
2023-09-24 19:21:12,349 - INFO - Episode 60 seed: 94
2023-09-24 19:24:05,539 - INFO - Episode 61 seed: 647
2023-09-24 19:26:57,620 - INFO - Episode 62 seed: 713
2023-09-24 19:29:50,411 - INFO - Episode 63 seed: 248
2023-09-24 19:32:44,876 - INFO - Episode 64 seed: 631
2023-09-24 19:35:42,030 - INFO - Episode 65 seed: 764
2023-09-24 19:38:33,359 - INFO - Episode 66 seed: 238
2023-09-24 19:41:24,759 - INFO - Episode 67 seed: 958
2023-09-24 19:44:18,424 - INFO - Episode 68 seed: 429
2023-09-24 19:47:08,300 - INFO - Episode 69 seed: 366
2023-09-24 19:49:58,766 - INFO - Episode 70 seed: 996
2023-09-24 19:52:45,535 - INFO - Episode 71 seed: 95
2023-09-24 19:55:31,670 - INFO - Episode 72 seed: 370
2023-09-24 19:58:14,904 - INFO - Episode 73 seed: 441
2023-09-24 20:01:08,309 - INFO - Episode 74 seed: 13
2023-09-24 20:04:00,738 - INFO - Episode 75 seed: 655
2023-09-24 20:06:54,050 - INFO - Episode 76 seed: 539
2023-09-24 20:09:45,325 - INFO - Episode 77 seed: 579
2023-09-24 20:12:37,005 - INFO - Episode 78 seed: 730
2023-09-24 20:15:28,589 - INFO - Episode 79 seed: 640
2023-09-24 20:18:20,751 - INFO - Episode 80 seed: 504
2023-09-24 20:21:12,038 - INFO - Episode 81 seed: 94
2023-09-24 20:24:02,998 - INFO - Episode 82 seed: 102
2023-09-24 20:26:51,953 - INFO - Episode 83 seed: 660
2023-09-24 20:29:43,260 - INFO - Episode 84 seed: 769
2023-09-24 20:32:31,588 - INFO - Episode 85 seed: 415
2023-09-24 20:35:11,289 - INFO - Episode 86 seed: 249
2023-09-24 20:38:03,428 - INFO - Episode 87 seed: 326
2023-09-24 20:40:51,666 - INFO - Episode 88 seed: 822
2023-09-24 20:43:42,478 - INFO - Episode 89 seed: 725
2023-09-24 20:46:36,654 - INFO - Episode 90 seed: 871
2023-09-24 20:49:25,724 - INFO - Episode 91 seed: 822
2023-09-24 20:52:14,643 - INFO - Episode 92 seed: 754
2023-09-24 20:54:59,819 - INFO - Episode 93 seed: 55
2023-09-24 20:57:50,725 - INFO - Episode 94 seed: 784
2023-09-24 21:00:38,423 - INFO - Episode 95 seed: 450
2023-09-24 21:03:27,225 - INFO - Episode 96 seed: 469
2023-09-24 21:06:10,972 - INFO - Episode 97 seed: 474
2023-09-24 21:08:57,208 - INFO - Episode 98 seed: 605
2023-09-24 21:11:38,113 - INFO - Episode 99 seed: 388
2023-09-24 21:14:25,130 - INFO - Episode 100 seed: 233
2023-09-24 21:17:11,572 - INFO - Episode 101 seed: 499
2023-09-24 21:19:58,711 - INFO - Episode 102 seed: 421
2023-09-24 21:22:43,826 - INFO - Episode 103 seed: 682
2023-09-24 21:25:38,914 - INFO - Episode 104 seed: 899
2023-09-24 21:28:24,454 - INFO - Episode 105 seed: 752
2023-09-24 21:31:07,463 - INFO - Episode 106 seed: 520
2023-09-24 21:33:49,540 - INFO - Episode 107 seed: 321
2023-09-24 21:36:38,104 - INFO - Episode 108 seed: 780
2023-09-24 21:39:25,416 - INFO - Episode 109 seed: 62
2023-09-24 21:42:11,496 - INFO - Episode 110 seed: 148
2023-09-24 21:45:01,821 - INFO - Episode 111 seed: 542
2023-09-24 21:47:48,771 - INFO - Episode 112 seed: 399
2023-09-24 21:50:33,768 - INFO - Episode 113 seed: 905
2023-09-24 21:53:18,828 - INFO - Episode 114 seed: 542
2023-09-24 21:56:04,542 - INFO - Episode 115 seed: 232
2023-09-24 21:58:54,443 - INFO - Episode 116 seed: 970
2023-09-24 22:01:43,760 - INFO - Episode 117 seed: 501
2023-09-24 22:04:30,051 - INFO - Episode 118 seed: 679
2023-09-24 22:07:02,747 - INFO - Episode 119 seed: 609
2023-09-24 22:09:27,978 - INFO - Episode 120 seed: 328
2023-09-24 22:12:15,332 - INFO - Episode 121 seed: 318
2023-09-24 22:15:02,941 - INFO - Episode 122 seed: 142
2023-09-24 22:17:48,131 - INFO - Episode 123 seed: 287
2023-09-24 22:20:39,532 - INFO - Episode 124 seed: 823
2023-09-24 22:23:24,047 - INFO - Episode 125 seed: 454
2023-09-24 22:26:09,246 - INFO - Episode 126 seed: 140
2023-09-24 22:28:28,959 - INFO - Episode 127 seed: 568
2023-09-24 22:31:17,057 - INFO - Episode 128 seed: 474
2023-09-24 22:33:47,073 - INFO - Episode 129 seed: 96
2023-09-24 22:36:17,196 - INFO - Episode 130 seed: 974
2023-09-24 22:38:52,089 - INFO - Episode 131 seed: 642
2023-09-24 22:41:17,768 - INFO - Episode 132 seed: 911
2023-09-24 22:43:55,430 - INFO - Episode 133 seed: 44
2023-09-24 22:46:28,895 - INFO - Episode 134 seed: 230
2023-09-24 22:49:12,712 - INFO - Episode 135 seed: 810
2023-09-24 22:51:50,785 - INFO - Episode 136 seed: 381
2023-09-24 22:54:23,973 - INFO - Episode 137 seed: 721
2023-09-24 22:57:06,847 - INFO - Episode 138 seed: 217
2023-09-24 22:59:57,050 - INFO - Episode 139 seed: 108
2023-09-24 23:02:25,096 - INFO - Episode 140 seed: 875
2023-09-24 23:05:16,517 - INFO - Episode 141 seed: 944
2023-09-24 23:07:51,403 - INFO - Episode 142 seed: 429
2023-09-24 23:10:22,897 - INFO - Episode 143 seed: 123
2023-09-24 23:12:59,452 - INFO - Episode 144 seed: 610
2023-09-24 23:15:30,597 - INFO - Episode 145 seed: 202
2023-09-24 23:18:01,068 - INFO - Episode 146 seed: 531
2023-09-24 23:20:24,872 - INFO - Episode 147 seed: 805
2023-09-24 23:23:13,459 - INFO - Episode 148 seed: 229
2023-09-24 23:25:47,169 - INFO - Episode 149 seed: 836
2023-09-24 23:28:23,184 - INFO - Episode 150 seed: 150
2023-09-24 23:30:46,014 - INFO - Episode 151 seed: 893
2023-09-24 23:33:29,845 - INFO - Episode 152 seed: 945
2023-09-24 23:35:31,050 - INFO - Episode 153 seed: 900
2023-09-24 23:37:39,094 - INFO - Episode 154 seed: 851
2023-09-24 23:39:39,036 - INFO - Episode 155 seed: 53
2023-09-24 23:42:16,954 - INFO - Episode 156 seed: 494
2023-09-24 23:44:37,201 - INFO - Episode 157 seed: 456
2023-09-24 23:47:04,401 - INFO - Episode 158 seed: 440
2023-09-24 23:49:29,073 - INFO - Episode 159 seed: 0
2023-09-24 23:51:55,118 - INFO - Episode 160 seed: 999
2023-09-24 23:54:11,714 - INFO - Episode 161 seed: 233
2023-09-24 23:56:47,083 - INFO - Episode 162 seed: 121
2023-09-24 23:58:59,692 - INFO - Episode 163 seed: 89
2023-09-25 00:01:10,965 - INFO - Episode 164 seed: 414
2023-09-25 00:03:27,855 - INFO - Episode 165 seed: 276
2023-09-25 00:05:44,194 - INFO - Episode 166 seed: 228
2023-09-25 00:07:58,222 - INFO - Episode 167 seed: 491
2023-09-25 00:10:07,529 - INFO - Episode 168 seed: 814
2023-09-25 00:12:11,093 - INFO - Episode 169 seed: 515
2023-09-25 00:14:14,461 - INFO - Episode 170 seed: 284
2023-09-25 00:16:22,978 - INFO - Episode 171 seed: 328
2023-09-25 00:18:29,929 - INFO - Episode 172 seed: 604
2023-09-25 00:20:47,952 - INFO - Episode 173 seed: 683
2023-09-25 00:23:03,919 - INFO - Episode 174 seed: 237
2023-09-25 00:25:30,074 - INFO - Episode 175 seed: 10
2023-09-25 00:27:45,360 - INFO - Episode 176 seed: 813
2023-09-25 00:29:42,884 - INFO - Episode 177 seed: 792
2023-09-25 00:31:52,964 - INFO - Episode 178 seed: 143
2023-09-25 00:34:02,992 - INFO - Episode 179 seed: 516
2023-09-25 00:35:52,393 - INFO - Episode 180 seed: 770
2023-09-25 00:38:05,298 - INFO - Episode 181 seed: 447
2023-09-25 00:40:17,485 - INFO - Episode 182 seed: 729
2023-09-25 00:42:19,942 - INFO - Episode 183 seed: 896
2023-09-25 00:44:28,843 - INFO - Episode 184 seed: 474
2023-09-25 00:46:38,435 - INFO - Episode 185 seed: 276
2023-09-25 00:49:07,146 - INFO - Episode 186 seed: 457
2023-09-25 00:51:06,861 - INFO - Episode 187 seed: 289
2023-09-25 00:53:31,993 - INFO - Episode 188 seed: 469
2023-09-25 00:55:52,238 - INFO - Episode 189 seed: 621
2023-09-25 00:57:52,747 - INFO - Episode 190 seed: 188
2023-09-25 00:59:53,915 - INFO - Episode 191 seed: 310
2023-09-25 01:02:05,061 - INFO - Episode 192 seed: 971
2023-09-25 01:04:28,028 - INFO - Episode 193 seed: 680
2023-09-25 01:06:54,941 - INFO - Episode 194 seed: 713
2023-09-25 01:09:26,918 - INFO - Episode 195 seed: 228
2023-09-25 01:11:50,474 - INFO - Episode 196 seed: 708
2023-09-25 01:14:17,758 - INFO - Episode 197 seed: 883
2023-09-25 01:16:21,570 - INFO - Episode 198 seed: 962
2023-09-25 01:18:44,902 - INFO - Episode 199 seed: 379
2023-09-25 01:21:19,214 - INFO - Episode 200 seed: 377
2023-09-25 01:23:39,399 - INFO - Episode 201 seed: 554
2023-09-25 01:26:20,774 - INFO - Episode 202 seed: 299
2023-09-25 01:28:51,803 - INFO - Episode 203 seed: 139
2023-09-25 01:31:42,725 - INFO - Episode 204 seed: 714
2023-09-25 01:34:27,344 - INFO - Episode 205 seed: 882
2023-09-25 01:36:48,775 - INFO - Episode 206 seed: 332
2023-09-25 01:38:53,312 - INFO - Episode 207 seed: 323
2023-09-25 01:40:49,047 - INFO - Episode 208 seed: 460
2023-09-25 01:42:58,601 - INFO - Episode 209 seed: 894
2023-09-25 01:45:08,528 - INFO - Episode 210 seed: 530
2023-09-25 01:47:19,521 - INFO - Episode 211 seed: 791
2023-09-25 01:49:04,996 - INFO - Episode 212 seed: 514
2023-09-25 01:51:11,841 - INFO - Episode 213 seed: 942
2023-09-25 01:53:01,382 - INFO - Episode 214 seed: 54
2023-09-25 01:54:48,999 - INFO - Episode 215 seed: 190
2023-09-25 01:56:44,012 - INFO - Episode 216 seed: 59
2023-09-25 01:58:37,870 - INFO - Episode 217 seed: 649
2023-09-25 02:00:26,586 - INFO - Episode 218 seed: 780
2023-09-25 02:02:14,367 - INFO - Episode 219 seed: 806
2023-09-25 02:04:05,043 - INFO - Episode 220 seed: 872
2023-09-25 02:05:51,150 - INFO - Episode 221 seed: 122
2023-09-25 02:07:41,972 - INFO - Episode 222 seed: 953
2023-09-25 02:09:31,024 - INFO - Episode 223 seed: 189
2023-09-25 02:11:23,636 - INFO - Episode 224 seed: 3
2023-09-25 02:13:15,767 - INFO - Episode 225 seed: 786
2023-09-25 02:15:05,440 - INFO - Episode 226 seed: 137
2023-09-25 02:16:53,132 - INFO - Episode 227 seed: 688
2023-09-25 02:18:41,941 - INFO - Episode 228 seed: 855
2023-09-25 02:20:31,784 - INFO - Episode 229 seed: 438
2023-09-25 02:22:37,552 - INFO - Episode 230 seed: 521
2023-09-25 02:24:51,784 - INFO - Episode 231 seed: 569
2023-09-25 02:27:10,322 - INFO - Episode 232 seed: 284
2023-09-25 02:29:30,302 - INFO - Episode 233 seed: 256
2023-09-25 02:32:16,719 - INFO - Episode 234 seed: 18
2023-09-25 02:35:07,379 - INFO - Episode 235 seed: 326
2023-09-25 02:37:56,762 - INFO - Episode 236 seed: 313
2023-09-25 02:40:46,466 - INFO - Episode 237 seed: 458
2023-09-25 02:43:27,997 - INFO - Episode 238 seed: 878
2023-09-25 02:46:16,982 - INFO - Episode 239 seed: 368
2023-09-25 02:48:58,975 - INFO - Episode 240 seed: 251
2023-09-25 02:51:46,262 - INFO - Episode 241 seed: 113
2023-09-25 02:54:33,691 - INFO - Episode 242 seed: 359
2023-09-25 02:57:16,561 - INFO - Episode 243 seed: 217
2023-09-25 02:59:59,471 - INFO - Episode 244 seed: 937
2023-09-25 03:02:20,422 - INFO - Episode 245 seed: 365
2023-09-25 03:04:46,075 - INFO - Episode 246 seed: 975
2023-09-25 03:07:07,180 - INFO - Episode 247 seed: 447
2023-09-25 03:09:23,508 - INFO - Episode 248 seed: 768
2023-09-25 03:11:37,101 - INFO - Episode 249 seed: 144
2023-09-25 03:13:57,619 - INFO - Episode 250 seed: 239
2023-09-25 03:16:10,076 - INFO - Episode 251 seed: 946
2023-09-25 03:18:29,850 - INFO - Episode 252 seed: 938
2023-09-25 03:20:40,917 - INFO - Episode 253 seed: 613
2023-09-25 03:22:45,313 - INFO - Episode 254 seed: 869
2023-09-25 03:24:52,688 - INFO - Episode 255 seed: 149
2023-09-25 03:27:10,747 - INFO - Episode 256 seed: 157
2023-09-25 03:29:13,585 - INFO - Episode 257 seed: 749
2023-09-25 03:31:00,817 - INFO - Episode 258 seed: 769
2023-09-25 03:32:47,632 - INFO - Episode 259 seed: 817
2023-09-25 03:34:35,237 - INFO - Episode 260 seed: 513
2023-09-25 03:36:32,218 - INFO - Episode 261 seed: 258
2023-09-25 03:38:27,612 - INFO - Episode 262 seed: 914
2023-09-25 03:40:16,193 - INFO - Episode 263 seed: 908
2023-09-25 03:42:06,226 - INFO - Episode 264 seed: 872
2023-09-25 03:43:53,227 - INFO - Episode 265 seed: 65
2023-09-25 03:45:41,415 - INFO - Episode 266 seed: 470
2023-09-25 03:47:29,178 - INFO - Episode 267 seed: 681
2023-09-25 03:49:17,270 - INFO - Episode 268 seed: 815
2023-09-25 03:51:05,598 - INFO - Episode 269 seed: 572
2023-09-25 03:53:01,231 - INFO - Episode 270 seed: 143
2023-09-25 03:54:52,010 - INFO - Episode 271 seed: 230
2023-09-25 03:56:42,532 - INFO - Episode 272 seed: 165
2023-09-25 03:58:31,259 - INFO - Episode 273 seed: 65
2023-09-25 04:00:20,106 - INFO - Episode 274 seed: 471
2023-09-25 04:02:10,131 - INFO - Episode 275 seed: 504
2023-09-25 04:03:57,524 - INFO - Episode 276 seed: 997
2023-09-25 04:05:48,655 - INFO - Episode 277 seed: 147
2023-09-25 04:07:37,075 - INFO - Episode 278 seed: 41
2023-09-25 04:09:27,507 - INFO - Episode 279 seed: 173
2023-09-25 04:11:15,263 - INFO - Episode 280 seed: 611
2023-09-25 04:13:04,114 - INFO - Episode 281 seed: 323
2023-09-25 04:14:51,869 - INFO - Episode 282 seed: 369
2023-09-25 04:16:42,171 - INFO - Episode 283 seed: 598
2023-09-25 04:18:30,704 - INFO - Episode 284 seed: 392
2023-09-25 04:20:17,703 - INFO - Episode 285 seed: 505
2023-09-25 04:22:15,896 - INFO - Episode 286 seed: 565
2023-09-25 04:24:05,760 - INFO - Episode 287 seed: 695
2023-09-25 04:25:56,652 - INFO - Episode 288 seed: 596
2023-09-25 04:27:43,881 - INFO - Episode 289 seed: 755
2023-09-25 04:29:32,744 - INFO - Episode 290 seed: 722
2023-09-25 04:31:24,500 - INFO - Episode 291 seed: 876
2023-09-25 04:33:13,332 - INFO - Episode 292 seed: 195
2023-09-25 04:35:04,831 - INFO - Episode 293 seed: 253
2023-09-25 04:36:51,187 - INFO - Episode 294 seed: 796
2023-09-25 04:38:39,697 - INFO - Episode 295 seed: 213
2023-09-25 04:40:29,272 - INFO - Episode 296 seed: 516
2023-09-25 04:42:20,566 - INFO - Episode 297 seed: 404
2023-09-25 04:44:10,587 - INFO - Episode 298 seed: 140
2023-09-25 04:46:00,275 - INFO - Episode 299 seed: 744
2023-09-25 04:47:51,033 - INFO - Episode 300 seed: 536
2023-09-25 04:49:42,556 - INFO - Episode 301 seed: 888
2023-09-25 04:51:31,317 - INFO - Episode 302 seed: 225
2023-09-25 04:53:18,632 - INFO - Episode 303 seed: 582
2023-09-25 04:55:08,567 - INFO - Episode 304 seed: 209
2023-09-25 04:56:59,676 - INFO - Episode 305 seed: 644
2023-09-25 04:58:49,976 - INFO - Episode 306 seed: 810
2023-09-25 05:00:37,566 - INFO - Episode 307 seed: 288
2023-09-25 05:02:26,088 - INFO - Episode 308 seed: 825
2023-09-25 05:04:14,532 - INFO - Episode 309 seed: 785
2023-09-25 05:06:02,825 - INFO - Episode 310 seed: 406
2023-09-25 05:07:53,328 - INFO - Episode 311 seed: 411
2023-09-25 05:09:41,768 - INFO - Episode 312 seed: 89
2023-09-25 05:11:30,919 - INFO - Episode 313 seed: 204
2023-09-25 05:13:21,462 - INFO - Episode 314 seed: 233
2023-09-25 05:15:12,255 - INFO - Episode 315 seed: 433
2023-09-25 05:17:01,189 - INFO - Episode 316 seed: 413
2023-09-25 05:18:51,049 - INFO - Episode 317 seed: 66
2023-09-25 05:20:41,665 - INFO - Episode 318 seed: 975
2023-09-25 05:22:33,401 - INFO - Episode 319 seed: 845
2023-09-25 05:24:23,476 - INFO - Episode 320 seed: 203
2023-09-25 05:26:14,204 - INFO - Episode 321 seed: 961
2023-09-25 05:28:03,314 - INFO - Episode 322 seed: 258
2023-09-25 05:29:52,773 - INFO - Episode 323 seed: 925
2023-09-25 05:31:43,387 - INFO - Episode 324 seed: 291
2023-09-25 05:33:32,893 - INFO - Episode 325 seed: 700
2023-09-25 05:35:20,583 - INFO - Episode 326 seed: 631
2023-09-25 05:37:10,197 - INFO - Episode 327 seed: 915
2023-09-25 05:39:00,796 - INFO - Episode 328 seed: 29
2023-09-25 05:40:49,355 - INFO - Episode 329 seed: 197
2023-09-25 05:42:39,473 - INFO - Episode 330 seed: 978
2023-09-25 05:44:27,833 - INFO - Episode 331 seed: 756
2023-09-25 05:46:16,968 - INFO - Episode 332 seed: 280
2023-09-25 05:48:07,117 - INFO - Episode 333 seed: 111
2023-09-25 05:50:00,371 - INFO - Episode 334 seed: 803
2023-09-25 05:52:11,445 - INFO - Episode 335 seed: 350
2023-09-25 05:54:25,170 - INFO - Episode 336 seed: 447
2023-09-25 05:56:49,653 - INFO - Episode 337 seed: 178
2023-09-25 05:59:12,147 - INFO - Episode 338 seed: 544
2023-09-25 06:01:33,090 - INFO - Episode 339 seed: 831
2023-09-25 06:03:54,472 - INFO - Episode 340 seed: 964
2023-09-25 06:06:14,002 - INFO - Episode 341 seed: 25
2023-09-25 06:08:28,692 - INFO - Episode 342 seed: 602
2023-09-25 06:10:42,701 - INFO - Episode 343 seed: 286
2023-09-25 06:12:44,452 - INFO - Episode 344 seed: 261
2023-09-25 06:14:54,689 - INFO - Episode 345 seed: 11
2023-09-25 06:16:53,542 - INFO - Episode 346 seed: 107
2023-09-25 06:19:00,012 - INFO - Episode 347 seed: 699
2023-09-25 06:21:04,543 - INFO - Episode 348 seed: 907
2023-09-25 06:23:06,307 - INFO - Episode 349 seed: 326
2023-09-25 06:25:07,618 - INFO - Episode 350 seed: 695
2023-09-25 06:27:14,156 - INFO - Episode 351 seed: 432
2023-09-25 06:29:03,418 - INFO - Episode 352 seed: 9
2023-09-25 06:31:05,285 - INFO - Episode 353 seed: 957
2023-09-25 06:33:11,751 - INFO - Episode 354 seed: 141
2023-09-25 06:35:10,735 - INFO - Episode 355 seed: 678
2023-09-25 06:37:02,418 - INFO - Episode 356 seed: 117
2023-09-25 06:38:50,134 - INFO - Episode 357 seed: 296
2023-09-25 06:40:39,499 - INFO - Episode 358 seed: 371
2023-09-25 06:42:27,299 - INFO - Episode 359 seed: 970
2023-09-25 06:44:17,518 - INFO - Episode 360 seed: 874
2023-09-25 06:46:07,553 - INFO - Episode 361 seed: 263
2023-09-25 06:47:57,348 - INFO - Episode 362 seed: 702
2023-09-25 06:49:44,811 - INFO - Episode 363 seed: 800
2023-09-25 06:51:33,202 - INFO - Episode 364 seed: 577
2023-09-25 06:53:20,438 - INFO - Episode 365 seed: 324
2023-09-25 06:55:06,679 - INFO - Episode 366 seed: 685
2023-09-25 06:56:55,007 - INFO - Episode 367 seed: 204
2023-09-25 06:58:43,769 - INFO - Episode 368 seed: 734
2023-09-25 07:00:32,577 - INFO - Episode 369 seed: 654
2023-09-25 07:02:20,729 - INFO - Episode 370 seed: 352
2023-09-25 07:04:09,216 - INFO - Episode 371 seed: 373
2023-09-25 07:05:56,978 - INFO - Episode 372 seed: 804
2023-09-25 07:07:44,569 - INFO - Episode 373 seed: 823
2023-09-25 07:09:33,462 - INFO - Episode 374 seed: 941
2023-09-25 07:11:22,961 - INFO - Episode 375 seed: 48
2023-09-25 07:13:12,441 - INFO - Episode 376 seed: 863
2023-09-25 07:15:03,696 - INFO - Episode 377 seed: 388
2023-09-25 07:16:51,380 - INFO - Episode 378 seed: 100
2023-09-25 07:18:40,901 - INFO - Episode 379 seed: 444
2023-09-25 07:20:32,401 - INFO - Episode 380 seed: 555
2023-09-25 07:22:23,933 - INFO - Episode 381 seed: 120
2023-09-25 07:24:11,445 - INFO - Episode 382 seed: 915
2023-09-25 07:26:01,103 - INFO - Episode 383 seed: 953
2023-09-25 07:27:52,097 - INFO - Episode 384 seed: 682
2023-09-25 07:29:41,339 - INFO - Episode 385 seed: 11
2023-09-25 07:31:27,624 - INFO - Episode 386 seed: 663
2023-09-25 07:33:16,543 - INFO - Episode 387 seed: 294
2023-09-25 07:35:05,364 - INFO - Episode 388 seed: 189
2023-09-25 07:36:54,609 - INFO - Episode 389 seed: 865
2023-09-25 07:38:45,380 - INFO - Episode 390 seed: 222
2023-09-25 07:40:48,168 - INFO - Episode 391 seed: 471
2023-09-25 07:42:50,449 - INFO - Episode 392 seed: 711
2023-09-25 07:44:53,220 - INFO - Episode 393 seed: 332
2023-09-25 07:46:50,784 - INFO - Episode 394 seed: 743
2023-09-25 07:48:48,659 - INFO - Episode 395 seed: 903
2023-09-25 07:50:57,366 - INFO - Episode 396 seed: 808
2023-09-25 07:53:05,747 - INFO - Episode 397 seed: 315
2023-09-25 07:55:14,600 - INFO - Episode 398 seed: 641
2023-09-25 07:57:29,797 - INFO - Episode 399 seed: 629
2023-09-25 08:00:00,031 - INFO - Episode 400 seed: 148
2023-09-25 08:02:12,009 - INFO - Episode 401 seed: 239
2023-09-25 08:04:39,054 - INFO - Episode 402 seed: 908
2023-09-25 08:06:59,509 - INFO - Episode 403 seed: 430
2023-09-25 08:09:12,489 - INFO - Episode 404 seed: 693
2023-09-25 08:11:25,771 - INFO - Episode 405 seed: 49
2023-09-25 08:13:31,587 - INFO - Episode 406 seed: 948
2023-09-25 08:15:43,323 - INFO - Episode 407 seed: 732
2023-09-25 08:17:49,344 - INFO - Episode 408 seed: 116
2023-09-25 08:19:55,031 - INFO - Episode 409 seed: 254
2023-09-25 08:21:58,321 - INFO - Episode 410 seed: 881
2023-09-25 08:24:18,330 - INFO - Episode 411 seed: 136
2023-09-25 08:26:35,167 - INFO - Episode 412 seed: 732
2023-09-25 08:28:48,162 - INFO - Episode 413 seed: 380
2023-09-25 08:31:01,079 - INFO - Episode 414 seed: 639
2023-09-25 08:33:07,687 - INFO - Episode 415 seed: 980
2023-09-25 08:35:17,513 - INFO - Episode 416 seed: 568
2023-09-25 08:37:35,058 - INFO - Episode 417 seed: 690
2023-09-25 08:39:53,051 - INFO - Episode 418 seed: 588
2023-09-25 08:42:03,492 - INFO - Episode 419 seed: 639
2023-09-25 08:44:18,770 - INFO - Episode 420 seed: 693
2023-09-25 08:46:25,819 - INFO - Episode 421 seed: 699
2023-09-25 08:48:27,015 - INFO - Episode 422 seed: 947
2023-09-25 08:50:37,804 - INFO - Episode 423 seed: 424
2023-09-25 08:52:44,554 - INFO - Episode 424 seed: 870
2023-09-25 08:54:47,002 - INFO - Episode 425 seed: 344
2023-09-25 08:56:54,349 - INFO - Episode 426 seed: 435
2023-09-25 08:59:02,401 - INFO - Episode 427 seed: 385
2023-09-25 09:01:10,324 - INFO - Episode 428 seed: 337
2023-09-25 09:03:26,376 - INFO - Episode 429 seed: 514
2023-09-25 09:05:35,038 - INFO - Episode 430 seed: 448
2023-09-25 09:07:46,021 - INFO - Episode 431 seed: 151
2023-09-25 09:09:55,027 - INFO - Episode 432 seed: 181
2023-09-25 09:12:02,592 - INFO - Episode 433 seed: 408
2023-09-25 09:14:03,134 - INFO - Episode 434 seed: 387
2023-09-25 09:16:11,744 - INFO - Episode 435 seed: 644
2023-09-25 09:18:16,738 - INFO - Episode 436 seed: 285
2023-09-25 09:20:20,848 - INFO - Episode 437 seed: 68
2023-09-25 09:22:23,193 - INFO - Episode 438 seed: 561
2023-09-25 09:24:27,263 - INFO - Episode 439 seed: 896
2023-09-25 09:26:26,586 - INFO - Episode 440 seed: 408
2023-09-25 09:28:31,457 - INFO - Episode 441 seed: 914
2023-09-25 09:30:29,760 - INFO - Episode 442 seed: 965
2023-09-25 09:32:25,945 - INFO - Episode 443 seed: 894
2023-09-25 09:34:31,152 - INFO - Episode 444 seed: 683
2023-09-25 09:36:31,171 - INFO - Episode 445 seed: 598
2023-09-25 09:38:33,292 - INFO - Episode 446 seed: 132
2023-09-25 09:40:38,957 - INFO - Episode 447 seed: 258
2023-09-25 09:42:39,166 - INFO - Episode 448 seed: 488
2023-09-25 09:44:35,601 - INFO - Episode 449 seed: 407
2023-09-25 09:46:40,153 - INFO - Episode 450 seed: 538
2023-09-25 09:48:50,169 - INFO - Episode 451 seed: 322
2023-09-25 09:50:53,754 - INFO - Episode 452 seed: 251
2023-09-25 09:52:59,221 - INFO - Episode 453 seed: 617
2023-09-25 09:55:07,166 - INFO - Episode 454 seed: 656
2023-09-25 09:57:13,978 - INFO - Episode 455 seed: 675
2023-09-25 09:59:12,731 - INFO - Episode 456 seed: 13
2023-09-25 10:01:09,342 - INFO - Episode 457 seed: 635
2023-09-25 10:03:03,309 - INFO - Episode 458 seed: 364
2023-09-25 10:05:07,288 - INFO - Episode 459 seed: 931
2023-09-25 10:07:01,913 - INFO - Episode 460 seed: 928
2023-09-25 10:08:52,087 - INFO - Episode 461 seed: 203
2023-09-25 10:10:48,458 - INFO - Episode 462 seed: 197
2023-09-25 10:12:34,369 - INFO - Episode 463 seed: 549
2023-09-25 10:14:23,418 - INFO - Episode 464 seed: 334
2023-09-25 10:16:22,333 - INFO - Episode 465 seed: 17
2023-09-25 10:18:19,422 - INFO - Episode 466 seed: 550
2023-09-25 10:20:14,170 - INFO - Episode 467 seed: 609
2023-09-25 10:22:04,352 - INFO - Episode 468 seed: 786
2023-09-25 10:23:48,643 - INFO - Episode 469 seed: 533
2023-09-25 10:25:37,883 - INFO - Episode 470 seed: 189
2023-09-25 10:27:31,150 - INFO - Episode 471 seed: 640
2023-09-25 10:29:22,390 - INFO - Episode 472 seed: 627
2023-09-25 10:31:11,216 - INFO - Episode 473 seed: 79
2023-09-25 10:33:13,571 - INFO - Episode 474 seed: 6
2023-09-25 10:35:06,515 - INFO - Episode 475 seed: 553
2023-09-25 10:37:00,860 - INFO - Episode 476 seed: 945
2023-09-25 10:38:52,366 - INFO - Episode 477 seed: 683
2023-09-25 10:40:42,188 - INFO - Episode 478 seed: 456
2023-09-25 10:42:36,657 - INFO - Episode 479 seed: 562
2023-09-25 10:44:34,978 - INFO - Episode 480 seed: 195
2023-09-25 10:46:32,331 - INFO - Episode 481 seed: 100
2023-09-25 10:48:33,495 - INFO - Episode 482 seed: 432
2023-09-25 10:50:33,625 - INFO - Episode 483 seed: 431
2023-09-25 10:52:31,114 - INFO - Episode 484 seed: 409
2023-09-25 10:54:19,565 - INFO - Episode 485 seed: 429
2023-09-25 10:56:15,838 - INFO - Episode 486 seed: 235
2023-09-25 10:58:20,079 - INFO - Episode 487 seed: 603
2023-09-25 11:00:18,291 - INFO - Episode 488 seed: 53
2023-09-25 11:02:15,915 - INFO - Episode 489 seed: 991
2023-09-25 11:04:13,442 - INFO - Episode 490 seed: 842
2023-09-25 11:06:12,644 - INFO - Episode 491 seed: 532
2023-09-25 11:08:14,184 - INFO - Episode 492 seed: 352
2023-09-25 11:10:22,344 - INFO - Episode 493 seed: 969
2023-09-25 11:12:21,486 - INFO - Episode 494 seed: 25
2023-09-25 11:14:20,500 - INFO - Episode 495 seed: 544
2023-09-25 11:16:21,282 - INFO - Episode 496 seed: 740
2023-09-25 11:18:29,046 - INFO - Episode 497 seed: 926
2023-09-25 11:20:39,402 - INFO - Episode 498 seed: 568
2023-09-25 11:22:41,751 - INFO - Episode 499 seed: 114
2023-09-25 11:24:41,718 - INFO - Episode 500 seed: 136
2023-09-25 11:26:46,877 - INFO - Episode 501 seed: 580
2023-09-25 11:28:48,717 - INFO - Episode 502 seed: 299
2023-09-25 11:30:56,771 - INFO - Episode 503 seed: 93
2023-09-25 11:33:02,630 - INFO - Episode 504 seed: 253
2023-09-25 11:35:09,569 - INFO - Episode 505 seed: 489
2023-09-25 11:37:13,193 - INFO - Episode 506 seed: 67
2023-09-25 11:39:18,827 - INFO - Episode 507 seed: 128
2023-09-25 11:41:20,976 - INFO - Episode 508 seed: 186
2023-09-25 11:43:10,080 - INFO - Episode 509 seed: 902
2023-09-25 11:45:07,505 - INFO - Episode 510 seed: 446
2023-09-25 11:47:00,149 - INFO - Episode 511 seed: 383
2023-09-25 11:48:57,213 - INFO - Episode 512 seed: 788
2023-09-25 11:50:57,423 - INFO - Episode 513 seed: 91
2023-09-25 11:52:54,831 - INFO - Episode 514 seed: 332
2023-09-25 11:54:50,768 - INFO - Episode 515 seed: 19
2023-09-25 11:56:52,056 - INFO - Episode 516 seed: 737
2023-09-25 11:58:43,058 - INFO - Episode 517 seed: 307
2023-09-25 12:00:40,533 - INFO - Episode 518 seed: 465
2023-09-25 12:02:37,163 - INFO - Episode 519 seed: 693
2023-09-25 12:04:25,333 - INFO - Episode 520 seed: 391
2023-09-25 12:06:23,427 - INFO - Episode 521 seed: 337
2023-09-25 12:08:12,085 - INFO - Episode 522 seed: 989
2023-09-25 12:09:59,789 - INFO - Episode 523 seed: 1
2023-09-25 12:11:44,128 - INFO - Episode 524 seed: 344
2023-09-25 12:13:41,706 - INFO - Episode 525 seed: 507
2023-09-25 12:15:38,324 - INFO - Episode 526 seed: 325
2023-09-25 12:17:37,453 - INFO - Episode 527 seed: 781
2023-09-25 12:19:36,015 - INFO - Episode 528 seed: 380
2023-09-25 12:21:24,883 - INFO - Episode 529 seed: 501
2023-09-25 12:23:21,214 - INFO - Episode 530 seed: 662
2023-09-25 12:25:16,224 - INFO - Episode 531 seed: 544
2023-09-25 12:27:06,209 - INFO - Episode 532 seed: 458
2023-09-25 12:28:50,562 - INFO - Episode 533 seed: 466
2023-09-25 12:30:45,170 - INFO - Episode 534 seed: 934
2023-09-25 12:32:35,914 - INFO - Episode 535 seed: 17
2023-09-25 12:34:30,391 - INFO - Episode 536 seed: 325
2023-09-25 12:36:23,029 - INFO - Episode 537 seed: 955
2023-09-25 12:38:13,327 - INFO - Episode 538 seed: 411
2023-09-25 12:40:01,069 - INFO - Episode 539 seed: 372
2023-09-25 12:41:47,701 - INFO - Episode 540 seed: 987
2023-09-25 12:43:32,120 - INFO - Episode 541 seed: 682
2023-09-25 12:45:17,252 - INFO - Episode 542 seed: 344
2023-09-25 12:47:03,077 - INFO - Episode 543 seed: 777
2023-09-25 12:48:49,278 - INFO - Episode 544 seed: 171
2023-09-25 12:50:33,916 - INFO - Episode 545 seed: 75
2023-09-25 12:52:18,216 - INFO - Episode 546 seed: 970
2023-09-25 12:54:01,499 - INFO - Episode 547 seed: 836
2023-09-25 12:55:53,635 - INFO - Episode 548 seed: 0
2023-09-25 12:57:43,358 - INFO - Episode 549 seed: 629
2023-09-25 12:59:39,239 - INFO - Episode 550 seed: 748
2023-09-25 13:01:38,004 - INFO - Episode 551 seed: 394
2023-09-25 13:03:44,991 - INFO - Episode 552 seed: 468
2023-09-25 13:05:47,712 - INFO - Episode 553 seed: 875
2023-09-25 13:07:46,764 - INFO - Episode 554 seed: 710
2023-09-25 13:09:47,318 - INFO - Episode 555 seed: 2
2023-09-25 13:11:48,697 - INFO - Episode 556 seed: 187
2023-09-25 13:13:47,362 - INFO - Episode 557 seed: 912
2023-09-25 13:15:52,293 - INFO - Episode 558 seed: 449
2023-09-25 13:17:48,946 - INFO - Episode 559 seed: 685
2023-09-25 13:19:51,054 - INFO - Episode 560 seed: 150
2023-09-25 13:21:47,237 - INFO - Episode 561 seed: 453
2023-09-25 13:23:50,204 - INFO - Episode 562 seed: 395
2023-09-25 13:25:47,685 - INFO - Episode 563 seed: 347
2023-09-25 13:27:50,554 - INFO - Episode 564 seed: 932
2023-09-25 13:29:51,109 - INFO - Episode 565 seed: 72
2023-09-25 13:31:48,973 - INFO - Episode 566 seed: 776
2023-09-25 13:33:50,854 - INFO - Episode 567 seed: 125
2023-09-25 13:35:48,771 - INFO - Episode 568 seed: 743
2023-09-25 13:37:52,653 - INFO - Episode 569 seed: 837
2023-09-25 13:39:46,826 - INFO - Episode 570 seed: 918
2023-09-25 13:41:41,105 - INFO - Episode 571 seed: 809
2023-09-25 13:43:34,139 - INFO - Episode 572 seed: 631
2023-09-25 13:45:23,422 - INFO - Episode 573 seed: 544
2023-09-25 13:47:20,167 - INFO - Episode 574 seed: 226
2023-09-25 13:49:18,264 - INFO - Episode 575 seed: 68
2023-09-25 13:51:15,337 - INFO - Episode 576 seed: 167
2023-09-25 13:53:16,959 - INFO - Episode 577 seed: 485
2023-09-25 13:55:19,414 - INFO - Episode 578 seed: 945
2023-09-25 13:57:22,395 - INFO - Episode 579 seed: 837
2023-09-25 13:59:20,765 - INFO - Episode 580 seed: 401
2023-09-25 14:01:27,777 - INFO - Episode 581 seed: 307
2023-09-25 14:03:33,002 - INFO - Episode 582 seed: 209
2023-09-25 14:05:28,852 - INFO - Episode 583 seed: 363
2023-09-25 14:07:33,866 - INFO - Episode 584 seed: 350
2023-09-25 14:09:39,882 - INFO - Episode 585 seed: 547
2023-09-25 14:11:42,815 - INFO - Episode 586 seed: 747
2023-09-25 14:13:57,466 - INFO - Episode 587 seed: 950
2023-09-25 14:16:09,308 - INFO - Episode 588 seed: 734
2023-09-25 14:18:20,084 - INFO - Episode 589 seed: 914
2023-09-25 14:20:18,480 - INFO - Episode 590 seed: 505
2023-09-25 14:22:21,222 - INFO - Episode 591 seed: 16
2023-09-25 14:24:05,775 - INFO - Episode 592 seed: 996
2023-09-25 14:26:14,081 - INFO - Episode 593 seed: 117
2023-09-25 14:28:36,609 - INFO - Episode 594 seed: 280
2023-09-25 14:30:43,523 - INFO - Episode 595 seed: 683
2023-09-25 14:33:01,199 - INFO - Episode 596 seed: 839
2023-09-25 14:34:51,729 - INFO - Episode 597 seed: 239
2023-09-25 14:36:50,172 - INFO - Episode 598 seed: 698
2023-09-25 14:38:50,716 - INFO - Episode 599 seed: 731
2023-09-25 14:40:48,308 - INFO - Episode 600 seed: 995
2023-09-25 14:42:55,467 - INFO - Episode 601 seed: 653
2023-09-25 14:45:04,756 - INFO - Episode 602 seed: 506
2023-09-25 14:47:08,685 - INFO - Episode 603 seed: 151
2023-09-25 14:49:07,230 - INFO - Episode 604 seed: 527
2023-09-25 14:51:07,503 - INFO - Episode 605 seed: 481
2023-09-25 14:53:02,287 - INFO - Episode 606 seed: 73
2023-09-25 14:55:06,361 - INFO - Episode 607 seed: 635
2023-09-25 14:57:06,822 - INFO - Episode 608 seed: 277
2023-09-25 14:59:05,467 - INFO - Episode 609 seed: 766
2023-09-25 15:01:10,422 - INFO - Episode 610 seed: 568
2023-09-25 15:03:15,824 - INFO - Episode 611 seed: 140
2023-09-25 15:05:23,274 - INFO - Episode 612 seed: 376
2023-09-25 15:07:27,055 - INFO - Episode 613 seed: 801
2023-09-25 15:09:28,942 - INFO - Episode 614 seed: 270
2023-09-25 15:11:30,462 - INFO - Episode 615 seed: 274
2023-09-25 15:13:35,029 - INFO - Episode 616 seed: 737
