2023-09-21 11:42:38,764 - INFO - 

learning_rate:0.001
gamma:0.8
tau:0.01
hsRNN:64
hsMixing:64
hsHyper:64
replace_cycle:500
agent_num:2
obs_size:21
msg_size:27
com_size:32
com_mode:3
state_size:42
action_size:6
q_mode:0
epoch:1
buffer_size:32
batch_size:16
seq_len:100
episode:3000
timestep:300
view_range:1
report_cycle:1
comm_cycle:1
row:8
col:8
height:3
risklevel:0.15
AoI_limit:3

2023-09-21 11:42:39,858 - INFO - 
Map size: 8 * 8 * 3 
At height 1 
[3, 0] [3, 1] [3, 7] [4, 0] is dangerous
At height 2 
[4, 1] [4, 7] [5, 5] [5, 7] is dangerous
UAVs are at:
[3, 5, 1] [3, 3, 1] 
Dest are at:
[0, 7] [7, 0] 
2023-09-21 11:42:39,869 - INFO - Episode 0 seed: 305
2023-09-21 11:42:41,021 - INFO - Episode 0 finished after 128 timesteps
2023-09-21 11:42:57,152 - INFO - 

learning_rate:0.001
gamma:0.8
tau:0.01
hsRNN:64
hsMixing:64
hsHyper:64
replace_cycle:500
agent_num:2
obs_size:21
msg_size:27
com_size:32
com_mode:3
state_size:42
action_size:6
q_mode:0
epoch:1
buffer_size:32
batch_size:16
seq_len:100
episode:3000
timestep:300
view_range:1
report_cycle:1
comm_cycle:1
row:8
col:8
height:3
risklevel:0.15
AoI_limit:3

2023-09-21 11:42:58,131 - INFO - 
Map size: 8 * 8 * 3 
At height 1 
[4, 0] [4, 4] [4, 2] [2, 1] is dangerous
At height 2 
[4, 6] [2, 3] [3, 0] [4, 3] is dangerous
UAVs are at:
[3, 5, 1] [3, 3, 1] 
Dest are at:
[0, 7] [7, 0] 
2023-09-21 11:42:58,138 - INFO - Episode 0 seed: 957
2023-09-21 11:42:59,085 - INFO - Episode 0 finished after 144 timesteps
2023-09-21 11:43:07,366 - INFO - Arrived: 1 Broken: 1 Communication: 0.0
2023-09-21 11:43:07,369 - INFO - Episode 1 seed: 202
2023-09-21 11:43:07,710 - INFO - Episode 1 finished after 117 timesteps
2023-09-21 11:43:18,248 - INFO - Arrived: 1 Broken: 1 Communication: 0.0
2023-09-21 11:43:18,250 - INFO - Episode 2 seed: 982
2023-09-21 11:43:18,587 - INFO - Episode 2 finished after 123 timesteps
