2023-09-21 11:53:07,572 - INFO - 

learning_rate:0.001
gamma:0.8
tau:0.01
hsRNN:64
hsMixing:64
hsHyper:64
replace_cycle:500
agent_num:2
obs_size:21
msg_size:27
com_size:32
com_mode:3
state_size:42
action_size:6
q_mode:0
epoch:1
buffer_size:32
batch_size:16
seq_len:100
episode:3000
timestep:300
view_range:1
report_cycle:1
comm_cycle:1
row:8
col:8
height:3
risklevel:0.15
AoI_limit:3

2023-09-21 11:53:08,525 - INFO - 
Map size: 8 * 8 * 3 
At height 1 
[5, 7] [4, 1] [2, 6] [3, 1] is dangerous
At height 2 
[5, 4] [5, 0] [3, 4] [4, 3] is dangerous
UAVs are at:
[3, 5, 1] [3, 3, 1] 
Dest are at:
[0, 7] [7, 0] 
2023-09-21 11:53:08,535 - INFO - Episode 0 seed: 365
2023-09-21 11:53:09,469 - INFO - Episode 0 finished after 130 timesteps
