2023-09-21 11:52:13,839 - INFO - 

learning_rate:0.001
gamma:0.8
tau:0.01
hsRNN:64
hsMixing:64
hsHyper:64
replace_cycle:500
agent_num:2
obs_size:21
msg_size:27
com_size:32
com_mode:3
state_size:42
action_size:6
q_mode:0
epoch:1
buffer_size:32
batch_size:16
seq_len:100
episode:3000
timestep:300
view_range:1
report_cycle:1
comm_cycle:1
row:8
col:8
height:3
risklevel:0.15
AoI_limit:3

2023-09-21 11:52:14,785 - INFO - 
Map size: 8 * 8 * 3 
At height 1 
[3, 7] [3, 0] [2, 3] [2, 0] is dangerous
At height 2 
[4, 0] [3, 6] [3, 4] [4, 3] is dangerous
UAVs are at:
[3, 5, 1] [3, 3, 1] 
Dest are at:
[0, 7] [7, 0] 
2023-09-21 11:52:14,793 - INFO - Episode 0 seed: 832
2023-09-21 11:52:15,724 - INFO - Episode 0 finished after 126 timesteps
2023-09-21 11:52:49,757 - INFO - 

learning_rate:0.001
gamma:0.8
tau:0.01
hsRNN:64
hsMixing:64
hsHyper:64
replace_cycle:500
agent_num:2
obs_size:21
msg_size:27
com_size:32
com_mode:3
state_size:42
action_size:6
q_mode:0
epoch:1
buffer_size:32
batch_size:16
seq_len:100
episode:3000
timestep:300
view_range:1
report_cycle:1
comm_cycle:1
row:8
col:8
height:3
risklevel:0.15
AoI_limit:3

2023-09-21 11:52:50,730 - INFO - 
Map size: 8 * 8 * 3 
At height 1 
[5, 7] [3, 0] [3, 4] [4, 6] is dangerous
At height 2 
[2, 6] [5, 4] [5, 0] [4, 2] is dangerous
UAVs are at:
[3, 5, 1] [3, 3, 1] 
Dest are at:
[0, 7] [7, 0] 
2023-09-21 11:52:50,736 - INFO - Episode 0 seed: 303
2023-09-21 11:52:51,644 - INFO - Episode 0 finished after 132 timesteps
