2023-09-21 13:51:35,678 - INFO - 

learning_rate:0.001
gamma:0.8
tau:0.01
hsRNN:64
hsMixing:64
hsHyper:64
replace_cycle:500
agent_num:2
obs_size:21
msg_size:27
com_size:32
com_mode:3
state_size:42
action_size:6
q_mode:0
epoch:1
buffer_size:32
batch_size:16
seq_len:100
episode:3000
timestep:300
view_range:1
report_cycle:1
comm_cycle:1
row:8
col:8
height:3
risklevel:0.15
AoI_limit:3

2023-09-21 13:51:36,646 - INFO - 
Map size: 8 * 8 * 3 
At height 1 
[4, 7] [4, 2] [5, 7] [2, 3] is dangerous
At height 2 
[3, 1] [3, 0] [2, 2] [5, 3] is dangerous
UAVs are at:
[3, 5, 1] [3, 3, 1] 
Dest are at:
[0, 7] [7, 0] 
2023-09-21 13:51:36,654 - INFO - Episode 0 seed: 486
2023-09-21 13:51:37,634 - INFO - Episode 0 finished after 119 timesteps
2023-09-21 13:51:38,428 - INFO - Arrived: 0 Broken: 2 Communication: 0.0
2023-09-21 13:51:38,429 - INFO - Episode 1 seed: 970
2023-09-21 13:51:38,610 - INFO - Episode 1 finished after 129 timesteps
