2023-09-21 15:01:40,835 - INFO - 

learning_rate:0.001
gamma:0.8
tau:0.01
hsRNN:64
hsMixing:64
hsHyper:64
replace_cycle:500
agent_num:2
obs_size:21
msg_size:27
com_size:32
com_mode:3
state_size:42
action_size:6
q_mode:0
epoch:1
buffer_size:32
batch_size:16
seq_len:100
episode:3000
timestep:300
view_range:1
report_cycle:1
comm_cycle:1
row:8
col:8
height:3
risklevel:0.15
AoI_limit:3

2023-09-21 15:01:41,775 - INFO - 
Map size: 8 * 8 * 3 
At height 1 
[5, 4] [2, 1] [3, 1] [4, 2] is dangerous
At height 2 
[5, 6] [2, 5] [2, 3] [5, 5] is dangerous
UAVs are at:
[3, 5, 1] [3, 3, 1] 
Dest are at:
[0, 7] [7, 0] 
2023-09-21 15:01:41,783 - INFO - Episode 0 seed: 643
2023-09-21 15:01:42,715 - INFO - Episode 0 finished after 128 timesteps
2023-09-21 15:01:43,476 - INFO - Arrived: 0 Broken: 2 Communication: 0.0
2023-09-21 15:01:43,476 - INFO - Episode 1 seed: 948
2023-09-21 15:01:43,650 - INFO - Episode 1 finished after 131 timesteps
2023-09-21 15:01:59,793 - INFO - 

learning_rate:0.001
gamma:0.8
tau:0.01
hsRNN:64
hsMixing:64
hsHyper:64
replace_cycle:500
agent_num:2
obs_size:21
msg_size:27
com_size:32
com_mode:3
state_size:42
action_size:6
q_mode:0
epoch:1
buffer_size:32
batch_size:16
seq_len:100
episode:3000
timestep:300
view_range:1
report_cycle:1
comm_cycle:1
row:8
col:8
height:3
risklevel:0.15
AoI_limit:3

2023-09-21 15:02:00,773 - INFO - 
Map size: 8 * 8 * 3 
At height 1 
[5, 3] [2, 4] [2, 1] [5, 2] is dangerous
At height 2 
[3, 2] [2, 2] [2, 0] [2, 7] is dangerous
UAVs are at:
[3, 5, 1] [3, 3, 1] 
Dest are at:
[0, 7] [7, 0] 
2023-09-21 15:02:00,780 - INFO - Episode 0 seed: 799
2023-09-21 15:02:01,668 - INFO - Episode 0 finished after 111 timesteps
2023-09-21 15:02:02,329 - INFO - Arrived: 1 Broken: 1 Communication: 0.0
2023-09-21 15:02:02,330 - INFO - Episode 1 seed: 368
2023-09-21 15:02:02,509 - INFO - Episode 1 finished after 96 timesteps
