2023-09-21 16:38:32,246 - INFO - 

learning_rate:0.001
gamma:0.8
tau:0.01
hsRNN:64
hsMixing:64
hsHyper:64
replace_cycle:500
agent_num:2
obs_size:21
msg_size:27
com_size:32
com_mode:3
state_size:42
action_size:6
q_mode:0
epoch:1
buffer_size:32
batch_size:16
seq_len:100
episode:3000
timestep:300
view_range:1
report_cycle:1
comm_cycle:1
row:8
col:8
height:3
risklevel:0.15
AoI_limit:3

2023-09-21 16:38:33,211 - INFO - 
Map size: 8 * 8 * 3 
At height 1 
[4, 6] [4, 1] [5, 4] [2, 4] is dangerous
At height 2 
[5, 5] [4, 5] [4, 7] [3, 0] is dangerous
UAVs are at:
[3, 5, 1] [3, 3, 1] 
Dest are at:
[0, 7] [7, 0] 
2023-09-21 16:38:33,216 - INFO - Episode 0 seed: 388
2023-09-21 16:38:34,097 - INFO - Episode 0 finished after 125 timesteps
2023-09-21 16:38:35,593 - INFO - Arrived: 1 Broken: 1 Communication: 0.0
2023-09-21 16:38:35,593 - INFO - Episode 1 seed: 763
2023-09-21 16:38:35,756 - INFO - Episode 1 finished after 135 timesteps
2023-09-21 16:38:37,311 - INFO - Arrived: 0 Broken: 2 Communication: 0.0
2023-09-21 16:38:37,311 - INFO - Episode 2 seed: 712
2023-09-21 16:38:37,458 - INFO - Episode 2 finished after 122 timesteps
2023-09-21 16:38:39,063 - INFO - Arrived: 0 Broken: 2 Communication: 0.0
2023-09-21 16:38:39,063 - INFO - Episode 3 seed: 929
2023-09-21 16:38:39,240 - INFO - Episode 3 finished after 115 timesteps
2023-09-21 16:38:41,233 - INFO - Arrived: 0 Broken: 2 Communication: 0.0
2023-09-21 16:38:41,233 - INFO - Episode 4 seed: 905
2023-09-21 16:38:41,478 - INFO - Episode 4 finished after 124 timesteps
2023-09-21 16:38:43,694 - INFO - Arrived: 0 Broken: 2 Communication: 0.0
2023-09-21 16:38:43,695 - INFO - Episode 5 seed: 709
2023-09-21 16:38:43,979 - INFO - Episode 5 finished after 133 timesteps
2023-09-21 16:38:46,212 - INFO - Arrived: 0 Broken: 2 Communication: 0.0
2023-09-21 16:38:46,212 - INFO - Episode 6 seed: 993
2023-09-21 16:38:46,432 - INFO - Episode 6 finished after 116 timesteps
2023-09-21 16:38:48,711 - INFO - Arrived: 1 Broken: 1 Communication: 0.0
2023-09-21 16:38:48,711 - INFO - Episode 7 seed: 349
2023-09-21 16:38:48,926 - INFO - Episode 7 finished after 119 timesteps
2023-09-21 16:38:51,215 - INFO - Arrived: 0 Broken: 2 Communication: 0.0
2023-09-21 16:38:51,216 - INFO - Episode 8 seed: 473
2023-09-21 16:38:51,530 - INFO - Episode 8 finished after 135 timesteps
2023-09-21 16:38:53,861 - INFO - Arrived: 0 Broken: 2 Communication: 0.0
2023-09-21 16:38:53,861 - INFO - Episode 9 seed: 630
2023-09-21 16:38:54,155 - INFO - Episode 9 finished after 130 timesteps
