2023-09-21 16:48:27,581 - INFO - 

learning_rate:0.001
gamma:0.8
tau:0.01
hsRNN:64
hsMixing:64
hsHyper:64
replace_cycle:500
agent_num:2
obs_size:21
msg_size:27
com_size:32
com_mode:3
state_size:42
action_size:6
q_mode:0
epoch:1
buffer_size:32
batch_size:16
seq_len:100
episode:3000
timestep:300
view_range:1
report_cycle:1
comm_cycle:1
row:8
col:8
height:3
risklevel:0.15
AoI_limit:3

2023-09-21 16:48:28,569 - INFO - 
Map size: 8 * 8 * 3 
At height 1 
[4, 1] [3, 7] [3, 2] [5, 5] is dangerous
At height 2 
[3, 0] [5, 3] [2, 5] [2, 4] is dangerous
UAVs are at:
[3, 5, 1] [3, 3, 1] 
Dest are at:
[0, 7] [7, 0] 
2023-09-21 16:48:28,574 - INFO - Episode 0 seed: 908
2023-09-21 16:48:29,491 - INFO - Episode 0 finished after 125 timesteps
2023-09-21 16:48:31,012 - INFO - Arrived: 0 Broken: 2 Communication: 0.0
2023-09-21 16:48:31,012 - INFO - Episode 1 seed: 130
2023-09-21 16:48:31,174 - INFO - Episode 1 finished after 133 timesteps
2023-09-21 16:48:32,706 - INFO - Arrived: 0 Broken: 2 Communication: 0.0
2023-09-21 16:48:32,706 - INFO - Episode 2 seed: 624
2023-09-21 16:48:32,856 - INFO - Episode 2 finished after 124 timesteps
2023-09-21 16:48:34,429 - INFO - Arrived: 0 Broken: 2 Communication: 0.0
2023-09-21 16:48:34,429 - INFO - Episode 3 seed: 214
2023-09-21 16:48:34,590 - INFO - Episode 3 finished after 132 timesteps
2023-09-21 16:48:36,532 - INFO - Arrived: 0 Broken: 2 Communication: 0.0
2023-09-21 16:48:36,532 - INFO - Episode 4 seed: 79
2023-09-21 16:48:36,767 - INFO - Episode 4 finished after 128 timesteps
2023-09-21 16:48:38,947 - INFO - Arrived: 0 Broken: 2 Communication: 0.0
2023-09-21 16:48:38,948 - INFO - Episode 5 seed: 874
2023-09-21 16:48:39,217 - INFO - Episode 5 finished after 126 timesteps
2023-09-21 16:48:41,492 - INFO - Arrived: 0 Broken: 2 Communication: 0.0
2023-09-21 16:48:41,492 - INFO - Episode 6 seed: 371
2023-09-21 16:48:41,822 - INFO - Episode 6 finished after 138 timesteps
