2023-09-21 16:49:33,296 - INFO - 

learning_rate:0.001
gamma:0.8
tau:0.01
hsRNN:64
hsMixing:64
hsHyper:64
replace_cycle:500
agent_num:2
obs_size:21
msg_size:27
com_size:32
com_mode:3
state_size:42
action_size:6
q_mode:0
epoch:1
buffer_size:32
batch_size:16
seq_len:100
episode:3000
timestep:300
view_range:1
report_cycle:1
comm_cycle:1
row:8
col:8
height:3
risklevel:0.15
AoI_limit:3

2023-09-21 16:49:34,258 - INFO - 
Map size: 8 * 8 * 3 
At height 1 
[4, 5] [5, 5] [3, 6] [2, 3] is dangerous
At height 2 
[2, 1] [4, 0] [4, 2] [2, 7] is dangerous
UAVs are at:
[3, 5, 1] [3, 3, 1] 
Dest are at:
[0, 7] [7, 0] 
2023-09-21 16:49:34,263 - INFO - Episode 0 seed: 320
2023-09-21 16:49:35,313 - INFO - Episode 0 finished after 225 timesteps
2023-09-21 16:49:37,710 - INFO - Arrived: 0 Broken: 2 Communication: 0.0
2023-09-21 16:49:37,710 - INFO - Episode 1 seed: 77
2023-09-21 16:49:38,001 - INFO - Episode 1 finished after 219 timesteps
2023-09-21 16:49:40,464 - INFO - Arrived: 0 Broken: 2 Communication: 0.0
2023-09-21 16:49:40,464 - INFO - Episode 2 seed: 629
2023-09-21 16:49:40,863 - INFO - Episode 2 finished after 244 timesteps
2023-09-21 16:49:44,672 - INFO - Arrived: 0 Broken: 2 Communication: 0.0
2023-09-21 16:49:44,672 - INFO - Episode 3 seed: 484
2023-09-21 16:49:45,009 - INFO - Episode 3 finished after 232 timesteps
